[0.041s] Invoking command in '/home/jenkin/Documents/bluey/ros2_ws/build/bluey_interface': CMAKE_PREFIX_PATH=${CMAKE_PREFIX_PATH}:/home/jenkin/Documents/airchair/chair_ws/install/chair_pose:/home/jenkin/Documents/airchair/chair_ws/install/chair_openpose:/home/jenkin/Documents/airchair/chair_ws/install/chair:/home/jenkin/Documents/bluey/ros2_ws/install/bluey_tools:/opt/ros/foxy /usr/bin/cmake --build /home/jenkin/Documents/bluey/ros2_ws/build/bluey_interface -- -j4 -l4
[0.117s] [ 10%] Built target bluey_interface__rosidl_generator_c
[0.163s] [ 12%] Built target bluey_interface__cpp
[0.238s] [ 23%] Built target bluey_interface__rosidl_typesupport_c
[0.269s] [ 34%] Built target bluey_interface__rosidl_typesupport_cpp
[0.270s] [ 45%] Built target bluey_interface__rosidl_typesupport_introspection_c
[0.272s] [ 56%] Built target bluey_interface__rosidl_typesupport_fastrtps_cpp
[0.288s] [ 67%] Built target bluey_interface__rosidl_typesupport_introspection_cpp
[0.313s] [ 78%] Built target bluey_interface__rosidl_typesupport_fastrtps_c
[0.350s] [ 78%] Built target bluey_interface
[0.387s] [ 80%] Built target bluey_interface__py
[0.418s] [ 89%] Built target bluey_interface__python
[0.467s] [ 92%] Built target bluey_interface__rosidl_typesupport_introspection_c__pyext
[0.473s] [ 96%] Built target bluey_interface__rosidl_typesupport_fastrtps_c__pyext
[0.481s] [100%] Built target bluey_interface__rosidl_typesupport_c__pyext
[0.497s] Invoked command in '/home/jenkin/Documents/bluey/ros2_ws/build/bluey_interface' returned '0': CMAKE_PREFIX_PATH=${CMAKE_PREFIX_PATH}:/home/jenkin/Documents/airchair/chair_ws/install/chair_pose:/home/jenkin/Documents/airchair/chair_ws/install/chair_openpose:/home/jenkin/Documents/airchair/chair_ws/install/chair:/home/jenkin/Documents/bluey/ros2_ws/install/bluey_tools:/opt/ros/foxy /usr/bin/cmake --build /home/jenkin/Documents/bluey/ros2_ws/build/bluey_interface -- -j4 -l4
[0.701s] Invoking command in '/home/jenkin/Documents/bluey/ros2_ws/build/bluey_interface': CMAKE_PREFIX_PATH=${CMAKE_PREFIX_PATH}:/home/jenkin/Documents/airchair/chair_ws/install/chair_pose:/home/jenkin/Documents/airchair/chair_ws/install/chair_openpose:/home/jenkin/Documents/airchair/chair_ws/install/chair:/home/jenkin/Documents/bluey/ros2_ws/install/bluey_tools:/opt/ros/foxy /usr/bin/cmake --install /home/jenkin/Documents/bluey/ros2_ws/build/bluey_interface
[0.713s] -- Install configuration: ""
[0.714s] -- Up-to-date: /home/jenkin/Documents/bluey/ros2_ws/install/bluey_interface/share/ament_index/resource_index/rosidl_interfaces/bluey_interface
[0.714s] -- Up-to-date: /home/jenkin/Documents/bluey/ros2_ws/install/bluey_interface/include/bluey_interface
[0.714s] -- Up-to-date: /home/jenkin/Documents/bluey/ros2_ws/install/bluey_interface/include/bluey_interface/srv
[0.714s] -- Up-to-date: /home/jenkin/Documents/bluey/ros2_ws/install/bluey_interface/include/bluey_interface/srv/motion.h
[0.714s] -- Up-to-date: /home/jenkin/Documents/bluey/ros2_ws/install/bluey_interface/include/bluey_interface/srv/lights.h
[0.714s] -- Up-to-date: /home/jenkin/Documents/bluey/ros2_ws/install/bluey_interface/include/bluey_interface/srv/commands.h
[0.715s] -- Up-to-date: /home/jenkin/Documents/bluey/ros2_ws/install/bluey_interface/include/bluey_interface/srv/detail
[0.715s] -- Up-to-date: /home/jenkin/Documents/bluey/ros2_ws/install/bluey_interface/include/bluey_interface/srv/detail/arm__struct.h
[0.715s] -- Up-to-date: /home/jenkin/Documents/bluey/ros2_ws/install/bluey_interface/include/bluey_interface/srv/detail/motion__type_support.h
[0.715s] -- Up-to-date: /home/jenkin/Documents/bluey/ros2_ws/install/bluey_interface/include/bluey_interface/srv/detail/commands__functions.c
[0.715s] -- Up-to-date: /home/jenkin/Documents/bluey/ros2_ws/install/bluey_interface/include/bluey_interface/srv/detail/commands__struct.h
[0.715s] -- Up-to-date: /home/jenkin/Documents/bluey/ros2_ws/install/bluey_interface/include/bluey_interface/srv/detail/motion__functions.h
[0.715s] -- Up-to-date: /home/jenkin/Documents/bluey/ros2_ws/install/bluey_interface/include/bluey_interface/srv/detail/arm__functions.c
[0.715s] -- Up-to-date: /home/jenkin/Documents/bluey/ros2_ws/install/bluey_interface/include/bluey_interface/srv/detail/arm__functions.h
[0.715s] -- Up-to-date: /home/jenkin/Documents/bluey/ros2_ws/install/bluey_interface/include/bluey_interface/srv/detail/lights__struct.h
[0.716s] -- Up-to-date: /home/jenkin/Documents/bluey/ros2_ws/install/bluey_interface/include/bluey_interface/srv/detail/lights__functions.c
[0.716s] -- Up-to-date: /home/jenkin/Documents/bluey/ros2_ws/install/bluey_interface/include/bluey_interface/srv/detail/lights__functions.h
[0.716s] -- Up-to-date: /home/jenkin/Documents/bluey/ros2_ws/install/bluey_interface/include/bluey_interface/srv/detail/commands__type_support.h
[0.716s] -- Up-to-date: /home/jenkin/Documents/bluey/ros2_ws/install/bluey_interface/include/bluey_interface/srv/detail/commands__functions.h
[0.716s] -- Up-to-date: /home/jenkin/Documents/bluey/ros2_ws/install/bluey_interface/include/bluey_interface/srv/detail/arm__type_support.h
[0.716s] -- Up-to-date: /home/jenkin/Documents/bluey/ros2_ws/install/bluey_interface/include/bluey_interface/srv/detail/motion__struct.h
[0.716s] -- Up-to-date: /home/jenkin/Documents/bluey/ros2_ws/install/bluey_interface/include/bluey_interface/srv/detail/motion__functions.c
[0.716s] -- Up-to-date: /home/jenkin/Documents/bluey/ros2_ws/install/bluey_interface/include/bluey_interface/srv/detail/lights__type_support.h
[0.717s] -- Up-to-date: /home/jenkin/Documents/bluey/ros2_ws/install/bluey_interface/include/bluey_interface/srv/arm.h
[0.717s] -- Up-to-date: /home/jenkin/Documents/bluey/ros2_ws/install/bluey_interface/include/bluey_interface/msg
[0.717s] -- Up-to-date: /home/jenkin/Documents/bluey/ros2_ws/install/bluey_interface/include/bluey_interface/msg/rosidl_generator_c__visibility_control.h
[0.717s] -- Up-to-date: /home/jenkin/Documents/bluey/ros2_ws/install/bluey_interface/share/bluey_interface/environment/library_path.sh
[0.717s] -- Up-to-date: /home/jenkin/Documents/bluey/ros2_ws/install/bluey_interface/share/bluey_interface/environment/library_path.dsv
[0.717s] -- Up-to-date: /home/jenkin/Documents/bluey/ros2_ws/install/bluey_interface/lib/libbluey_interface__rosidl_generator_c.so
[0.717s] -- Up-to-date: /home/jenkin/Documents/bluey/ros2_ws/install/bluey_interface/include/bluey_interface
[0.717s] -- Up-to-date: /home/jenkin/Documents/bluey/ros2_ws/install/bluey_interface/include/bluey_interface/srv
[0.717s] -- Up-to-date: /home/jenkin/Documents/bluey/ros2_ws/install/bluey_interface/include/bluey_interface/srv/detail
[0.717s] -- Up-to-date: /home/jenkin/Documents/bluey/ros2_ws/install/bluey_interface/include/bluey_interface/srv/detail/motion__rosidl_typesupport_fastrtps_c.h
[0.717s] -- Up-to-date: /home/jenkin/Documents/bluey/ros2_ws/install/bluey_interface/include/bluey_interface/srv/detail/commands__rosidl_typesupport_fastrtps_c.h
[0.717s] -- Up-to-date: /home/jenkin/Documents/bluey/ros2_ws/install/bluey_interface/include/bluey_interface/srv/detail/arm__rosidl_typesupport_fastrtps_c.h
[0.717s] -- Up-to-date: /home/jenkin/Documents/bluey/ros2_ws/install/bluey_interface/include/bluey_interface/srv/detail/lights__rosidl_typesupport_fastrtps_c.h
[0.717s] -- Up-to-date: /home/jenkin/Documents/bluey/ros2_ws/install/bluey_interface/include/bluey_interface/msg
[0.717s] -- Up-to-date: /home/jenkin/Documents/bluey/ros2_ws/install/bluey_interface/include/bluey_interface/msg/rosidl_typesupport_fastrtps_c__visibility_control.h
[0.717s] -- Up-to-date: /home/jenkin/Documents/bluey/ros2_ws/install/bluey_interface/lib/libbluey_interface__rosidl_typesupport_fastrtps_c.so
[0.717s] -- Up-to-date: /home/jenkin/Documents/bluey/ros2_ws/install/bluey_interface/include/bluey_interface
[0.717s] -- Up-to-date: /home/jenkin/Documents/bluey/ros2_ws/install/bluey_interface/include/bluey_interface/srv
[0.717s] -- Up-to-date: /home/jenkin/Documents/bluey/ros2_ws/install/bluey_interface/include/bluey_interface/srv/detail
[0.717s] -- Up-to-date: /home/jenkin/Documents/bluey/ros2_ws/install/bluey_interface/include/bluey_interface/srv/detail/arm__rosidl_typesupport_fastrtps_cpp.hpp
[0.717s] -- Up-to-date: /home/jenkin/Documents/bluey/ros2_ws/install/bluey_interface/include/bluey_interface/srv/detail/motion__rosidl_typesupport_fastrtps_cpp.hpp
[0.717s] -- Up-to-date: /home/jenkin/Documents/bluey/ros2_ws/install/bluey_interface/include/bluey_interface/srv/detail/commands__rosidl_typesupport_fastrtps_cpp.hpp
[0.717s] -- Up-to-date: /home/jenkin/Documents/bluey/ros2_ws/install/bluey_interface/include/bluey_interface/srv/detail/dds_fastrtps
[0.717s] -- Up-to-date: /home/jenkin/Documents/bluey/ros2_ws/install/bluey_interface/include/bluey_interface/srv/detail/lights__rosidl_typesupport_fastrtps_cpp.hpp
[0.718s] -- Up-to-date: /home/jenkin/Documents/bluey/ros2_ws/install/bluey_interface/include/bluey_interface/msg
[0.718s] -- Up-to-date: /home/jenkin/Documents/bluey/ros2_ws/install/bluey_interface/include/bluey_interface/msg/rosidl_typesupport_fastrtps_cpp__visibility_control.h
[0.718s] -- Up-to-date: /home/jenkin/Documents/bluey/ros2_ws/install/bluey_interface/lib/libbluey_interface__rosidl_typesupport_fastrtps_cpp.so
[0.718s] -- Up-to-date: /home/jenkin/Documents/bluey/ros2_ws/install/bluey_interface/include/bluey_interface
[0.718s] -- Up-to-date: /home/jenkin/Documents/bluey/ros2_ws/install/bluey_interface/include/bluey_interface/srv
[0.718s] -- Up-to-date: /home/jenkin/Documents/bluey/ros2_ws/install/bluey_interface/include/bluey_interface/srv/detail
[0.718s] -- Up-to-date: /home/jenkin/Documents/bluey/ros2_ws/install/bluey_interface/include/bluey_interface/srv/detail/arm__rosidl_typesupport_introspection_c.h
[0.718s] -- Up-to-date: /home/jenkin/Documents/bluey/ros2_ws/install/bluey_interface/include/bluey_interface/srv/detail/lights__type_support.c
[0.718s] -- Up-to-date: /home/jenkin/Documents/bluey/ros2_ws/install/bluey_interface/include/bluey_interface/srv/detail/commands__rosidl_typesupport_introspection_c.h
[0.718s] -- Up-to-date: /home/jenkin/Documents/bluey/ros2_ws/install/bluey_interface/include/bluey_interface/srv/detail/lights__rosidl_typesupport_introspection_c.h
[0.718s] -- Up-to-date: /home/jenkin/Documents/bluey/ros2_ws/install/bluey_interface/include/bluey_interface/srv/detail/arm__type_support.c
[0.718s] -- Up-to-date: /home/jenkin/Documents/bluey/ros2_ws/install/bluey_interface/include/bluey_interface/srv/detail/commands__type_support.c
[0.718s] -- Up-to-date: /home/jenkin/Documents/bluey/ros2_ws/install/bluey_interface/include/bluey_interface/srv/detail/motion__rosidl_typesupport_introspection_c.h
[0.718s] -- Up-to-date: /home/jenkin/Documents/bluey/ros2_ws/install/bluey_interface/include/bluey_interface/srv/detail/motion__type_support.c
[0.718s] -- Up-to-date: /home/jenkin/Documents/bluey/ros2_ws/install/bluey_interface/include/bluey_interface/msg
[0.718s] -- Up-to-date: /home/jenkin/Documents/bluey/ros2_ws/install/bluey_interface/include/bluey_interface/msg/rosidl_typesupport_introspection_c__visibility_control.h
[0.718s] -- Up-to-date: /home/jenkin/Documents/bluey/ros2_ws/install/bluey_interface/lib/libbluey_interface__rosidl_typesupport_introspection_c.so
[0.718s] -- Up-to-date: /home/jenkin/Documents/bluey/ros2_ws/install/bluey_interface/lib/libbluey_interface__rosidl_typesupport_c.so
[0.718s] -- Up-to-date: /home/jenkin/Documents/bluey/ros2_ws/install/bluey_interface/include/bluey_interface
[0.718s] -- Up-to-date: /home/jenkin/Documents/bluey/ros2_ws/install/bluey_interface/include/bluey_interface/srv
[0.718s] -- Up-to-date: /home/jenkin/Documents/bluey/ros2_ws/install/bluey_interface/include/bluey_interface/srv/commands.hpp
[0.718s] -- Up-to-date: /home/jenkin/Documents/bluey/ros2_ws/install/bluey_interface/include/bluey_interface/srv/lights.hpp
[0.718s] -- Up-to-date: /home/jenkin/Documents/bluey/ros2_ws/install/bluey_interface/include/bluey_interface/srv/motion.hpp
[0.718s] -- Up-to-date: /home/jenkin/Documents/bluey/ros2_ws/install/bluey_interface/include/bluey_interface/srv/arm.hpp
[0.718s] -- Up-to-date: /home/jenkin/Documents/bluey/ros2_ws/install/bluey_interface/include/bluey_interface/srv/detail
[0.718s] -- Up-to-date: /home/jenkin/Documents/bluey/ros2_ws/install/bluey_interface/include/bluey_interface/srv/detail/motion__type_support.hpp
[0.718s] -- Up-to-date: /home/jenkin/Documents/bluey/ros2_ws/install/bluey_interface/include/bluey_interface/srv/detail/lights__type_support.hpp
[0.718s] -- Up-to-date: /home/jenkin/Documents/bluey/ros2_ws/install/bluey_interface/include/bluey_interface/srv/detail/commands__traits.hpp
[0.718s] -- Up-to-date: /home/jenkin/Documents/bluey/ros2_ws/install/bluey_interface/include/bluey_interface/srv/detail/commands__struct.hpp
[0.718s] -- Up-to-date: /home/jenkin/Documents/bluey/ros2_ws/install/bluey_interface/include/bluey_interface/srv/detail/lights__struct.hpp
[0.718s] -- Up-to-date: /home/jenkin/Documents/bluey/ros2_ws/install/bluey_interface/include/bluey_interface/srv/detail/motion__traits.hpp
[0.718s] -- Up-to-date: /home/jenkin/Documents/bluey/ros2_ws/install/bluey_interface/include/bluey_interface/srv/detail/arm__type_support.hpp
[0.718s] -- Up-to-date: /home/jenkin/Documents/bluey/ros2_ws/install/bluey_interface/include/bluey_interface/srv/detail/lights__builder.hpp
[0.718s] -- Up-to-date: /home/jenkin/Documents/bluey/ros2_ws/install/bluey_interface/include/bluey_interface/srv/detail/motion__builder.hpp
[0.718s] -- Up-to-date: /home/jenkin/Documents/bluey/ros2_ws/install/bluey_interface/include/bluey_interface/srv/detail/commands__builder.hpp
[0.719s] -- Up-to-date: /home/jenkin/Documents/bluey/ros2_ws/install/bluey_interface/include/bluey_interface/srv/detail/arm__traits.hpp
[0.719s] -- Up-to-date: /home/jenkin/Documents/bluey/ros2_ws/install/bluey_interface/include/bluey_interface/srv/detail/commands__type_support.hpp
[0.719s] -- Up-to-date: /home/jenkin/Documents/bluey/ros2_ws/install/bluey_interface/include/bluey_interface/srv/detail/arm__struct.hpp
[0.719s] -- Up-to-date: /home/jenkin/Documents/bluey/ros2_ws/install/bluey_interface/include/bluey_interface/srv/detail/arm__builder.hpp
[0.719s] -- Up-to-date: /home/jenkin/Documents/bluey/ros2_ws/install/bluey_interface/include/bluey_interface/srv/detail/motion__struct.hpp
[0.719s] -- Up-to-date: /home/jenkin/Documents/bluey/ros2_ws/install/bluey_interface/include/bluey_interface/srv/detail/lights__traits.hpp
[0.719s] -- Up-to-date: /home/jenkin/Documents/bluey/ros2_ws/install/bluey_interface/include/bluey_interface/msg
[0.719s] -- Up-to-date: /home/jenkin/Documents/bluey/ros2_ws/install/bluey_interface/include/bluey_interface/msg/rosidl_generator_cpp__visibility_control.hpp
[0.719s] -- Up-to-date: /home/jenkin/Documents/bluey/ros2_ws/install/bluey_interface/include/bluey_interface
[0.719s] -- Up-to-date: /home/jenkin/Documents/bluey/ros2_ws/install/bluey_interface/include/bluey_interface/srv
[0.719s] -- Up-to-date: /home/jenkin/Documents/bluey/ros2_ws/install/bluey_interface/include/bluey_interface/srv/detail
[0.719s] -- Up-to-date: /home/jenkin/Documents/bluey/ros2_ws/install/bluey_interface/include/bluey_interface/srv/detail/motion__type_support.cpp
[0.719s] -- Up-to-date: /home/jenkin/Documents/bluey/ros2_ws/install/bluey_interface/include/bluey_interface/srv/detail/commands__type_support.cpp
[0.719s] -- Up-to-date: /home/jenkin/Documents/bluey/ros2_ws/install/bluey_interface/include/bluey_interface/srv/detail/lights__rosidl_typesupport_introspection_cpp.hpp
[0.719s] -- Up-to-date: /home/jenkin/Documents/bluey/ros2_ws/install/bluey_interface/include/bluey_interface/srv/detail/commands__rosidl_typesupport_introspection_cpp.hpp
[0.719s] -- Up-to-date: /home/jenkin/Documents/bluey/ros2_ws/install/bluey_interface/include/bluey_interface/srv/detail/motion__rosidl_typesupport_introspection_cpp.hpp
[0.719s] -- Up-to-date: /home/jenkin/Documents/bluey/ros2_ws/install/bluey_interface/include/bluey_interface/srv/detail/arm__type_support.cpp
[0.719s] -- Up-to-date: /home/jenkin/Documents/bluey/ros2_ws/install/bluey_interface/include/bluey_interface/srv/detail/arm__rosidl_typesupport_introspection_cpp.hpp
[0.719s] -- Up-to-date: /home/jenkin/Documents/bluey/ros2_ws/install/bluey_interface/include/bluey_interface/srv/detail/lights__type_support.cpp
[0.719s] -- Up-to-date: /home/jenkin/Documents/bluey/ros2_ws/install/bluey_interface/lib/libbluey_interface__rosidl_typesupport_introspection_cpp.so
[0.719s] -- Up-to-date: /home/jenkin/Documents/bluey/ros2_ws/install/bluey_interface/lib/libbluey_interface__rosidl_typesupport_cpp.so
[0.719s] -- Up-to-date: /home/jenkin/Documents/bluey/ros2_ws/install/bluey_interface/share/bluey_interface/environment/pythonpath.sh
[0.719s] -- Up-to-date: /home/jenkin/Documents/bluey/ros2_ws/install/bluey_interface/share/bluey_interface/environment/pythonpath.dsv
[0.720s] -- Up-to-date: /home/jenkin/Documents/bluey/ros2_ws/install/bluey_interface/lib/python3.8/site-packages/bluey_interface/__init__.py
[0.755s] -- Up-to-date: /home/jenkin/Documents/bluey/ros2_ws/install/bluey_interface/lib/python3.8/site-packages/bluey_interface/srv
[0.756s] -- Up-to-date: /home/jenkin/Documents/bluey/ros2_ws/install/bluey_interface/lib/python3.8/site-packages/bluey_interface/srv/_commands.py
[0.756s] -- Up-to-date: /home/jenkin/Documents/bluey/ros2_ws/install/bluey_interface/lib/python3.8/site-packages/bluey_interface/srv/_arm.py
[0.756s] -- Up-to-date: /home/jenkin/Documents/bluey/ros2_ws/install/bluey_interface/lib/python3.8/site-packages/bluey_interface/srv/__init__.py
[0.756s] -- Up-to-date: /home/jenkin/Documents/bluey/ros2_ws/install/bluey_interface/lib/python3.8/site-packages/bluey_interface/srv/_commands_s.c
[0.756s] -- Up-to-date: /home/jenkin/Documents/bluey/ros2_ws/install/bluey_interface/lib/python3.8/site-packages/bluey_interface/srv/_lights.py
[0.756s] -- Up-to-date: /home/jenkin/Documents/bluey/ros2_ws/install/bluey_interface/lib/python3.8/site-packages/bluey_interface/srv/_arm_s.c
[0.756s] -- Up-to-date: /home/jenkin/Documents/bluey/ros2_ws/install/bluey_interface/lib/python3.8/site-packages/bluey_interface/srv/_motion_s.c
[0.756s] -- Up-to-date: /home/jenkin/Documents/bluey/ros2_ws/install/bluey_interface/lib/python3.8/site-packages/bluey_interface/srv/_lights_s.c
[0.756s] -- Up-to-date: /home/jenkin/Documents/bluey/ros2_ws/install/bluey_interface/lib/python3.8/site-packages/bluey_interface/srv/_motion.py
[0.757s] -- Up-to-date: /home/jenkin/Documents/bluey/ros2_ws/install/bluey_interface/lib/python3.8/site-packages/bluey_interface/bluey_interface_s__rosidl_typesupport_fastrtps_c.cpython-38-aarch64-linux-gnu.so
[0.757s] -- Up-to-date: /home/jenkin/Documents/bluey/ros2_ws/install/bluey_interface/lib/python3.8/site-packages/bluey_interface/bluey_interface_s__rosidl_typesupport_introspection_c.cpython-38-aarch64-linux-gnu.so
[0.758s] -- Up-to-date: /home/jenkin/Documents/bluey/ros2_ws/install/bluey_interface/lib/python3.8/site-packages/bluey_interface/bluey_interface_s__rosidl_typesupport_c.cpython-38-aarch64-linux-gnu.so
[0.758s] -- Up-to-date: /home/jenkin/Documents/bluey/ros2_ws/install/bluey_interface/lib/libbluey_interface__python.so
[0.758s] -- Up-to-date: /home/jenkin/Documents/bluey/ros2_ws/install/bluey_interface/share/bluey_interface/srv/Arm.idl
[0.758s] -- Up-to-date: /home/jenkin/Documents/bluey/ros2_ws/install/bluey_interface/share/bluey_interface/srv/Lights.idl
[0.758s] -- Up-to-date: /home/jenkin/Documents/bluey/ros2_ws/install/bluey_interface/share/bluey_interface/srv/Motion.idl
[0.759s] -- Up-to-date: /home/jenkin/Documents/bluey/ros2_ws/install/bluey_interface/share/bluey_interface/srv/Commands.idl
[0.759s] -- Up-to-date: /home/jenkin/Documents/bluey/ros2_ws/install/bluey_interface/share/bluey_interface/srv/Arm.srv
[0.759s] -- Up-to-date: /home/jenkin/Documents/bluey/ros2_ws/install/bluey_interface/share/bluey_interface/srv/Arm_Request.msg
[0.759s] -- Up-to-date: /home/jenkin/Documents/bluey/ros2_ws/install/bluey_interface/share/bluey_interface/srv/Arm_Response.msg
[0.759s] -- Up-to-date: /home/jenkin/Documents/bluey/ros2_ws/install/bluey_interface/share/bluey_interface/srv/Lights.srv
[0.762s] -- Up-to-date: /home/jenkin/Documents/bluey/ros2_ws/install/bluey_interface/share/bluey_interface/srv/Lights_Request.msg
[0.763s] -- Up-to-date: /home/jenkin/Documents/bluey/ros2_ws/install/bluey_interface/share/bluey_interface/srv/Lights_Response.msg
[0.763s] -- Up-to-date: /home/jenkin/Documents/bluey/ros2_ws/install/bluey_interface/share/bluey_interface/srv/Motion.srv
[0.763s] -- Up-to-date: /home/jenkin/Documents/bluey/ros2_ws/install/bluey_interface/share/bluey_interface/srv/Motion_Request.msg
[0.763s] -- Up-to-date: /home/jenkin/Documents/bluey/ros2_ws/install/bluey_interface/share/bluey_interface/srv/Motion_Response.msg
[0.763s] -- Up-to-date: /home/jenkin/Documents/bluey/ros2_ws/install/bluey_interface/share/bluey_interface/srv/Commands.srv
[0.763s] -- Up-to-date: /home/jenkin/Documents/bluey/ros2_ws/install/bluey_interface/share/bluey_interface/srv/Commands_Request.msg
[0.763s] -- Up-to-date: /home/jenkin/Documents/bluey/ros2_ws/install/bluey_interface/share/bluey_interface/srv/Commands_Response.msg
[0.763s] -- Up-to-date: /home/jenkin/Documents/bluey/ros2_ws/install/bluey_interface/share/ament_index/resource_index/package_run_dependencies/bluey_interface
[0.763s] -- Up-to-date: /home/jenkin/Documents/bluey/ros2_ws/install/bluey_interface/share/ament_index/resource_index/parent_prefix_path/bluey_interface
[0.763s] -- Up-to-date: /home/jenkin/Documents/bluey/ros2_ws/install/bluey_interface/share/bluey_interface/environment/ament_prefix_path.sh
[0.763s] -- Up-to-date: /home/jenkin/Documents/bluey/ros2_ws/install/bluey_interface/share/bluey_interface/environment/ament_prefix_path.dsv
[0.763s] -- Up-to-date: /home/jenkin/Documents/bluey/ros2_ws/install/bluey_interface/share/bluey_interface/environment/path.sh
[0.763s] -- Up-to-date: /home/jenkin/Documents/bluey/ros2_ws/install/bluey_interface/share/bluey_interface/environment/path.dsv
[0.763s] -- Up-to-date: /home/jenkin/Documents/bluey/ros2_ws/install/bluey_interface/share/bluey_interface/local_setup.bash
[0.763s] -- Up-to-date: /home/jenkin/Documents/bluey/ros2_ws/install/bluey_interface/share/bluey_interface/local_setup.sh
[0.763s] -- Up-to-date: /home/jenkin/Documents/bluey/ros2_ws/install/bluey_interface/share/bluey_interface/local_setup.zsh
[0.763s] -- Up-to-date: /home/jenkin/Documents/bluey/ros2_ws/install/bluey_interface/share/bluey_interface/local_setup.dsv
[0.763s] -- Installing: /home/jenkin/Documents/bluey/ros2_ws/install/bluey_interface/share/bluey_interface/package.dsv
[0.763s] -- Up-to-date: /home/jenkin/Documents/bluey/ros2_ws/install/bluey_interface/share/ament_index/resource_index/packages/bluey_interface
[0.763s] -- Up-to-date: /home/jenkin/Documents/bluey/ros2_ws/install/bluey_interface/share/bluey_interface/cmake/bluey_interface__rosidl_generator_cExport.cmake
[0.763s] -- Up-to-date: /home/jenkin/Documents/bluey/ros2_ws/install/bluey_interface/share/bluey_interface/cmake/bluey_interface__rosidl_generator_cExport-noconfig.cmake
[0.763s] -- Up-to-date: /home/jenkin/Documents/bluey/ros2_ws/install/bluey_interface/share/bluey_interface/cmake/bluey_interface__rosidl_typesupport_introspection_cExport.cmake
[0.763s] -- Up-to-date: /home/jenkin/Documents/bluey/ros2_ws/install/bluey_interface/share/bluey_interface/cmake/bluey_interface__rosidl_typesupport_introspection_cExport-noconfig.cmake
[0.769s] -- Up-to-date: /home/jenkin/Documents/bluey/ros2_ws/install/bluey_interface/share/bluey_interface/cmake/bluey_interface__rosidl_typesupport_cExport.cmake
[0.769s] -- Up-to-date: /home/jenkin/Documents/bluey/ros2_ws/install/bluey_interface/share/bluey_interface/cmake/bluey_interface__rosidl_typesupport_cExport-noconfig.cmake
[0.770s] -- Up-to-date: /home/jenkin/Documents/bluey/ros2_ws/install/bluey_interface/share/bluey_interface/cmake/bluey_interface__rosidl_generator_cppExport.cmake
[0.770s] -- Up-to-date: /home/jenkin/Documents/bluey/ros2_ws/install/bluey_interface/share/bluey_interface/cmake/bluey_interface__rosidl_typesupport_introspection_cppExport.cmake
[0.770s] -- Up-to-date: /home/jenkin/Documents/bluey/ros2_ws/install/bluey_interface/share/bluey_interface/cmake/bluey_interface__rosidl_typesupport_introspection_cppExport-noconfig.cmake
[0.770s] -- Up-to-date: /home/jenkin/Documents/bluey/ros2_ws/install/bluey_interface/share/bluey_interface/cmake/bluey_interface__rosidl_typesupport_cppExport.cmake
[0.770s] -- Up-to-date: /home/jenkin/Documents/bluey/ros2_ws/install/bluey_interface/share/bluey_interface/cmake/bluey_interface__rosidl_typesupport_cppExport-noconfig.cmake
[0.770s] -- Up-to-date: /home/jenkin/Documents/bluey/ros2_ws/install/bluey_interface/share/bluey_interface/cmake/rosidl_cmake-extras.cmake
[0.771s] -- Up-to-date: /home/jenkin/Documents/bluey/ros2_ws/install/bluey_interface/share/bluey_interface/cmake/ament_cmake_export_dependencies-extras.cmake
[0.771s] -- Up-to-date: /home/jenkin/Documents/bluey/ros2_ws/install/bluey_interface/share/bluey_interface/cmake/ament_cmake_export_libraries-extras.cmake
[0.771s] -- Up-to-date: /home/jenkin/Documents/bluey/ros2_ws/install/bluey_interface/share/bluey_interface/cmake/ament_cmake_export_targets-extras.cmake
[0.771s] -- Up-to-date: /home/jenkin/Documents/bluey/ros2_ws/install/bluey_interface/share/bluey_interface/cmake/ament_cmake_export_include_directories-extras.cmake
[0.771s] -- Up-to-date: /home/jenkin/Documents/bluey/ros2_ws/install/bluey_interface/share/bluey_interface/cmake/rosidl_cmake_export_typesupport_libraries-extras.cmake
[0.772s] -- Up-to-date: /home/jenkin/Documents/bluey/ros2_ws/install/bluey_interface/share/bluey_interface/cmake/rosidl_cmake_export_typesupport_targets-extras.cmake
[0.772s] -- Up-to-date: /home/jenkin/Documents/bluey/ros2_ws/install/bluey_interface/share/bluey_interface/cmake/bluey_interfaceConfig.cmake
[0.772s] -- Up-to-date: /home/jenkin/Documents/bluey/ros2_ws/install/bluey_interface/share/bluey_interface/cmake/bluey_interfaceConfig-version.cmake
[0.772s] -- Up-to-date: /home/jenkin/Documents/bluey/ros2_ws/install/bluey_interface/share/bluey_interface/package.xml
[0.776s] Invoked command in '/home/jenkin/Documents/bluey/ros2_ws/build/bluey_interface' returned '0': CMAKE_PREFIX_PATH=${CMAKE_PREFIX_PATH}:/home/jenkin/Documents/airchair/chair_ws/install/chair_pose:/home/jenkin/Documents/airchair/chair_ws/install/chair_openpose:/home/jenkin/Documents/airchair/chair_ws/install/chair:/home/jenkin/Documents/bluey/ros2_ws/install/bluey_tools:/opt/ros/foxy /usr/bin/cmake --install /home/jenkin/Documents/bluey/ros2_ws/build/bluey_interface
