[0.628s] [34mcolcon[0m [1;30mDEBUG[0m [32mCommand line arguments: ['/usr/bin/colcon', 'build'][0m
[0.628s] [34mcolcon[0m [1;30mDEBUG[0m [32mParsed command line arguments: Namespace(log_base=None, log_level=None, verb_name='build', build_base='build', install_base='install', merge_install=False, symlink_install=False, test_result_base=None, continue_on_error=False, executor='parallel', parallel_workers=32, event_handlers=None, ignore_user_meta=False, metas=['./colcon.meta'], base_paths=['.'], packages_ignore=None, packages_ignore_regex=None, paths=None, packages_up_to=None, packages_up_to_regex=None, packages_above=None, packages_above_and_dependencies=None, packages_above_depth=None, packages_select_by_dep=None, packages_skip_by_dep=None, packages_skip_up_to=None, packages_select_build_failed=False, packages_skip_build_finished=False, packages_select_test_failures=False, packages_skip_test_passed=False, packages_select=None, packages_skip=None, packages_select_regex=None, packages_skip_regex=None, packages_start=None, packages_end=None, allow_overriding=[], cmake_args=None, cmake_target=None, cmake_target_skip_unavailable=False, cmake_clean_cache=False, cmake_clean_first=False, cmake_force_configure=False, ament_cmake_args=None, catkin_cmake_args=None, catkin_skip_building_tests=False, verb_parser=<colcon_defaults.argument_parser.defaults.DefaultArgumentsDecorator object at 0x7ffa92776770>, verb_extension=<colcon_core.verb.build.BuildVerb object at 0x7ffa92a6bc40>, main=<bound method BuildVerb.main of <colcon_core.verb.build.BuildVerb object at 0x7ffa92a6bc40>>)[0m
[0.654s] [34mcolcon.colcon_core.package_discovery[0m [1;30mLevel 1[0m discover_packages(colcon_meta) check parameters
[0.654s] [34mcolcon.colcon_core.package_discovery[0m [1;30mLevel 1[0m discover_packages(recursive) check parameters
[0.654s] [34mcolcon.colcon_core.package_discovery[0m [1;30mLevel 1[0m discover_packages(ignore) check parameters
[0.654s] [34mcolcon.colcon_core.package_discovery[0m [1;30mLevel 1[0m discover_packages(path) check parameters
[0.654s] [34mcolcon.colcon_core.package_discovery[0m [1;30mLevel 1[0m discover_packages(colcon_meta) discover
[0.654s] [34mcolcon.colcon_core.package_discovery[0m [1;30mLevel 1[0m discover_packages(recursive) discover
[0.654s] [34mcolcon.colcon_core.package_discovery[0m [1;30mINFO[0m Crawling recursively for packages in '/home/jenkin/Documents/Bluey2.0/ros2_ws'
[0.654s] [34mcolcon.colcon_core.package_identification[0m [1;30mLevel 1[0m _identify(.) by extensions ['ignore', 'ignore_ament_install']
[0.654s] [34mcolcon.colcon_core.package_identification[0m [1;30mLevel 1[0m _identify(.) by extension 'ignore'
[0.654s] [34mcolcon.colcon_core.package_identification[0m [1;30mLevel 1[0m _identify(.) by extension 'ignore_ament_install'
[0.654s] [34mcolcon.colcon_core.package_identification[0m [1;30mLevel 1[0m _identify(.) by extensions ['colcon_pkg']
[0.654s] [34mcolcon.colcon_core.package_identification[0m [1;30mLevel 1[0m _identify(.) by extension 'colcon_pkg'
[0.654s] [34mcolcon.colcon_core.package_identification[0m [1;30mLevel 1[0m _identify(.) by extensions ['colcon_meta']
[0.654s] [34mcolcon.colcon_core.package_identification[0m [1;30mLevel 1[0m _identify(.) by extension 'colcon_meta'
[0.654s] [34mcolcon.colcon_core.package_identification[0m [1;30mLevel 1[0m _identify(.) by extensions ['ros']
[0.654s] [34mcolcon.colcon_core.package_identification[0m [1;30mLevel 1[0m _identify(.) by extension 'ros'
[0.659s] [34mcolcon.colcon_core.package_identification[0m [1;30mLevel 1[0m _identify(.) by extensions ['cmake', 'python']
[0.659s] [34mcolcon.colcon_core.package_identification[0m [1;30mLevel 1[0m _identify(.) by extension 'cmake'
[0.659s] [34mcolcon.colcon_core.package_identification[0m [1;30mLevel 1[0m _identify(.) by extension 'python'
[0.660s] [34mcolcon.colcon_core.package_identification[0m [1;30mLevel 1[0m _identify(.) by extensions ['python_setup_py']
[0.660s] [34mcolcon.colcon_core.package_identification[0m [1;30mLevel 1[0m _identify(.) by extension 'python_setup_py'
[0.660s] [34mcolcon.colcon_core.package_identification[0m [1;30mLevel 1[0m _identify(build) by extensions ['ignore', 'ignore_ament_install']
[0.660s] [34mcolcon.colcon_core.package_identification[0m [1;30mLevel 1[0m _identify(build) by extension 'ignore'
[0.660s] [34mcolcon.colcon_core.package_identification[0m [1;30mLevel 1[0m _identify(build) ignored
[0.660s] [34mcolcon.colcon_core.package_identification[0m [1;30mLevel 1[0m _identify(install) by extensions ['ignore', 'ignore_ament_install']
[0.660s] [34mcolcon.colcon_core.package_identification[0m [1;30mLevel 1[0m _identify(install) by extension 'ignore'
[0.660s] [34mcolcon.colcon_core.package_identification[0m [1;30mLevel 1[0m _identify(install) ignored
[0.660s] [34mcolcon.colcon_core.package_identification[0m [1;30mLevel 1[0m _identify(log) by extensions ['ignore', 'ignore_ament_install']
[0.660s] [34mcolcon.colcon_core.package_identification[0m [1;30mLevel 1[0m _identify(log) by extension 'ignore'
[0.660s] [34mcolcon.colcon_core.package_identification[0m [1;30mLevel 1[0m _identify(log) ignored
[0.660s] [34mcolcon.colcon_core.package_identification[0m [1;30mLevel 1[0m _identify(src) by extensions ['ignore', 'ignore_ament_install']
[0.660s] [34mcolcon.colcon_core.package_identification[0m [1;30mLevel 1[0m _identify(src) by extension 'ignore'
[0.660s] [34mcolcon.colcon_core.package_identification[0m [1;30mLevel 1[0m _identify(src) by extension 'ignore_ament_install'
[0.660s] [34mcolcon.colcon_core.package_identification[0m [1;30mLevel 1[0m _identify(src) by extensions ['colcon_pkg']
[0.660s] [34mcolcon.colcon_core.package_identification[0m [1;30mLevel 1[0m _identify(src) by extension 'colcon_pkg'
[0.660s] [34mcolcon.colcon_core.package_identification[0m [1;30mLevel 1[0m _identify(src) by extensions ['colcon_meta']
[0.660s] [34mcolcon.colcon_core.package_identification[0m [1;30mLevel 1[0m _identify(src) by extension 'colcon_meta'
[0.660s] [34mcolcon.colcon_core.package_identification[0m [1;30mLevel 1[0m _identify(src) by extensions ['ros']
[0.660s] [34mcolcon.colcon_core.package_identification[0m [1;30mLevel 1[0m _identify(src) by extension 'ros'
[0.660s] [34mcolcon.colcon_core.package_identification[0m [1;30mLevel 1[0m _identify(src) by extensions ['cmake', 'python']
[0.660s] [34mcolcon.colcon_core.package_identification[0m [1;30mLevel 1[0m _identify(src) by extension 'cmake'
[0.660s] [34mcolcon.colcon_core.package_identification[0m [1;30mLevel 1[0m _identify(src) by extension 'python'
[0.660s] [34mcolcon.colcon_core.package_identification[0m [1;30mLevel 1[0m _identify(src) by extensions ['python_setup_py']
[0.660s] [34mcolcon.colcon_core.package_identification[0m [1;30mLevel 1[0m _identify(src) by extension 'python_setup_py'
[0.660s] [34mcolcon.colcon_core.package_identification[0m [1;30mLevel 1[0m _identify(src/bluey_interface) by extensions ['ignore', 'ignore_ament_install']
[0.660s] [34mcolcon.colcon_core.package_identification[0m [1;30mLevel 1[0m _identify(src/bluey_interface) by extension 'ignore'
[0.660s] [34mcolcon.colcon_core.package_identification[0m [1;30mLevel 1[0m _identify(src/bluey_interface) by extension 'ignore_ament_install'
[0.660s] [34mcolcon.colcon_core.package_identification[0m [1;30mLevel 1[0m _identify(src/bluey_interface) by extensions ['colcon_pkg']
[0.660s] [34mcolcon.colcon_core.package_identification[0m [1;30mLevel 1[0m _identify(src/bluey_interface) by extension 'colcon_pkg'
[0.660s] [34mcolcon.colcon_core.package_identification[0m [1;30mLevel 1[0m _identify(src/bluey_interface) by extensions ['colcon_meta']
[0.660s] [34mcolcon.colcon_core.package_identification[0m [1;30mLevel 1[0m _identify(src/bluey_interface) by extension 'colcon_meta'
[0.660s] [34mcolcon.colcon_core.package_identification[0m [1;30mLevel 1[0m _identify(src/bluey_interface) by extensions ['ros']
[0.660s] [34mcolcon.colcon_core.package_identification[0m [1;30mLevel 1[0m _identify(src/bluey_interface) by extension 'ros'
[0.661s] [34mcolcon.colcon_core.package_identification[0m [1;30mDEBUG[0m [32mPackage 'src/bluey_interface' with type 'ros.ament_cmake' and name 'bluey_interface'[0m
[0.662s] [34mcolcon.colcon_core.package_identification[0m [1;30mLevel 1[0m _identify(src/bluey_tools) by extensions ['ignore', 'ignore_ament_install']
[0.662s] [34mcolcon.colcon_core.package_identification[0m [1;30mLevel 1[0m _identify(src/bluey_tools) by extension 'ignore'
[0.662s] [34mcolcon.colcon_core.package_identification[0m [1;30mLevel 1[0m _identify(src/bluey_tools) by extension 'ignore_ament_install'
[0.662s] [34mcolcon.colcon_core.package_identification[0m [1;30mLevel 1[0m _identify(src/bluey_tools) by extensions ['colcon_pkg']
[0.662s] [34mcolcon.colcon_core.package_identification[0m [1;30mLevel 1[0m _identify(src/bluey_tools) by extension 'colcon_pkg'
[0.662s] [34mcolcon.colcon_core.package_identification[0m [1;30mLevel 1[0m _identify(src/bluey_tools) by extensions ['colcon_meta']
[0.662s] [34mcolcon.colcon_core.package_identification[0m [1;30mLevel 1[0m _identify(src/bluey_tools) by extension 'colcon_meta'
[0.662s] [34mcolcon.colcon_core.package_identification[0m [1;30mLevel 1[0m _identify(src/bluey_tools) by extensions ['ros']
[0.662s] [34mcolcon.colcon_core.package_identification[0m [1;30mLevel 1[0m _identify(src/bluey_tools) by extension 'ros'
[0.662s] [34mcolcon.colcon_core.package_identification[0m [1;30mDEBUG[0m [32mPackage 'src/bluey_tools' with type 'ros.ament_python' and name 'bluey_tools'[0m
[0.662s] [34mcolcon.colcon_core.package_discovery[0m [1;30mLevel 1[0m discover_packages(recursive) using defaults
[0.662s] [34mcolcon.colcon_core.package_discovery[0m [1;30mLevel 1[0m discover_packages(ignore) discover
[0.662s] [34mcolcon.colcon_core.package_discovery[0m [1;30mLevel 1[0m discover_packages(ignore) using defaults
[0.662s] [34mcolcon.colcon_core.package_discovery[0m [1;30mLevel 1[0m discover_packages(path) discover
[0.662s] [34mcolcon.colcon_core.package_discovery[0m [1;30mLevel 1[0m discover_packages(path) using defaults
[0.718s] [34mcolcon.colcon_core.package_discovery[0m [1;30mLevel 1[0m discover_packages(prefix_path) check parameters
[0.718s] [34mcolcon.colcon_core.package_discovery[0m [1;30mLevel 1[0m discover_packages(prefix_path) discover
[0.736s] [34mcolcon.colcon_installed_package_information.package_discovery[0m [1;30mDEBUG[0m [32mFound 2 installed packages in /home/jenkin/Documents/Bluey2.0/ros2_ws/install[0m
[0.745s] [34mcolcon.colcon_installed_package_information.package_discovery[0m [1;30mDEBUG[0m [32mFound 9 installed packages in /home/jenkin/Documents/CPMR3/ros2_ws/install[0m
[0.754s] [34mcolcon.colcon_installed_package_information.package_discovery[0m [1;30mDEBUG[0m [32mFound 2 installed packages in /home/jenkin/Documents/avatar/Avatar2/install[0m
[0.763s] [34mcolcon.colcon_installed_package_information.package_discovery[0m [1;30mDEBUG[0m [32mFound 329 installed packages in /opt/ros/humble[0m
[0.763s] [34mcolcon.colcon_core.package_discovery[0m [1;30mLevel 1[0m discover_packages(prefix_path) using defaults
[0.810s] [34mcolcon.colcon_core.verb[0m [1;30mLevel 5[0m set package 'bluey_interface' build argument 'cmake_args' from command line to 'None'
[0.810s] [34mcolcon.colcon_core.verb[0m [1;30mLevel 5[0m set package 'bluey_interface' build argument 'cmake_target' from command line to 'None'
[0.810s] [34mcolcon.colcon_core.verb[0m [1;30mLevel 5[0m set package 'bluey_interface' build argument 'cmake_target_skip_unavailable' from command line to 'False'
[0.810s] [34mcolcon.colcon_core.verb[0m [1;30mLevel 5[0m set package 'bluey_interface' build argument 'cmake_clean_cache' from command line to 'False'
[0.810s] [34mcolcon.colcon_core.verb[0m [1;30mLevel 5[0m set package 'bluey_interface' build argument 'cmake_clean_first' from command line to 'False'
[0.810s] [34mcolcon.colcon_core.verb[0m [1;30mLevel 5[0m set package 'bluey_interface' build argument 'cmake_force_configure' from command line to 'False'
[0.810s] [34mcolcon.colcon_core.verb[0m [1;30mLevel 5[0m set package 'bluey_interface' build argument 'ament_cmake_args' from command line to 'None'
[0.810s] [34mcolcon.colcon_core.verb[0m [1;30mLevel 5[0m set package 'bluey_interface' build argument 'catkin_cmake_args' from command line to 'None'
[0.810s] [34mcolcon.colcon_core.verb[0m [1;30mLevel 5[0m set package 'bluey_interface' build argument 'catkin_skip_building_tests' from command line to 'False'
[0.810s] [34mcolcon.colcon_core.verb[0m [1;30mDEBUG[0m [32mBuilding package 'bluey_interface' with the following arguments: {'ament_cmake_args': None, 'build_base': '/home/jenkin/Documents/Bluey2.0/ros2_ws/build/bluey_interface', 'catkin_cmake_args': None, 'catkin_skip_building_tests': False, 'cmake_args': None, 'cmake_clean_cache': False, 'cmake_clean_first': False, 'cmake_force_configure': False, 'cmake_target': None, 'cmake_target_skip_unavailable': False, 'install_base': '/home/jenkin/Documents/Bluey2.0/ros2_ws/install/bluey_interface', 'merge_install': False, 'path': '/home/jenkin/Documents/Bluey2.0/ros2_ws/src/bluey_interface', 'symlink_install': False, 'test_result_base': None}[0m
[0.818s] [34mcolcon.colcon_core.verb[0m [1;30mLevel 5[0m set package 'bluey_tools' build argument 'cmake_args' from command line to 'None'
[0.819s] [34mcolcon.colcon_core.verb[0m [1;30mLevel 5[0m set package 'bluey_tools' build argument 'cmake_target' from command line to 'None'
[0.819s] [34mcolcon.colcon_core.verb[0m [1;30mLevel 5[0m set package 'bluey_tools' build argument 'cmake_target_skip_unavailable' from command line to 'False'
[0.819s] [34mcolcon.colcon_core.verb[0m [1;30mLevel 5[0m set package 'bluey_tools' build argument 'cmake_clean_cache' from command line to 'False'
[0.819s] [34mcolcon.colcon_core.verb[0m [1;30mLevel 5[0m set package 'bluey_tools' build argument 'cmake_clean_first' from command line to 'False'
[0.819s] [34mcolcon.colcon_core.verb[0m [1;30mLevel 5[0m set package 'bluey_tools' build argument 'cmake_force_configure' from command line to 'False'
[0.819s] [34mcolcon.colcon_core.verb[0m [1;30mLevel 5[0m set package 'bluey_tools' build argument 'ament_cmake_args' from command line to 'None'
[0.819s] [34mcolcon.colcon_core.verb[0m [1;30mLevel 5[0m set package 'bluey_tools' build argument 'catkin_cmake_args' from command line to 'None'
[0.819s] [34mcolcon.colcon_core.verb[0m [1;30mLevel 5[0m set package 'bluey_tools' build argument 'catkin_skip_building_tests' from command line to 'False'
[0.819s] [34mcolcon.colcon_core.verb[0m [1;30mDEBUG[0m [32mBuilding package 'bluey_tools' with the following arguments: {'ament_cmake_args': None, 'build_base': '/home/jenkin/Documents/Bluey2.0/ros2_ws/build/bluey_tools', 'catkin_cmake_args': None, 'catkin_skip_building_tests': False, 'cmake_args': None, 'cmake_clean_cache': False, 'cmake_clean_first': False, 'cmake_force_configure': False, 'cmake_target': None, 'cmake_target_skip_unavailable': False, 'install_base': '/home/jenkin/Documents/Bluey2.0/ros2_ws/install/bluey_tools', 'merge_install': False, 'path': '/home/jenkin/Documents/Bluey2.0/ros2_ws/src/bluey_tools', 'symlink_install': False, 'test_result_base': None}[0m
[0.829s] [34mcolcon.colcon_core.executor[0m [1;30mINFO[0m Executing jobs using 'parallel' executor
[0.841s] [34mcolcon.colcon_parallel_executor.executor.parallel[0m [1;30mDEBUG[0m [32mrun_until_complete[0m
[0.841s] [34mcolcon.colcon_ros.task.ament_cmake.build[0m [1;30mINFO[0m Building ROS package in '/home/jenkin/Documents/Bluey2.0/ros2_ws/src/bluey_interface' with build type 'ament_cmake'
[0.841s] [34mcolcon.colcon_cmake.task.cmake.build[0m [1;30mINFO[0m Building CMake package in '/home/jenkin/Documents/Bluey2.0/ros2_ws/src/bluey_interface'
[0.864s] [34mcolcon.colcon_core.plugin_system[0m [1;30mINFO[0m Skipping extension 'colcon_core.shell.bat': Not used on non-Windows systems
[0.865s] [34mcolcon.colcon_core.shell[0m [1;30mINFO[0m Skip shell extension 'powershell' for command environment: Not usable outside of PowerShell
[0.865s] [34mcolcon.colcon_core.shell[0m [1;30mDEBUG[0m [32mSkip shell extension 'dsv' for command environment[0m
[0.913s] [34mcolcon.colcon_ros.task.ament_python.build[0m [1;30mINFO[0m Building ROS package in '/home/jenkin/Documents/Bluey2.0/ros2_ws/src/bluey_tools' with build type 'ament_python'
[0.913s] [34mcolcon.colcon_core.shell[0m [1;30mLevel 1[0m create_environment_hook('bluey_tools', 'ament_prefix_path')
[0.924s] [34mcolcon.colcon_core.shell[0m [1;30mINFO[0m Creating environment hook '/home/jenkin/Documents/Bluey2.0/ros2_ws/install/bluey_tools/share/bluey_tools/hook/ament_prefix_path.ps1'
[0.924s] [34mcolcon.colcon_core.shell[0m [1;30mINFO[0m Creating environment descriptor '/home/jenkin/Documents/Bluey2.0/ros2_ws/install/bluey_tools/share/bluey_tools/hook/ament_prefix_path.dsv'
[0.924s] [34mcolcon.colcon_core.shell[0m [1;30mINFO[0m Creating environment hook '/home/jenkin/Documents/Bluey2.0/ros2_ws/install/bluey_tools/share/bluey_tools/hook/ament_prefix_path.sh'
[0.935s] [34mcolcon.colcon_core.shell[0m [1;30mINFO[0m Skip shell extension 'powershell' for command environment: Not usable outside of PowerShell
[0.935s] [34mcolcon.colcon_core.shell[0m [1;30mDEBUG[0m [32mSkip shell extension 'dsv' for command environment[0m
[0.994s] [34mcolcon.colcon_core.event_handler.log_command[0m [1;30mDEBUG[0m [32mInvoking command in '/home/jenkin/Documents/Bluey2.0/ros2_ws/build/bluey_interface': CMAKE_PREFIX_PATH=${CMAKE_PREFIX_PATH}:/home/jenkin/Documents/avatar/Avatar2/install/avatar2:/home/jenkin/Documents/Bluey2.0/ros2_ws/install/bluey_tools:/home/jenkin/Documents/CPMR3/ros2_ws/install/cpmr_ch8:/home/jenkin/Documents/CPMR3/ros2_ws/install/cpmr_ch7:/home/jenkin/Documents/CPMR3/ros2_ws/install/cpmr_ch6:/home/jenkin/Documents/CPMR3/ros2_ws/install/cpmr_ch5:/home/jenkin/Documents/CPMR3/ros2_ws/install/cpmr_ch4:/home/jenkin/Documents/CPMR3/ros2_ws/install/cpmr_ch2:/home/jenkin/Documents/CPMR3/ros2_ws/install/cpmr_ch12:/home/jenkin/Documents/CPMR3/ros2_ws/install/cpmr_ch11:/home/jenkin/Documents/CPMR3/ros2_ws/install/cpmr_apb:/opt/ros/humble /home/jenkin/.local/bin/cmake --build /home/jenkin/Documents/Bluey2.0/ros2_ws/build/bluey_interface -- -j32 -l32[0m
[1.149s] [34mcolcon.colcon_core.task.python.build[0m [1;30mINFO[0m Building Python package in '/home/jenkin/Documents/Bluey2.0/ros2_ws/src/bluey_tools'
[1.160s] [34mcolcon.colcon_core.shell[0m [1;30mINFO[0m Skip shell extension 'powershell' for command environment: Not usable outside of PowerShell
[1.160s] [34mcolcon.colcon_core.shell[0m [1;30mDEBUG[0m [32mSkip shell extension 'dsv' for command environment[0m
[1.219s] [34mcolcon.colcon_core.event_handler.log_command[0m [1;30mDEBUG[0m [32mInvoked command in '/home/jenkin/Documents/Bluey2.0/ros2_ws/build/bluey_interface' returned '0': CMAKE_PREFIX_PATH=${CMAKE_PREFIX_PATH}:/home/jenkin/Documents/avatar/Avatar2/install/avatar2:/home/jenkin/Documents/Bluey2.0/ros2_ws/install/bluey_tools:/home/jenkin/Documents/CPMR3/ros2_ws/install/cpmr_ch8:/home/jenkin/Documents/CPMR3/ros2_ws/install/cpmr_ch7:/home/jenkin/Documents/CPMR3/ros2_ws/install/cpmr_ch6:/home/jenkin/Documents/CPMR3/ros2_ws/install/cpmr_ch5:/home/jenkin/Documents/CPMR3/ros2_ws/install/cpmr_ch4:/home/jenkin/Documents/CPMR3/ros2_ws/install/cpmr_ch2:/home/jenkin/Documents/CPMR3/ros2_ws/install/cpmr_ch12:/home/jenkin/Documents/CPMR3/ros2_ws/install/cpmr_ch11:/home/jenkin/Documents/CPMR3/ros2_ws/install/cpmr_apb:/opt/ros/humble /home/jenkin/.local/bin/cmake --build /home/jenkin/Documents/Bluey2.0/ros2_ws/build/bluey_interface -- -j32 -l32[0m
[1.300s] [34mcolcon.colcon_core.event_handler.log_command[0m [1;30mDEBUG[0m [32mInvoking command in '/home/jenkin/Documents/Bluey2.0/ros2_ws/build/bluey_interface': CMAKE_PREFIX_PATH=${CMAKE_PREFIX_PATH}:/home/jenkin/Documents/avatar/Avatar2/install/avatar2:/home/jenkin/Documents/Bluey2.0/ros2_ws/install/bluey_tools:/home/jenkin/Documents/CPMR3/ros2_ws/install/cpmr_ch8:/home/jenkin/Documents/CPMR3/ros2_ws/install/cpmr_ch7:/home/jenkin/Documents/CPMR3/ros2_ws/install/cpmr_ch6:/home/jenkin/Documents/CPMR3/ros2_ws/install/cpmr_ch5:/home/jenkin/Documents/CPMR3/ros2_ws/install/cpmr_ch4:/home/jenkin/Documents/CPMR3/ros2_ws/install/cpmr_ch2:/home/jenkin/Documents/CPMR3/ros2_ws/install/cpmr_ch12:/home/jenkin/Documents/CPMR3/ros2_ws/install/cpmr_ch11:/home/jenkin/Documents/CPMR3/ros2_ws/install/cpmr_apb:/opt/ros/humble /home/jenkin/.local/bin/cmake --install /home/jenkin/Documents/Bluey2.0/ros2_ws/build/bluey_interface[0m
[1.344s] [34mcolcon.colcon_core.environment[0m [1;30mLevel 1[0m create_environment_scripts_only(bluey_interface)
[1.344s] [34mcolcon.colcon_core.event_handler.log_command[0m [1;30mDEBUG[0m [32mInvoked command in '/home/jenkin/Documents/Bluey2.0/ros2_ws/build/bluey_interface' returned '0': CMAKE_PREFIX_PATH=${CMAKE_PREFIX_PATH}:/home/jenkin/Documents/avatar/Avatar2/install/avatar2:/home/jenkin/Documents/Bluey2.0/ros2_ws/install/bluey_tools:/home/jenkin/Documents/CPMR3/ros2_ws/install/cpmr_ch8:/home/jenkin/Documents/CPMR3/ros2_ws/install/cpmr_ch7:/home/jenkin/Documents/CPMR3/ros2_ws/install/cpmr_ch6:/home/jenkin/Documents/CPMR3/ros2_ws/install/cpmr_ch5:/home/jenkin/Documents/CPMR3/ros2_ws/install/cpmr_ch4:/home/jenkin/Documents/CPMR3/ros2_ws/install/cpmr_ch2:/home/jenkin/Documents/CPMR3/ros2_ws/install/cpmr_ch12:/home/jenkin/Documents/CPMR3/ros2_ws/install/cpmr_ch11:/home/jenkin/Documents/CPMR3/ros2_ws/install/cpmr_apb:/opt/ros/humble /home/jenkin/.local/bin/cmake --install /home/jenkin/Documents/Bluey2.0/ros2_ws/build/bluey_interface[0m
[1.359s] [34mcolcon.colcon_core.environment[0m [1;30mLevel 1[0m checking '/home/jenkin/Documents/Bluey2.0/ros2_ws/install/bluey_interface' for CMake module files
[1.360s] [34mcolcon.colcon_core.environment[0m [1;30mLevel 1[0m checking '/home/jenkin/Documents/Bluey2.0/ros2_ws/install/bluey_interface' for CMake config files
[1.360s] [34mcolcon.colcon_core.shell[0m [1;30mLevel 1[0m create_environment_hook('bluey_interface', 'cmake_prefix_path')
[1.369s] [34mcolcon.colcon_core.shell[0m [1;30mINFO[0m Creating environment hook '/home/jenkin/Documents/Bluey2.0/ros2_ws/install/bluey_interface/share/bluey_interface/hook/cmake_prefix_path.ps1'
[1.369s] [34mcolcon.colcon_core.shell[0m [1;30mINFO[0m Creating environment descriptor '/home/jenkin/Documents/Bluey2.0/ros2_ws/install/bluey_interface/share/bluey_interface/hook/cmake_prefix_path.dsv'
[1.369s] [34mcolcon.colcon_core.shell[0m [1;30mINFO[0m Creating environment hook '/home/jenkin/Documents/Bluey2.0/ros2_ws/install/bluey_interface/share/bluey_interface/hook/cmake_prefix_path.sh'
[1.369s] [34mcolcon.colcon_core.environment[0m [1;30mLevel 1[0m checking '/home/jenkin/Documents/Bluey2.0/ros2_ws/install/bluey_interface/lib'
[1.369s] [34mcolcon.colcon_core.shell[0m [1;30mLevel 1[0m create_environment_hook('bluey_interface', 'ld_library_path_lib')
[1.378s] [34mcolcon.colcon_core.shell[0m [1;30mINFO[0m Creating environment hook '/home/jenkin/Documents/Bluey2.0/ros2_ws/install/bluey_interface/share/bluey_interface/hook/ld_library_path_lib.ps1'
[1.378s] [34mcolcon.colcon_core.shell[0m [1;30mINFO[0m Creating environment descriptor '/home/jenkin/Documents/Bluey2.0/ros2_ws/install/bluey_interface/share/bluey_interface/hook/ld_library_path_lib.dsv'
[1.378s] [34mcolcon.colcon_core.shell[0m [1;30mINFO[0m Creating environment hook '/home/jenkin/Documents/Bluey2.0/ros2_ws/install/bluey_interface/share/bluey_interface/hook/ld_library_path_lib.sh'
[1.378s] [34mcolcon.colcon_core.environment[0m [1;30mLevel 1[0m checking '/home/jenkin/Documents/Bluey2.0/ros2_ws/install/bluey_interface/bin'
[1.378s] [34mcolcon.colcon_core.environment[0m [1;30mLevel 1[0m checking '/home/jenkin/Documents/Bluey2.0/ros2_ws/install/bluey_interface/lib/pkgconfig/bluey_interface.pc'
[1.378s] [34mcolcon.colcon_core.environment[0m [1;30mLevel 1[0m checking '/home/jenkin/Documents/Bluey2.0/ros2_ws/install/bluey_interface/lib/python3.10/site-packages'
[1.378s] [34mcolcon.colcon_core.environment[0m [1;30mLevel 1[0m checking '/home/jenkin/Documents/Bluey2.0/ros2_ws/install/bluey_interface/bin'
[1.387s] [34mcolcon.colcon_core.shell[0m [1;30mINFO[0m Creating package script '/home/jenkin/Documents/Bluey2.0/ros2_ws/install/bluey_interface/share/bluey_interface/package.ps1'
[1.387s] [34mcolcon.colcon_core.shell[0m [1;30mINFO[0m Creating package descriptor '/home/jenkin/Documents/Bluey2.0/ros2_ws/install/bluey_interface/share/bluey_interface/package.dsv'
[1.387s] [34mcolcon.colcon_core.shell[0m [1;30mINFO[0m Creating package script '/home/jenkin/Documents/Bluey2.0/ros2_ws/install/bluey_interface/share/bluey_interface/package.sh'
[1.388s] [34mcolcon.colcon_core.shell[0m [1;30mINFO[0m Creating package script '/home/jenkin/Documents/Bluey2.0/ros2_ws/install/bluey_interface/share/bluey_interface/package.bash'
[1.388s] [34mcolcon.colcon_core.shell[0m [1;30mINFO[0m Creating package script '/home/jenkin/Documents/Bluey2.0/ros2_ws/install/bluey_interface/share/bluey_interface/package.zsh'
[1.388s] [34mcolcon.colcon_core.environment[0m [1;30mLevel 1[0m create_file_with_runtime_dependencies(/home/jenkin/Documents/Bluey2.0/ros2_ws/install/bluey_interface/share/colcon-core/packages/bluey_interface)
[1.443s] [34mcolcon.colcon_core.event_handler.log_command[0m [1;30mDEBUG[0m [32mInvoking command in '/home/jenkin/Documents/Bluey2.0/ros2_ws/src/bluey_tools': PYTHONPATH=/home/jenkin/Documents/Bluey2.0/ros2_ws/build/bluey_tools/prefix_override:/home/jenkin/Documents/Bluey2.0/ros2_ws/install/bluey_tools/lib/python3.10/site-packages:${PYTHONPATH} /usr/bin/python3 setup.py egg_info --egg-base ../../build/bluey_tools build --build-base /home/jenkin/Documents/Bluey2.0/ros2_ws/build/bluey_tools/build install --record /home/jenkin/Documents/Bluey2.0/ros2_ws/build/bluey_tools/install.log --single-version-externally-managed[0m
[1.465s] [34mcolcon.colcon_core.environment[0m [1;30mLevel 1[0m create_environment_scripts_only(bluey_interface)
[1.474s] [34mcolcon.colcon_core.environment[0m [1;30mLevel 1[0m checking '/home/jenkin/Documents/Bluey2.0/ros2_ws/install/bluey_interface' for CMake module files
[1.474s] [34mcolcon.colcon_core.environment[0m [1;30mLevel 1[0m checking '/home/jenkin/Documents/Bluey2.0/ros2_ws/install/bluey_interface' for CMake config files
[1.474s] [34mcolcon.colcon_core.shell[0m [1;30mLevel 1[0m create_environment_hook('bluey_interface', 'cmake_prefix_path')
[1.485s] [34mcolcon.colcon_core.shell[0m [1;30mINFO[0m Creating environment hook '/home/jenkin/Documents/Bluey2.0/ros2_ws/install/bluey_interface/share/bluey_interface/hook/cmake_prefix_path.ps1'
[1.485s] [34mcolcon.colcon_core.shell[0m [1;30mINFO[0m Creating environment descriptor '/home/jenkin/Documents/Bluey2.0/ros2_ws/install/bluey_interface/share/bluey_interface/hook/cmake_prefix_path.dsv'
[1.485s] [34mcolcon.colcon_core.shell[0m [1;30mINFO[0m Creating environment hook '/home/jenkin/Documents/Bluey2.0/ros2_ws/install/bluey_interface/share/bluey_interface/hook/cmake_prefix_path.sh'
[1.485s] [34mcolcon.colcon_core.environment[0m [1;30mLevel 1[0m checking '/home/jenkin/Documents/Bluey2.0/ros2_ws/install/bluey_interface/lib'
[1.485s] [34mcolcon.colcon_core.shell[0m [1;30mLevel 1[0m create_environment_hook('bluey_interface', 'ld_library_path_lib')
[1.494s] [34mcolcon.colcon_core.shell[0m [1;30mINFO[0m Creating environment hook '/home/jenkin/Documents/Bluey2.0/ros2_ws/install/bluey_interface/share/bluey_interface/hook/ld_library_path_lib.ps1'
[1.494s] [34mcolcon.colcon_core.shell[0m [1;30mINFO[0m Creating environment descriptor '/home/jenkin/Documents/Bluey2.0/ros2_ws/install/bluey_interface/share/bluey_interface/hook/ld_library_path_lib.dsv'
[1.495s] [34mcolcon.colcon_core.shell[0m [1;30mINFO[0m Creating environment hook '/home/jenkin/Documents/Bluey2.0/ros2_ws/install/bluey_interface/share/bluey_interface/hook/ld_library_path_lib.sh'
[1.495s] [34mcolcon.colcon_core.environment[0m [1;30mLevel 1[0m checking '/home/jenkin/Documents/Bluey2.0/ros2_ws/install/bluey_interface/bin'
[1.495s] [34mcolcon.colcon_core.environment[0m [1;30mLevel 1[0m checking '/home/jenkin/Documents/Bluey2.0/ros2_ws/install/bluey_interface/lib/pkgconfig/bluey_interface.pc'
[1.495s] [34mcolcon.colcon_core.environment[0m [1;30mLevel 1[0m checking '/home/jenkin/Documents/Bluey2.0/ros2_ws/install/bluey_interface/lib/python3.10/site-packages'
[1.495s] [34mcolcon.colcon_core.environment[0m [1;30mLevel 1[0m checking '/home/jenkin/Documents/Bluey2.0/ros2_ws/install/bluey_interface/bin'
[1.505s] [34mcolcon.colcon_core.shell[0m [1;30mINFO[0m Creating package script '/home/jenkin/Documents/Bluey2.0/ros2_ws/install/bluey_interface/share/bluey_interface/package.ps1'
[1.505s] [34mcolcon.colcon_core.shell[0m [1;30mINFO[0m Creating package descriptor '/home/jenkin/Documents/Bluey2.0/ros2_ws/install/bluey_interface/share/bluey_interface/package.dsv'
[1.505s] [34mcolcon.colcon_core.shell[0m [1;30mINFO[0m Creating package script '/home/jenkin/Documents/Bluey2.0/ros2_ws/install/bluey_interface/share/bluey_interface/package.sh'
[1.506s] [34mcolcon.colcon_core.shell[0m [1;30mINFO[0m Creating package script '/home/jenkin/Documents/Bluey2.0/ros2_ws/install/bluey_interface/share/bluey_interface/package.bash'
[1.506s] [34mcolcon.colcon_core.shell[0m [1;30mINFO[0m Creating package script '/home/jenkin/Documents/Bluey2.0/ros2_ws/install/bluey_interface/share/bluey_interface/package.zsh'
[1.506s] [34mcolcon.colcon_core.environment[0m [1;30mLevel 1[0m create_file_with_runtime_dependencies(/home/jenkin/Documents/Bluey2.0/ros2_ws/install/bluey_interface/share/colcon-core/packages/bluey_interface)
[1.617s] [34mcolcon.colcon_core.event_handler.log_command[0m [1;30mDEBUG[0m [32mInvoked command in '/home/jenkin/Documents/Bluey2.0/ros2_ws/src/bluey_tools' returned '0': PYTHONPATH=/home/jenkin/Documents/Bluey2.0/ros2_ws/build/bluey_tools/prefix_override:/home/jenkin/Documents/Bluey2.0/ros2_ws/install/bluey_tools/lib/python3.10/site-packages:${PYTHONPATH} /usr/bin/python3 setup.py egg_info --egg-base ../../build/bluey_tools build --build-base /home/jenkin/Documents/Bluey2.0/ros2_ws/build/bluey_tools/build install --record /home/jenkin/Documents/Bluey2.0/ros2_ws/build/bluey_tools/install.log --single-version-externally-managed[0m
[1.629s] [34mcolcon.colcon_core.environment[0m [1;30mLevel 1[0m checking '/home/jenkin/Documents/Bluey2.0/ros2_ws/install/bluey_tools' for CMake module files
[1.629s] [34mcolcon.colcon_core.environment[0m [1;30mLevel 1[0m checking '/home/jenkin/Documents/Bluey2.0/ros2_ws/install/bluey_tools' for CMake config files
[1.629s] [34mcolcon.colcon_core.environment[0m [1;30mLevel 1[0m checking '/home/jenkin/Documents/Bluey2.0/ros2_ws/install/bluey_tools/lib'
[1.629s] [34mcolcon.colcon_core.environment[0m [1;30mLevel 1[0m checking '/home/jenkin/Documents/Bluey2.0/ros2_ws/install/bluey_tools/bin'
[1.629s] [34mcolcon.colcon_core.environment[0m [1;30mLevel 1[0m checking '/home/jenkin/Documents/Bluey2.0/ros2_ws/install/bluey_tools/lib/pkgconfig/bluey_tools.pc'
[1.629s] [34mcolcon.colcon_core.environment[0m [1;30mLevel 1[0m checking '/home/jenkin/Documents/Bluey2.0/ros2_ws/install/bluey_tools/lib/python3.10/site-packages'
[1.629s] [34mcolcon.colcon_core.shell[0m [1;30mLevel 1[0m create_environment_hook('bluey_tools', 'pythonpath')
[1.638s] [34mcolcon.colcon_core.shell[0m [1;30mINFO[0m Creating environment hook '/home/jenkin/Documents/Bluey2.0/ros2_ws/install/bluey_tools/share/bluey_tools/hook/pythonpath.ps1'
[1.639s] [34mcolcon.colcon_core.shell[0m [1;30mINFO[0m Creating environment descriptor '/home/jenkin/Documents/Bluey2.0/ros2_ws/install/bluey_tools/share/bluey_tools/hook/pythonpath.dsv'
[1.639s] [34mcolcon.colcon_core.shell[0m [1;30mINFO[0m Creating environment hook '/home/jenkin/Documents/Bluey2.0/ros2_ws/install/bluey_tools/share/bluey_tools/hook/pythonpath.sh'
[1.639s] [34mcolcon.colcon_core.environment[0m [1;30mLevel 1[0m checking '/home/jenkin/Documents/Bluey2.0/ros2_ws/install/bluey_tools/bin'
[1.639s] [34mcolcon.colcon_core.environment[0m [1;30mLevel 1[0m create_environment_scripts_only(bluey_tools)
[1.654s] [34mcolcon.colcon_core.shell[0m [1;30mINFO[0m Creating package script '/home/jenkin/Documents/Bluey2.0/ros2_ws/install/bluey_tools/share/bluey_tools/package.ps1'
[1.654s] [34mcolcon.colcon_core.shell[0m [1;30mINFO[0m Creating package descriptor '/home/jenkin/Documents/Bluey2.0/ros2_ws/install/bluey_tools/share/bluey_tools/package.dsv'
[1.654s] [34mcolcon.colcon_core.shell[0m [1;30mINFO[0m Creating package script '/home/jenkin/Documents/Bluey2.0/ros2_ws/install/bluey_tools/share/bluey_tools/package.sh'
[1.654s] [34mcolcon.colcon_core.shell[0m [1;30mINFO[0m Creating package script '/home/jenkin/Documents/Bluey2.0/ros2_ws/install/bluey_tools/share/bluey_tools/package.bash'
[1.654s] [34mcolcon.colcon_core.shell[0m [1;30mINFO[0m Creating package script '/home/jenkin/Documents/Bluey2.0/ros2_ws/install/bluey_tools/share/bluey_tools/package.zsh'
[1.654s] [34mcolcon.colcon_core.environment[0m [1;30mLevel 1[0m create_file_with_runtime_dependencies(/home/jenkin/Documents/Bluey2.0/ros2_ws/install/bluey_tools/share/colcon-core/packages/bluey_tools)
[1.655s] [34mcolcon.colcon_parallel_executor.executor.parallel[0m [1;30mDEBUG[0m [32mclosing loop[0m
[1.655s] [34mcolcon.colcon_parallel_executor.executor.parallel[0m [1;30mDEBUG[0m [32mloop closed[0m
[1.655s] [34mcolcon.colcon_parallel_executor.executor.parallel[0m [1;30mDEBUG[0m [32mrun_until_complete finished with '0'[0m
[1.655s] [34mcolcon.colcon_core.event_reactor[0m [1;30mDEBUG[0m [32mjoining thread[0m
[1.666s] [34mcolcon.colcon_core.plugin_system[0m [1;30mINFO[0m Skipping extension 'colcon_notification.desktop_notification.terminal_notifier': Not used on non-Darwin systems
[1.666s] [34mcolcon.colcon_core.plugin_system[0m [1;30mINFO[0m Skipping extension 'colcon_notification.desktop_notification.win32': Not used on non-Windows systems
[1.667s] [34mcolcon.colcon_notification.desktop_notification[0m [1;30mINFO[0m Sending desktop notification using 'notify2'
[1.677s] [34mcolcon.colcon_core.event_reactor[0m [1;30mDEBUG[0m [32mjoined thread[0m
[1.693s] [34mcolcon.colcon_core.shell[0m [1;30mINFO[0m Creating prefix script '/home/jenkin/Documents/Bluey2.0/ros2_ws/install/local_setup.ps1'
[1.694s] [34mcolcon.colcon_core.shell[0m [1;30mINFO[0m Creating prefix util module '/home/jenkin/Documents/Bluey2.0/ros2_ws/install/_local_setup_util_ps1.py'
[1.695s] [34mcolcon.colcon_core.shell[0m [1;30mINFO[0m Creating prefix chain script '/home/jenkin/Documents/Bluey2.0/ros2_ws/install/setup.ps1'
[1.706s] [34mcolcon.colcon_core.shell[0m [1;30mINFO[0m Creating prefix script '/home/jenkin/Documents/Bluey2.0/ros2_ws/install/local_setup.sh'
[1.706s] [34mcolcon.colcon_core.shell[0m [1;30mINFO[0m Creating prefix util module '/home/jenkin/Documents/Bluey2.0/ros2_ws/install/_local_setup_util_sh.py'
[1.706s] [34mcolcon.colcon_core.shell[0m [1;30mINFO[0m Creating prefix chain script '/home/jenkin/Documents/Bluey2.0/ros2_ws/install/setup.sh'
[1.718s] [34mcolcon.colcon_core.shell[0m [1;30mINFO[0m Creating prefix script '/home/jenkin/Documents/Bluey2.0/ros2_ws/install/local_setup.bash'
[1.718s] [34mcolcon.colcon_core.shell[0m [1;30mINFO[0m Creating prefix chain script '/home/jenkin/Documents/Bluey2.0/ros2_ws/install/setup.bash'
[1.730s] [34mcolcon.colcon_core.shell[0m [1;30mINFO[0m Creating prefix script '/home/jenkin/Documents/Bluey2.0/ros2_ws/install/local_setup.zsh'
[1.730s] [34mcolcon.colcon_core.shell[0m [1;30mINFO[0m Creating prefix chain script '/home/jenkin/Documents/Bluey2.0/ros2_ws/install/setup.zsh'
