[0.069s] Invoking command in '/home/jenkin/Documents/bluey/ros2_ws/build/bluey_interface': CMAKE_PREFIX_PATH=${CMAKE_PREFIX_PATH}:/home/jenkin/Documents/bluey/ros2_ws/install/bluey_tools:/opt/ros/foxy /usr/bin/cmake --build /home/jenkin/Documents/bluey/ros2_ws/build/bluey_interface -- -j4 -l4
[0.330s] [  6%] Built target bluey_interface__cpp
[0.330s] [ 12%] Built target bluey_interface__rosidl_generator_c
[0.469s] [ 23%] Built target bluey_interface__rosidl_typesupport_introspection_c
[0.473s] [ 34%] Built target bluey_interface__rosidl_typesupport_c
[0.609s] [ 44%] Built target bluey_interface__rosidl_typesupport_fastrtps_cpp
[0.615s] [ 55%] Built target bluey_interface__rosidl_typesupport_introspection_cpp
[0.618s] [ 65%] Built target bluey_interface__rosidl_typesupport_cpp
[0.740s] [ 76%] Built target bluey_interface__rosidl_typesupport_fastrtps_c
[0.879s] [ 76%] Built target bluey_interface
[1.005s] [ 78%] Built target bluey_interface__py
[1.130s] [ 87%] Built target bluey_interface__python
[1.265s] [ 91%] Built target bluey_interface__rosidl_typesupport_introspection_c__pyext
[1.265s] [ 95%] Built target bluey_interface__rosidl_typesupport_c__pyext
[1.265s] [100%] Built target bluey_interface__rosidl_typesupport_fastrtps_c__pyext
[1.296s] Invoked command in '/home/jenkin/Documents/bluey/ros2_ws/build/bluey_interface' returned '0': CMAKE_PREFIX_PATH=${CMAKE_PREFIX_PATH}:/home/jenkin/Documents/bluey/ros2_ws/install/bluey_tools:/opt/ros/foxy /usr/bin/cmake --build /home/jenkin/Documents/bluey/ros2_ws/build/bluey_interface -- -j4 -l4
[3.225s] Invoking command in '/home/jenkin/Documents/bluey/ros2_ws/build/bluey_interface': CMAKE_PREFIX_PATH=${CMAKE_PREFIX_PATH}:/home/jenkin/Documents/bluey/ros2_ws/install/bluey_tools:/opt/ros/foxy /usr/bin/cmake --install /home/jenkin/Documents/bluey/ros2_ws/build/bluey_interface
[3.246s] -- Install configuration: ""
[3.247s] -- Up-to-date: /home/jenkin/Documents/bluey/ros2_ws/install/bluey_interface/share/ament_index/resource_index/rosidl_interfaces/bluey_interface
[3.247s] -- Up-to-date: /home/jenkin/Documents/bluey/ros2_ws/install/bluey_interface/include/bluey_interface
[3.247s] -- Up-to-date: /home/jenkin/Documents/bluey/ros2_ws/install/bluey_interface/include/bluey_interface/srv
[3.247s] -- Up-to-date: /home/jenkin/Documents/bluey/ros2_ws/install/bluey_interface/include/bluey_interface/srv/motion.h
[3.247s] -- Up-to-date: /home/jenkin/Documents/bluey/ros2_ws/install/bluey_interface/include/bluey_interface/srv/lights.h
[3.247s] -- Up-to-date: /home/jenkin/Documents/bluey/ros2_ws/install/bluey_interface/include/bluey_interface/srv/detail
[3.247s] -- Up-to-date: /home/jenkin/Documents/bluey/ros2_ws/install/bluey_interface/include/bluey_interface/srv/detail/arm__struct.h
[3.247s] -- Up-to-date: /home/jenkin/Documents/bluey/ros2_ws/install/bluey_interface/include/bluey_interface/srv/detail/motion__type_support.h
[3.247s] -- Up-to-date: /home/jenkin/Documents/bluey/ros2_ws/install/bluey_interface/include/bluey_interface/srv/detail/motion__functions.h
[3.247s] -- Up-to-date: /home/jenkin/Documents/bluey/ros2_ws/install/bluey_interface/include/bluey_interface/srv/detail/arm__functions.c
[3.247s] -- Up-to-date: /home/jenkin/Documents/bluey/ros2_ws/install/bluey_interface/include/bluey_interface/srv/detail/arm__functions.h
[3.248s] -- Up-to-date: /home/jenkin/Documents/bluey/ros2_ws/install/bluey_interface/include/bluey_interface/srv/detail/lights__struct.h
[3.248s] -- Up-to-date: /home/jenkin/Documents/bluey/ros2_ws/install/bluey_interface/include/bluey_interface/srv/detail/lights__functions.c
[3.248s] -- Up-to-date: /home/jenkin/Documents/bluey/ros2_ws/install/bluey_interface/include/bluey_interface/srv/detail/lights__functions.h
[3.248s] -- Up-to-date: /home/jenkin/Documents/bluey/ros2_ws/install/bluey_interface/include/bluey_interface/srv/detail/arm__type_support.h
[3.248s] -- Up-to-date: /home/jenkin/Documents/bluey/ros2_ws/install/bluey_interface/include/bluey_interface/srv/detail/motion__struct.h
[3.248s] -- Up-to-date: /home/jenkin/Documents/bluey/ros2_ws/install/bluey_interface/include/bluey_interface/srv/detail/motion__functions.c
[3.248s] -- Up-to-date: /home/jenkin/Documents/bluey/ros2_ws/install/bluey_interface/include/bluey_interface/srv/detail/lights__type_support.h
[3.248s] -- Up-to-date: /home/jenkin/Documents/bluey/ros2_ws/install/bluey_interface/include/bluey_interface/srv/arm.h
[3.248s] -- Up-to-date: /home/jenkin/Documents/bluey/ros2_ws/install/bluey_interface/include/bluey_interface/msg
[3.248s] -- Up-to-date: /home/jenkin/Documents/bluey/ros2_ws/install/bluey_interface/include/bluey_interface/msg/rosidl_generator_c__visibility_control.h
[3.248s] -- Up-to-date: /home/jenkin/Documents/bluey/ros2_ws/install/bluey_interface/share/bluey_interface/environment/library_path.sh
[3.248s] -- Up-to-date: /home/jenkin/Documents/bluey/ros2_ws/install/bluey_interface/share/bluey_interface/environment/library_path.dsv
[3.248s] -- Up-to-date: /home/jenkin/Documents/bluey/ros2_ws/install/bluey_interface/lib/libbluey_interface__rosidl_generator_c.so
[3.249s] -- Up-to-date: /home/jenkin/Documents/bluey/ros2_ws/install/bluey_interface/include/bluey_interface
[3.249s] -- Up-to-date: /home/jenkin/Documents/bluey/ros2_ws/install/bluey_interface/include/bluey_interface/srv
[3.249s] -- Up-to-date: /home/jenkin/Documents/bluey/ros2_ws/install/bluey_interface/include/bluey_interface/srv/detail
[3.249s] -- Up-to-date: /home/jenkin/Documents/bluey/ros2_ws/install/bluey_interface/include/bluey_interface/srv/detail/motion__rosidl_typesupport_fastrtps_c.h
[3.249s] -- Up-to-date: /home/jenkin/Documents/bluey/ros2_ws/install/bluey_interface/include/bluey_interface/srv/detail/arm__rosidl_typesupport_fastrtps_c.h
[3.249s] -- Up-to-date: /home/jenkin/Documents/bluey/ros2_ws/install/bluey_interface/include/bluey_interface/srv/detail/lights__rosidl_typesupport_fastrtps_c.h
[3.249s] -- Up-to-date: /home/jenkin/Documents/bluey/ros2_ws/install/bluey_interface/include/bluey_interface/msg
[3.249s] -- Up-to-date: /home/jenkin/Documents/bluey/ros2_ws/install/bluey_interface/include/bluey_interface/msg/rosidl_typesupport_fastrtps_c__visibility_control.h
[3.249s] -- Up-to-date: /home/jenkin/Documents/bluey/ros2_ws/install/bluey_interface/lib/libbluey_interface__rosidl_typesupport_fastrtps_c.so
[3.249s] -- Up-to-date: /home/jenkin/Documents/bluey/ros2_ws/install/bluey_interface/include/bluey_interface
[3.249s] -- Up-to-date: /home/jenkin/Documents/bluey/ros2_ws/install/bluey_interface/include/bluey_interface/srv
[3.250s] -- Up-to-date: /home/jenkin/Documents/bluey/ros2_ws/install/bluey_interface/include/bluey_interface/srv/detail
[3.250s] -- Up-to-date: /home/jenkin/Documents/bluey/ros2_ws/install/bluey_interface/include/bluey_interface/srv/detail/arm__rosidl_typesupport_fastrtps_cpp.hpp
[3.250s] -- Up-to-date: /home/jenkin/Documents/bluey/ros2_ws/install/bluey_interface/include/bluey_interface/srv/detail/motion__rosidl_typesupport_fastrtps_cpp.hpp
[3.250s] -- Up-to-date: /home/jenkin/Documents/bluey/ros2_ws/install/bluey_interface/include/bluey_interface/srv/detail/dds_fastrtps
[3.250s] -- Up-to-date: /home/jenkin/Documents/bluey/ros2_ws/install/bluey_interface/include/bluey_interface/srv/detail/lights__rosidl_typesupport_fastrtps_cpp.hpp
[3.250s] -- Up-to-date: /home/jenkin/Documents/bluey/ros2_ws/install/bluey_interface/include/bluey_interface/msg
[3.250s] -- Up-to-date: /home/jenkin/Documents/bluey/ros2_ws/install/bluey_interface/include/bluey_interface/msg/rosidl_typesupport_fastrtps_cpp__visibility_control.h
[3.250s] -- Up-to-date: /home/jenkin/Documents/bluey/ros2_ws/install/bluey_interface/lib/libbluey_interface__rosidl_typesupport_fastrtps_cpp.so
[3.250s] -- Up-to-date: /home/jenkin/Documents/bluey/ros2_ws/install/bluey_interface/include/bluey_interface
[3.250s] -- Up-to-date: /home/jenkin/Documents/bluey/ros2_ws/install/bluey_interface/include/bluey_interface/srv
[3.250s] -- Up-to-date: /home/jenkin/Documents/bluey/ros2_ws/install/bluey_interface/include/bluey_interface/srv/detail
[3.250s] -- Up-to-date: /home/jenkin/Documents/bluey/ros2_ws/install/bluey_interface/include/bluey_interface/srv/detail/arm__rosidl_typesupport_introspection_c.h
[3.250s] -- Up-to-date: /home/jenkin/Documents/bluey/ros2_ws/install/bluey_interface/include/bluey_interface/srv/detail/lights__type_support.c
[3.250s] -- Up-to-date: /home/jenkin/Documents/bluey/ros2_ws/install/bluey_interface/include/bluey_interface/srv/detail/lights__rosidl_typesupport_introspection_c.h
[3.250s] -- Up-to-date: /home/jenkin/Documents/bluey/ros2_ws/install/bluey_interface/include/bluey_interface/srv/detail/arm__type_support.c
[3.250s] -- Up-to-date: /home/jenkin/Documents/bluey/ros2_ws/install/bluey_interface/include/bluey_interface/srv/detail/motion__rosidl_typesupport_introspection_c.h
[3.251s] -- Up-to-date: /home/jenkin/Documents/bluey/ros2_ws/install/bluey_interface/include/bluey_interface/srv/detail/motion__type_support.c
[3.251s] -- Up-to-date: /home/jenkin/Documents/bluey/ros2_ws/install/bluey_interface/include/bluey_interface/msg
[3.251s] -- Up-to-date: /home/jenkin/Documents/bluey/ros2_ws/install/bluey_interface/include/bluey_interface/msg/rosidl_typesupport_introspection_c__visibility_control.h
[3.251s] -- Up-to-date: /home/jenkin/Documents/bluey/ros2_ws/install/bluey_interface/lib/libbluey_interface__rosidl_typesupport_introspection_c.so
[3.251s] -- Up-to-date: /home/jenkin/Documents/bluey/ros2_ws/install/bluey_interface/lib/libbluey_interface__rosidl_typesupport_c.so
[3.251s] -- Up-to-date: /home/jenkin/Documents/bluey/ros2_ws/install/bluey_interface/include/bluey_interface
[3.251s] -- Up-to-date: /home/jenkin/Documents/bluey/ros2_ws/install/bluey_interface/include/bluey_interface/srv
[3.251s] -- Up-to-date: /home/jenkin/Documents/bluey/ros2_ws/install/bluey_interface/include/bluey_interface/srv/lights.hpp
[3.251s] -- Up-to-date: /home/jenkin/Documents/bluey/ros2_ws/install/bluey_interface/include/bluey_interface/srv/motion.hpp
[3.251s] -- Up-to-date: /home/jenkin/Documents/bluey/ros2_ws/install/bluey_interface/include/bluey_interface/srv/arm.hpp
[3.251s] -- Up-to-date: /home/jenkin/Documents/bluey/ros2_ws/install/bluey_interface/include/bluey_interface/srv/detail
[3.251s] -- Up-to-date: /home/jenkin/Documents/bluey/ros2_ws/install/bluey_interface/include/bluey_interface/srv/detail/motion__type_support.hpp
[3.251s] -- Up-to-date: /home/jenkin/Documents/bluey/ros2_ws/install/bluey_interface/include/bluey_interface/srv/detail/lights__type_support.hpp
[3.251s] -- Up-to-date: /home/jenkin/Documents/bluey/ros2_ws/install/bluey_interface/include/bluey_interface/srv/detail/lights__struct.hpp
[3.251s] -- Up-to-date: /home/jenkin/Documents/bluey/ros2_ws/install/bluey_interface/include/bluey_interface/srv/detail/motion__traits.hpp
[3.251s] -- Up-to-date: /home/jenkin/Documents/bluey/ros2_ws/install/bluey_interface/include/bluey_interface/srv/detail/arm__type_support.hpp
[3.251s] -- Up-to-date: /home/jenkin/Documents/bluey/ros2_ws/install/bluey_interface/include/bluey_interface/srv/detail/lights__builder.hpp
[3.251s] -- Up-to-date: /home/jenkin/Documents/bluey/ros2_ws/install/bluey_interface/include/bluey_interface/srv/detail/motion__builder.hpp
[3.251s] -- Up-to-date: /home/jenkin/Documents/bluey/ros2_ws/install/bluey_interface/include/bluey_interface/srv/detail/arm__traits.hpp
[3.252s] -- Up-to-date: /home/jenkin/Documents/bluey/ros2_ws/install/bluey_interface/include/bluey_interface/srv/detail/arm__struct.hpp
[3.252s] -- Up-to-date: /home/jenkin/Documents/bluey/ros2_ws/install/bluey_interface/include/bluey_interface/srv/detail/arm__builder.hpp
[3.252s] -- Up-to-date: /home/jenkin/Documents/bluey/ros2_ws/install/bluey_interface/include/bluey_interface/srv/detail/motion__struct.hpp
[3.252s] -- Up-to-date: /home/jenkin/Documents/bluey/ros2_ws/install/bluey_interface/include/bluey_interface/srv/detail/lights__traits.hpp
[3.252s] -- Up-to-date: /home/jenkin/Documents/bluey/ros2_ws/install/bluey_interface/include/bluey_interface/msg
[3.252s] -- Up-to-date: /home/jenkin/Documents/bluey/ros2_ws/install/bluey_interface/include/bluey_interface/msg/rosidl_generator_cpp__visibility_control.hpp
[3.252s] -- Up-to-date: /home/jenkin/Documents/bluey/ros2_ws/install/bluey_interface/include/bluey_interface
[3.252s] -- Up-to-date: /home/jenkin/Documents/bluey/ros2_ws/install/bluey_interface/include/bluey_interface/srv
[3.252s] -- Up-to-date: /home/jenkin/Documents/bluey/ros2_ws/install/bluey_interface/include/bluey_interface/srv/detail
[3.252s] -- Up-to-date: /home/jenkin/Documents/bluey/ros2_ws/install/bluey_interface/include/bluey_interface/srv/detail/motion__type_support.cpp
[3.252s] -- Up-to-date: /home/jenkin/Documents/bluey/ros2_ws/install/bluey_interface/include/bluey_interface/srv/detail/lights__rosidl_typesupport_introspection_cpp.hpp
[3.252s] -- Up-to-date: /home/jenkin/Documents/bluey/ros2_ws/install/bluey_interface/include/bluey_interface/srv/detail/motion__rosidl_typesupport_introspection_cpp.hpp
[3.252s] -- Up-to-date: /home/jenkin/Documents/bluey/ros2_ws/install/bluey_interface/include/bluey_interface/srv/detail/arm__type_support.cpp
[3.252s] -- Up-to-date: /home/jenkin/Documents/bluey/ros2_ws/install/bluey_interface/include/bluey_interface/srv/detail/arm__rosidl_typesupport_introspection_cpp.hpp
[3.252s] -- Up-to-date: /home/jenkin/Documents/bluey/ros2_ws/install/bluey_interface/include/bluey_interface/srv/detail/lights__type_support.cpp
[3.252s] -- Up-to-date: /home/jenkin/Documents/bluey/ros2_ws/install/bluey_interface/lib/libbluey_interface__rosidl_typesupport_introspection_cpp.so
[3.252s] -- Up-to-date: /home/jenkin/Documents/bluey/ros2_ws/install/bluey_interface/lib/libbluey_interface__rosidl_typesupport_cpp.so
[3.252s] -- Up-to-date: /home/jenkin/Documents/bluey/ros2_ws/install/bluey_interface/share/bluey_interface/environment/pythonpath.sh
[3.252s] -- Up-to-date: /home/jenkin/Documents/bluey/ros2_ws/install/bluey_interface/share/bluey_interface/environment/pythonpath.dsv
[3.252s] -- Up-to-date: /home/jenkin/Documents/bluey/ros2_ws/install/bluey_interface/lib/python3.8/site-packages/bluey_interface/__init__.py
[3.286s] -- Up-to-date: /home/jenkin/Documents/bluey/ros2_ws/install/bluey_interface/lib/python3.8/site-packages/bluey_interface/srv
[3.286s] -- Up-to-date: /home/jenkin/Documents/bluey/ros2_ws/install/bluey_interface/lib/python3.8/site-packages/bluey_interface/srv/_arm.py
[3.286s] -- Up-to-date: /home/jenkin/Documents/bluey/ros2_ws/install/bluey_interface/lib/python3.8/site-packages/bluey_interface/srv/__init__.py
[3.286s] -- Up-to-date: /home/jenkin/Documents/bluey/ros2_ws/install/bluey_interface/lib/python3.8/site-packages/bluey_interface/srv/_lights.py
[3.286s] -- Up-to-date: /home/jenkin/Documents/bluey/ros2_ws/install/bluey_interface/lib/python3.8/site-packages/bluey_interface/srv/_arm_s.c
[3.286s] -- Up-to-date: /home/jenkin/Documents/bluey/ros2_ws/install/bluey_interface/lib/python3.8/site-packages/bluey_interface/srv/_motion_s.c
[3.286s] -- Up-to-date: /home/jenkin/Documents/bluey/ros2_ws/install/bluey_interface/lib/python3.8/site-packages/bluey_interface/srv/_lights_s.c
[3.286s] -- Up-to-date: /home/jenkin/Documents/bluey/ros2_ws/install/bluey_interface/lib/python3.8/site-packages/bluey_interface/srv/_motion.py
[3.286s] -- Up-to-date: /home/jenkin/Documents/bluey/ros2_ws/install/bluey_interface/lib/python3.8/site-packages/bluey_interface/bluey_interface_s__rosidl_typesupport_fastrtps_c.cpython-38-aarch64-linux-gnu.so
[3.287s] -- Up-to-date: /home/jenkin/Documents/bluey/ros2_ws/install/bluey_interface/lib/python3.8/site-packages/bluey_interface/bluey_interface_s__rosidl_typesupport_introspection_c.cpython-38-aarch64-linux-gnu.so
[3.287s] -- Up-to-date: /home/jenkin/Documents/bluey/ros2_ws/install/bluey_interface/lib/python3.8/site-packages/bluey_interface/bluey_interface_s__rosidl_typesupport_c.cpython-38-aarch64-linux-gnu.so
[3.288s] -- Up-to-date: /home/jenkin/Documents/bluey/ros2_ws/install/bluey_interface/lib/libbluey_interface__python.so
[3.288s] -- Up-to-date: /home/jenkin/Documents/bluey/ros2_ws/install/bluey_interface/share/bluey_interface/srv/Arm.idl
[3.288s] -- Up-to-date: /home/jenkin/Documents/bluey/ros2_ws/install/bluey_interface/share/bluey_interface/srv/Lights.idl
[3.288s] -- Up-to-date: /home/jenkin/Documents/bluey/ros2_ws/install/bluey_interface/share/bluey_interface/srv/Motion.idl
[3.289s] -- Up-to-date: /home/jenkin/Documents/bluey/ros2_ws/install/bluey_interface/share/bluey_interface/srv/Arm.srv
[3.289s] -- Up-to-date: /home/jenkin/Documents/bluey/ros2_ws/install/bluey_interface/share/bluey_interface/srv/Arm_Request.msg
[3.289s] -- Up-to-date: /home/jenkin/Documents/bluey/ros2_ws/install/bluey_interface/share/bluey_interface/srv/Arm_Response.msg
[3.289s] -- Up-to-date: /home/jenkin/Documents/bluey/ros2_ws/install/bluey_interface/share/bluey_interface/srv/Lights.srv
[3.289s] -- Up-to-date: /home/jenkin/Documents/bluey/ros2_ws/install/bluey_interface/share/bluey_interface/srv/Lights_Request.msg
[3.289s] -- Up-to-date: /home/jenkin/Documents/bluey/ros2_ws/install/bluey_interface/share/bluey_interface/srv/Lights_Response.msg
[3.289s] -- Up-to-date: /home/jenkin/Documents/bluey/ros2_ws/install/bluey_interface/share/bluey_interface/srv/Motion.srv
[3.289s] -- Up-to-date: /home/jenkin/Documents/bluey/ros2_ws/install/bluey_interface/share/bluey_interface/srv/Motion_Request.msg
[3.289s] -- Up-to-date: /home/jenkin/Documents/bluey/ros2_ws/install/bluey_interface/share/bluey_interface/srv/Motion_Response.msg
[3.289s] -- Up-to-date: /home/jenkin/Documents/bluey/ros2_ws/install/bluey_interface/share/ament_index/resource_index/package_run_dependencies/bluey_interface
[3.289s] -- Up-to-date: /home/jenkin/Documents/bluey/ros2_ws/install/bluey_interface/share/ament_index/resource_index/parent_prefix_path/bluey_interface
[3.289s] -- Up-to-date: /home/jenkin/Documents/bluey/ros2_ws/install/bluey_interface/share/bluey_interface/environment/ament_prefix_path.sh
[3.289s] -- Up-to-date: /home/jenkin/Documents/bluey/ros2_ws/install/bluey_interface/share/bluey_interface/environment/ament_prefix_path.dsv
[3.289s] -- Up-to-date: /home/jenkin/Documents/bluey/ros2_ws/install/bluey_interface/share/bluey_interface/environment/path.sh
[3.289s] -- Up-to-date: /home/jenkin/Documents/bluey/ros2_ws/install/bluey_interface/share/bluey_interface/environment/path.dsv
[3.289s] -- Up-to-date: /home/jenkin/Documents/bluey/ros2_ws/install/bluey_interface/share/bluey_interface/local_setup.bash
[3.289s] -- Up-to-date: /home/jenkin/Documents/bluey/ros2_ws/install/bluey_interface/share/bluey_interface/local_setup.sh
[3.289s] -- Up-to-date: /home/jenkin/Documents/bluey/ros2_ws/install/bluey_interface/share/bluey_interface/local_setup.zsh
[3.289s] -- Up-to-date: /home/jenkin/Documents/bluey/ros2_ws/install/bluey_interface/share/bluey_interface/local_setup.dsv
[3.289s] -- Installing: /home/jenkin/Documents/bluey/ros2_ws/install/bluey_interface/share/bluey_interface/package.dsv
[3.290s] -- Up-to-date: /home/jenkin/Documents/bluey/ros2_ws/install/bluey_interface/share/ament_index/resource_index/packages/bluey_interface
[3.290s] -- Up-to-date: /home/jenkin/Documents/bluey/ros2_ws/install/bluey_interface/share/bluey_interface/cmake/bluey_interface__rosidl_generator_cExport.cmake
[3.290s] -- Up-to-date: /home/jenkin/Documents/bluey/ros2_ws/install/bluey_interface/share/bluey_interface/cmake/bluey_interface__rosidl_generator_cExport-noconfig.cmake
[3.290s] -- Up-to-date: /home/jenkin/Documents/bluey/ros2_ws/install/bluey_interface/share/bluey_interface/cmake/bluey_interface__rosidl_typesupport_introspection_cExport.cmake
[3.290s] -- Up-to-date: /home/jenkin/Documents/bluey/ros2_ws/install/bluey_interface/share/bluey_interface/cmake/bluey_interface__rosidl_typesupport_introspection_cExport-noconfig.cmake
[3.290s] -- Up-to-date: /home/jenkin/Documents/bluey/ros2_ws/install/bluey_interface/share/bluey_interface/cmake/bluey_interface__rosidl_typesupport_cExport.cmake
[3.290s] -- Up-to-date: /home/jenkin/Documents/bluey/ros2_ws/install/bluey_interface/share/bluey_interface/cmake/bluey_interface__rosidl_typesupport_cExport-noconfig.cmake
[3.291s] -- Up-to-date: /home/jenkin/Documents/bluey/ros2_ws/install/bluey_interface/share/bluey_interface/cmake/bluey_interface__rosidl_generator_cppExport.cmake
[3.291s] -- Up-to-date: /home/jenkin/Documents/bluey/ros2_ws/install/bluey_interface/share/bluey_interface/cmake/bluey_interface__rosidl_typesupport_introspection_cppExport.cmake
[3.291s] -- Up-to-date: /home/jenkin/Documents/bluey/ros2_ws/install/bluey_interface/share/bluey_interface/cmake/bluey_interface__rosidl_typesupport_introspection_cppExport-noconfig.cmake
[3.291s] -- Up-to-date: /home/jenkin/Documents/bluey/ros2_ws/install/bluey_interface/share/bluey_interface/cmake/bluey_interface__rosidl_typesupport_cppExport.cmake
[3.291s] -- Up-to-date: /home/jenkin/Documents/bluey/ros2_ws/install/bluey_interface/share/bluey_interface/cmake/bluey_interface__rosidl_typesupport_cppExport-noconfig.cmake
[3.291s] -- Up-to-date: /home/jenkin/Documents/bluey/ros2_ws/install/bluey_interface/share/bluey_interface/cmake/rosidl_cmake-extras.cmake
[3.291s] -- Up-to-date: /home/jenkin/Documents/bluey/ros2_ws/install/bluey_interface/share/bluey_interface/cmake/ament_cmake_export_dependencies-extras.cmake
[3.291s] -- Up-to-date: /home/jenkin/Documents/bluey/ros2_ws/install/bluey_interface/share/bluey_interface/cmake/ament_cmake_export_libraries-extras.cmake
[3.291s] -- Up-to-date: /home/jenkin/Documents/bluey/ros2_ws/install/bluey_interface/share/bluey_interface/cmake/ament_cmake_export_targets-extras.cmake
[3.291s] -- Up-to-date: /home/jenkin/Documents/bluey/ros2_ws/install/bluey_interface/share/bluey_interface/cmake/ament_cmake_export_include_directories-extras.cmake
[3.291s] -- Up-to-date: /home/jenkin/Documents/bluey/ros2_ws/install/bluey_interface/share/bluey_interface/cmake/rosidl_cmake_export_typesupport_libraries-extras.cmake
[3.292s] -- Up-to-date: /home/jenkin/Documents/bluey/ros2_ws/install/bluey_interface/share/bluey_interface/cmake/rosidl_cmake_export_typesupport_targets-extras.cmake
[3.292s] -- Up-to-date: /home/jenkin/Documents/bluey/ros2_ws/install/bluey_interface/share/bluey_interface/cmake/bluey_interfaceConfig.cmake
[3.292s] -- Up-to-date: /home/jenkin/Documents/bluey/ros2_ws/install/bluey_interface/share/bluey_interface/cmake/bluey_interfaceConfig-version.cmake
[3.292s] -- Up-to-date: /home/jenkin/Documents/bluey/ros2_ws/install/bluey_interface/share/bluey_interface/package.xml
[3.296s] Invoked command in '/home/jenkin/Documents/bluey/ros2_ws/build/bluey_interface' returned '0': CMAKE_PREFIX_PATH=${CMAKE_PREFIX_PATH}:/home/jenkin/Documents/bluey/ros2_ws/install/bluey_tools:/opt/ros/foxy /usr/bin/cmake --install /home/jenkin/Documents/bluey/ros2_ws/build/bluey_interface
