[0.457s] Invoking command in '/home/jenkin/Documents/Bluey2.0/ros2_ws/src/bluey_tools': PYTHONPATH=/home/jenkin/Documents/Bluey2.0/ros2_ws/build/bluey_tools/prefix_override:/home/jenkin/Documents/Bluey2.0/ros2_ws/install/bluey_tools/lib/python3.10/site-packages:${PYTHONPATH} /usr/bin/python3 setup.py egg_info --egg-base ../../build/bluey_tools build --build-base /home/jenkin/Documents/Bluey2.0/ros2_ws/build/bluey_tools/build install --record /home/jenkin/Documents/Bluey2.0/ros2_ws/build/bluey_tools/install.log --single-version-externally-managed
[0.601s] running egg_info
[0.601s] writing ../../build/bluey_tools/bluey_tools.egg-info/PKG-INFO
[0.601s] writing dependency_links to ../../build/bluey_tools/bluey_tools.egg-info/dependency_links.txt
[0.602s] writing entry points to ../../build/bluey_tools/bluey_tools.egg-info/entry_points.txt
[0.602s] writing requirements to ../../build/bluey_tools/bluey_tools.egg-info/requires.txt
[0.602s] writing top-level names to ../../build/bluey_tools/bluey_tools.egg-info/top_level.txt
[0.603s] reading manifest file '../../build/bluey_tools/bluey_tools.egg-info/SOURCES.txt'
[0.603s] writing manifest file '../../build/bluey_tools/bluey_tools.egg-info/SOURCES.txt'
[0.603s] running build
[0.603s] running build_py
[0.603s] copying bluey_tools/bluey_ui_node.py -> /home/jenkin/Documents/Bluey2.0/ros2_ws/build/bluey_tools/build/lib/bluey_tools
[0.603s] running install
[0.603s] /usr/lib/python3/dist-packages/setuptools/command/install.py:34: SetuptoolsDeprecationWarning: setup.py install is deprecated. Use build and pip and other standards-based tools.
[0.604s]   warnings.warn(
[0.604s] running install_lib
[0.604s] copying /home/jenkin/Documents/Bluey2.0/ros2_ws/build/bluey_tools/build/lib/bluey_tools/bluey_ui_node.py -> /home/jenkin/Documents/Bluey2.0/ros2_ws/install/bluey_tools/lib/python3.10/site-packages/bluey_tools
[0.604s] byte-compiling /home/jenkin/Documents/Bluey2.0/ros2_ws/install/bluey_tools/lib/python3.10/site-packages/bluey_tools/bluey_ui_node.py to bluey_ui_node.cpython-310.pyc
[0.604s]   File "/home/jenkin/Documents/Bluey2.0/ros2_ws/install/bluey_tools/lib/python3.10/site-packages/bluey_tools/bluey_ui_node.py", line 252
[0.604s]     self._up_icon = PhtoImage(file=f"{home}/up-100.png"))
[0.604s]                                                         ^
[0.604s] SyntaxError: unmatched ')'
[0.604s] 
[0.604s] running install_data
[0.605s] running install_egg_info
[0.605s] removing '/home/jenkin/Documents/Bluey2.0/ros2_ws/install/bluey_tools/lib/python3.10/site-packages/bluey_tools-0.0.1-py3.10.egg-info' (and everything under it)
[0.606s] Copying ../../build/bluey_tools/bluey_tools.egg-info to /home/jenkin/Documents/Bluey2.0/ros2_ws/install/bluey_tools/lib/python3.10/site-packages/bluey_tools-0.0.1-py3.10.egg-info
[0.606s] running install_scripts
[0.616s] Installing bluey_ctrl script to /home/jenkin/Documents/Bluey2.0/ros2_ws/install/bluey_tools/lib/bluey_tools
[0.616s] Installing bluey_ui script to /home/jenkin/Documents/Bluey2.0/ros2_ws/install/bluey_tools/lib/bluey_tools
[0.616s] Installing bluey_video script to /home/jenkin/Documents/Bluey2.0/ros2_ws/install/bluey_tools/lib/bluey_tools
[0.616s] writing list of installed files to '/home/jenkin/Documents/Bluey2.0/ros2_ws/build/bluey_tools/install.log'
[0.629s] Invoked command in '/home/jenkin/Documents/Bluey2.0/ros2_ws/src/bluey_tools' returned '0': PYTHONPATH=/home/jenkin/Documents/Bluey2.0/ros2_ws/build/bluey_tools/prefix_override:/home/jenkin/Documents/Bluey2.0/ros2_ws/install/bluey_tools/lib/python3.10/site-packages:${PYTHONPATH} /usr/bin/python3 setup.py egg_info --egg-base ../../build/bluey_tools build --build-base /home/jenkin/Documents/Bluey2.0/ros2_ws/build/bluey_tools/build install --record /home/jenkin/Documents/Bluey2.0/ros2_ws/build/bluey_tools/install.log --single-version-externally-managed
