[0.183s] DEBUG:colcon:Command line arguments: ['/usr/bin/colcon', 'build']
[0.183s] DEBUG:colcon:Parsed command line arguments: Namespace(allow_overriding=[], ament_cmake_args=None, base_paths=['.'], build_base='build', catkin_cmake_args=None, catkin_skip_building_tests=False, cmake_args=None, cmake_clean_cache=False, cmake_clean_first=False, cmake_force_configure=False, cmake_target=None, cmake_target_skip_unavailable=False, continue_on_error=False, event_handlers=None, executor='parallel', ignore_user_meta=False, install_base='install', log_base=None, log_level=None, main=<bound method BuildVerb.main of <colcon_core.verb.build.BuildVerb object at 0xffff88bd9070>>, merge_install=False, metas=['./colcon.meta'], packages_above=None, packages_above_and_dependencies=None, packages_above_depth=None, packages_end=None, packages_ignore=None, packages_ignore_regex=None, packages_select=None, packages_select_build_failed=False, packages_select_by_dep=None, packages_select_regex=None, packages_select_test_failures=False, packages_skip=None, packages_skip_build_finished=False, packages_skip_by_dep=None, packages_skip_regex=None, packages_skip_test_passed=False, packages_skip_up_to=None, packages_start=None, packages_up_to=None, packages_up_to_regex=None, parallel_workers=4, paths=None, symlink_install=False, test_result_base=None, verb_extension=<colcon_core.verb.build.BuildVerb object at 0xffff88bd9070>, verb_name='build', verb_parser=<colcon_defaults.argument_parser.defaults.DefaultArgumentsDecorator object at 0xffff88bd95b0>)
[0.199s] Level 1:colcon.colcon_core.package_discovery:discover_packages(colcon_meta) check parameters
[0.199s] Level 1:colcon.colcon_core.package_discovery:discover_packages(recursive) check parameters
[0.199s] Level 1:colcon.colcon_core.package_discovery:discover_packages(ignore) check parameters
[0.200s] Level 1:colcon.colcon_core.package_discovery:discover_packages(path) check parameters
[0.200s] Level 1:colcon.colcon_core.package_discovery:discover_packages(colcon_meta) discover
[0.200s] Level 1:colcon.colcon_core.package_discovery:discover_packages(recursive) discover
[0.200s] INFO:colcon.colcon_core.package_discovery:Crawling recursively for packages in '/home/jenkin/Documents/bluey/ros2_ws'
[0.200s] Level 1:colcon.colcon_core.package_identification:_identify(.) by extensions ['ignore', 'ignore_ament_install']
[0.200s] Level 1:colcon.colcon_core.package_identification:_identify(.) by extension 'ignore'
[0.200s] Level 1:colcon.colcon_core.package_identification:_identify(.) by extension 'ignore_ament_install'
[0.200s] Level 1:colcon.colcon_core.package_identification:_identify(.) by extensions ['colcon_pkg']
[0.200s] Level 1:colcon.colcon_core.package_identification:_identify(.) by extension 'colcon_pkg'
[0.200s] Level 1:colcon.colcon_core.package_identification:_identify(.) by extensions ['colcon_meta']
[0.200s] Level 1:colcon.colcon_core.package_identification:_identify(.) by extension 'colcon_meta'
[0.200s] Level 1:colcon.colcon_core.package_identification:_identify(.) by extensions ['ros']
[0.200s] Level 1:colcon.colcon_core.package_identification:_identify(.) by extension 'ros'
[0.211s] Level 1:colcon.colcon_core.package_identification:_identify(.) by extensions ['cmake', 'python']
[0.211s] Level 1:colcon.colcon_core.package_identification:_identify(.) by extension 'cmake'
[0.211s] Level 1:colcon.colcon_core.package_identification:_identify(.) by extension 'python'
[0.211s] Level 1:colcon.colcon_core.package_identification:_identify(.) by extensions ['python_setup_py']
[0.212s] Level 1:colcon.colcon_core.package_identification:_identify(.) by extension 'python_setup_py'
[0.212s] Level 1:colcon.colcon_core.package_identification:_identify(build) by extensions ['ignore', 'ignore_ament_install']
[0.212s] Level 1:colcon.colcon_core.package_identification:_identify(build) by extension 'ignore'
[0.212s] Level 1:colcon.colcon_core.package_identification:_identify(build) ignored
[0.212s] Level 1:colcon.colcon_core.package_identification:_identify(install) by extensions ['ignore', 'ignore_ament_install']
[0.212s] Level 1:colcon.colcon_core.package_identification:_identify(install) by extension 'ignore'
[0.212s] Level 1:colcon.colcon_core.package_identification:_identify(install) ignored
[0.212s] Level 1:colcon.colcon_core.package_identification:_identify(log) by extensions ['ignore', 'ignore_ament_install']
[0.212s] Level 1:colcon.colcon_core.package_identification:_identify(log) by extension 'ignore'
[0.212s] Level 1:colcon.colcon_core.package_identification:_identify(log) ignored
[0.212s] Level 1:colcon.colcon_core.package_identification:_identify(src) by extensions ['ignore', 'ignore_ament_install']
[0.212s] Level 1:colcon.colcon_core.package_identification:_identify(src) by extension 'ignore'
[0.212s] Level 1:colcon.colcon_core.package_identification:_identify(src) by extension 'ignore_ament_install'
[0.212s] Level 1:colcon.colcon_core.package_identification:_identify(src) by extensions ['colcon_pkg']
[0.212s] Level 1:colcon.colcon_core.package_identification:_identify(src) by extension 'colcon_pkg'
[0.212s] Level 1:colcon.colcon_core.package_identification:_identify(src) by extensions ['colcon_meta']
[0.212s] Level 1:colcon.colcon_core.package_identification:_identify(src) by extension 'colcon_meta'
[0.212s] Level 1:colcon.colcon_core.package_identification:_identify(src) by extensions ['ros']
[0.212s] Level 1:colcon.colcon_core.package_identification:_identify(src) by extension 'ros'
[0.212s] Level 1:colcon.colcon_core.package_identification:_identify(src) by extensions ['cmake', 'python']
[0.212s] Level 1:colcon.colcon_core.package_identification:_identify(src) by extension 'cmake'
[0.212s] Level 1:colcon.colcon_core.package_identification:_identify(src) by extension 'python'
[0.212s] Level 1:colcon.colcon_core.package_identification:_identify(src) by extensions ['python_setup_py']
[0.212s] Level 1:colcon.colcon_core.package_identification:_identify(src) by extension 'python_setup_py'
[0.213s] Level 1:colcon.colcon_core.package_identification:_identify(src/bluey_interface) by extensions ['ignore', 'ignore_ament_install']
[0.213s] Level 1:colcon.colcon_core.package_identification:_identify(src/bluey_interface) by extension 'ignore'
[0.213s] Level 1:colcon.colcon_core.package_identification:_identify(src/bluey_interface) by extension 'ignore_ament_install'
[0.213s] Level 1:colcon.colcon_core.package_identification:_identify(src/bluey_interface) by extensions ['colcon_pkg']
[0.213s] Level 1:colcon.colcon_core.package_identification:_identify(src/bluey_interface) by extension 'colcon_pkg'
[0.213s] Level 1:colcon.colcon_core.package_identification:_identify(src/bluey_interface) by extensions ['colcon_meta']
[0.213s] Level 1:colcon.colcon_core.package_identification:_identify(src/bluey_interface) by extension 'colcon_meta'
[0.213s] Level 1:colcon.colcon_core.package_identification:_identify(src/bluey_interface) by extensions ['ros']
[0.213s] Level 1:colcon.colcon_core.package_identification:_identify(src/bluey_interface) by extension 'ros'
[0.214s] DEBUG:colcon.colcon_core.package_identification:Package 'src/bluey_interface' with type 'ros.ament_cmake' and name 'bluey_interface'
[0.214s] Level 1:colcon.colcon_core.package_identification:_identify(src/bluey_tools) by extensions ['ignore', 'ignore_ament_install']
[0.214s] Level 1:colcon.colcon_core.package_identification:_identify(src/bluey_tools) by extension 'ignore'
[0.214s] Level 1:colcon.colcon_core.package_identification:_identify(src/bluey_tools) by extension 'ignore_ament_install'
[0.214s] Level 1:colcon.colcon_core.package_identification:_identify(src/bluey_tools) by extensions ['colcon_pkg']
[0.214s] Level 1:colcon.colcon_core.package_identification:_identify(src/bluey_tools) by extension 'colcon_pkg'
[0.215s] Level 1:colcon.colcon_core.package_identification:_identify(src/bluey_tools) by extensions ['colcon_meta']
[0.215s] Level 1:colcon.colcon_core.package_identification:_identify(src/bluey_tools) by extension 'colcon_meta'
[0.215s] Level 1:colcon.colcon_core.package_identification:_identify(src/bluey_tools) by extensions ['ros']
[0.215s] Level 1:colcon.colcon_core.package_identification:_identify(src/bluey_tools) by extension 'ros'
[0.215s] DEBUG:colcon.colcon_core.package_identification:Package 'src/bluey_tools' with type 'ros.ament_python' and name 'bluey_tools'
[0.215s] Level 1:colcon.colcon_core.package_discovery:discover_packages(recursive) using defaults
[0.215s] Level 1:colcon.colcon_core.package_discovery:discover_packages(ignore) discover
[0.215s] Level 1:colcon.colcon_core.package_discovery:discover_packages(ignore) using defaults
[0.215s] Level 1:colcon.colcon_core.package_discovery:discover_packages(path) discover
[0.215s] Level 1:colcon.colcon_core.package_discovery:discover_packages(path) using defaults
[0.228s] Level 1:colcon.colcon_core.package_discovery:discover_packages(prefix_path) check parameters
[0.228s] Level 1:colcon.colcon_core.package_discovery:discover_packages(prefix_path) discover
[0.230s] DEBUG:colcon.colcon_installed_package_information.package_discovery:Found 4 installed packages in /home/jenkin/Documents/airchair/chair_ws/install
[0.230s] DEBUG:colcon.colcon_installed_package_information.package_discovery:Found 2 installed packages in /home/jenkin/Documents/bluey/ros2_ws/install
[0.232s] DEBUG:colcon.colcon_installed_package_information.package_discovery:Found 270 installed packages in /opt/ros/foxy
[0.232s] Level 1:colcon.colcon_core.package_discovery:discover_packages(prefix_path) using defaults
[0.265s] Level 5:colcon.colcon_core.verb:set package 'bluey_interface' build argument 'cmake_args' from command line to 'None'
[0.265s] Level 5:colcon.colcon_core.verb:set package 'bluey_interface' build argument 'cmake_target' from command line to 'None'
[0.265s] Level 5:colcon.colcon_core.verb:set package 'bluey_interface' build argument 'cmake_target_skip_unavailable' from command line to 'False'
[0.265s] Level 5:colcon.colcon_core.verb:set package 'bluey_interface' build argument 'cmake_clean_cache' from command line to 'False'
[0.265s] Level 5:colcon.colcon_core.verb:set package 'bluey_interface' build argument 'cmake_clean_first' from command line to 'False'
[0.265s] Level 5:colcon.colcon_core.verb:set package 'bluey_interface' build argument 'cmake_force_configure' from command line to 'False'
[0.265s] Level 5:colcon.colcon_core.verb:set package 'bluey_interface' build argument 'ament_cmake_args' from command line to 'None'
[0.265s] Level 5:colcon.colcon_core.verb:set package 'bluey_interface' build argument 'catkin_cmake_args' from command line to 'None'
[0.265s] Level 5:colcon.colcon_core.verb:set package 'bluey_interface' build argument 'catkin_skip_building_tests' from command line to 'False'
[0.266s] DEBUG:colcon.colcon_core.verb:Building package 'bluey_interface' with the following arguments: {'ament_cmake_args': None, 'build_base': '/home/jenkin/Documents/bluey/ros2_ws/build/bluey_interface', 'catkin_cmake_args': None, 'catkin_skip_building_tests': False, 'cmake_args': None, 'cmake_clean_cache': False, 'cmake_clean_first': False, 'cmake_force_configure': False, 'cmake_target': None, 'cmake_target_skip_unavailable': False, 'install_base': '/home/jenkin/Documents/bluey/ros2_ws/install/bluey_interface', 'merge_install': False, 'path': '/home/jenkin/Documents/bluey/ros2_ws/src/bluey_interface', 'symlink_install': False, 'test_result_base': None}
[0.266s] Level 5:colcon.colcon_core.verb:set package 'bluey_tools' build argument 'cmake_args' from command line to 'None'
[0.266s] Level 5:colcon.colcon_core.verb:set package 'bluey_tools' build argument 'cmake_target' from command line to 'None'
[0.266s] Level 5:colcon.colcon_core.verb:set package 'bluey_tools' build argument 'cmake_target_skip_unavailable' from command line to 'False'
[0.266s] Level 5:colcon.colcon_core.verb:set package 'bluey_tools' build argument 'cmake_clean_cache' from command line to 'False'
[0.266s] Level 5:colcon.colcon_core.verb:set package 'bluey_tools' build argument 'cmake_clean_first' from command line to 'False'
[0.266s] Level 5:colcon.colcon_core.verb:set package 'bluey_tools' build argument 'cmake_force_configure' from command line to 'False'
[0.266s] Level 5:colcon.colcon_core.verb:set package 'bluey_tools' build argument 'ament_cmake_args' from command line to 'None'
[0.266s] Level 5:colcon.colcon_core.verb:set package 'bluey_tools' build argument 'catkin_cmake_args' from command line to 'None'
[0.266s] Level 5:colcon.colcon_core.verb:set package 'bluey_tools' build argument 'catkin_skip_building_tests' from command line to 'False'
[0.266s] DEBUG:colcon.colcon_core.verb:Building package 'bluey_tools' with the following arguments: {'ament_cmake_args': None, 'build_base': '/home/jenkin/Documents/bluey/ros2_ws/build/bluey_tools', 'catkin_cmake_args': None, 'catkin_skip_building_tests': False, 'cmake_args': None, 'cmake_clean_cache': False, 'cmake_clean_first': False, 'cmake_force_configure': False, 'cmake_target': None, 'cmake_target_skip_unavailable': False, 'install_base': '/home/jenkin/Documents/bluey/ros2_ws/install/bluey_tools', 'merge_install': False, 'path': '/home/jenkin/Documents/bluey/ros2_ws/src/bluey_tools', 'symlink_install': False, 'test_result_base': None}
[0.266s] INFO:colcon.colcon_core.executor:Executing jobs using 'parallel' executor
[0.268s] DEBUG:colcon.colcon_parallel_executor.executor.parallel:run_until_complete
[0.269s] INFO:colcon.colcon_ros.task.ament_cmake.build:Building ROS package in '/home/jenkin/Documents/bluey/ros2_ws/src/bluey_interface' with build type 'ament_cmake'
[0.269s] INFO:colcon.colcon_cmake.task.cmake.build:Building CMake package in '/home/jenkin/Documents/bluey/ros2_ws/src/bluey_interface'
[0.271s] INFO:colcon.colcon_core.plugin_system:Skipping extension 'colcon_core.shell.bat': Not used on non-Windows systems
[0.271s] INFO:colcon.colcon_core.shell:Skip shell extension 'powershell' for command environment: Not usable outside of PowerShell
[0.271s] DEBUG:colcon.colcon_core.shell:Skip shell extension 'dsv' for command environment
[0.276s] INFO:colcon.colcon_ros.task.ament_python.build:Building ROS package in '/home/jenkin/Documents/bluey/ros2_ws/src/bluey_tools' with build type 'ament_python'
[0.276s] Level 1:colcon.colcon_core.shell:create_environment_hook('bluey_tools', 'ament_prefix_path')
[0.277s] INFO:colcon.colcon_core.shell:Creating environment hook '/home/jenkin/Documents/bluey/ros2_ws/install/bluey_tools/share/bluey_tools/hook/ament_prefix_path.ps1'
[0.278s] INFO:colcon.colcon_core.shell:Creating environment descriptor '/home/jenkin/Documents/bluey/ros2_ws/install/bluey_tools/share/bluey_tools/hook/ament_prefix_path.dsv'
[0.279s] INFO:colcon.colcon_core.shell:Creating environment hook '/home/jenkin/Documents/bluey/ros2_ws/install/bluey_tools/share/bluey_tools/hook/ament_prefix_path.sh'
[0.280s] INFO:colcon.colcon_core.shell:Skip shell extension 'powershell' for command environment: Not usable outside of PowerShell
[0.280s] DEBUG:colcon.colcon_core.shell:Skip shell extension 'dsv' for command environment
[0.345s] DEBUG:colcon.colcon_core.event_handler.log_command:Invoking command in '/home/jenkin/Documents/bluey/ros2_ws/build/bluey_interface': CMAKE_PREFIX_PATH=${CMAKE_PREFIX_PATH}:/home/jenkin/Documents/airchair/chair_ws/install/chair_pose:/home/jenkin/Documents/airchair/chair_ws/install/chair_openpose:/home/jenkin/Documents/airchair/chair_ws/install/chair:/home/jenkin/Documents/bluey/ros2_ws/install/bluey_tools:/opt/ros/foxy /usr/bin/cmake --build /home/jenkin/Documents/bluey/ros2_ws/build/bluey_interface -- -j4 -l4
[0.546s] INFO:colcon.colcon_core.task.python.build:Building Python package in '/home/jenkin/Documents/bluey/ros2_ws/src/bluey_tools'
[0.548s] INFO:colcon.colcon_core.shell:Skip shell extension 'powershell' for command environment: Not usable outside of PowerShell
[0.548s] DEBUG:colcon.colcon_core.shell:Skip shell extension 'dsv' for command environment
[0.947s] DEBUG:colcon.colcon_core.event_handler.log_command:Invoking command in '/home/jenkin/Documents/bluey/ros2_ws/src/bluey_tools': PYTHONPATH=/home/jenkin/Documents/bluey/ros2_ws/build/bluey_tools/prefix_override:/home/jenkin/Documents/bluey/ros2_ws/install/bluey_tools/lib/python3.8/site-packages:${PYTHONPATH} /usr/bin/python3 setup.py egg_info --egg-base ../../build/bluey_tools build --build-base /home/jenkin/Documents/bluey/ros2_ws/build/bluey_tools/build install --record /home/jenkin/Documents/bluey/ros2_ws/build/bluey_tools/install.log --install-scripts $base/lib/bluey_tools --single-version-externally-managed
[1.173s] DEBUG:colcon.colcon_core.event_handler.log_command:Invoked command in '/home/jenkin/Documents/bluey/ros2_ws/src/bluey_tools' returned '0': PYTHONPATH=/home/jenkin/Documents/bluey/ros2_ws/build/bluey_tools/prefix_override:/home/jenkin/Documents/bluey/ros2_ws/install/bluey_tools/lib/python3.8/site-packages:${PYTHONPATH} /usr/bin/python3 setup.py egg_info --egg-base ../../build/bluey_tools build --build-base /home/jenkin/Documents/bluey/ros2_ws/build/bluey_tools/build install --record /home/jenkin/Documents/bluey/ros2_ws/build/bluey_tools/install.log --install-scripts $base/lib/bluey_tools --single-version-externally-managed
[1.178s] Level 1:colcon.colcon_core.environment:checking '/home/jenkin/Documents/bluey/ros2_ws/install/bluey_tools' for CMake module files
[1.179s] Level 1:colcon.colcon_core.environment:checking '/home/jenkin/Documents/bluey/ros2_ws/install/bluey_tools' for CMake config files
[1.179s] Level 1:colcon.colcon_core.environment:checking '/home/jenkin/Documents/bluey/ros2_ws/install/bluey_tools/lib'
[1.179s] Level 1:colcon.colcon_core.environment:checking '/home/jenkin/Documents/bluey/ros2_ws/install/bluey_tools/bin'
[1.179s] Level 1:colcon.colcon_core.environment:checking '/home/jenkin/Documents/bluey/ros2_ws/install/bluey_tools/lib/pkgconfig/bluey_tools.pc'
[1.180s] Level 1:colcon.colcon_core.environment:checking '/home/jenkin/Documents/bluey/ros2_ws/install/bluey_tools/lib/python3.8/site-packages'
[1.180s] Level 1:colcon.colcon_core.shell:create_environment_hook('bluey_tools', 'pythonpath')
[1.181s] INFO:colcon.colcon_core.shell:Creating environment hook '/home/jenkin/Documents/bluey/ros2_ws/install/bluey_tools/share/bluey_tools/hook/pythonpath.ps1'
[1.181s] INFO:colcon.colcon_core.shell:Creating environment descriptor '/home/jenkin/Documents/bluey/ros2_ws/install/bluey_tools/share/bluey_tools/hook/pythonpath.dsv'
[1.181s] INFO:colcon.colcon_core.shell:Creating environment hook '/home/jenkin/Documents/bluey/ros2_ws/install/bluey_tools/share/bluey_tools/hook/pythonpath.sh'
[1.182s] Level 1:colcon.colcon_core.environment:checking '/home/jenkin/Documents/bluey/ros2_ws/install/bluey_tools/bin'
[1.182s] Level 1:colcon.colcon_core.environment:create_environment_scripts_only(bluey_tools)
[1.182s] INFO:colcon.colcon_core.shell:Creating package script '/home/jenkin/Documents/bluey/ros2_ws/install/bluey_tools/share/bluey_tools/package.ps1'
[1.183s] INFO:colcon.colcon_core.shell:Creating package descriptor '/home/jenkin/Documents/bluey/ros2_ws/install/bluey_tools/share/bluey_tools/package.dsv'
[1.183s] INFO:colcon.colcon_core.shell:Creating package script '/home/jenkin/Documents/bluey/ros2_ws/install/bluey_tools/share/bluey_tools/package.sh'
[1.184s] INFO:colcon.colcon_core.shell:Creating package script '/home/jenkin/Documents/bluey/ros2_ws/install/bluey_tools/share/bluey_tools/package.bash'
[1.184s] INFO:colcon.colcon_core.shell:Creating package script '/home/jenkin/Documents/bluey/ros2_ws/install/bluey_tools/share/bluey_tools/package.zsh'
[1.185s] Level 1:colcon.colcon_core.environment:create_file_with_runtime_dependencies(/home/jenkin/Documents/bluey/ros2_ws/install/bluey_tools/share/colcon-core/packages/bluey_tools)
[1.648s] DEBUG:colcon.colcon_core.event_handler.log_command:Invoked command in '/home/jenkin/Documents/bluey/ros2_ws/build/bluey_interface' returned '0': CMAKE_PREFIX_PATH=${CMAKE_PREFIX_PATH}:/home/jenkin/Documents/airchair/chair_ws/install/chair_pose:/home/jenkin/Documents/airchair/chair_ws/install/chair_openpose:/home/jenkin/Documents/airchair/chair_ws/install/chair:/home/jenkin/Documents/bluey/ros2_ws/install/bluey_tools:/opt/ros/foxy /usr/bin/cmake --build /home/jenkin/Documents/bluey/ros2_ws/build/bluey_interface -- -j4 -l4
[4.246s] DEBUG:colcon.colcon_core.event_handler.log_command:Invoking command in '/home/jenkin/Documents/bluey/ros2_ws/build/bluey_interface': CMAKE_PREFIX_PATH=${CMAKE_PREFIX_PATH}:/home/jenkin/Documents/airchair/chair_ws/install/chair_pose:/home/jenkin/Documents/airchair/chair_ws/install/chair_openpose:/home/jenkin/Documents/airchair/chair_ws/install/chair:/home/jenkin/Documents/bluey/ros2_ws/install/bluey_tools:/opt/ros/foxy /usr/bin/cmake --install /home/jenkin/Documents/bluey/ros2_ws/build/bluey_interface
[4.328s] Level 1:colcon.colcon_core.environment:create_environment_scripts_only(bluey_interface)
[4.330s] Level 1:colcon.colcon_core.environment:checking '/home/jenkin/Documents/bluey/ros2_ws/install/bluey_interface' for CMake module files
[4.330s] DEBUG:colcon.colcon_core.event_handler.log_command:Invoked command in '/home/jenkin/Documents/bluey/ros2_ws/build/bluey_interface' returned '0': CMAKE_PREFIX_PATH=${CMAKE_PREFIX_PATH}:/home/jenkin/Documents/airchair/chair_ws/install/chair_pose:/home/jenkin/Documents/airchair/chair_ws/install/chair_openpose:/home/jenkin/Documents/airchair/chair_ws/install/chair:/home/jenkin/Documents/bluey/ros2_ws/install/bluey_tools:/opt/ros/foxy /usr/bin/cmake --install /home/jenkin/Documents/bluey/ros2_ws/build/bluey_interface
[4.330s] Level 1:colcon.colcon_core.environment:checking '/home/jenkin/Documents/bluey/ros2_ws/install/bluey_interface' for CMake config files
[4.331s] Level 1:colcon.colcon_core.shell:create_environment_hook('bluey_interface', 'cmake_prefix_path')
[4.332s] INFO:colcon.colcon_core.shell:Creating environment hook '/home/jenkin/Documents/bluey/ros2_ws/install/bluey_interface/share/bluey_interface/hook/cmake_prefix_path.ps1'
[4.332s] INFO:colcon.colcon_core.shell:Creating environment descriptor '/home/jenkin/Documents/bluey/ros2_ws/install/bluey_interface/share/bluey_interface/hook/cmake_prefix_path.dsv'
[4.332s] INFO:colcon.colcon_core.shell:Creating environment hook '/home/jenkin/Documents/bluey/ros2_ws/install/bluey_interface/share/bluey_interface/hook/cmake_prefix_path.sh'
[4.333s] Level 1:colcon.colcon_core.environment:checking '/home/jenkin/Documents/bluey/ros2_ws/install/bluey_interface/lib'
[4.333s] Level 1:colcon.colcon_core.shell:create_environment_hook('bluey_interface', 'ld_library_path_lib')
[4.334s] INFO:colcon.colcon_core.shell:Creating environment hook '/home/jenkin/Documents/bluey/ros2_ws/install/bluey_interface/share/bluey_interface/hook/ld_library_path_lib.ps1'
[4.334s] INFO:colcon.colcon_core.shell:Creating environment descriptor '/home/jenkin/Documents/bluey/ros2_ws/install/bluey_interface/share/bluey_interface/hook/ld_library_path_lib.dsv'
[4.335s] INFO:colcon.colcon_core.shell:Creating environment hook '/home/jenkin/Documents/bluey/ros2_ws/install/bluey_interface/share/bluey_interface/hook/ld_library_path_lib.sh'
[4.335s] Level 1:colcon.colcon_core.environment:checking '/home/jenkin/Documents/bluey/ros2_ws/install/bluey_interface/bin'
[4.335s] Level 1:colcon.colcon_core.environment:checking '/home/jenkin/Documents/bluey/ros2_ws/install/bluey_interface/lib/pkgconfig/bluey_interface.pc'
[4.335s] Level 1:colcon.colcon_core.environment:checking '/home/jenkin/Documents/bluey/ros2_ws/install/bluey_interface/lib/python3.8/site-packages'
[4.335s] Level 1:colcon.colcon_core.shell:create_environment_hook('bluey_interface', 'pythonpath')
[4.336s] INFO:colcon.colcon_core.shell:Creating environment hook '/home/jenkin/Documents/bluey/ros2_ws/install/bluey_interface/share/bluey_interface/hook/pythonpath.ps1'
[4.337s] INFO:colcon.colcon_core.shell:Creating environment descriptor '/home/jenkin/Documents/bluey/ros2_ws/install/bluey_interface/share/bluey_interface/hook/pythonpath.dsv'
[4.337s] INFO:colcon.colcon_core.shell:Creating environment hook '/home/jenkin/Documents/bluey/ros2_ws/install/bluey_interface/share/bluey_interface/hook/pythonpath.sh'
[4.337s] Level 1:colcon.colcon_core.environment:checking '/home/jenkin/Documents/bluey/ros2_ws/install/bluey_interface/bin'
[4.338s] INFO:colcon.colcon_core.shell:Creating package script '/home/jenkin/Documents/bluey/ros2_ws/install/bluey_interface/share/bluey_interface/package.ps1'
[4.338s] INFO:colcon.colcon_core.shell:Creating package descriptor '/home/jenkin/Documents/bluey/ros2_ws/install/bluey_interface/share/bluey_interface/package.dsv'
[4.339s] INFO:colcon.colcon_core.shell:Creating package script '/home/jenkin/Documents/bluey/ros2_ws/install/bluey_interface/share/bluey_interface/package.sh'
[4.339s] INFO:colcon.colcon_core.shell:Creating package script '/home/jenkin/Documents/bluey/ros2_ws/install/bluey_interface/share/bluey_interface/package.bash'
[4.339s] INFO:colcon.colcon_core.shell:Creating package script '/home/jenkin/Documents/bluey/ros2_ws/install/bluey_interface/share/bluey_interface/package.zsh'
[4.339s] Level 1:colcon.colcon_core.environment:create_file_with_runtime_dependencies(/home/jenkin/Documents/bluey/ros2_ws/install/bluey_interface/share/colcon-core/packages/bluey_interface)
[6.889s] Level 1:colcon.colcon_core.environment:create_environment_scripts_only(bluey_interface)
[6.890s] Level 1:colcon.colcon_core.environment:checking '/home/jenkin/Documents/bluey/ros2_ws/install/bluey_interface' for CMake module files
[6.891s] Level 1:colcon.colcon_core.environment:checking '/home/jenkin/Documents/bluey/ros2_ws/install/bluey_interface' for CMake config files
[6.891s] Level 1:colcon.colcon_core.shell:create_environment_hook('bluey_interface', 'cmake_prefix_path')
[6.891s] INFO:colcon.colcon_core.shell:Creating environment hook '/home/jenkin/Documents/bluey/ros2_ws/install/bluey_interface/share/bluey_interface/hook/cmake_prefix_path.ps1'
[6.892s] INFO:colcon.colcon_core.shell:Creating environment descriptor '/home/jenkin/Documents/bluey/ros2_ws/install/bluey_interface/share/bluey_interface/hook/cmake_prefix_path.dsv'
[6.892s] INFO:colcon.colcon_core.shell:Creating environment hook '/home/jenkin/Documents/bluey/ros2_ws/install/bluey_interface/share/bluey_interface/hook/cmake_prefix_path.sh'
[6.892s] Level 1:colcon.colcon_core.environment:checking '/home/jenkin/Documents/bluey/ros2_ws/install/bluey_interface/lib'
[6.893s] Level 1:colcon.colcon_core.shell:create_environment_hook('bluey_interface', 'ld_library_path_lib')
[6.893s] INFO:colcon.colcon_core.shell:Creating environment hook '/home/jenkin/Documents/bluey/ros2_ws/install/bluey_interface/share/bluey_interface/hook/ld_library_path_lib.ps1'
[6.893s] INFO:colcon.colcon_core.shell:Creating environment descriptor '/home/jenkin/Documents/bluey/ros2_ws/install/bluey_interface/share/bluey_interface/hook/ld_library_path_lib.dsv'
[6.893s] INFO:colcon.colcon_core.shell:Creating environment hook '/home/jenkin/Documents/bluey/ros2_ws/install/bluey_interface/share/bluey_interface/hook/ld_library_path_lib.sh'
[6.894s] Level 1:colcon.colcon_core.environment:checking '/home/jenkin/Documents/bluey/ros2_ws/install/bluey_interface/bin'
[6.894s] Level 1:colcon.colcon_core.environment:checking '/home/jenkin/Documents/bluey/ros2_ws/install/bluey_interface/lib/pkgconfig/bluey_interface.pc'
[6.894s] Level 1:colcon.colcon_core.environment:checking '/home/jenkin/Documents/bluey/ros2_ws/install/bluey_interface/lib/python3.8/site-packages'
[6.894s] Level 1:colcon.colcon_core.shell:create_environment_hook('bluey_interface', 'pythonpath')
[6.894s] INFO:colcon.colcon_core.shell:Creating environment hook '/home/jenkin/Documents/bluey/ros2_ws/install/bluey_interface/share/bluey_interface/hook/pythonpath.ps1'
[6.895s] INFO:colcon.colcon_core.shell:Creating environment descriptor '/home/jenkin/Documents/bluey/ros2_ws/install/bluey_interface/share/bluey_interface/hook/pythonpath.dsv'
[6.895s] INFO:colcon.colcon_core.shell:Creating environment hook '/home/jenkin/Documents/bluey/ros2_ws/install/bluey_interface/share/bluey_interface/hook/pythonpath.sh'
[6.895s] Level 1:colcon.colcon_core.environment:checking '/home/jenkin/Documents/bluey/ros2_ws/install/bluey_interface/bin'
[6.896s] INFO:colcon.colcon_core.shell:Creating package script '/home/jenkin/Documents/bluey/ros2_ws/install/bluey_interface/share/bluey_interface/package.ps1'
[6.896s] INFO:colcon.colcon_core.shell:Creating package descriptor '/home/jenkin/Documents/bluey/ros2_ws/install/bluey_interface/share/bluey_interface/package.dsv'
[6.897s] INFO:colcon.colcon_core.shell:Creating package script '/home/jenkin/Documents/bluey/ros2_ws/install/bluey_interface/share/bluey_interface/package.sh'
[6.897s] INFO:colcon.colcon_core.shell:Creating package script '/home/jenkin/Documents/bluey/ros2_ws/install/bluey_interface/share/bluey_interface/package.bash'
[6.897s] INFO:colcon.colcon_core.shell:Creating package script '/home/jenkin/Documents/bluey/ros2_ws/install/bluey_interface/share/bluey_interface/package.zsh'
[6.897s] Level 1:colcon.colcon_core.environment:create_file_with_runtime_dependencies(/home/jenkin/Documents/bluey/ros2_ws/install/bluey_interface/share/colcon-core/packages/bluey_interface)
[6.898s] DEBUG:colcon.colcon_parallel_executor.executor.parallel:closing loop
[6.898s] DEBUG:colcon.colcon_parallel_executor.executor.parallel:loop closed
[6.898s] DEBUG:colcon.colcon_parallel_executor.executor.parallel:run_until_complete finished with '0'
[6.899s] DEBUG:colcon.colcon_core.event_reactor:joining thread
[6.904s] INFO:colcon.colcon_core.plugin_system:Skipping extension 'colcon_notification.desktop_notification.terminal_notifier': Not used on non-Darwin systems
[6.904s] INFO:colcon.colcon_core.plugin_system:Skipping extension 'colcon_notification.desktop_notification.win32': Not used on non-Windows systems
[6.904s] INFO:colcon.colcon_notification.desktop_notification:Sending desktop notification using 'notify2'
[6.915s] DEBUG:colcon.colcon_core.event_reactor:joined thread
[6.916s] INFO:colcon.colcon_core.shell:Creating prefix script '/home/jenkin/Documents/bluey/ros2_ws/install/local_setup.ps1'
[6.917s] INFO:colcon.colcon_core.shell:Creating prefix util module '/home/jenkin/Documents/bluey/ros2_ws/install/_local_setup_util_ps1.py'
[6.918s] INFO:colcon.colcon_core.shell:Creating prefix chain script '/home/jenkin/Documents/bluey/ros2_ws/install/setup.ps1'
[6.919s] INFO:colcon.colcon_core.shell:Creating prefix script '/home/jenkin/Documents/bluey/ros2_ws/install/local_setup.sh'
[6.920s] INFO:colcon.colcon_core.shell:Creating prefix util module '/home/jenkin/Documents/bluey/ros2_ws/install/_local_setup_util_sh.py'
[6.920s] INFO:colcon.colcon_core.shell:Creating prefix chain script '/home/jenkin/Documents/bluey/ros2_ws/install/setup.sh'
[6.923s] INFO:colcon.colcon_core.shell:Creating prefix script '/home/jenkin/Documents/bluey/ros2_ws/install/local_setup.bash'
[6.924s] INFO:colcon.colcon_core.shell:Creating prefix chain script '/home/jenkin/Documents/bluey/ros2_ws/install/setup.bash'
[6.925s] INFO:colcon.colcon_core.shell:Creating prefix script '/home/jenkin/Documents/bluey/ros2_ws/install/local_setup.zsh'
[6.925s] INFO:colcon.colcon_core.shell:Creating prefix chain script '/home/jenkin/Documents/bluey/ros2_ws/install/setup.zsh'
