running egg_info
creating ../../build/bluey_tools/bluey_tools.egg-info
writing ../../build/bluey_tools/bluey_tools.egg-info/PKG-INFO
writing dependency_links to ../../build/bluey_tools/bluey_tools.egg-info/dependency_links.txt
writing entry points to ../../build/bluey_tools/bluey_tools.egg-info/entry_points.txt
writing requirements to ../../build/bluey_tools/bluey_tools.egg-info/requires.txt
writing top-level names to ../../build/bluey_tools/bluey_tools.egg-info/top_level.txt
writing manifest file '../../build/bluey_tools/bluey_tools.egg-info/SOURCES.txt'
reading manifest file '../../build/bluey_tools/bluey_tools.egg-info/SOURCES.txt'
writing manifest file '../../build/bluey_tools/bluey_tools.egg-info/SOURCES.txt'
running build
running build_py
creating /home/jenkin/Documents/bluey/ros2_ws/build/bluey_tools/build
creating /home/jenkin/Documents/bluey/ros2_ws/build/bluey_tools/build/lib
creating /home/jenkin/Documents/bluey/ros2_ws/build/bluey_tools/build/lib/bluey_tools
copying bluey_tools/__init__.py -> /home/jenkin/Documents/bluey/ros2_ws/build/bluey_tools/build/lib/bluey_tools
copying bluey_tools/video.py -> /home/jenkin/Documents/bluey/ros2_ws/build/bluey_tools/build/lib/bluey_tools
copying bluey_tools/bluey_video_node.py -> /home/jenkin/Documents/bluey/ros2_ws/build/bluey_tools/build/lib/bluey_tools
copying bluey_tools/bluey_ctrl_node.py -> /home/jenkin/Documents/bluey/ros2_ws/build/bluey_tools/build/lib/bluey_tools
running install
running install_lib
creating /home/jenkin/Documents/bluey/ros2_ws/install/bluey_tools/lib/python3.8/site-packages/bluey_tools
copying /home/jenkin/Documents/bluey/ros2_ws/build/bluey_tools/build/lib/bluey_tools/__init__.py -> /home/jenkin/Documents/bluey/ros2_ws/install/bluey_tools/lib/python3.8/site-packages/bluey_tools
copying /home/jenkin/Documents/bluey/ros2_ws/build/bluey_tools/build/lib/bluey_tools/video.py -> /home/jenkin/Documents/bluey/ros2_ws/install/bluey_tools/lib/python3.8/site-packages/bluey_tools
copying /home/jenkin/Documents/bluey/ros2_ws/build/bluey_tools/build/lib/bluey_tools/bluey_video_node.py -> /home/jenkin/Documents/bluey/ros2_ws/install/bluey_tools/lib/python3.8/site-packages/bluey_tools
copying /home/jenkin/Documents/bluey/ros2_ws/build/bluey_tools/build/lib/bluey_tools/bluey_ctrl_node.py -> /home/jenkin/Documents/bluey/ros2_ws/install/bluey_tools/lib/python3.8/site-packages/bluey_tools
byte-compiling /home/jenkin/Documents/bluey/ros2_ws/install/bluey_tools/lib/python3.8/site-packages/bluey_tools/__init__.py to __init__.cpython-38.pyc
byte-compiling /home/jenkin/Documents/bluey/ros2_ws/install/bluey_tools/lib/python3.8/site-packages/bluey_tools/video.py to video.cpython-38.pyc
byte-compiling /home/jenkin/Documents/bluey/ros2_ws/install/bluey_tools/lib/python3.8/site-packages/bluey_tools/bluey_video_node.py to bluey_video_node.cpython-38.pyc
byte-compiling /home/jenkin/Documents/bluey/ros2_ws/install/bluey_tools/lib/python3.8/site-packages/bluey_tools/bluey_ctrl_node.py to bluey_ctrl_node.cpython-38.pyc
running install_data
creating /home/jenkin/Documents/bluey/ros2_ws/install/bluey_tools/share/ament_index
creating /home/jenkin/Documents/bluey/ros2_ws/install/bluey_tools/share/ament_index/resource_index
creating /home/jenkin/Documents/bluey/ros2_ws/install/bluey_tools/share/ament_index/resource_index/packages
copying resource/bluey_tools -> /home/jenkin/Documents/bluey/ros2_ws/install/bluey_tools/share/ament_index/resource_index/packages
copying package.xml -> /home/jenkin/Documents/bluey/ros2_ws/install/bluey_tools/share/bluey_tools
running install_egg_info
Copying ../../build/bluey_tools/bluey_tools.egg-info to /home/jenkin/Documents/bluey/ros2_ws/install/bluey_tools/lib/python3.8/site-packages/bluey_tools-0.0.1-py3.8.egg-info
running install_scripts
Installing bluey_ctrl script to /home/jenkin/Documents/bluey/ros2_ws/install/bluey_tools/lib/bluey_tools
Installing bluey_video script to /home/jenkin/Documents/bluey/ros2_ws/install/bluey_tools/lib/bluey_tools
writing list of installed files to '/home/jenkin/Documents/bluey/ros2_ws/build/bluey_tools/install.log'
