[0.567s] Invoking command in '/home/jenkin/Documents/bluey/ros2_ws/src/bluey_tools': PYTHONPATH=/home/jenkin/Documents/bluey/ros2_ws/build/bluey_tools/prefix_override:/home/jenkin/Documents/bluey/ros2_ws/install/bluey_tools/lib/python3.8/site-packages:${PYTHONPATH} /usr/bin/python3 setup.py egg_info --egg-base ../../build/bluey_tools build --build-base /home/jenkin/Documents/bluey/ros2_ws/build/bluey_tools/build install --record /home/jenkin/Documents/bluey/ros2_ws/build/bluey_tools/install.log --install-scripts $base/lib/bluey_tools --single-version-externally-managed
[0.716s] running egg_info
[0.716s] writing ../../build/bluey_tools/bluey_tools.egg-info/PKG-INFO
[0.717s] writing dependency_links to ../../build/bluey_tools/bluey_tools.egg-info/dependency_links.txt
[0.717s] writing entry points to ../../build/bluey_tools/bluey_tools.egg-info/entry_points.txt
[0.717s] writing requirements to ../../build/bluey_tools/bluey_tools.egg-info/requires.txt
[0.718s] writing top-level names to ../../build/bluey_tools/bluey_tools.egg-info/top_level.txt
[0.737s] reading manifest file '../../build/bluey_tools/bluey_tools.egg-info/SOURCES.txt'
[0.738s] writing manifest file '../../build/bluey_tools/bluey_tools.egg-info/SOURCES.txt'
[0.738s] running build
[0.738s] running build_py
[0.739s] copying bluey_tools/bluey_ui_node.py -> /home/jenkin/Documents/bluey/ros2_ws/build/bluey_tools/build/lib/bluey_tools
[0.739s] copying bluey_tools/bluey_ctrl_node.py -> /home/jenkin/Documents/bluey/ros2_ws/build/bluey_tools/build/lib/bluey_tools
[0.739s] running install
[0.739s] running install_lib
[0.740s] copying /home/jenkin/Documents/bluey/ros2_ws/build/bluey_tools/build/lib/bluey_tools/bluey_ui_node.py -> /home/jenkin/Documents/bluey/ros2_ws/install/bluey_tools/lib/python3.8/site-packages/bluey_tools
[0.740s] copying /home/jenkin/Documents/bluey/ros2_ws/build/bluey_tools/build/lib/bluey_tools/bluey_ctrl_node.py -> /home/jenkin/Documents/bluey/ros2_ws/install/bluey_tools/lib/python3.8/site-packages/bluey_tools
[0.740s] byte-compiling /home/jenkin/Documents/bluey/ros2_ws/install/bluey_tools/lib/python3.8/site-packages/bluey_tools/bluey_ui_node.py to bluey_ui_node.cpython-38.pyc
[0.742s] byte-compiling /home/jenkin/Documents/bluey/ros2_ws/install/bluey_tools/lib/python3.8/site-packages/bluey_tools/bluey_ctrl_node.py to bluey_ctrl_node.cpython-38.pyc
[0.744s] running install_data
[0.744s] copying icons/down-left-100.png -> /home/jenkin/Documents/bluey/ros2_ws/install/bluey_tools/share/bluey_tools
[0.744s] copying icons/down-100.png -> /home/jenkin/Documents/bluey/ros2_ws/install/bluey_tools/share/bluey_tools
[0.744s] copying icons/stop-96.png -> /home/jenkin/Documents/bluey/ros2_ws/install/bluey_tools/share/bluey_tools
[0.744s] copying icons/left-100.png -> /home/jenkin/Documents/bluey/ros2_ws/install/bluey_tools/share/bluey_tools
[0.745s] copying icons/down-right-100.png -> /home/jenkin/Documents/bluey/ros2_ws/install/bluey_tools/share/bluey_tools
[0.745s] copying icons/up-100.png -> /home/jenkin/Documents/bluey/ros2_ws/install/bluey_tools/share/bluey_tools
[0.745s] copying icons/up-right-100.png -> /home/jenkin/Documents/bluey/ros2_ws/install/bluey_tools/share/bluey_tools
[0.745s] copying icons/right-100.png -> /home/jenkin/Documents/bluey/ros2_ws/install/bluey_tools/share/bluey_tools
[0.745s] copying icons/up-left-100.png -> /home/jenkin/Documents/bluey/ros2_ws/install/bluey_tools/share/bluey_tools
[0.745s] running install_egg_info
[0.746s] removing '/home/jenkin/Documents/bluey/ros2_ws/install/bluey_tools/lib/python3.8/site-packages/bluey_tools-0.0.1-py3.8.egg-info' (and everything under it)
[0.746s] Copying ../../build/bluey_tools/bluey_tools.egg-info to /home/jenkin/Documents/bluey/ros2_ws/install/bluey_tools/lib/python3.8/site-packages/bluey_tools-0.0.1-py3.8.egg-info
[0.747s] running install_scripts
[0.758s] Installing bluey_ctrl script to /home/jenkin/Documents/bluey/ros2_ws/install/bluey_tools/lib/bluey_tools
[0.758s] Installing bluey_ui script to /home/jenkin/Documents/bluey/ros2_ws/install/bluey_tools/lib/bluey_tools
[0.758s] Installing bluey_video script to /home/jenkin/Documents/bluey/ros2_ws/install/bluey_tools/lib/bluey_tools
[0.758s] writing list of installed files to '/home/jenkin/Documents/bluey/ros2_ws/build/bluey_tools/install.log'
[0.774s] Invoked command in '/home/jenkin/Documents/bluey/ros2_ws/src/bluey_tools' returned '0': PYTHONPATH=/home/jenkin/Documents/bluey/ros2_ws/build/bluey_tools/prefix_override:/home/jenkin/Documents/bluey/ros2_ws/install/bluey_tools/lib/python3.8/site-packages:${PYTHONPATH} /usr/bin/python3 setup.py egg_info --egg-base ../../build/bluey_tools build --build-base /home/jenkin/Documents/bluey/ros2_ws/build/bluey_tools/build install --record /home/jenkin/Documents/bluey/ros2_ws/build/bluey_tools/install.log --install-scripts $base/lib/bluey_tools --single-version-externally-managed
