[0.451s] Invoking command in '/home/jenkin/Documents/Bluey2.0/ros2_ws/src/bluey_tools': PYTHONPATH=/home/jenkin/Documents/Bluey2.0/ros2_ws/build/bluey_tools/prefix_override:/home/jenkin/Documents/Bluey2.0/ros2_ws/install/bluey_tools/lib/python3.10/site-packages:${PYTHONPATH} /usr/bin/python3 setup.py egg_info --egg-base ../../build/bluey_tools build --build-base /home/jenkin/Documents/Bluey2.0/ros2_ws/build/bluey_tools/build install --record /home/jenkin/Documents/Bluey2.0/ros2_ws/build/bluey_tools/install.log --single-version-externally-managed
[0.578s] running egg_info
[0.579s] creating ../../build/bluey_tools/bluey_tools.egg-info
[0.579s] writing ../../build/bluey_tools/bluey_tools.egg-info/PKG-INFO
[0.579s] writing dependency_links to ../../build/bluey_tools/bluey_tools.egg-info/dependency_links.txt
[0.579s] writing entry points to ../../build/bluey_tools/bluey_tools.egg-info/entry_points.txt
[0.579s] writing requirements to ../../build/bluey_tools/bluey_tools.egg-info/requires.txt
[0.579s] writing top-level names to ../../build/bluey_tools/bluey_tools.egg-info/top_level.txt
[0.579s] writing manifest file '../../build/bluey_tools/bluey_tools.egg-info/SOURCES.txt'
[0.580s] reading manifest file '../../build/bluey_tools/bluey_tools.egg-info/SOURCES.txt'
[0.580s] writing manifest file '../../build/bluey_tools/bluey_tools.egg-info/SOURCES.txt'
[0.580s] running build
[0.580s] running build_py
[0.580s] creating /home/jenkin/Documents/Bluey2.0/ros2_ws/build/bluey_tools/build
[0.580s] creating /home/jenkin/Documents/Bluey2.0/ros2_ws/build/bluey_tools/build/lib
[0.581s] creating /home/jenkin/Documents/Bluey2.0/ros2_ws/build/bluey_tools/build/lib/bluey_tools
[0.581s] copying bluey_tools/bluey_video_node.py -> /home/jenkin/Documents/Bluey2.0/ros2_ws/build/bluey_tools/build/lib/bluey_tools
[0.581s] copying bluey_tools/video.py -> /home/jenkin/Documents/Bluey2.0/ros2_ws/build/bluey_tools/build/lib/bluey_tools
[0.581s] copying bluey_tools/bluey_ctrl_node.py -> /home/jenkin/Documents/Bluey2.0/ros2_ws/build/bluey_tools/build/lib/bluey_tools
[0.581s] copying bluey_tools/__init__.py -> /home/jenkin/Documents/Bluey2.0/ros2_ws/build/bluey_tools/build/lib/bluey_tools
[0.581s] copying bluey_tools/bluey_ui_node.py -> /home/jenkin/Documents/Bluey2.0/ros2_ws/build/bluey_tools/build/lib/bluey_tools
[0.581s] running install
[0.581s] /usr/lib/python3/dist-packages/setuptools/command/install.py:34: SetuptoolsDeprecationWarning: setup.py install is deprecated. Use build and pip and other standards-based tools.
[0.581s]   warnings.warn(
[0.581s] running install_lib
[0.581s] creating /home/jenkin/Documents/Bluey2.0/ros2_ws/install/bluey_tools/lib/python3.10/site-packages/bluey_tools
[0.581s] copying /home/jenkin/Documents/Bluey2.0/ros2_ws/build/bluey_tools/build/lib/bluey_tools/bluey_video_node.py -> /home/jenkin/Documents/Bluey2.0/ros2_ws/install/bluey_tools/lib/python3.10/site-packages/bluey_tools
[0.581s] copying /home/jenkin/Documents/Bluey2.0/ros2_ws/build/bluey_tools/build/lib/bluey_tools/video.py -> /home/jenkin/Documents/Bluey2.0/ros2_ws/install/bluey_tools/lib/python3.10/site-packages/bluey_tools
[0.581s] copying /home/jenkin/Documents/Bluey2.0/ros2_ws/build/bluey_tools/build/lib/bluey_tools/bluey_ctrl_node.py -> /home/jenkin/Documents/Bluey2.0/ros2_ws/install/bluey_tools/lib/python3.10/site-packages/bluey_tools
[0.581s] copying /home/jenkin/Documents/Bluey2.0/ros2_ws/build/bluey_tools/build/lib/bluey_tools/__init__.py -> /home/jenkin/Documents/Bluey2.0/ros2_ws/install/bluey_tools/lib/python3.10/site-packages/bluey_tools
[0.581s] copying /home/jenkin/Documents/Bluey2.0/ros2_ws/build/bluey_tools/build/lib/bluey_tools/bluey_ui_node.py -> /home/jenkin/Documents/Bluey2.0/ros2_ws/install/bluey_tools/lib/python3.10/site-packages/bluey_tools
[0.582s] byte-compiling /home/jenkin/Documents/Bluey2.0/ros2_ws/install/bluey_tools/lib/python3.10/site-packages/bluey_tools/bluey_video_node.py to bluey_video_node.cpython-310.pyc
[0.582s] byte-compiling /home/jenkin/Documents/Bluey2.0/ros2_ws/install/bluey_tools/lib/python3.10/site-packages/bluey_tools/video.py to video.cpython-310.pyc
[0.582s] byte-compiling /home/jenkin/Documents/Bluey2.0/ros2_ws/install/bluey_tools/lib/python3.10/site-packages/bluey_tools/bluey_ctrl_node.py to bluey_ctrl_node.cpython-310.pyc
[0.583s] byte-compiling /home/jenkin/Documents/Bluey2.0/ros2_ws/install/bluey_tools/lib/python3.10/site-packages/bluey_tools/__init__.py to __init__.cpython-310.pyc
[0.583s] byte-compiling /home/jenkin/Documents/Bluey2.0/ros2_ws/install/bluey_tools/lib/python3.10/site-packages/bluey_tools/bluey_ui_node.py to bluey_ui_node.cpython-310.pyc
[0.584s] running install_data
[0.584s] creating /home/jenkin/Documents/Bluey2.0/ros2_ws/install/bluey_tools/share/ament_index
[0.584s] creating /home/jenkin/Documents/Bluey2.0/ros2_ws/install/bluey_tools/share/ament_index/resource_index
[0.584s] creating /home/jenkin/Documents/Bluey2.0/ros2_ws/install/bluey_tools/share/ament_index/resource_index/packages
[0.584s] copying resource/bluey_tools -> /home/jenkin/Documents/Bluey2.0/ros2_ws/install/bluey_tools/share/ament_index/resource_index/packages
[0.584s] copying package.xml -> /home/jenkin/Documents/Bluey2.0/ros2_ws/install/bluey_tools/share/bluey_tools
[0.584s] copying icons/down-left-100.png -> /home/jenkin/Documents/Bluey2.0/ros2_ws/install/bluey_tools/share/bluey_tools
[0.584s] copying icons/stop-96.png -> /home/jenkin/Documents/Bluey2.0/ros2_ws/install/bluey_tools/share/bluey_tools
[0.584s] copying icons/up-100.png -> /home/jenkin/Documents/Bluey2.0/ros2_ws/install/bluey_tools/share/bluey_tools
[0.584s] copying icons/left-100.png -> /home/jenkin/Documents/Bluey2.0/ros2_ws/install/bluey_tools/share/bluey_tools
[0.584s] copying icons/down-100.png -> /home/jenkin/Documents/Bluey2.0/ros2_ws/install/bluey_tools/share/bluey_tools
[0.584s] copying icons/up-right-100.png -> /home/jenkin/Documents/Bluey2.0/ros2_ws/install/bluey_tools/share/bluey_tools
[0.585s] copying icons/right-100.png -> /home/jenkin/Documents/Bluey2.0/ros2_ws/install/bluey_tools/share/bluey_tools
[0.585s] copying icons/up-left-100.png -> /home/jenkin/Documents/Bluey2.0/ros2_ws/install/bluey_tools/share/bluey_tools
[0.585s] copying icons/down-right-100.png -> /home/jenkin/Documents/Bluey2.0/ros2_ws/install/bluey_tools/share/bluey_tools
[0.585s] running install_egg_info
[0.585s] Copying ../../build/bluey_tools/bluey_tools.egg-info to /home/jenkin/Documents/Bluey2.0/ros2_ws/install/bluey_tools/lib/python3.10/site-packages/bluey_tools-0.0.1-py3.10.egg-info
[0.586s] running install_scripts
[0.596s] Installing bluey_ctrl script to /home/jenkin/Documents/Bluey2.0/ros2_ws/install/bluey_tools/lib/bluey_tools
[0.596s] Installing bluey_ui script to /home/jenkin/Documents/Bluey2.0/ros2_ws/install/bluey_tools/lib/bluey_tools
[0.596s] Installing bluey_video script to /home/jenkin/Documents/Bluey2.0/ros2_ws/install/bluey_tools/lib/bluey_tools
[0.596s] writing list of installed files to '/home/jenkin/Documents/Bluey2.0/ros2_ws/build/bluey_tools/install.log'
[0.606s] Invoked command in '/home/jenkin/Documents/Bluey2.0/ros2_ws/src/bluey_tools' returned '0': PYTHONPATH=/home/jenkin/Documents/Bluey2.0/ros2_ws/build/bluey_tools/prefix_override:/home/jenkin/Documents/Bluey2.0/ros2_ws/install/bluey_tools/lib/python3.10/site-packages:${PYTHONPATH} /usr/bin/python3 setup.py egg_info --egg-base ../../build/bluey_tools build --build-base /home/jenkin/Documents/Bluey2.0/ros2_ws/build/bluey_tools/build install --record /home/jenkin/Documents/Bluey2.0/ros2_ws/build/bluey_tools/install.log --single-version-externally-managed
