[0.655s] Invoking command in '/home/jenkin/Documents/bluey/ros2_ws/src/bluey_tools': PYTHONPATH=/home/jenkin/Documents/bluey/ros2_ws/build/bluey_tools/prefix_override:/home/jenkin/Documents/bluey/ros2_ws/install/bluey_tools/lib/python3.8/site-packages:${PYTHONPATH} /usr/bin/python3 setup.py egg_info --egg-base ../../build/bluey_tools build --build-base /home/jenkin/Documents/bluey/ros2_ws/build/bluey_tools/build install --record /home/jenkin/Documents/bluey/ros2_ws/build/bluey_tools/install.log --install-scripts $base/lib/bluey_tools --single-version-externally-managed
[0.832s] running egg_info
[0.835s] writing ../../build/bluey_tools/bluey_tools.egg-info/PKG-INFO
[0.835s] writing dependency_links to ../../build/bluey_tools/bluey_tools.egg-info/dependency_links.txt
[0.835s] writing entry points to ../../build/bluey_tools/bluey_tools.egg-info/entry_points.txt
[0.836s] writing requirements to ../../build/bluey_tools/bluey_tools.egg-info/requires.txt
[0.836s] writing top-level names to ../../build/bluey_tools/bluey_tools.egg-info/top_level.txt
[0.862s] reading manifest file '../../build/bluey_tools/bluey_tools.egg-info/SOURCES.txt'
[0.872s] writing manifest file '../../build/bluey_tools/bluey_tools.egg-info/SOURCES.txt'
[0.872s] running build
[0.873s] running build_py
[0.873s] copying bluey_tools/bluey_ui_node.py -> /home/jenkin/Documents/bluey/ros2_ws/build/bluey_tools/build/lib/bluey_tools
[0.874s] running install
[0.875s] running install_lib
[0.875s] copying /home/jenkin/Documents/bluey/ros2_ws/build/bluey_tools/build/lib/bluey_tools/bluey_ui_node.py -> /home/jenkin/Documents/bluey/ros2_ws/install/bluey_tools/lib/python3.8/site-packages/bluey_tools
[0.876s] byte-compiling /home/jenkin/Documents/bluey/ros2_ws/install/bluey_tools/lib/python3.8/site-packages/bluey_tools/bluey_ui_node.py to bluey_ui_node.cpython-38.pyc
[0.880s] running install_data
[0.882s] running install_egg_info
[0.885s] removing '/home/jenkin/Documents/bluey/ros2_ws/install/bluey_tools/lib/python3.8/site-packages/bluey_tools-0.0.1-py3.8.egg-info' (and everything under it)
[0.886s] Copying ../../build/bluey_tools/bluey_tools.egg-info to /home/jenkin/Documents/bluey/ros2_ws/install/bluey_tools/lib/python3.8/site-packages/bluey_tools-0.0.1-py3.8.egg-info
[0.886s] running install_scripts
[0.903s] Installing bluey_ctrl script to /home/jenkin/Documents/bluey/ros2_ws/install/bluey_tools/lib/bluey_tools
[0.904s] Installing bluey_ui script to /home/jenkin/Documents/bluey/ros2_ws/install/bluey_tools/lib/bluey_tools
[0.904s] Installing bluey_video script to /home/jenkin/Documents/bluey/ros2_ws/install/bluey_tools/lib/bluey_tools
[0.905s] writing list of installed files to '/home/jenkin/Documents/bluey/ros2_ws/build/bluey_tools/install.log'
[0.932s] Invoked command in '/home/jenkin/Documents/bluey/ros2_ws/src/bluey_tools' returned '0': PYTHONPATH=/home/jenkin/Documents/bluey/ros2_ws/build/bluey_tools/prefix_override:/home/jenkin/Documents/bluey/ros2_ws/install/bluey_tools/lib/python3.8/site-packages:${PYTHONPATH} /usr/bin/python3 setup.py egg_info --egg-base ../../build/bluey_tools build --build-base /home/jenkin/Documents/bluey/ros2_ws/build/bluey_tools/build install --record /home/jenkin/Documents/bluey/ros2_ws/build/bluey_tools/install.log --install-scripts $base/lib/bluey_tools --single-version-externally-managed
