In file included from [01m[K/home/jenkin/Documents/bluey/ros2_ws/build/bluey_interface/rosidl_generator_c/bluey_interface/srv/detail/motion__functions.h:19[m[K,
                 from [01m[K/home/jenkin/Documents/bluey/ros2_ws/build/bluey_interface/rosidl_generator_c/bluey_interface/srv/detail/motion__functions.c:4[m[K:
[01m[K/home/jenkin/Documents/bluey/ros2_ws/build/bluey_interface/rosidl_generator_c/bluey_interface/srv/detail/motion__struct.h:22:10:[m[K [01;31m[Kfatal error: [m[Kbluey_interface/msg/detail/string__struct.h: No such file or directory
   22 | #include [01;31m[K"bluey_interface/msg/detail/string__struct.h"[m[K
      |          [01;31m[K^~~~~~~~~~~~~~~~~~~~~~~~~~~~~~~~~~~~~~~~~~~~~[m[K
compilation terminated.
make[2]: *** [CMakeFiles/bluey_interface__rosidl_generator_c.dir/build.make:182: CMakeFiles/bluey_interface__rosidl_generator_c.dir/rosidl_generator_c/bluey_interface/srv/detail/motion__functions.c.o] Error 1
make[2]: *** Waiting for unfinished jobs....
make[1]: *** [CMakeFiles/Makefile2:244: CMakeFiles/bluey_interface__rosidl_generator_c.dir/all] Error 2
make[1]: *** Waiting for unfinished jobs....
In file included from [01m[K/home/jenkin/Documents/bluey/ros2_ws/build/bluey_interface/rosidl_typesupport_cpp/bluey_interface/srv/motion__type_support.cpp:7[m[K:
[01m[K/home/jenkin/Documents/bluey/ros2_ws/build/bluey_interface/rosidl_generator_cpp/bluey_interface/srv/detail/motion__struct.hpp:19:10:[m[K [01;31m[Kfatal error: [m[Kbluey_interface/msg/detail/string__struct.hpp: No such file or directory
   19 | #include [01;31m[K"bluey_interface/msg/detail/string__struct.hpp"[m[K
      |          [01;31m[K^~~~~~~~~~~~~~~~~~~~~~~~~~~~~~~~~~~~~~~~~~~~~~~[m[K
compilation terminated.
make[2]: *** [CMakeFiles/bluey_interface__rosidl_typesupport_cpp.dir/build.make:139: CMakeFiles/bluey_interface__rosidl_typesupport_cpp.dir/rosidl_typesupport_cpp/bluey_interface/srv/motion__type_support.cpp.o] Error 1
make[1]: *** [CMakeFiles/Makefile2:499: CMakeFiles/bluey_interface__rosidl_typesupport_cpp.dir/all] Error 2
In file included from [01m[K/home/jenkin/Documents/bluey/ros2_ws/build/bluey_interface/rosidl_typesupport_introspection_cpp/bluey_interface/srv/detail/motion__type_support.cpp:12[m[K:
[01m[K/home/jenkin/Documents/bluey/ros2_ws/build/bluey_interface/rosidl_generator_cpp/bluey_interface/srv/detail/motion__struct.hpp:19:10:[m[K [01;31m[Kfatal error: [m[Kbluey_interface/msg/detail/string__struct.hpp: No such file or directory
   19 | #include [01;31m[K"bluey_interface/msg/detail/string__struct.hpp"[m[K
      |          [01;31m[K^~~~~~~~~~~~~~~~~~~~~~~~~~~~~~~~~~~~~~~~~~~~~~~[m[K
compilation terminated.
make[2]: *** [CMakeFiles/bluey_interface__rosidl_typesupport_introspection_cpp.dir/build.make:150: CMakeFiles/bluey_interface__rosidl_typesupport_introspection_cpp.dir/rosidl_typesupport_introspection_cpp/bluey_interface/srv/detail/motion__type_support.cpp.o] Error 1
make[2]: *** Waiting for unfinished jobs....
make[1]: *** [CMakeFiles/Makefile2:298: CMakeFiles/bluey_interface__rosidl_typesupport_introspection_cpp.dir/all] Error 2
In file included from [01m[K/home/jenkin/Documents/bluey/ros2_ws/build/bluey_interface/rosidl_typesupport_fastrtps_cpp/bluey_interface/srv/detail/motion__rosidl_typesupport_fastrtps_cpp.hpp:11[m[K,
                 from [01m[K/home/jenkin/Documents/bluey/ros2_ws/build/bluey_interface/rosidl_typesupport_fastrtps_cpp/bluey_interface/srv/detail/dds_fastrtps/motion__type_support.cpp:4[m[K:
[01m[K/home/jenkin/Documents/bluey/ros2_ws/build/bluey_interface/rosidl_generator_cpp/bluey_interface/srv/detail/motion__struct.hpp:19:10:[m[K [01;31m[Kfatal error: [m[Kbluey_interface/msg/detail/string__struct.hpp: No such file or directory
   19 | #include [01;31m[K"bluey_interface/msg/detail/string__struct.hpp"[m[K
      |          [01;31m[K^~~~~~~~~~~~~~~~~~~~~~~~~~~~~~~~~~~~~~~~~~~~~~~[m[K
compilation terminated.
make[2]: *** [CMakeFiles/bluey_interface__rosidl_typesupport_fastrtps_cpp.dir/build.make:150: CMakeFiles/bluey_interface__rosidl_typesupport_fastrtps_cpp.dir/rosidl_typesupport_fastrtps_cpp/bluey_interface/srv/detail/dds_fastrtps/motion__type_support.cpp.o] Error 1
make[1]: *** [CMakeFiles/Makefile2:271: CMakeFiles/bluey_interface__rosidl_typesupport_fastrtps_cpp.dir/all] Error 2
make: *** [Makefile:141: all] Error 2
