[0.060s] Invoking command in '/home/jenkin/Documents/bluey/ros2_ws/build/bluey_interface': CMAKE_PREFIX_PATH=${CMAKE_PREFIX_PATH}:/home/jenkin/Documents/bluey/ros2_ws/install/bluey_tools:/opt/ros/foxy /usr/bin/cmake --build /home/jenkin/Documents/bluey/ros2_ws/build/bluey_interface -- -j4 -l4
[0.135s] -- Found ament_cmake: 0.9.12 (/opt/ros/foxy/share/ament_cmake/cmake)
[0.167s] -- Found PythonInterp: /usr/bin/python3 (found suitable version "3.8.10", minimum required is "3") 
[0.167s] -- Using PYTHON_EXECUTABLE: /usr/bin/python3
[0.283s] -- Found std_msgs: 2.0.5 (/opt/ros/foxy/share/std_msgs/cmake)
[0.298s] -- Using all available rosidl_typesupport_c: rosidl_typesupport_fastrtps_c;rosidl_typesupport_introspection_c
[0.300s] -- Found rosidl_adapter: 1.3.1 (/opt/ros/foxy/share/rosidl_adapter/cmake)
[0.462s] -- Using all available rosidl_typesupport_cpp: rosidl_typesupport_fastrtps_cpp;rosidl_typesupport_introspection_cpp
[0.492s] -- Found rosidl_default_generators: 1.0.1 (/opt/ros/foxy/share/rosidl_default_generators/cmake)
[0.531s] -- Found PythonInterp: /usr/bin/python3 (found version "3.8.10") 
[0.669s] -- Found ament_cmake_ros: 0.9.2 (/opt/ros/foxy/share/ament_cmake_ros/cmake)
[0.883s] -- Using all available rosidl_typesupport_c: rosidl_typesupport_fastrtps_c;rosidl_typesupport_introspection_c
[0.924s] -- Using all available rosidl_typesupport_cpp: rosidl_typesupport_fastrtps_cpp;rosidl_typesupport_introspection_cpp
[0.959s] -- Found PythonInterp: /usr/bin/python3 (found suitable version "3.8.10", minimum required is "3.5") 
[0.959s] -- Found python_cmake_module: 0.8.1 (/opt/ros/foxy/share/python_cmake_module/cmake)
[0.993s] -- Using PYTHON_EXECUTABLE: /usr/bin/python3
[0.993s] -- Using PYTHON_INCLUDE_DIRS: /usr/include/python3.8
[0.993s] -- Using PYTHON_LIBRARIES: /usr/lib/aarch64-linux-gnu/libpython3.8.so
[1.017s] -- Found ament_lint_auto: 0.9.8 (/opt/ros/foxy/share/ament_lint_auto/cmake)
[1.023s] -- Added test 'lint_cmake' to check CMake code style
[1.023s] -- Added test 'xmllint' to check XML markup files
[1.025s] -- Configuring done
[1.060s] -- Generating done
[1.063s] -- Build files have been written to: /home/jenkin/Documents/bluey/ros2_ws/build/bluey_interface
[1.164s] [35m[1mScanning dependencies of target bluey_interface__cpp[0m
[1.165s] [  2%] [34m[1mGenerating C code for ROS interfaces[0m
[1.226s] [  4%] [34m[1mGenerating C++ code for ROS interfaces[0m
[1.584s] [35m[1mScanning dependencies of target bluey_interface__rosidl_generator_c[0m
[1.682s] [  6%] [32mBuilding C object CMakeFiles/bluey_interface__rosidl_generator_c.dir/rosidl_generator_c/bluey_interface/srv/detail/arm__functions.c.o[0m
[1.705s] [  8%] [32mBuilding C object CMakeFiles/bluey_interface__rosidl_generator_c.dir/rosidl_generator_c/bluey_interface/srv/detail/motion__functions.c.o[0m
[1.706s] [ 10%] [32mBuilding C object CMakeFiles/bluey_interface__rosidl_generator_c.dir/rosidl_generator_c/bluey_interface/srv/detail/lights__functions.c.o[0m
[1.730s] [ 10%] Built target bluey_interface__cpp
[1.759s] In file included from [01m[K/home/jenkin/Documents/bluey/ros2_ws/build/bluey_interface/rosidl_generator_c/bluey_interface/srv/detail/motion__functions.h:19[m[K,
[1.759s]                  from [01m[K/home/jenkin/Documents/bluey/ros2_ws/build/bluey_interface/rosidl_generator_c/bluey_interface/srv/detail/motion__functions.c:4[m[K:
[1.759s] [01m[K/home/jenkin/Documents/bluey/ros2_ws/build/bluey_interface/rosidl_generator_c/bluey_interface/srv/detail/motion__struct.h:22:10:[m[K [01;31m[Kfatal error: [m[Kbluey_interface/msg/detail/string__struct.h: No such file or directory
[1.759s]    22 | #include [01;31m[K"bluey_interface/msg/detail/string__struct.h"[m[K
[1.759s]       |          [01;31m[K^~~~~~~~~~~~~~~~~~~~~~~~~~~~~~~~~~~~~~~~~~~~~[m[K
[1.759s] compilation terminated.
[1.773s] make[2]: *** [CMakeFiles/bluey_interface__rosidl_generator_c.dir/build.make:182: CMakeFiles/bluey_interface__rosidl_generator_c.dir/rosidl_generator_c/bluey_interface/srv/detail/motion__functions.c.o] Error 1
[1.773s] make[2]: *** Waiting for unfinished jobs....
[1.802s] make[1]: *** [CMakeFiles/Makefile2:244: CMakeFiles/bluey_interface__rosidl_generator_c.dir/all] Error 2
[1.803s] make[1]: *** Waiting for unfinished jobs....
[1.825s] [ 12%] [34m[1mGenerating C++ type support dispatch for ROS interfaces[0m
[1.854s] [ 14%] [34m[1mGenerating C++ type support for eProsima Fast-RTPS[0m
[1.857s] [ 17%] [34m[1mGenerating C++ introspection for ROS interfaces[0m
[2.105s] [35m[1mScanning dependencies of target bluey_interface__rosidl_typesupport_cpp[0m
[2.187s] [ 19%] [32mBuilding CXX object CMakeFiles/bluey_interface__rosidl_typesupport_cpp.dir/rosidl_typesupport_cpp/bluey_interface/srv/arm__type_support.cpp.o[0m
[2.187s] [35m[1mScanning dependencies of target bluey_interface__rosidl_typesupport_introspection_cpp[0m
[2.209s] [ 21%] [32mBuilding CXX object CMakeFiles/bluey_interface__rosidl_typesupport_cpp.dir/rosidl_typesupport_cpp/bluey_interface/srv/lights__type_support.cpp.o[0m
[2.240s] [35m[1mScanning dependencies of target bluey_interface__rosidl_typesupport_fastrtps_cpp[0m
[2.273s] [ 23%] [32mBuilding CXX object CMakeFiles/bluey_interface__rosidl_typesupport_introspection_cpp.dir/rosidl_typesupport_introspection_cpp/bluey_interface/srv/detail/arm__type_support.cpp.o[0m
[2.364s] [ 25%] [32mBuilding CXX object CMakeFiles/bluey_interface__rosidl_typesupport_fastrtps_cpp.dir/rosidl_typesupport_fastrtps_cpp/bluey_interface/srv/detail/dds_fastrtps/arm__type_support.cpp.o[0m
[2.480s] [ 27%] [32mBuilding CXX object CMakeFiles/bluey_interface__rosidl_typesupport_cpp.dir/rosidl_typesupport_cpp/bluey_interface/srv/motion__type_support.cpp.o[0m
[2.527s] [ 29%] [32mBuilding CXX object CMakeFiles/bluey_interface__rosidl_typesupport_fastrtps_cpp.dir/rosidl_typesupport_fastrtps_cpp/bluey_interface/srv/detail/dds_fastrtps/lights__type_support.cpp.o[0m
[2.588s] [ 31%] [32mBuilding CXX object CMakeFiles/bluey_interface__rosidl_typesupport_introspection_cpp.dir/rosidl_typesupport_introspection_cpp/bluey_interface/srv/detail/lights__type_support.cpp.o[0m
[2.594s] In file included from [01m[K/home/jenkin/Documents/bluey/ros2_ws/build/bluey_interface/rosidl_typesupport_cpp/bluey_interface/srv/motion__type_support.cpp:7[m[K:
[2.594s] [01m[K/home/jenkin/Documents/bluey/ros2_ws/build/bluey_interface/rosidl_generator_cpp/bluey_interface/srv/detail/motion__struct.hpp:19:10:[m[K [01;31m[Kfatal error: [m[Kbluey_interface/msg/detail/string__struct.hpp: No such file or directory
[2.594s]    19 | #include [01;31m[K"bluey_interface/msg/detail/string__struct.hpp"[m[K
[2.594s]       |          [01;31m[K^~~~~~~~~~~~~~~~~~~~~~~~~~~~~~~~~~~~~~~~~~~~~~~[m[K
[2.594s] compilation terminated.
[2.598s] make[2]: *** [CMakeFiles/bluey_interface__rosidl_typesupport_cpp.dir/build.make:139: CMakeFiles/bluey_interface__rosidl_typesupport_cpp.dir/rosidl_typesupport_cpp/bluey_interface/srv/motion__type_support.cpp.o] Error 1
[2.599s] make[1]: *** [CMakeFiles/Makefile2:499: CMakeFiles/bluey_interface__rosidl_typesupport_cpp.dir/all] Error 2
[2.671s] [ 34%] [32mBuilding CXX object CMakeFiles/bluey_interface__rosidl_typesupport_introspection_cpp.dir/rosidl_typesupport_introspection_cpp/bluey_interface/srv/detail/motion__type_support.cpp.o[0m
[2.788s] In file included from [01m[K/home/jenkin/Documents/bluey/ros2_ws/build/bluey_interface/rosidl_typesupport_introspection_cpp/bluey_interface/srv/detail/motion__type_support.cpp:12[m[K:
[2.788s] [01m[K/home/jenkin/Documents/bluey/ros2_ws/build/bluey_interface/rosidl_generator_cpp/bluey_interface/srv/detail/motion__struct.hpp:19:10:[m[K [01;31m[Kfatal error: [m[Kbluey_interface/msg/detail/string__struct.hpp: No such file or directory
[2.788s]    19 | #include [01;31m[K"bluey_interface/msg/detail/string__struct.hpp"[m[K
[2.788s]       |          [01;31m[K^~~~~~~~~~~~~~~~~~~~~~~~~~~~~~~~~~~~~~~~~~~~~~~[m[K
[2.788s] compilation terminated.
[2.791s] make[2]: *** [CMakeFiles/bluey_interface__rosidl_typesupport_introspection_cpp.dir/build.make:150: CMakeFiles/bluey_interface__rosidl_typesupport_introspection_cpp.dir/rosidl_typesupport_introspection_cpp/bluey_interface/srv/detail/motion__type_support.cpp.o] Error 1
[2.791s] make[2]: *** Waiting for unfinished jobs....
[2.798s] [ 36%] [32mBuilding CXX object CMakeFiles/bluey_interface__rosidl_typesupport_fastrtps_cpp.dir/rosidl_typesupport_fastrtps_cpp/bluey_interface/srv/detail/dds_fastrtps/motion__type_support.cpp.o[0m
[2.824s] make[1]: *** [CMakeFiles/Makefile2:298: CMakeFiles/bluey_interface__rosidl_typesupport_introspection_cpp.dir/all] Error 2
[2.862s] In file included from [01m[K/home/jenkin/Documents/bluey/ros2_ws/build/bluey_interface/rosidl_typesupport_fastrtps_cpp/bluey_interface/srv/detail/motion__rosidl_typesupport_fastrtps_cpp.hpp:11[m[K,
[2.862s]                  from [01m[K/home/jenkin/Documents/bluey/ros2_ws/build/bluey_interface/rosidl_typesupport_fastrtps_cpp/bluey_interface/srv/detail/dds_fastrtps/motion__type_support.cpp:4[m[K:
[2.862s] [01m[K/home/jenkin/Documents/bluey/ros2_ws/build/bluey_interface/rosidl_generator_cpp/bluey_interface/srv/detail/motion__struct.hpp:19:10:[m[K [01;31m[Kfatal error: [m[Kbluey_interface/msg/detail/string__struct.hpp: No such file or directory
[2.862s]    19 | #include [01;31m[K"bluey_interface/msg/detail/string__struct.hpp"[m[K
[2.862s]       |          [01;31m[K^~~~~~~~~~~~~~~~~~~~~~~~~~~~~~~~~~~~~~~~~~~~~~~[m[K
[2.862s] compilation terminated.
[2.866s] make[2]: *** [CMakeFiles/bluey_interface__rosidl_typesupport_fastrtps_cpp.dir/build.make:150: CMakeFiles/bluey_interface__rosidl_typesupport_fastrtps_cpp.dir/rosidl_typesupport_fastrtps_cpp/bluey_interface/srv/detail/dds_fastrtps/motion__type_support.cpp.o] Error 1
[2.867s] make[1]: *** [CMakeFiles/Makefile2:271: CMakeFiles/bluey_interface__rosidl_typesupport_fastrtps_cpp.dir/all] Error 2
[2.868s] make: *** [Makefile:141: all] Error 2
[2.872s] Invoked command in '/home/jenkin/Documents/bluey/ros2_ws/build/bluey_interface' returned '2': CMAKE_PREFIX_PATH=${CMAKE_PREFIX_PATH}:/home/jenkin/Documents/bluey/ros2_ws/install/bluey_tools:/opt/ros/foxy /usr/bin/cmake --build /home/jenkin/Documents/bluey/ros2_ws/build/bluey_interface -- -j4 -l4
