[0.214s] DEBUG:colcon:Command line arguments: ['/usr/bin/colcon', 'build', '--packages-select', 'bluey_tools']
[0.214s] DEBUG:colcon:Parsed command line arguments: Namespace(allow_overriding=[], ament_cmake_args=None, base_paths=['.'], build_base='build', catkin_cmake_args=None, catkin_skip_building_tests=False, cmake_args=None, cmake_clean_cache=False, cmake_clean_first=False, cmake_force_configure=False, cmake_target=None, cmake_target_skip_unavailable=False, continue_on_error=False, event_handlers=None, executor='parallel', ignore_user_meta=False, install_base='install', log_base=None, log_level=None, main=<bound method BuildVerb.main of <colcon_core.verb.build.BuildVerb object at 0xffff87e527c0>>, merge_install=False, metas=['./colcon.meta'], packages_above=None, packages_above_and_dependencies=None, packages_above_depth=None, packages_end=None, packages_ignore=None, packages_ignore_regex=None, packages_select=['bluey_tools'], packages_select_build_failed=False, packages_select_by_dep=None, packages_select_regex=None, packages_select_test_failures=False, packages_skip=None, packages_skip_build_finished=False, packages_skip_by_dep=None, packages_skip_regex=None, packages_skip_test_passed=False, packages_skip_up_to=None, packages_start=None, packages_up_to=None, packages_up_to_regex=None, parallel_workers=4, paths=None, symlink_install=False, test_result_base=None, verb_extension=<colcon_core.verb.build.BuildVerb object at 0xffff87e527c0>, verb_name='build', verb_parser=<colcon_defaults.argument_parser.defaults.DefaultArgumentsDecorator object at 0xffff87e52d30>)
[0.232s] Level 1:colcon.colcon_core.package_discovery:discover_packages(colcon_meta) check parameters
[0.232s] Level 1:colcon.colcon_core.package_discovery:discover_packages(recursive) check parameters
[0.232s] Level 1:colcon.colcon_core.package_discovery:discover_packages(ignore) check parameters
[0.232s] Level 1:colcon.colcon_core.package_discovery:discover_packages(path) check parameters
[0.232s] Level 1:colcon.colcon_core.package_discovery:discover_packages(colcon_meta) discover
[0.232s] Level 1:colcon.colcon_core.package_discovery:discover_packages(recursive) discover
[0.232s] INFO:colcon.colcon_core.package_discovery:Crawling recursively for packages in '/home/jenkin/Documents/bluey/ros2_ws'
[0.232s] Level 1:colcon.colcon_core.package_identification:_identify(.) by extensions ['ignore', 'ignore_ament_install']
[0.232s] Level 1:colcon.colcon_core.package_identification:_identify(.) by extension 'ignore'
[0.232s] Level 1:colcon.colcon_core.package_identification:_identify(.) by extension 'ignore_ament_install'
[0.232s] Level 1:colcon.colcon_core.package_identification:_identify(.) by extensions ['colcon_pkg']
[0.232s] Level 1:colcon.colcon_core.package_identification:_identify(.) by extension 'colcon_pkg'
[0.232s] Level 1:colcon.colcon_core.package_identification:_identify(.) by extensions ['colcon_meta']
[0.232s] Level 1:colcon.colcon_core.package_identification:_identify(.) by extension 'colcon_meta'
[0.232s] Level 1:colcon.colcon_core.package_identification:_identify(.) by extensions ['ros']
[0.232s] Level 1:colcon.colcon_core.package_identification:_identify(.) by extension 'ros'
[0.245s] Level 1:colcon.colcon_core.package_identification:_identify(.) by extensions ['cmake', 'python']
[0.245s] Level 1:colcon.colcon_core.package_identification:_identify(.) by extension 'cmake'
[0.245s] Level 1:colcon.colcon_core.package_identification:_identify(.) by extension 'python'
[0.245s] Level 1:colcon.colcon_core.package_identification:_identify(.) by extensions ['python_setup_py']
[0.245s] Level 1:colcon.colcon_core.package_identification:_identify(.) by extension 'python_setup_py'
[0.245s] Level 1:colcon.colcon_core.package_identification:_identify(build) by extensions ['ignore', 'ignore_ament_install']
[0.245s] Level 1:colcon.colcon_core.package_identification:_identify(build) by extension 'ignore'
[0.245s] Level 1:colcon.colcon_core.package_identification:_identify(build) ignored
[0.246s] Level 1:colcon.colcon_core.package_identification:_identify(install) by extensions ['ignore', 'ignore_ament_install']
[0.246s] Level 1:colcon.colcon_core.package_identification:_identify(install) by extension 'ignore'
[0.246s] Level 1:colcon.colcon_core.package_identification:_identify(install) ignored
[0.246s] Level 1:colcon.colcon_core.package_identification:_identify(log) by extensions ['ignore', 'ignore_ament_install']
[0.246s] Level 1:colcon.colcon_core.package_identification:_identify(log) by extension 'ignore'
[0.246s] Level 1:colcon.colcon_core.package_identification:_identify(log) ignored
[0.246s] Level 1:colcon.colcon_core.package_identification:_identify(src) by extensions ['ignore', 'ignore_ament_install']
[0.246s] Level 1:colcon.colcon_core.package_identification:_identify(src) by extension 'ignore'
[0.246s] Level 1:colcon.colcon_core.package_identification:_identify(src) by extension 'ignore_ament_install'
[0.246s] Level 1:colcon.colcon_core.package_identification:_identify(src) by extensions ['colcon_pkg']
[0.246s] Level 1:colcon.colcon_core.package_identification:_identify(src) by extension 'colcon_pkg'
[0.246s] Level 1:colcon.colcon_core.package_identification:_identify(src) by extensions ['colcon_meta']
[0.246s] Level 1:colcon.colcon_core.package_identification:_identify(src) by extension 'colcon_meta'
[0.246s] Level 1:colcon.colcon_core.package_identification:_identify(src) by extensions ['ros']
[0.246s] Level 1:colcon.colcon_core.package_identification:_identify(src) by extension 'ros'
[0.246s] Level 1:colcon.colcon_core.package_identification:_identify(src) by extensions ['cmake', 'python']
[0.246s] Level 1:colcon.colcon_core.package_identification:_identify(src) by extension 'cmake'
[0.246s] Level 1:colcon.colcon_core.package_identification:_identify(src) by extension 'python'
[0.246s] Level 1:colcon.colcon_core.package_identification:_identify(src) by extensions ['python_setup_py']
[0.246s] Level 1:colcon.colcon_core.package_identification:_identify(src) by extension 'python_setup_py'
[0.246s] Level 1:colcon.colcon_core.package_identification:_identify(src/bluey_interface) by extensions ['ignore', 'ignore_ament_install']
[0.246s] Level 1:colcon.colcon_core.package_identification:_identify(src/bluey_interface) by extension 'ignore'
[0.246s] Level 1:colcon.colcon_core.package_identification:_identify(src/bluey_interface) by extension 'ignore_ament_install'
[0.246s] Level 1:colcon.colcon_core.package_identification:_identify(src/bluey_interface) by extensions ['colcon_pkg']
[0.246s] Level 1:colcon.colcon_core.package_identification:_identify(src/bluey_interface) by extension 'colcon_pkg'
[0.246s] Level 1:colcon.colcon_core.package_identification:_identify(src/bluey_interface) by extensions ['colcon_meta']
[0.246s] Level 1:colcon.colcon_core.package_identification:_identify(src/bluey_interface) by extension 'colcon_meta'
[0.246s] Level 1:colcon.colcon_core.package_identification:_identify(src/bluey_interface) by extensions ['ros']
[0.246s] Level 1:colcon.colcon_core.package_identification:_identify(src/bluey_interface) by extension 'ros'
[0.248s] DEBUG:colcon.colcon_core.package_identification:Package 'src/bluey_interface' with type 'ros.ament_cmake' and name 'bluey_interface'
[0.248s] Level 1:colcon.colcon_core.package_identification:_identify(src/bluey_tools) by extensions ['ignore', 'ignore_ament_install']
[0.248s] Level 1:colcon.colcon_core.package_identification:_identify(src/bluey_tools) by extension 'ignore'
[0.248s] Level 1:colcon.colcon_core.package_identification:_identify(src/bluey_tools) by extension 'ignore_ament_install'
[0.248s] Level 1:colcon.colcon_core.package_identification:_identify(src/bluey_tools) by extensions ['colcon_pkg']
[0.248s] Level 1:colcon.colcon_core.package_identification:_identify(src/bluey_tools) by extension 'colcon_pkg'
[0.248s] Level 1:colcon.colcon_core.package_identification:_identify(src/bluey_tools) by extensions ['colcon_meta']
[0.248s] Level 1:colcon.colcon_core.package_identification:_identify(src/bluey_tools) by extension 'colcon_meta'
[0.248s] Level 1:colcon.colcon_core.package_identification:_identify(src/bluey_tools) by extensions ['ros']
[0.248s] Level 1:colcon.colcon_core.package_identification:_identify(src/bluey_tools) by extension 'ros'
[0.248s] DEBUG:colcon.colcon_core.package_identification:Package 'src/bluey_tools' with type 'ros.ament_python' and name 'bluey_tools'
[0.248s] Level 1:colcon.colcon_core.package_discovery:discover_packages(recursive) using defaults
[0.248s] Level 1:colcon.colcon_core.package_discovery:discover_packages(ignore) discover
[0.248s] Level 1:colcon.colcon_core.package_discovery:discover_packages(ignore) using defaults
[0.248s] Level 1:colcon.colcon_core.package_discovery:discover_packages(path) discover
[0.248s] Level 1:colcon.colcon_core.package_discovery:discover_packages(path) using defaults
[0.261s] INFO:colcon.colcon_core.package_selection:Skipping not selected package 'bluey_interface' in 'src/bluey_interface'
[0.261s] Level 1:colcon.colcon_core.package_discovery:discover_packages(prefix_path) check parameters
[0.261s] Level 1:colcon.colcon_core.package_discovery:discover_packages(prefix_path) discover
[0.262s] DEBUG:colcon.colcon_installed_package_information.package_discovery:Found 2 installed packages in /home/jenkin/Documents/bluey/ros2_ws/install
[0.263s] DEBUG:colcon.colcon_installed_package_information.package_discovery:Found 270 installed packages in /opt/ros/foxy
[0.264s] Level 1:colcon.colcon_core.package_discovery:discover_packages(prefix_path) using defaults
[0.298s] Level 5:colcon.colcon_core.verb:set package 'bluey_tools' build argument 'cmake_args' from command line to 'None'
[0.298s] Level 5:colcon.colcon_core.verb:set package 'bluey_tools' build argument 'cmake_target' from command line to 'None'
[0.298s] Level 5:colcon.colcon_core.verb:set package 'bluey_tools' build argument 'cmake_target_skip_unavailable' from command line to 'False'
[0.298s] Level 5:colcon.colcon_core.verb:set package 'bluey_tools' build argument 'cmake_clean_cache' from command line to 'False'
[0.298s] Level 5:colcon.colcon_core.verb:set package 'bluey_tools' build argument 'cmake_clean_first' from command line to 'False'
[0.298s] Level 5:colcon.colcon_core.verb:set package 'bluey_tools' build argument 'cmake_force_configure' from command line to 'False'
[0.298s] Level 5:colcon.colcon_core.verb:set package 'bluey_tools' build argument 'ament_cmake_args' from command line to 'None'
[0.298s] Level 5:colcon.colcon_core.verb:set package 'bluey_tools' build argument 'catkin_cmake_args' from command line to 'None'
[0.298s] Level 5:colcon.colcon_core.verb:set package 'bluey_tools' build argument 'catkin_skip_building_tests' from command line to 'False'
[0.298s] DEBUG:colcon.colcon_core.verb:Building package 'bluey_tools' with the following arguments: {'ament_cmake_args': None, 'build_base': '/home/jenkin/Documents/bluey/ros2_ws/build/bluey_tools', 'catkin_cmake_args': None, 'catkin_skip_building_tests': False, 'cmake_args': None, 'cmake_clean_cache': False, 'cmake_clean_first': False, 'cmake_force_configure': False, 'cmake_target': None, 'cmake_target_skip_unavailable': False, 'install_base': '/home/jenkin/Documents/bluey/ros2_ws/install/bluey_tools', 'merge_install': False, 'path': '/home/jenkin/Documents/bluey/ros2_ws/src/bluey_tools', 'symlink_install': False, 'test_result_base': None}
[0.299s] INFO:colcon.colcon_core.executor:Executing jobs using 'parallel' executor
[0.300s] DEBUG:colcon.colcon_parallel_executor.executor.parallel:run_until_complete
[0.301s] INFO:colcon.colcon_ros.task.ament_python.build:Building ROS package in '/home/jenkin/Documents/bluey/ros2_ws/src/bluey_tools' with build type 'ament_python'
[0.301s] Level 1:colcon.colcon_core.shell:create_environment_hook('bluey_tools', 'ament_prefix_path')
[0.304s] INFO:colcon.colcon_core.plugin_system:Skipping extension 'colcon_core.shell.bat': Not used on non-Windows systems
[0.304s] INFO:colcon.colcon_core.shell:Creating environment hook '/home/jenkin/Documents/bluey/ros2_ws/install/bluey_tools/share/bluey_tools/hook/ament_prefix_path.ps1'
[0.304s] INFO:colcon.colcon_core.shell:Creating environment descriptor '/home/jenkin/Documents/bluey/ros2_ws/install/bluey_tools/share/bluey_tools/hook/ament_prefix_path.dsv'
[0.304s] INFO:colcon.colcon_core.shell:Creating environment hook '/home/jenkin/Documents/bluey/ros2_ws/install/bluey_tools/share/bluey_tools/hook/ament_prefix_path.sh'
[0.305s] INFO:colcon.colcon_core.shell:Skip shell extension 'powershell' for command environment: Not usable outside of PowerShell
[0.305s] DEBUG:colcon.colcon_core.shell:Skip shell extension 'dsv' for command environment
[0.530s] INFO:colcon.colcon_core.task.python.build:Building Python package in '/home/jenkin/Documents/bluey/ros2_ws/src/bluey_tools'
[0.531s] INFO:colcon.colcon_core.shell:Skip shell extension 'powershell' for command environment: Not usable outside of PowerShell
[0.531s] DEBUG:colcon.colcon_core.shell:Skip shell extension 'dsv' for command environment
[0.819s] DEBUG:colcon.colcon_core.event_handler.log_command:Invoking command in '/home/jenkin/Documents/bluey/ros2_ws/src/bluey_tools': PYTHONPATH=/home/jenkin/Documents/bluey/ros2_ws/build/bluey_tools/prefix_override:/home/jenkin/Documents/bluey/ros2_ws/install/bluey_tools/lib/python3.8/site-packages:${PYTHONPATH} /usr/bin/python3 setup.py egg_info --egg-base ../../build/bluey_tools build --build-base /home/jenkin/Documents/bluey/ros2_ws/build/bluey_tools/build install --record /home/jenkin/Documents/bluey/ros2_ws/build/bluey_tools/install.log --install-scripts $base/lib/bluey_tools --single-version-externally-managed
[1.018s] DEBUG:colcon.colcon_core.event_handler.log_command:Invoked command in '/home/jenkin/Documents/bluey/ros2_ws/src/bluey_tools' returned '0': PYTHONPATH=/home/jenkin/Documents/bluey/ros2_ws/build/bluey_tools/prefix_override:/home/jenkin/Documents/bluey/ros2_ws/install/bluey_tools/lib/python3.8/site-packages:${PYTHONPATH} /usr/bin/python3 setup.py egg_info --egg-base ../../build/bluey_tools build --build-base /home/jenkin/Documents/bluey/ros2_ws/build/bluey_tools/build install --record /home/jenkin/Documents/bluey/ros2_ws/build/bluey_tools/install.log --install-scripts $base/lib/bluey_tools --single-version-externally-managed
[1.021s] Level 1:colcon.colcon_core.environment:checking '/home/jenkin/Documents/bluey/ros2_ws/install/bluey_tools' for CMake module files
[1.021s] Level 1:colcon.colcon_core.environment:checking '/home/jenkin/Documents/bluey/ros2_ws/install/bluey_tools' for CMake config files
[1.021s] Level 1:colcon.colcon_core.environment:checking '/home/jenkin/Documents/bluey/ros2_ws/install/bluey_tools/lib'
[1.021s] Level 1:colcon.colcon_core.environment:checking '/home/jenkin/Documents/bluey/ros2_ws/install/bluey_tools/bin'
[1.022s] Level 1:colcon.colcon_core.environment:checking '/home/jenkin/Documents/bluey/ros2_ws/install/bluey_tools/lib/pkgconfig/bluey_tools.pc'
[1.022s] Level 1:colcon.colcon_core.environment:checking '/home/jenkin/Documents/bluey/ros2_ws/install/bluey_tools/lib/python3.8/site-packages'
[1.022s] Level 1:colcon.colcon_core.shell:create_environment_hook('bluey_tools', 'pythonpath')
[1.022s] INFO:colcon.colcon_core.shell:Creating environment hook '/home/jenkin/Documents/bluey/ros2_ws/install/bluey_tools/share/bluey_tools/hook/pythonpath.ps1'
[1.023s] INFO:colcon.colcon_core.shell:Creating environment descriptor '/home/jenkin/Documents/bluey/ros2_ws/install/bluey_tools/share/bluey_tools/hook/pythonpath.dsv'
[1.023s] INFO:colcon.colcon_core.shell:Creating environment hook '/home/jenkin/Documents/bluey/ros2_ws/install/bluey_tools/share/bluey_tools/hook/pythonpath.sh'
[1.023s] Level 1:colcon.colcon_core.environment:checking '/home/jenkin/Documents/bluey/ros2_ws/install/bluey_tools/bin'
[1.023s] Level 1:colcon.colcon_core.environment:create_environment_scripts_only(bluey_tools)
[1.024s] INFO:colcon.colcon_core.shell:Creating package script '/home/jenkin/Documents/bluey/ros2_ws/install/bluey_tools/share/bluey_tools/package.ps1'
[1.024s] INFO:colcon.colcon_core.shell:Creating package descriptor '/home/jenkin/Documents/bluey/ros2_ws/install/bluey_tools/share/bluey_tools/package.dsv'
[1.025s] INFO:colcon.colcon_core.shell:Creating package script '/home/jenkin/Documents/bluey/ros2_ws/install/bluey_tools/share/bluey_tools/package.sh'
[1.025s] INFO:colcon.colcon_core.shell:Creating package script '/home/jenkin/Documents/bluey/ros2_ws/install/bluey_tools/share/bluey_tools/package.bash'
[1.026s] INFO:colcon.colcon_core.shell:Creating package script '/home/jenkin/Documents/bluey/ros2_ws/install/bluey_tools/share/bluey_tools/package.zsh'
[1.026s] Level 1:colcon.colcon_core.environment:create_file_with_runtime_dependencies(/home/jenkin/Documents/bluey/ros2_ws/install/bluey_tools/share/colcon-core/packages/bluey_tools)
[1.026s] DEBUG:colcon.colcon_parallel_executor.executor.parallel:closing loop
[1.027s] DEBUG:colcon.colcon_parallel_executor.executor.parallel:loop closed
[1.027s] DEBUG:colcon.colcon_parallel_executor.executor.parallel:run_until_complete finished with '0'
[1.027s] DEBUG:colcon.colcon_core.event_reactor:joining thread
[1.030s] INFO:colcon.colcon_core.plugin_system:Skipping extension 'colcon_notification.desktop_notification.terminal_notifier': Not used on non-Darwin systems
[1.030s] INFO:colcon.colcon_core.plugin_system:Skipping extension 'colcon_notification.desktop_notification.win32': Not used on non-Windows systems
[1.030s] INFO:colcon.colcon_notification.desktop_notification:Sending desktop notification using 'notify2'
[1.044s] DEBUG:colcon.colcon_core.event_reactor:joined thread
[1.045s] INFO:colcon.colcon_core.shell:Creating prefix script '/home/jenkin/Documents/bluey/ros2_ws/install/local_setup.ps1'
[1.045s] INFO:colcon.colcon_core.shell:Creating prefix util module '/home/jenkin/Documents/bluey/ros2_ws/install/_local_setup_util_ps1.py'
[1.046s] INFO:colcon.colcon_core.shell:Creating prefix chain script '/home/jenkin/Documents/bluey/ros2_ws/install/setup.ps1'
[1.047s] INFO:colcon.colcon_core.shell:Creating prefix script '/home/jenkin/Documents/bluey/ros2_ws/install/local_setup.sh'
[1.048s] INFO:colcon.colcon_core.shell:Creating prefix util module '/home/jenkin/Documents/bluey/ros2_ws/install/_local_setup_util_sh.py'
[1.049s] INFO:colcon.colcon_core.shell:Creating prefix chain script '/home/jenkin/Documents/bluey/ros2_ws/install/setup.sh'
[1.050s] INFO:colcon.colcon_core.shell:Creating prefix script '/home/jenkin/Documents/bluey/ros2_ws/install/local_setup.bash'
[1.051s] INFO:colcon.colcon_core.shell:Creating prefix chain script '/home/jenkin/Documents/bluey/ros2_ws/install/setup.bash'
[1.052s] INFO:colcon.colcon_core.shell:Creating prefix script '/home/jenkin/Documents/bluey/ros2_ws/install/local_setup.zsh'
[1.052s] INFO:colcon.colcon_core.shell:Creating prefix chain script '/home/jenkin/Documents/bluey/ros2_ws/install/setup.zsh'
