[0.258s] DEBUG:colcon:Command line arguments: ['/usr/bin/colcon', 'build']
[0.258s] DEBUG:colcon:Parsed command line arguments: Namespace(allow_overriding=[], ament_cmake_args=None, base_paths=['.'], build_base='build', catkin_cmake_args=None, catkin_skip_building_tests=False, cmake_args=None, cmake_clean_cache=False, cmake_clean_first=False, cmake_force_configure=False, cmake_target=None, cmake_target_skip_unavailable=False, continue_on_error=False, event_handlers=None, executor='parallel', ignore_user_meta=False, install_base='install', log_base=None, log_level=None, main=<bound method BuildVerb.main of <colcon_core.verb.build.BuildVerb object at 0xffff9a7a31c0>>, merge_install=False, metas=['./colcon.meta'], packages_above=None, packages_above_and_dependencies=None, packages_above_depth=None, packages_end=None, packages_ignore=None, packages_ignore_regex=None, packages_select=None, packages_select_build_failed=False, packages_select_by_dep=None, packages_select_regex=None, packages_select_test_failures=False, packages_skip=None, packages_skip_build_finished=False, packages_skip_by_dep=None, packages_skip_regex=None, packages_skip_test_passed=False, packages_skip_up_to=None, packages_start=None, packages_up_to=None, packages_up_to_regex=None, parallel_workers=4, paths=None, symlink_install=False, test_result_base=None, verb_extension=<colcon_core.verb.build.BuildVerb object at 0xffff9a7a31c0>, verb_name='build', verb_parser=<colcon_defaults.argument_parser.defaults.DefaultArgumentsDecorator object at 0xffff9a7a3700>)
[0.284s] Level 1:colcon.colcon_core.package_discovery:discover_packages(colcon_meta) check parameters
[0.285s] Level 1:colcon.colcon_core.package_discovery:discover_packages(recursive) check parameters
[0.285s] Level 1:colcon.colcon_core.package_discovery:discover_packages(ignore) check parameters
[0.285s] Level 1:colcon.colcon_core.package_discovery:discover_packages(path) check parameters
[0.285s] Level 1:colcon.colcon_core.package_discovery:discover_packages(colcon_meta) discover
[0.285s] Level 1:colcon.colcon_core.package_discovery:discover_packages(recursive) discover
[0.285s] INFO:colcon.colcon_core.package_discovery:Crawling recursively for packages in '/home/jenkin/Documents/bluey/ros2_ws'
[0.285s] Level 1:colcon.colcon_core.package_identification:_identify(.) by extensions ['ignore', 'ignore_ament_install']
[0.285s] Level 1:colcon.colcon_core.package_identification:_identify(.) by extension 'ignore'
[0.285s] Level 1:colcon.colcon_core.package_identification:_identify(.) by extension 'ignore_ament_install'
[0.285s] Level 1:colcon.colcon_core.package_identification:_identify(.) by extensions ['colcon_pkg']
[0.285s] Level 1:colcon.colcon_core.package_identification:_identify(.) by extension 'colcon_pkg'
[0.285s] Level 1:colcon.colcon_core.package_identification:_identify(.) by extensions ['colcon_meta']
[0.285s] Level 1:colcon.colcon_core.package_identification:_identify(.) by extension 'colcon_meta'
[0.285s] Level 1:colcon.colcon_core.package_identification:_identify(.) by extensions ['ros']
[0.285s] Level 1:colcon.colcon_core.package_identification:_identify(.) by extension 'ros'
[0.310s] Level 1:colcon.colcon_core.package_identification:_identify(.) by extensions ['cmake', 'python']
[0.310s] Level 1:colcon.colcon_core.package_identification:_identify(.) by extension 'cmake'
[0.310s] Level 1:colcon.colcon_core.package_identification:_identify(.) by extension 'python'
[0.310s] Level 1:colcon.colcon_core.package_identification:_identify(.) by extensions ['python_setup_py']
[0.310s] Level 1:colcon.colcon_core.package_identification:_identify(.) by extension 'python_setup_py'
[0.310s] Level 1:colcon.colcon_core.package_identification:_identify(build) by extensions ['ignore', 'ignore_ament_install']
[0.311s] Level 1:colcon.colcon_core.package_identification:_identify(build) by extension 'ignore'
[0.311s] Level 1:colcon.colcon_core.package_identification:_identify(build) ignored
[0.311s] Level 1:colcon.colcon_core.package_identification:_identify(install) by extensions ['ignore', 'ignore_ament_install']
[0.311s] Level 1:colcon.colcon_core.package_identification:_identify(install) by extension 'ignore'
[0.311s] Level 1:colcon.colcon_core.package_identification:_identify(install) ignored
[0.311s] Level 1:colcon.colcon_core.package_identification:_identify(log) by extensions ['ignore', 'ignore_ament_install']
[0.311s] Level 1:colcon.colcon_core.package_identification:_identify(log) by extension 'ignore'
[0.311s] Level 1:colcon.colcon_core.package_identification:_identify(log) ignored
[0.311s] Level 1:colcon.colcon_core.package_identification:_identify(src) by extensions ['ignore', 'ignore_ament_install']
[0.311s] Level 1:colcon.colcon_core.package_identification:_identify(src) by extension 'ignore'
[0.311s] Level 1:colcon.colcon_core.package_identification:_identify(src) by extension 'ignore_ament_install'
[0.311s] Level 1:colcon.colcon_core.package_identification:_identify(src) by extensions ['colcon_pkg']
[0.311s] Level 1:colcon.colcon_core.package_identification:_identify(src) by extension 'colcon_pkg'
[0.311s] Level 1:colcon.colcon_core.package_identification:_identify(src) by extensions ['colcon_meta']
[0.311s] Level 1:colcon.colcon_core.package_identification:_identify(src) by extension 'colcon_meta'
[0.311s] Level 1:colcon.colcon_core.package_identification:_identify(src) by extensions ['ros']
[0.311s] Level 1:colcon.colcon_core.package_identification:_identify(src) by extension 'ros'
[0.311s] Level 1:colcon.colcon_core.package_identification:_identify(src) by extensions ['cmake', 'python']
[0.311s] Level 1:colcon.colcon_core.package_identification:_identify(src) by extension 'cmake'
[0.311s] Level 1:colcon.colcon_core.package_identification:_identify(src) by extension 'python'
[0.311s] Level 1:colcon.colcon_core.package_identification:_identify(src) by extensions ['python_setup_py']
[0.311s] Level 1:colcon.colcon_core.package_identification:_identify(src) by extension 'python_setup_py'
[0.311s] Level 1:colcon.colcon_core.package_identification:_identify(src/bluey_interface) by extensions ['ignore', 'ignore_ament_install']
[0.311s] Level 1:colcon.colcon_core.package_identification:_identify(src/bluey_interface) by extension 'ignore'
[0.311s] Level 1:colcon.colcon_core.package_identification:_identify(src/bluey_interface) by extension 'ignore_ament_install'
[0.311s] Level 1:colcon.colcon_core.package_identification:_identify(src/bluey_interface) by extensions ['colcon_pkg']
[0.311s] Level 1:colcon.colcon_core.package_identification:_identify(src/bluey_interface) by extension 'colcon_pkg'
[0.311s] Level 1:colcon.colcon_core.package_identification:_identify(src/bluey_interface) by extensions ['colcon_meta']
[0.312s] Level 1:colcon.colcon_core.package_identification:_identify(src/bluey_interface) by extension 'colcon_meta'
[0.312s] Level 1:colcon.colcon_core.package_identification:_identify(src/bluey_interface) by extensions ['ros']
[0.312s] Level 1:colcon.colcon_core.package_identification:_identify(src/bluey_interface) by extension 'ros'
[0.313s] DEBUG:colcon.colcon_core.package_identification:Package 'src/bluey_interface' with type 'ros.ament_cmake' and name 'bluey_interface'
[0.313s] Level 1:colcon.colcon_core.package_identification:_identify(src/bluey_tools) by extensions ['ignore', 'ignore_ament_install']
[0.313s] Level 1:colcon.colcon_core.package_identification:_identify(src/bluey_tools) by extension 'ignore'
[0.313s] Level 1:colcon.colcon_core.package_identification:_identify(src/bluey_tools) by extension 'ignore_ament_install'
[0.314s] Level 1:colcon.colcon_core.package_identification:_identify(src/bluey_tools) by extensions ['colcon_pkg']
[0.314s] Level 1:colcon.colcon_core.package_identification:_identify(src/bluey_tools) by extension 'colcon_pkg'
[0.314s] Level 1:colcon.colcon_core.package_identification:_identify(src/bluey_tools) by extensions ['colcon_meta']
[0.314s] Level 1:colcon.colcon_core.package_identification:_identify(src/bluey_tools) by extension 'colcon_meta'
[0.314s] Level 1:colcon.colcon_core.package_identification:_identify(src/bluey_tools) by extensions ['ros']
[0.314s] Level 1:colcon.colcon_core.package_identification:_identify(src/bluey_tools) by extension 'ros'
[0.314s] DEBUG:colcon.colcon_core.package_identification:Package 'src/bluey_tools' with type 'ros.ament_python' and name 'bluey_tools'
[0.314s] Level 1:colcon.colcon_core.package_discovery:discover_packages(recursive) using defaults
[0.314s] Level 1:colcon.colcon_core.package_discovery:discover_packages(ignore) discover
[0.314s] Level 1:colcon.colcon_core.package_discovery:discover_packages(ignore) using defaults
[0.314s] Level 1:colcon.colcon_core.package_discovery:discover_packages(path) discover
[0.314s] Level 1:colcon.colcon_core.package_discovery:discover_packages(path) using defaults
[0.338s] Level 1:colcon.colcon_core.package_discovery:discover_packages(prefix_path) check parameters
[0.338s] Level 1:colcon.colcon_core.package_discovery:discover_packages(prefix_path) discover
[0.340s] DEBUG:colcon.colcon_installed_package_information.package_discovery:Found 2 installed packages in /home/jenkin/Documents/bluey/ros2_ws/install
[0.343s] DEBUG:colcon.colcon_installed_package_information.package_discovery:Found 4 installed packages in /home/jenkin/Documents/airchair/chair_ws/install
[0.347s] DEBUG:colcon.colcon_installed_package_information.package_discovery:Found 270 installed packages in /opt/ros/foxy
[0.348s] Level 1:colcon.colcon_core.package_discovery:discover_packages(prefix_path) using defaults
[0.403s] Level 5:colcon.colcon_core.verb:set package 'bluey_interface' build argument 'cmake_args' from command line to 'None'
[0.403s] Level 5:colcon.colcon_core.verb:set package 'bluey_interface' build argument 'cmake_target' from command line to 'None'
[0.403s] Level 5:colcon.colcon_core.verb:set package 'bluey_interface' build argument 'cmake_target_skip_unavailable' from command line to 'False'
[0.403s] Level 5:colcon.colcon_core.verb:set package 'bluey_interface' build argument 'cmake_clean_cache' from command line to 'False'
[0.403s] Level 5:colcon.colcon_core.verb:set package 'bluey_interface' build argument 'cmake_clean_first' from command line to 'False'
[0.403s] Level 5:colcon.colcon_core.verb:set package 'bluey_interface' build argument 'cmake_force_configure' from command line to 'False'
[0.403s] Level 5:colcon.colcon_core.verb:set package 'bluey_interface' build argument 'ament_cmake_args' from command line to 'None'
[0.403s] Level 5:colcon.colcon_core.verb:set package 'bluey_interface' build argument 'catkin_cmake_args' from command line to 'None'
[0.403s] Level 5:colcon.colcon_core.verb:set package 'bluey_interface' build argument 'catkin_skip_building_tests' from command line to 'False'
[0.403s] DEBUG:colcon.colcon_core.verb:Building package 'bluey_interface' with the following arguments: {'ament_cmake_args': None, 'build_base': '/home/jenkin/Documents/bluey/ros2_ws/build/bluey_interface', 'catkin_cmake_args': None, 'catkin_skip_building_tests': False, 'cmake_args': None, 'cmake_clean_cache': False, 'cmake_clean_first': False, 'cmake_force_configure': False, 'cmake_target': None, 'cmake_target_skip_unavailable': False, 'install_base': '/home/jenkin/Documents/bluey/ros2_ws/install/bluey_interface', 'merge_install': False, 'path': '/home/jenkin/Documents/bluey/ros2_ws/src/bluey_interface', 'symlink_install': False, 'test_result_base': None}
[0.404s] Level 5:colcon.colcon_core.verb:set package 'bluey_tools' build argument 'cmake_args' from command line to 'None'
[0.404s] Level 5:colcon.colcon_core.verb:set package 'bluey_tools' build argument 'cmake_target' from command line to 'None'
[0.404s] Level 5:colcon.colcon_core.verb:set package 'bluey_tools' build argument 'cmake_target_skip_unavailable' from command line to 'False'
[0.404s] Level 5:colcon.colcon_core.verb:set package 'bluey_tools' build argument 'cmake_clean_cache' from command line to 'False'
[0.404s] Level 5:colcon.colcon_core.verb:set package 'bluey_tools' build argument 'cmake_clean_first' from command line to 'False'
[0.404s] Level 5:colcon.colcon_core.verb:set package 'bluey_tools' build argument 'cmake_force_configure' from command line to 'False'
[0.404s] Level 5:colcon.colcon_core.verb:set package 'bluey_tools' build argument 'ament_cmake_args' from command line to 'None'
[0.404s] Level 5:colcon.colcon_core.verb:set package 'bluey_tools' build argument 'catkin_cmake_args' from command line to 'None'
[0.404s] Level 5:colcon.colcon_core.verb:set package 'bluey_tools' build argument 'catkin_skip_building_tests' from command line to 'False'
[0.404s] DEBUG:colcon.colcon_core.verb:Building package 'bluey_tools' with the following arguments: {'ament_cmake_args': None, 'build_base': '/home/jenkin/Documents/bluey/ros2_ws/build/bluey_tools', 'catkin_cmake_args': None, 'catkin_skip_building_tests': False, 'cmake_args': None, 'cmake_clean_cache': False, 'cmake_clean_first': False, 'cmake_force_configure': False, 'cmake_target': None, 'cmake_target_skip_unavailable': False, 'install_base': '/home/jenkin/Documents/bluey/ros2_ws/install/bluey_tools', 'merge_install': False, 'path': '/home/jenkin/Documents/bluey/ros2_ws/src/bluey_tools', 'symlink_install': False, 'test_result_base': None}
[0.404s] INFO:colcon.colcon_core.executor:Executing jobs using 'parallel' executor
[0.409s] DEBUG:colcon.colcon_parallel_executor.executor.parallel:run_until_complete
[0.409s] INFO:colcon.colcon_ros.task.ament_cmake.build:Building ROS package in '/home/jenkin/Documents/bluey/ros2_ws/src/bluey_interface' with build type 'ament_cmake'
[0.409s] INFO:colcon.colcon_cmake.task.cmake.build:Building CMake package in '/home/jenkin/Documents/bluey/ros2_ws/src/bluey_interface'
[0.412s] INFO:colcon.colcon_core.plugin_system:Skipping extension 'colcon_core.shell.bat': Not used on non-Windows systems
[0.413s] INFO:colcon.colcon_core.shell:Skip shell extension 'powershell' for command environment: Not usable outside of PowerShell
[0.413s] DEBUG:colcon.colcon_core.shell:Skip shell extension 'dsv' for command environment
[0.424s] INFO:colcon.colcon_ros.task.ament_python.build:Building ROS package in '/home/jenkin/Documents/bluey/ros2_ws/src/bluey_tools' with build type 'ament_python'
[0.424s] Level 1:colcon.colcon_core.shell:create_environment_hook('bluey_tools', 'ament_prefix_path')
[0.425s] INFO:colcon.colcon_core.shell:Creating environment hook '/home/jenkin/Documents/bluey/ros2_ws/install/bluey_tools/share/bluey_tools/hook/ament_prefix_path.ps1'
[0.427s] INFO:colcon.colcon_core.shell:Creating environment descriptor '/home/jenkin/Documents/bluey/ros2_ws/install/bluey_tools/share/bluey_tools/hook/ament_prefix_path.dsv'
[0.427s] INFO:colcon.colcon_core.shell:Creating environment hook '/home/jenkin/Documents/bluey/ros2_ws/install/bluey_tools/share/bluey_tools/hook/ament_prefix_path.sh'
[0.433s] INFO:colcon.colcon_core.shell:Skip shell extension 'powershell' for command environment: Not usable outside of PowerShell
[0.434s] DEBUG:colcon.colcon_core.shell:Skip shell extension 'dsv' for command environment
[0.445s] DEBUG:colcon.colcon_core.event_handler.log_command:Invoking command in '/home/jenkin/Documents/bluey/ros2_ws/build/bluey_interface': CMAKE_PREFIX_PATH=${CMAKE_PREFIX_PATH}:/home/jenkin/Documents/airchair/chair_ws/install/chair_pose:/home/jenkin/Documents/airchair/chair_ws/install/chair_openpose:/home/jenkin/Documents/airchair/chair_ws/install/chair:/home/jenkin/Documents/bluey/ros2_ws/install/bluey_tools:/opt/ros/foxy /usr/bin/cmake --build /home/jenkin/Documents/bluey/ros2_ws/build/bluey_interface -- -j4 -l4
[0.699s] INFO:colcon.colcon_core.task.python.build:Building Python package in '/home/jenkin/Documents/bluey/ros2_ws/src/bluey_tools'
[0.702s] INFO:colcon.colcon_core.shell:Skip shell extension 'powershell' for command environment: Not usable outside of PowerShell
[0.702s] DEBUG:colcon.colcon_core.shell:Skip shell extension 'dsv' for command environment
[0.993s] DEBUG:colcon.colcon_core.event_handler.log_command:Invoked command in '/home/jenkin/Documents/bluey/ros2_ws/build/bluey_interface' returned '0': CMAKE_PREFIX_PATH=${CMAKE_PREFIX_PATH}:/home/jenkin/Documents/airchair/chair_ws/install/chair_pose:/home/jenkin/Documents/airchair/chair_ws/install/chair_openpose:/home/jenkin/Documents/airchair/chair_ws/install/chair:/home/jenkin/Documents/bluey/ros2_ws/install/bluey_tools:/opt/ros/foxy /usr/bin/cmake --build /home/jenkin/Documents/bluey/ros2_ws/build/bluey_interface -- -j4 -l4
[1.077s] DEBUG:colcon.colcon_core.event_handler.log_command:Invoking command in '/home/jenkin/Documents/bluey/ros2_ws/src/bluey_tools': PYTHONPATH=/home/jenkin/Documents/bluey/ros2_ws/build/bluey_tools/prefix_override:/home/jenkin/Documents/bluey/ros2_ws/install/bluey_tools/lib/python3.8/site-packages:${PYTHONPATH} /usr/bin/python3 setup.py egg_info --egg-base ../../build/bluey_tools build --build-base /home/jenkin/Documents/bluey/ros2_ws/build/bluey_tools/build install --record /home/jenkin/Documents/bluey/ros2_ws/build/bluey_tools/install.log --install-scripts $base/lib/bluey_tools --single-version-externally-managed
[1.332s] Level 1:colcon.colcon_core.environment:checking '/home/jenkin/Documents/bluey/ros2_ws/install/bluey_tools' for CMake module files
[1.333s] Level 1:colcon.colcon_core.environment:checking '/home/jenkin/Documents/bluey/ros2_ws/install/bluey_tools' for CMake config files
[1.334s] Level 1:colcon.colcon_core.environment:checking '/home/jenkin/Documents/bluey/ros2_ws/install/bluey_tools/lib'
[1.334s] Level 1:colcon.colcon_core.environment:checking '/home/jenkin/Documents/bluey/ros2_ws/install/bluey_tools/bin'
[1.334s] Level 1:colcon.colcon_core.environment:checking '/home/jenkin/Documents/bluey/ros2_ws/install/bluey_tools/lib/pkgconfig/bluey_tools.pc'
[1.334s] Level 1:colcon.colcon_core.environment:checking '/home/jenkin/Documents/bluey/ros2_ws/install/bluey_tools/lib/python3.8/site-packages'
[1.334s] Level 1:colcon.colcon_core.shell:create_environment_hook('bluey_tools', 'pythonpath')
[1.336s] INFO:colcon.colcon_core.shell:Creating environment hook '/home/jenkin/Documents/bluey/ros2_ws/install/bluey_tools/share/bluey_tools/hook/pythonpath.ps1'
[1.336s] DEBUG:colcon.colcon_core.event_handler.log_command:Invoked command in '/home/jenkin/Documents/bluey/ros2_ws/src/bluey_tools' returned '0': PYTHONPATH=/home/jenkin/Documents/bluey/ros2_ws/build/bluey_tools/prefix_override:/home/jenkin/Documents/bluey/ros2_ws/install/bluey_tools/lib/python3.8/site-packages:${PYTHONPATH} /usr/bin/python3 setup.py egg_info --egg-base ../../build/bluey_tools build --build-base /home/jenkin/Documents/bluey/ros2_ws/build/bluey_tools/build install --record /home/jenkin/Documents/bluey/ros2_ws/build/bluey_tools/install.log --install-scripts $base/lib/bluey_tools --single-version-externally-managed
[1.336s] INFO:colcon.colcon_core.shell:Creating environment descriptor '/home/jenkin/Documents/bluey/ros2_ws/install/bluey_tools/share/bluey_tools/hook/pythonpath.dsv'
[1.337s] INFO:colcon.colcon_core.shell:Creating environment hook '/home/jenkin/Documents/bluey/ros2_ws/install/bluey_tools/share/bluey_tools/hook/pythonpath.sh'
[1.338s] Level 1:colcon.colcon_core.environment:checking '/home/jenkin/Documents/bluey/ros2_ws/install/bluey_tools/bin'
[1.338s] Level 1:colcon.colcon_core.environment:create_environment_scripts_only(bluey_tools)
[1.339s] INFO:colcon.colcon_core.shell:Creating package script '/home/jenkin/Documents/bluey/ros2_ws/install/bluey_tools/share/bluey_tools/package.ps1'
[1.339s] INFO:colcon.colcon_core.shell:Creating package descriptor '/home/jenkin/Documents/bluey/ros2_ws/install/bluey_tools/share/bluey_tools/package.dsv'
[1.340s] INFO:colcon.colcon_core.shell:Creating package script '/home/jenkin/Documents/bluey/ros2_ws/install/bluey_tools/share/bluey_tools/package.sh'
[1.341s] INFO:colcon.colcon_core.shell:Creating package script '/home/jenkin/Documents/bluey/ros2_ws/install/bluey_tools/share/bluey_tools/package.bash'
[1.342s] INFO:colcon.colcon_core.shell:Creating package script '/home/jenkin/Documents/bluey/ros2_ws/install/bluey_tools/share/bluey_tools/package.zsh'
[1.342s] Level 1:colcon.colcon_core.environment:create_file_with_runtime_dependencies(/home/jenkin/Documents/bluey/ros2_ws/install/bluey_tools/share/colcon-core/packages/bluey_tools)
[1.452s] DEBUG:colcon.colcon_core.event_handler.log_command:Invoking command in '/home/jenkin/Documents/bluey/ros2_ws/build/bluey_interface': CMAKE_PREFIX_PATH=${CMAKE_PREFIX_PATH}:/home/jenkin/Documents/airchair/chair_ws/install/chair_pose:/home/jenkin/Documents/airchair/chair_ws/install/chair_openpose:/home/jenkin/Documents/airchair/chair_ws/install/chair:/home/jenkin/Documents/bluey/ros2_ws/install/bluey_tools:/opt/ros/foxy /usr/bin/cmake --install /home/jenkin/Documents/bluey/ros2_ws/build/bluey_interface
[1.556s] Level 1:colcon.colcon_core.environment:create_environment_scripts_only(bluey_interface)
[1.557s] DEBUG:colcon.colcon_core.event_handler.log_command:Invoked command in '/home/jenkin/Documents/bluey/ros2_ws/build/bluey_interface' returned '0': CMAKE_PREFIX_PATH=${CMAKE_PREFIX_PATH}:/home/jenkin/Documents/airchair/chair_ws/install/chair_pose:/home/jenkin/Documents/airchair/chair_ws/install/chair_openpose:/home/jenkin/Documents/airchair/chair_ws/install/chair:/home/jenkin/Documents/bluey/ros2_ws/install/bluey_tools:/opt/ros/foxy /usr/bin/cmake --install /home/jenkin/Documents/bluey/ros2_ws/build/bluey_interface
[1.558s] Level 1:colcon.colcon_core.environment:checking '/home/jenkin/Documents/bluey/ros2_ws/install/bluey_interface' for CMake module files
[1.560s] Level 1:colcon.colcon_core.environment:checking '/home/jenkin/Documents/bluey/ros2_ws/install/bluey_interface' for CMake config files
[1.560s] Level 1:colcon.colcon_core.shell:create_environment_hook('bluey_interface', 'cmake_prefix_path')
[1.562s] INFO:colcon.colcon_core.shell:Creating environment hook '/home/jenkin/Documents/bluey/ros2_ws/install/bluey_interface/share/bluey_interface/hook/cmake_prefix_path.ps1'
[1.562s] INFO:colcon.colcon_core.shell:Creating environment descriptor '/home/jenkin/Documents/bluey/ros2_ws/install/bluey_interface/share/bluey_interface/hook/cmake_prefix_path.dsv'
[1.562s] INFO:colcon.colcon_core.shell:Creating environment hook '/home/jenkin/Documents/bluey/ros2_ws/install/bluey_interface/share/bluey_interface/hook/cmake_prefix_path.sh'
[1.563s] Level 1:colcon.colcon_core.environment:checking '/home/jenkin/Documents/bluey/ros2_ws/install/bluey_interface/lib'
[1.563s] Level 1:colcon.colcon_core.shell:create_environment_hook('bluey_interface', 'ld_library_path_lib')
[1.564s] INFO:colcon.colcon_core.shell:Creating environment hook '/home/jenkin/Documents/bluey/ros2_ws/install/bluey_interface/share/bluey_interface/hook/ld_library_path_lib.ps1'
[1.564s] INFO:colcon.colcon_core.shell:Creating environment descriptor '/home/jenkin/Documents/bluey/ros2_ws/install/bluey_interface/share/bluey_interface/hook/ld_library_path_lib.dsv'
[1.565s] INFO:colcon.colcon_core.shell:Creating environment hook '/home/jenkin/Documents/bluey/ros2_ws/install/bluey_interface/share/bluey_interface/hook/ld_library_path_lib.sh'
[1.565s] Level 1:colcon.colcon_core.environment:checking '/home/jenkin/Documents/bluey/ros2_ws/install/bluey_interface/bin'
[1.565s] Level 1:colcon.colcon_core.environment:checking '/home/jenkin/Documents/bluey/ros2_ws/install/bluey_interface/lib/pkgconfig/bluey_interface.pc'
[1.565s] Level 1:colcon.colcon_core.environment:checking '/home/jenkin/Documents/bluey/ros2_ws/install/bluey_interface/lib/python3.8/site-packages'
[1.565s] Level 1:colcon.colcon_core.shell:create_environment_hook('bluey_interface', 'pythonpath')
[1.567s] INFO:colcon.colcon_core.shell:Creating environment hook '/home/jenkin/Documents/bluey/ros2_ws/install/bluey_interface/share/bluey_interface/hook/pythonpath.ps1'
[1.568s] INFO:colcon.colcon_core.shell:Creating environment descriptor '/home/jenkin/Documents/bluey/ros2_ws/install/bluey_interface/share/bluey_interface/hook/pythonpath.dsv'
[1.569s] INFO:colcon.colcon_core.shell:Creating environment hook '/home/jenkin/Documents/bluey/ros2_ws/install/bluey_interface/share/bluey_interface/hook/pythonpath.sh'
[1.570s] Level 1:colcon.colcon_core.environment:checking '/home/jenkin/Documents/bluey/ros2_ws/install/bluey_interface/bin'
[1.571s] INFO:colcon.colcon_core.shell:Creating package script '/home/jenkin/Documents/bluey/ros2_ws/install/bluey_interface/share/bluey_interface/package.ps1'
[1.572s] INFO:colcon.colcon_core.shell:Creating package descriptor '/home/jenkin/Documents/bluey/ros2_ws/install/bluey_interface/share/bluey_interface/package.dsv'
[1.572s] INFO:colcon.colcon_core.shell:Creating package script '/home/jenkin/Documents/bluey/ros2_ws/install/bluey_interface/share/bluey_interface/package.sh'
[1.573s] INFO:colcon.colcon_core.shell:Creating package script '/home/jenkin/Documents/bluey/ros2_ws/install/bluey_interface/share/bluey_interface/package.bash'
[1.573s] INFO:colcon.colcon_core.shell:Creating package script '/home/jenkin/Documents/bluey/ros2_ws/install/bluey_interface/share/bluey_interface/package.zsh'
[1.573s] Level 1:colcon.colcon_core.environment:create_file_with_runtime_dependencies(/home/jenkin/Documents/bluey/ros2_ws/install/bluey_interface/share/colcon-core/packages/bluey_interface)
[1.910s] Level 1:colcon.colcon_core.environment:create_environment_scripts_only(bluey_interface)
[1.911s] Level 1:colcon.colcon_core.environment:checking '/home/jenkin/Documents/bluey/ros2_ws/install/bluey_interface' for CMake module files
[1.912s] Level 1:colcon.colcon_core.environment:checking '/home/jenkin/Documents/bluey/ros2_ws/install/bluey_interface' for CMake config files
[1.913s] Level 1:colcon.colcon_core.shell:create_environment_hook('bluey_interface', 'cmake_prefix_path')
[1.914s] INFO:colcon.colcon_core.shell:Creating environment hook '/home/jenkin/Documents/bluey/ros2_ws/install/bluey_interface/share/bluey_interface/hook/cmake_prefix_path.ps1'
[1.914s] INFO:colcon.colcon_core.shell:Creating environment descriptor '/home/jenkin/Documents/bluey/ros2_ws/install/bluey_interface/share/bluey_interface/hook/cmake_prefix_path.dsv'
[1.915s] INFO:colcon.colcon_core.shell:Creating environment hook '/home/jenkin/Documents/bluey/ros2_ws/install/bluey_interface/share/bluey_interface/hook/cmake_prefix_path.sh'
[1.917s] Level 1:colcon.colcon_core.environment:checking '/home/jenkin/Documents/bluey/ros2_ws/install/bluey_interface/lib'
[1.917s] Level 1:colcon.colcon_core.shell:create_environment_hook('bluey_interface', 'ld_library_path_lib')
[1.918s] INFO:colcon.colcon_core.shell:Creating environment hook '/home/jenkin/Documents/bluey/ros2_ws/install/bluey_interface/share/bluey_interface/hook/ld_library_path_lib.ps1'
[1.919s] INFO:colcon.colcon_core.shell:Creating environment descriptor '/home/jenkin/Documents/bluey/ros2_ws/install/bluey_interface/share/bluey_interface/hook/ld_library_path_lib.dsv'
[1.919s] INFO:colcon.colcon_core.shell:Creating environment hook '/home/jenkin/Documents/bluey/ros2_ws/install/bluey_interface/share/bluey_interface/hook/ld_library_path_lib.sh'
[1.920s] Level 1:colcon.colcon_core.environment:checking '/home/jenkin/Documents/bluey/ros2_ws/install/bluey_interface/bin'
[1.920s] Level 1:colcon.colcon_core.environment:checking '/home/jenkin/Documents/bluey/ros2_ws/install/bluey_interface/lib/pkgconfig/bluey_interface.pc'
[1.920s] Level 1:colcon.colcon_core.environment:checking '/home/jenkin/Documents/bluey/ros2_ws/install/bluey_interface/lib/python3.8/site-packages'
[1.920s] Level 1:colcon.colcon_core.shell:create_environment_hook('bluey_interface', 'pythonpath')
[1.921s] INFO:colcon.colcon_core.shell:Creating environment hook '/home/jenkin/Documents/bluey/ros2_ws/install/bluey_interface/share/bluey_interface/hook/pythonpath.ps1'
[1.921s] INFO:colcon.colcon_core.shell:Creating environment descriptor '/home/jenkin/Documents/bluey/ros2_ws/install/bluey_interface/share/bluey_interface/hook/pythonpath.dsv'
[1.922s] INFO:colcon.colcon_core.shell:Creating environment hook '/home/jenkin/Documents/bluey/ros2_ws/install/bluey_interface/share/bluey_interface/hook/pythonpath.sh'
[1.924s] Level 1:colcon.colcon_core.environment:checking '/home/jenkin/Documents/bluey/ros2_ws/install/bluey_interface/bin'
[1.925s] INFO:colcon.colcon_core.shell:Creating package script '/home/jenkin/Documents/bluey/ros2_ws/install/bluey_interface/share/bluey_interface/package.ps1'
[1.925s] INFO:colcon.colcon_core.shell:Creating package descriptor '/home/jenkin/Documents/bluey/ros2_ws/install/bluey_interface/share/bluey_interface/package.dsv'
[1.926s] INFO:colcon.colcon_core.shell:Creating package script '/home/jenkin/Documents/bluey/ros2_ws/install/bluey_interface/share/bluey_interface/package.sh'
[1.927s] INFO:colcon.colcon_core.shell:Creating package script '/home/jenkin/Documents/bluey/ros2_ws/install/bluey_interface/share/bluey_interface/package.bash'
[1.927s] INFO:colcon.colcon_core.shell:Creating package script '/home/jenkin/Documents/bluey/ros2_ws/install/bluey_interface/share/bluey_interface/package.zsh'
[1.928s] Level 1:colcon.colcon_core.environment:create_file_with_runtime_dependencies(/home/jenkin/Documents/bluey/ros2_ws/install/bluey_interface/share/colcon-core/packages/bluey_interface)
[1.929s] DEBUG:colcon.colcon_parallel_executor.executor.parallel:closing loop
[1.930s] DEBUG:colcon.colcon_parallel_executor.executor.parallel:loop closed
[1.930s] DEBUG:colcon.colcon_parallel_executor.executor.parallel:run_until_complete finished with '0'
[1.930s] DEBUG:colcon.colcon_core.event_reactor:joining thread
[1.934s] INFO:colcon.colcon_core.plugin_system:Skipping extension 'colcon_notification.desktop_notification.terminal_notifier': Not used on non-Darwin systems
[1.935s] INFO:colcon.colcon_core.plugin_system:Skipping extension 'colcon_notification.desktop_notification.win32': Not used on non-Windows systems
[1.935s] INFO:colcon.colcon_notification.desktop_notification:Sending desktop notification using 'notify2'
[1.960s] DEBUG:colcon.colcon_core.event_reactor:joined thread
[1.961s] INFO:colcon.colcon_core.shell:Creating prefix script '/home/jenkin/Documents/bluey/ros2_ws/install/local_setup.ps1'
[1.962s] INFO:colcon.colcon_core.shell:Creating prefix util module '/home/jenkin/Documents/bluey/ros2_ws/install/_local_setup_util_ps1.py'
[1.963s] INFO:colcon.colcon_core.shell:Creating prefix chain script '/home/jenkin/Documents/bluey/ros2_ws/install/setup.ps1'
[1.965s] INFO:colcon.colcon_core.shell:Creating prefix script '/home/jenkin/Documents/bluey/ros2_ws/install/local_setup.sh'
[1.966s] INFO:colcon.colcon_core.shell:Creating prefix util module '/home/jenkin/Documents/bluey/ros2_ws/install/_local_setup_util_sh.py'
[1.967s] INFO:colcon.colcon_core.shell:Creating prefix chain script '/home/jenkin/Documents/bluey/ros2_ws/install/setup.sh'
[1.971s] INFO:colcon.colcon_core.shell:Creating prefix script '/home/jenkin/Documents/bluey/ros2_ws/install/local_setup.bash'
[1.972s] INFO:colcon.colcon_core.shell:Creating prefix chain script '/home/jenkin/Documents/bluey/ros2_ws/install/setup.bash'
[1.974s] INFO:colcon.colcon_core.shell:Creating prefix script '/home/jenkin/Documents/bluey/ros2_ws/install/local_setup.zsh'
[1.974s] INFO:colcon.colcon_core.shell:Creating prefix chain script '/home/jenkin/Documents/bluey/ros2_ws/install/setup.zsh'
