[  1%] Built target bluey_interface__cpp
[  1%] Built target ament_cmake_python_copy_bluey_interface
[ 12%] Built target bluey_interface__rosidl_generator_c
[ 25%] Built target bluey_interface__rosidl_typesupport_c
[ 34%] Built target bluey_interface__rosidl_typesupport_cpp
[ 45%] Built target bluey_interface__rosidl_typesupport_introspection_cpp
[ 56%] Built target bluey_interface__rosidl_typesupport_introspection_c
[ 67%] Built target bluey_interface__rosidl_typesupport_fastrtps_c
[ 78%] Built target bluey_interface__rosidl_typesupport_fastrtps_cpp
[ 78%] Built target bluey_interface
[ 80%] Built target bluey_interface__py
[ 89%] Built target bluey_interface__rosidl_generator_py
[ 96%] Built target bluey_interface__rosidl_typesupport_fastrtps_c__pyext
[ 96%] Built target bluey_interface__rosidl_typesupport_introspection_c__pyext
[100%] Built target bluey_interface__rosidl_typesupport_c__pyext
running egg_info
writing bluey_interface.egg-info/PKG-INFO
writing dependency_links to bluey_interface.egg-info/dependency_links.txt
writing top-level names to bluey_interface.egg-info/top_level.txt
reading manifest file 'bluey_interface.egg-info/SOURCES.txt'
writing manifest file 'bluey_interface.egg-info/SOURCES.txt'
[100%] Built target ament_cmake_python_build_bluey_interface_egg
-- Install configuration: ""
-- Up-to-date: /home/jenkin/Documents/Bluey2.0/ros2_ws/install/bluey_interface/share/ament_index/resource_index/rosidl_interfaces/bluey_interface
-- Up-to-date: /home/jenkin/Documents/Bluey2.0/ros2_ws/install/bluey_interface/include/bluey_interface/bluey_interface
-- Up-to-date: /home/jenkin/Documents/Bluey2.0/ros2_ws/install/bluey_interface/include/bluey_interface/bluey_interface/msg
-- Up-to-date: /home/jenkin/Documents/Bluey2.0/ros2_ws/install/bluey_interface/include/bluey_interface/bluey_interface/msg/rosidl_generator_c__visibility_control.h
-- Up-to-date: /home/jenkin/Documents/Bluey2.0/ros2_ws/install/bluey_interface/include/bluey_interface/bluey_interface/srv
-- Up-to-date: /home/jenkin/Documents/Bluey2.0/ros2_ws/install/bluey_interface/include/bluey_interface/bluey_interface/srv/lights.h
-- Up-to-date: /home/jenkin/Documents/Bluey2.0/ros2_ws/install/bluey_interface/include/bluey_interface/bluey_interface/srv/motion.h
-- Up-to-date: /home/jenkin/Documents/Bluey2.0/ros2_ws/install/bluey_interface/include/bluey_interface/bluey_interface/srv/commands.h
-- Up-to-date: /home/jenkin/Documents/Bluey2.0/ros2_ws/install/bluey_interface/include/bluey_interface/bluey_interface/srv/detail
-- Up-to-date: /home/jenkin/Documents/Bluey2.0/ros2_ws/install/bluey_interface/include/bluey_interface/bluey_interface/srv/detail/motion__functions.c
-- Up-to-date: /home/jenkin/Documents/Bluey2.0/ros2_ws/install/bluey_interface/include/bluey_interface/bluey_interface/srv/detail/arm__type_support.h
-- Up-to-date: /home/jenkin/Documents/Bluey2.0/ros2_ws/install/bluey_interface/include/bluey_interface/bluey_interface/srv/detail/motion__type_support.h
-- Up-to-date: /home/jenkin/Documents/Bluey2.0/ros2_ws/install/bluey_interface/include/bluey_interface/bluey_interface/srv/detail/arm__functions.h
-- Up-to-date: /home/jenkin/Documents/Bluey2.0/ros2_ws/install/bluey_interface/include/bluey_interface/bluey_interface/srv/detail/motion__struct.h
-- Up-to-date: /home/jenkin/Documents/Bluey2.0/ros2_ws/install/bluey_interface/include/bluey_interface/bluey_interface/srv/detail/lights__type_support.h
-- Up-to-date: /home/jenkin/Documents/Bluey2.0/ros2_ws/install/bluey_interface/include/bluey_interface/bluey_interface/srv/detail/motion__functions.h
-- Up-to-date: /home/jenkin/Documents/Bluey2.0/ros2_ws/install/bluey_interface/include/bluey_interface/bluey_interface/srv/detail/lights__functions.h
-- Up-to-date: /home/jenkin/Documents/Bluey2.0/ros2_ws/install/bluey_interface/include/bluey_interface/bluey_interface/srv/detail/lights__struct.h
-- Up-to-date: /home/jenkin/Documents/Bluey2.0/ros2_ws/install/bluey_interface/include/bluey_interface/bluey_interface/srv/detail/commands__type_support.h
-- Up-to-date: /home/jenkin/Documents/Bluey2.0/ros2_ws/install/bluey_interface/include/bluey_interface/bluey_interface/srv/detail/commands__functions.h
-- Up-to-date: /home/jenkin/Documents/Bluey2.0/ros2_ws/install/bluey_interface/include/bluey_interface/bluey_interface/srv/detail/commands__functions.c
-- Up-to-date: /home/jenkin/Documents/Bluey2.0/ros2_ws/install/bluey_interface/include/bluey_interface/bluey_interface/srv/detail/arm__functions.c
-- Up-to-date: /home/jenkin/Documents/Bluey2.0/ros2_ws/install/bluey_interface/include/bluey_interface/bluey_interface/srv/detail/commands__struct.h
-- Up-to-date: /home/jenkin/Documents/Bluey2.0/ros2_ws/install/bluey_interface/include/bluey_interface/bluey_interface/srv/detail/lights__functions.c
-- Up-to-date: /home/jenkin/Documents/Bluey2.0/ros2_ws/install/bluey_interface/include/bluey_interface/bluey_interface/srv/detail/arm__struct.h
-- Up-to-date: /home/jenkin/Documents/Bluey2.0/ros2_ws/install/bluey_interface/include/bluey_interface/bluey_interface/srv/arm.h
-- Up-to-date: /home/jenkin/Documents/Bluey2.0/ros2_ws/install/bluey_interface/share/bluey_interface/environment/library_path.sh
-- Up-to-date: /home/jenkin/Documents/Bluey2.0/ros2_ws/install/bluey_interface/share/bluey_interface/environment/library_path.dsv
-- Up-to-date: /home/jenkin/Documents/Bluey2.0/ros2_ws/install/bluey_interface/lib/libbluey_interface__rosidl_generator_c.so
-- Up-to-date: /home/jenkin/Documents/Bluey2.0/ros2_ws/install/bluey_interface/include/bluey_interface/bluey_interface
-- Up-to-date: /home/jenkin/Documents/Bluey2.0/ros2_ws/install/bluey_interface/include/bluey_interface/bluey_interface/msg
-- Up-to-date: /home/jenkin/Documents/Bluey2.0/ros2_ws/install/bluey_interface/include/bluey_interface/bluey_interface/msg/rosidl_typesupport_fastrtps_c__visibility_control.h
-- Up-to-date: /home/jenkin/Documents/Bluey2.0/ros2_ws/install/bluey_interface/include/bluey_interface/bluey_interface/srv
-- Up-to-date: /home/jenkin/Documents/Bluey2.0/ros2_ws/install/bluey_interface/include/bluey_interface/bluey_interface/srv/detail
-- Up-to-date: /home/jenkin/Documents/Bluey2.0/ros2_ws/install/bluey_interface/include/bluey_interface/bluey_interface/srv/detail/arm__rosidl_typesupport_fastrtps_c.h
-- Up-to-date: /home/jenkin/Documents/Bluey2.0/ros2_ws/install/bluey_interface/include/bluey_interface/bluey_interface/srv/detail/lights__rosidl_typesupport_fastrtps_c.h
-- Up-to-date: /home/jenkin/Documents/Bluey2.0/ros2_ws/install/bluey_interface/include/bluey_interface/bluey_interface/srv/detail/motion__rosidl_typesupport_fastrtps_c.h
-- Up-to-date: /home/jenkin/Documents/Bluey2.0/ros2_ws/install/bluey_interface/include/bluey_interface/bluey_interface/srv/detail/commands__rosidl_typesupport_fastrtps_c.h
-- Up-to-date: /home/jenkin/Documents/Bluey2.0/ros2_ws/install/bluey_interface/lib/libbluey_interface__rosidl_typesupport_fastrtps_c.so
-- Up-to-date: /home/jenkin/Documents/Bluey2.0/ros2_ws/install/bluey_interface/include/bluey_interface/bluey_interface
-- Up-to-date: /home/jenkin/Documents/Bluey2.0/ros2_ws/install/bluey_interface/include/bluey_interface/bluey_interface/srv
-- Up-to-date: /home/jenkin/Documents/Bluey2.0/ros2_ws/install/bluey_interface/include/bluey_interface/bluey_interface/srv/arm.hpp
-- Up-to-date: /home/jenkin/Documents/Bluey2.0/ros2_ws/install/bluey_interface/include/bluey_interface/bluey_interface/srv/commands.hpp
-- Up-to-date: /home/jenkin/Documents/Bluey2.0/ros2_ws/install/bluey_interface/include/bluey_interface/bluey_interface/srv/motion.hpp
-- Up-to-date: /home/jenkin/Documents/Bluey2.0/ros2_ws/install/bluey_interface/include/bluey_interface/bluey_interface/srv/detail
-- Up-to-date: /home/jenkin/Documents/Bluey2.0/ros2_ws/install/bluey_interface/include/bluey_interface/bluey_interface/srv/detail/lights__traits.hpp
-- Up-to-date: /home/jenkin/Documents/Bluey2.0/ros2_ws/install/bluey_interface/include/bluey_interface/bluey_interface/srv/detail/commands__builder.hpp
-- Up-to-date: /home/jenkin/Documents/Bluey2.0/ros2_ws/install/bluey_interface/include/bluey_interface/bluey_interface/srv/detail/lights__struct.hpp
-- Up-to-date: /home/jenkin/Documents/Bluey2.0/ros2_ws/install/bluey_interface/include/bluey_interface/bluey_interface/srv/detail/arm__traits.hpp
-- Up-to-date: /home/jenkin/Documents/Bluey2.0/ros2_ws/install/bluey_interface/include/bluey_interface/bluey_interface/srv/detail/motion__traits.hpp
-- Up-to-date: /home/jenkin/Documents/Bluey2.0/ros2_ws/install/bluey_interface/include/bluey_interface/bluey_interface/srv/detail/motion__struct.hpp
-- Up-to-date: /home/jenkin/Documents/Bluey2.0/ros2_ws/install/bluey_interface/include/bluey_interface/bluey_interface/srv/detail/arm__struct.hpp
-- Up-to-date: /home/jenkin/Documents/Bluey2.0/ros2_ws/install/bluey_interface/include/bluey_interface/bluey_interface/srv/detail/lights__builder.hpp
-- Up-to-date: /home/jenkin/Documents/Bluey2.0/ros2_ws/install/bluey_interface/include/bluey_interface/bluey_interface/srv/detail/commands__traits.hpp
-- Up-to-date: /home/jenkin/Documents/Bluey2.0/ros2_ws/install/bluey_interface/include/bluey_interface/bluey_interface/srv/detail/arm__builder.hpp
-- Up-to-date: /home/jenkin/Documents/Bluey2.0/ros2_ws/install/bluey_interface/include/bluey_interface/bluey_interface/srv/detail/motion__builder.hpp
-- Up-to-date: /home/jenkin/Documents/Bluey2.0/ros2_ws/install/bluey_interface/include/bluey_interface/bluey_interface/srv/detail/commands__struct.hpp
-- Up-to-date: /home/jenkin/Documents/Bluey2.0/ros2_ws/install/bluey_interface/include/bluey_interface/bluey_interface/srv/lights.hpp
-- Up-to-date: /home/jenkin/Documents/Bluey2.0/ros2_ws/install/bluey_interface/include/bluey_interface/bluey_interface
-- Up-to-date: /home/jenkin/Documents/Bluey2.0/ros2_ws/install/bluey_interface/include/bluey_interface/bluey_interface/msg
-- Up-to-date: /home/jenkin/Documents/Bluey2.0/ros2_ws/install/bluey_interface/include/bluey_interface/bluey_interface/msg/rosidl_typesupport_fastrtps_cpp__visibility_control.h
-- Up-to-date: /home/jenkin/Documents/Bluey2.0/ros2_ws/install/bluey_interface/include/bluey_interface/bluey_interface/srv
-- Up-to-date: /home/jenkin/Documents/Bluey2.0/ros2_ws/install/bluey_interface/include/bluey_interface/bluey_interface/srv/detail
-- Up-to-date: /home/jenkin/Documents/Bluey2.0/ros2_ws/install/bluey_interface/include/bluey_interface/bluey_interface/srv/detail/dds_fastrtps
-- Up-to-date: /home/jenkin/Documents/Bluey2.0/ros2_ws/install/bluey_interface/include/bluey_interface/bluey_interface/srv/detail/lights__rosidl_typesupport_fastrtps_cpp.hpp
-- Up-to-date: /home/jenkin/Documents/Bluey2.0/ros2_ws/install/bluey_interface/include/bluey_interface/bluey_interface/srv/detail/motion__rosidl_typesupport_fastrtps_cpp.hpp
-- Up-to-date: /home/jenkin/Documents/Bluey2.0/ros2_ws/install/bluey_interface/include/bluey_interface/bluey_interface/srv/detail/commands__rosidl_typesupport_fastrtps_cpp.hpp
-- Up-to-date: /home/jenkin/Documents/Bluey2.0/ros2_ws/install/bluey_interface/include/bluey_interface/bluey_interface/srv/detail/arm__rosidl_typesupport_fastrtps_cpp.hpp
-- Up-to-date: /home/jenkin/Documents/Bluey2.0/ros2_ws/install/bluey_interface/lib/libbluey_interface__rosidl_typesupport_fastrtps_cpp.so
-- Up-to-date: /home/jenkin/Documents/Bluey2.0/ros2_ws/install/bluey_interface/include/bluey_interface/bluey_interface
-- Up-to-date: /home/jenkin/Documents/Bluey2.0/ros2_ws/install/bluey_interface/include/bluey_interface/bluey_interface/msg
-- Up-to-date: /home/jenkin/Documents/Bluey2.0/ros2_ws/install/bluey_interface/include/bluey_interface/bluey_interface/msg/rosidl_typesupport_introspection_c__visibility_control.h
-- Up-to-date: /home/jenkin/Documents/Bluey2.0/ros2_ws/install/bluey_interface/include/bluey_interface/bluey_interface/srv
-- Up-to-date: /home/jenkin/Documents/Bluey2.0/ros2_ws/install/bluey_interface/include/bluey_interface/bluey_interface/srv/detail
-- Up-to-date: /home/jenkin/Documents/Bluey2.0/ros2_ws/install/bluey_interface/include/bluey_interface/bluey_interface/srv/detail/commands__type_support.c
-- Up-to-date: /home/jenkin/Documents/Bluey2.0/ros2_ws/install/bluey_interface/include/bluey_interface/bluey_interface/srv/detail/lights__rosidl_typesupport_introspection_c.h
-- Up-to-date: /home/jenkin/Documents/Bluey2.0/ros2_ws/install/bluey_interface/include/bluey_interface/bluey_interface/srv/detail/arm__type_support.c
-- Up-to-date: /home/jenkin/Documents/Bluey2.0/ros2_ws/install/bluey_interface/include/bluey_interface/bluey_interface/srv/detail/motion__rosidl_typesupport_introspection_c.h
-- Up-to-date: /home/jenkin/Documents/Bluey2.0/ros2_ws/install/bluey_interface/include/bluey_interface/bluey_interface/srv/detail/lights__type_support.c
-- Up-to-date: /home/jenkin/Documents/Bluey2.0/ros2_ws/install/bluey_interface/include/bluey_interface/bluey_interface/srv/detail/commands__rosidl_typesupport_introspection_c.h
-- Up-to-date: /home/jenkin/Documents/Bluey2.0/ros2_ws/install/bluey_interface/include/bluey_interface/bluey_interface/srv/detail/arm__rosidl_typesupport_introspection_c.h
-- Up-to-date: /home/jenkin/Documents/Bluey2.0/ros2_ws/install/bluey_interface/include/bluey_interface/bluey_interface/srv/detail/motion__type_support.c
-- Up-to-date: /home/jenkin/Documents/Bluey2.0/ros2_ws/install/bluey_interface/lib/libbluey_interface__rosidl_typesupport_introspection_c.so
-- Up-to-date: /home/jenkin/Documents/Bluey2.0/ros2_ws/install/bluey_interface/lib/libbluey_interface__rosidl_typesupport_c.so
-- Up-to-date: /home/jenkin/Documents/Bluey2.0/ros2_ws/install/bluey_interface/include/bluey_interface/bluey_interface
-- Up-to-date: /home/jenkin/Documents/Bluey2.0/ros2_ws/install/bluey_interface/include/bluey_interface/bluey_interface/srv
-- Up-to-date: /home/jenkin/Documents/Bluey2.0/ros2_ws/install/bluey_interface/include/bluey_interface/bluey_interface/srv/detail
-- Up-to-date: /home/jenkin/Documents/Bluey2.0/ros2_ws/install/bluey_interface/include/bluey_interface/bluey_interface/srv/detail/lights__rosidl_typesupport_introspection_cpp.hpp
-- Up-to-date: /home/jenkin/Documents/Bluey2.0/ros2_ws/install/bluey_interface/include/bluey_interface/bluey_interface/srv/detail/arm__type_support.cpp
-- Up-to-date: /home/jenkin/Documents/Bluey2.0/ros2_ws/install/bluey_interface/include/bluey_interface/bluey_interface/srv/detail/motion__type_support.cpp
-- Up-to-date: /home/jenkin/Documents/Bluey2.0/ros2_ws/install/bluey_interface/include/bluey_interface/bluey_interface/srv/detail/motion__rosidl_typesupport_introspection_cpp.hpp
-- Up-to-date: /home/jenkin/Documents/Bluey2.0/ros2_ws/install/bluey_interface/include/bluey_interface/bluey_interface/srv/detail/commands__type_support.cpp
-- Up-to-date: /home/jenkin/Documents/Bluey2.0/ros2_ws/install/bluey_interface/include/bluey_interface/bluey_interface/srv/detail/arm__rosidl_typesupport_introspection_cpp.hpp
-- Up-to-date: /home/jenkin/Documents/Bluey2.0/ros2_ws/install/bluey_interface/include/bluey_interface/bluey_interface/srv/detail/commands__rosidl_typesupport_introspection_cpp.hpp
-- Up-to-date: /home/jenkin/Documents/Bluey2.0/ros2_ws/install/bluey_interface/include/bluey_interface/bluey_interface/srv/detail/lights__type_support.cpp
-- Up-to-date: /home/jenkin/Documents/Bluey2.0/ros2_ws/install/bluey_interface/lib/libbluey_interface__rosidl_typesupport_introspection_cpp.so
-- Up-to-date: /home/jenkin/Documents/Bluey2.0/ros2_ws/install/bluey_interface/lib/libbluey_interface__rosidl_typesupport_cpp.so
-- Up-to-date: /home/jenkin/Documents/Bluey2.0/ros2_ws/install/bluey_interface/share/bluey_interface/environment/pythonpath.sh
-- Up-to-date: /home/jenkin/Documents/Bluey2.0/ros2_ws/install/bluey_interface/share/bluey_interface/environment/pythonpath.dsv
-- Up-to-date: /home/jenkin/Documents/Bluey2.0/ros2_ws/install/bluey_interface/local/lib/python3.10/dist-packages/bluey_interface-0.0.2-py3.10.egg-info
-- Installing: /home/jenkin/Documents/Bluey2.0/ros2_ws/install/bluey_interface/local/lib/python3.10/dist-packages/bluey_interface-0.0.2-py3.10.egg-info/SOURCES.txt
-- Installing: /home/jenkin/Documents/Bluey2.0/ros2_ws/install/bluey_interface/local/lib/python3.10/dist-packages/bluey_interface-0.0.2-py3.10.egg-info/top_level.txt
-- Installing: /home/jenkin/Documents/Bluey2.0/ros2_ws/install/bluey_interface/local/lib/python3.10/dist-packages/bluey_interface-0.0.2-py3.10.egg-info/PKG-INFO
-- Installing: /home/jenkin/Documents/Bluey2.0/ros2_ws/install/bluey_interface/local/lib/python3.10/dist-packages/bluey_interface-0.0.2-py3.10.egg-info/dependency_links.txt
-- Up-to-date: /home/jenkin/Documents/Bluey2.0/ros2_ws/install/bluey_interface/local/lib/python3.10/dist-packages/bluey_interface
-- Up-to-date: /home/jenkin/Documents/Bluey2.0/ros2_ws/install/bluey_interface/local/lib/python3.10/dist-packages/bluey_interface/bluey_interface_s__rosidl_typesupport_c.cpython-310-x86_64-linux-gnu.so
-- Up-to-date: /home/jenkin/Documents/Bluey2.0/ros2_ws/install/bluey_interface/local/lib/python3.10/dist-packages/bluey_interface/libbluey_interface__rosidl_generator_py.so
-- Up-to-date: /home/jenkin/Documents/Bluey2.0/ros2_ws/install/bluey_interface/local/lib/python3.10/dist-packages/bluey_interface/bluey_interface_s__rosidl_typesupport_fastrtps_c.cpython-310-x86_64-linux-gnu.so
-- Up-to-date: /home/jenkin/Documents/Bluey2.0/ros2_ws/install/bluey_interface/local/lib/python3.10/dist-packages/bluey_interface/_bluey_interface_s.ep.rosidl_typesupport_fastrtps_c.c
-- Up-to-date: /home/jenkin/Documents/Bluey2.0/ros2_ws/install/bluey_interface/local/lib/python3.10/dist-packages/bluey_interface/_bluey_interface_s.ep.rosidl_typesupport_introspection_c.c
-- Up-to-date: /home/jenkin/Documents/Bluey2.0/ros2_ws/install/bluey_interface/local/lib/python3.10/dist-packages/bluey_interface/bluey_interface_s__rosidl_typesupport_introspection_c.cpython-310-x86_64-linux-gnu.so
-- Up-to-date: /home/jenkin/Documents/Bluey2.0/ros2_ws/install/bluey_interface/local/lib/python3.10/dist-packages/bluey_interface/__init__.py
-- Up-to-date: /home/jenkin/Documents/Bluey2.0/ros2_ws/install/bluey_interface/local/lib/python3.10/dist-packages/bluey_interface/_bluey_interface_s.ep.rosidl_typesupport_c.c
-- Up-to-date: /home/jenkin/Documents/Bluey2.0/ros2_ws/install/bluey_interface/local/lib/python3.10/dist-packages/bluey_interface/srv
-- Up-to-date: /home/jenkin/Documents/Bluey2.0/ros2_ws/install/bluey_interface/local/lib/python3.10/dist-packages/bluey_interface/srv/_commands.py
-- Up-to-date: /home/jenkin/Documents/Bluey2.0/ros2_ws/install/bluey_interface/local/lib/python3.10/dist-packages/bluey_interface/srv/_arm_s.c
-- Up-to-date: /home/jenkin/Documents/Bluey2.0/ros2_ws/install/bluey_interface/local/lib/python3.10/dist-packages/bluey_interface/srv/_lights_s.c
-- Up-to-date: /home/jenkin/Documents/Bluey2.0/ros2_ws/install/bluey_interface/local/lib/python3.10/dist-packages/bluey_interface/srv/_motion.py
-- Up-to-date: /home/jenkin/Documents/Bluey2.0/ros2_ws/install/bluey_interface/local/lib/python3.10/dist-packages/bluey_interface/srv/_arm.py
-- Up-to-date: /home/jenkin/Documents/Bluey2.0/ros2_ws/install/bluey_interface/local/lib/python3.10/dist-packages/bluey_interface/srv/_lights.py
-- Up-to-date: /home/jenkin/Documents/Bluey2.0/ros2_ws/install/bluey_interface/local/lib/python3.10/dist-packages/bluey_interface/srv/_commands_s.c
-- Up-to-date: /home/jenkin/Documents/Bluey2.0/ros2_ws/install/bluey_interface/local/lib/python3.10/dist-packages/bluey_interface/srv/__init__.py
-- Up-to-date: /home/jenkin/Documents/Bluey2.0/ros2_ws/install/bluey_interface/local/lib/python3.10/dist-packages/bluey_interface/srv/_motion_s.c
Listing '/home/jenkin/Documents/Bluey2.0/ros2_ws/install/bluey_interface/local/lib/python3.10/dist-packages/bluey_interface'...
Listing '/home/jenkin/Documents/Bluey2.0/ros2_ws/install/bluey_interface/local/lib/python3.10/dist-packages/bluey_interface/srv'...
-- Up-to-date: /home/jenkin/Documents/Bluey2.0/ros2_ws/install/bluey_interface/local/lib/python3.10/dist-packages/bluey_interface/bluey_interface_s__rosidl_typesupport_fastrtps_c.cpython-310-x86_64-linux-gnu.so
-- Up-to-date: /home/jenkin/Documents/Bluey2.0/ros2_ws/install/bluey_interface/local/lib/python3.10/dist-packages/bluey_interface/bluey_interface_s__rosidl_typesupport_introspection_c.cpython-310-x86_64-linux-gnu.so
-- Up-to-date: /home/jenkin/Documents/Bluey2.0/ros2_ws/install/bluey_interface/local/lib/python3.10/dist-packages/bluey_interface/bluey_interface_s__rosidl_typesupport_c.cpython-310-x86_64-linux-gnu.so
-- Up-to-date: /home/jenkin/Documents/Bluey2.0/ros2_ws/install/bluey_interface/lib/libbluey_interface__rosidl_generator_py.so
-- Up-to-date: /home/jenkin/Documents/Bluey2.0/ros2_ws/install/bluey_interface/share/bluey_interface/srv/Arm.idl
-- Up-to-date: /home/jenkin/Documents/Bluey2.0/ros2_ws/install/bluey_interface/share/bluey_interface/srv/Lights.idl
-- Up-to-date: /home/jenkin/Documents/Bluey2.0/ros2_ws/install/bluey_interface/share/bluey_interface/srv/Motion.idl
-- Up-to-date: /home/jenkin/Documents/Bluey2.0/ros2_ws/install/bluey_interface/share/bluey_interface/srv/Commands.idl
-- Up-to-date: /home/jenkin/Documents/Bluey2.0/ros2_ws/install/bluey_interface/share/bluey_interface/srv/Arm.srv
-- Up-to-date: /home/jenkin/Documents/Bluey2.0/ros2_ws/install/bluey_interface/share/bluey_interface/srv/Arm_Request.msg
-- Up-to-date: /home/jenkin/Documents/Bluey2.0/ros2_ws/install/bluey_interface/share/bluey_interface/srv/Arm_Response.msg
-- Up-to-date: /home/jenkin/Documents/Bluey2.0/ros2_ws/install/bluey_interface/share/bluey_interface/srv/Lights.srv
-- Up-to-date: /home/jenkin/Documents/Bluey2.0/ros2_ws/install/bluey_interface/share/bluey_interface/srv/Lights_Request.msg
-- Up-to-date: /home/jenkin/Documents/Bluey2.0/ros2_ws/install/bluey_interface/share/bluey_interface/srv/Lights_Response.msg
-- Up-to-date: /home/jenkin/Documents/Bluey2.0/ros2_ws/install/bluey_interface/share/bluey_interface/srv/Motion.srv
-- Up-to-date: /home/jenkin/Documents/Bluey2.0/ros2_ws/install/bluey_interface/share/bluey_interface/srv/Motion_Request.msg
-- Up-to-date: /home/jenkin/Documents/Bluey2.0/ros2_ws/install/bluey_interface/share/bluey_interface/srv/Motion_Response.msg
-- Up-to-date: /home/jenkin/Documents/Bluey2.0/ros2_ws/install/bluey_interface/share/bluey_interface/srv/Commands.srv
-- Up-to-date: /home/jenkin/Documents/Bluey2.0/ros2_ws/install/bluey_interface/share/bluey_interface/srv/Commands_Request.msg
-- Up-to-date: /home/jenkin/Documents/Bluey2.0/ros2_ws/install/bluey_interface/share/bluey_interface/srv/Commands_Response.msg
-- Up-to-date: /home/jenkin/Documents/Bluey2.0/ros2_ws/install/bluey_interface/share/ament_index/resource_index/package_run_dependencies/bluey_interface
-- Up-to-date: /home/jenkin/Documents/Bluey2.0/ros2_ws/install/bluey_interface/share/ament_index/resource_index/parent_prefix_path/bluey_interface
-- Up-to-date: /home/jenkin/Documents/Bluey2.0/ros2_ws/install/bluey_interface/share/bluey_interface/environment/ament_prefix_path.sh
-- Up-to-date: /home/jenkin/Documents/Bluey2.0/ros2_ws/install/bluey_interface/share/bluey_interface/environment/ament_prefix_path.dsv
-- Up-to-date: /home/jenkin/Documents/Bluey2.0/ros2_ws/install/bluey_interface/share/bluey_interface/environment/path.sh
-- Up-to-date: /home/jenkin/Documents/Bluey2.0/ros2_ws/install/bluey_interface/share/bluey_interface/environment/path.dsv
-- Up-to-date: /home/jenkin/Documents/Bluey2.0/ros2_ws/install/bluey_interface/share/bluey_interface/local_setup.bash
-- Up-to-date: /home/jenkin/Documents/Bluey2.0/ros2_ws/install/bluey_interface/share/bluey_interface/local_setup.sh
-- Up-to-date: /home/jenkin/Documents/Bluey2.0/ros2_ws/install/bluey_interface/share/bluey_interface/local_setup.zsh
-- Up-to-date: /home/jenkin/Documents/Bluey2.0/ros2_ws/install/bluey_interface/share/bluey_interface/local_setup.dsv
-- Installing: /home/jenkin/Documents/Bluey2.0/ros2_ws/install/bluey_interface/share/bluey_interface/package.dsv
-- Up-to-date: /home/jenkin/Documents/Bluey2.0/ros2_ws/install/bluey_interface/share/ament_index/resource_index/packages/bluey_interface
-- Up-to-date: /home/jenkin/Documents/Bluey2.0/ros2_ws/install/bluey_interface/share/bluey_interface/cmake/export_bluey_interface__rosidl_generator_cExport.cmake
-- Up-to-date: /home/jenkin/Documents/Bluey2.0/ros2_ws/install/bluey_interface/share/bluey_interface/cmake/export_bluey_interface__rosidl_generator_cExport-noconfig.cmake
-- Up-to-date: /home/jenkin/Documents/Bluey2.0/ros2_ws/install/bluey_interface/share/bluey_interface/cmake/export_bluey_interface__rosidl_typesupport_fastrtps_cExport.cmake
-- Up-to-date: /home/jenkin/Documents/Bluey2.0/ros2_ws/install/bluey_interface/share/bluey_interface/cmake/export_bluey_interface__rosidl_typesupport_fastrtps_cExport-noconfig.cmake
-- Up-to-date: /home/jenkin/Documents/Bluey2.0/ros2_ws/install/bluey_interface/share/bluey_interface/cmake/export_bluey_interface__rosidl_generator_cppExport.cmake
-- Up-to-date: /home/jenkin/Documents/Bluey2.0/ros2_ws/install/bluey_interface/share/bluey_interface/cmake/export_bluey_interface__rosidl_typesupport_fastrtps_cppExport.cmake
-- Up-to-date: /home/jenkin/Documents/Bluey2.0/ros2_ws/install/bluey_interface/share/bluey_interface/cmake/export_bluey_interface__rosidl_typesupport_fastrtps_cppExport-noconfig.cmake
-- Up-to-date: /home/jenkin/Documents/Bluey2.0/ros2_ws/install/bluey_interface/share/bluey_interface/cmake/bluey_interface__rosidl_typesupport_introspection_cExport.cmake
-- Up-to-date: /home/jenkin/Documents/Bluey2.0/ros2_ws/install/bluey_interface/share/bluey_interface/cmake/bluey_interface__rosidl_typesupport_introspection_cExport-noconfig.cmake
-- Up-to-date: /home/jenkin/Documents/Bluey2.0/ros2_ws/install/bluey_interface/share/bluey_interface/cmake/bluey_interface__rosidl_typesupport_cExport.cmake
-- Up-to-date: /home/jenkin/Documents/Bluey2.0/ros2_ws/install/bluey_interface/share/bluey_interface/cmake/bluey_interface__rosidl_typesupport_cExport-noconfig.cmake
-- Up-to-date: /home/jenkin/Documents/Bluey2.0/ros2_ws/install/bluey_interface/share/bluey_interface/cmake/bluey_interface__rosidl_typesupport_introspection_cppExport.cmake
-- Up-to-date: /home/jenkin/Documents/Bluey2.0/ros2_ws/install/bluey_interface/share/bluey_interface/cmake/bluey_interface__rosidl_typesupport_introspection_cppExport-noconfig.cmake
-- Up-to-date: /home/jenkin/Documents/Bluey2.0/ros2_ws/install/bluey_interface/share/bluey_interface/cmake/bluey_interface__rosidl_typesupport_cppExport.cmake
-- Up-to-date: /home/jenkin/Documents/Bluey2.0/ros2_ws/install/bluey_interface/share/bluey_interface/cmake/bluey_interface__rosidl_typesupport_cppExport-noconfig.cmake
-- Up-to-date: /home/jenkin/Documents/Bluey2.0/ros2_ws/install/bluey_interface/share/bluey_interface/cmake/export_bluey_interface__rosidl_generator_pyExport.cmake
-- Up-to-date: /home/jenkin/Documents/Bluey2.0/ros2_ws/install/bluey_interface/share/bluey_interface/cmake/export_bluey_interface__rosidl_generator_pyExport-noconfig.cmake
-- Up-to-date: /home/jenkin/Documents/Bluey2.0/ros2_ws/install/bluey_interface/share/bluey_interface/cmake/rosidl_cmake-extras.cmake
-- Up-to-date: /home/jenkin/Documents/Bluey2.0/ros2_ws/install/bluey_interface/share/bluey_interface/cmake/ament_cmake_export_dependencies-extras.cmake
-- Up-to-date: /home/jenkin/Documents/Bluey2.0/ros2_ws/install/bluey_interface/share/bluey_interface/cmake/ament_cmake_export_include_directories-extras.cmake
-- Up-to-date: /home/jenkin/Documents/Bluey2.0/ros2_ws/install/bluey_interface/share/bluey_interface/cmake/ament_cmake_export_libraries-extras.cmake
-- Up-to-date: /home/jenkin/Documents/Bluey2.0/ros2_ws/install/bluey_interface/share/bluey_interface/cmake/ament_cmake_export_targets-extras.cmake
-- Up-to-date: /home/jenkin/Documents/Bluey2.0/ros2_ws/install/bluey_interface/share/bluey_interface/cmake/rosidl_cmake_export_typesupport_targets-extras.cmake
-- Up-to-date: /home/jenkin/Documents/Bluey2.0/ros2_ws/install/bluey_interface/share/bluey_interface/cmake/rosidl_cmake_export_typesupport_libraries-extras.cmake
-- Up-to-date: /home/jenkin/Documents/Bluey2.0/ros2_ws/install/bluey_interface/share/bluey_interface/cmake/bluey_interfaceConfig.cmake
-- Up-to-date: /home/jenkin/Documents/Bluey2.0/ros2_ws/install/bluey_interface/share/bluey_interface/cmake/bluey_interfaceConfig-version.cmake
-- Up-to-date: /home/jenkin/Documents/Bluey2.0/ros2_ws/install/bluey_interface/share/bluey_interface/package.xml
