[0.621s] Invoking command in '/home/jenkin/Documents/bluey/ros2_ws/src/bluey_tools': PYTHONPATH=/home/jenkin/Documents/bluey/ros2_ws/build/bluey_tools/prefix_override:/home/jenkin/Documents/bluey/ros2_ws/install/bluey_tools/lib/python3.8/site-packages:${PYTHONPATH} /usr/bin/python3 setup.py egg_info --egg-base ../../build/bluey_tools build --build-base /home/jenkin/Documents/bluey/ros2_ws/build/bluey_tools/build install --record /home/jenkin/Documents/bluey/ros2_ws/build/bluey_tools/install.log --install-scripts $base/lib/bluey_tools --single-version-externally-managed
[0.765s] running egg_info
[0.766s] writing ../../build/bluey_tools/bluey_tools.egg-info/PKG-INFO
[0.766s] writing dependency_links to ../../build/bluey_tools/bluey_tools.egg-info/dependency_links.txt
[0.767s] writing entry points to ../../build/bluey_tools/bluey_tools.egg-info/entry_points.txt
[0.767s] writing requirements to ../../build/bluey_tools/bluey_tools.egg-info/requires.txt
[0.767s] writing top-level names to ../../build/bluey_tools/bluey_tools.egg-info/top_level.txt
[0.785s] reading manifest file '../../build/bluey_tools/bluey_tools.egg-info/SOURCES.txt'
[0.786s] writing manifest file '../../build/bluey_tools/bluey_tools.egg-info/SOURCES.txt'
[0.786s] running build
[0.786s] running build_py
[0.786s] running install
[0.787s] running install_lib
[0.787s] running install_data
[0.788s] running install_egg_info
[0.788s] removing '/home/jenkin/Documents/bluey/ros2_ws/install/bluey_tools/lib/python3.8/site-packages/bluey_tools-0.0.1-py3.8.egg-info' (and everything under it)
[0.789s] Copying ../../build/bluey_tools/bluey_tools.egg-info to /home/jenkin/Documents/bluey/ros2_ws/install/bluey_tools/lib/python3.8/site-packages/bluey_tools-0.0.1-py3.8.egg-info
[0.789s] running install_scripts
[0.800s] Installing bluey_ctrl script to /home/jenkin/Documents/bluey/ros2_ws/install/bluey_tools/lib/bluey_tools
[0.800s] Installing bluey_video script to /home/jenkin/Documents/bluey/ros2_ws/install/bluey_tools/lib/bluey_tools
[0.800s] writing list of installed files to '/home/jenkin/Documents/bluey/ros2_ws/build/bluey_tools/install.log'
[0.816s] Invoked command in '/home/jenkin/Documents/bluey/ros2_ws/src/bluey_tools' returned '0': PYTHONPATH=/home/jenkin/Documents/bluey/ros2_ws/build/bluey_tools/prefix_override:/home/jenkin/Documents/bluey/ros2_ws/install/bluey_tools/lib/python3.8/site-packages:${PYTHONPATH} /usr/bin/python3 setup.py egg_info --egg-base ../../build/bluey_tools build --build-base /home/jenkin/Documents/bluey/ros2_ws/build/bluey_tools/build install --record /home/jenkin/Documents/bluey/ros2_ws/build/bluey_tools/install.log --install-scripts $base/lib/bluey_tools --single-version-externally-managed
