[0.055s] Invoking command in '/home/jenkin/Documents/bluey/ros2_ws/build/bluey_interface': CMAKE_PREFIX_PATH=${CMAKE_PREFIX_PATH}:/home/jenkin/Documents/airchair/chair_ws/install/chair_pose:/home/jenkin/Documents/airchair/chair_ws/install/chair_openpose:/home/jenkin/Documents/airchair/chair_ws/install/chair:/home/jenkin/Documents/bluey/ros2_ws/install/bluey_tools:/opt/ros/foxy /usr/bin/cmake --build /home/jenkin/Documents/bluey/ros2_ws/build/bluey_interface -- -j4 -l4
[0.351s] [  1%] Built target bluey_interface__cpp
[0.351s] [ 12%] Built target bluey_interface__rosidl_generator_c
[0.351s] [ 23%] Built target bluey_interface__rosidl_typesupport_fastrtps_cpp
[0.351s] [ 34%] Built target bluey_interface__rosidl_typesupport_cpp
[0.351s] [ 45%] Built target bluey_interface__rosidl_typesupport_introspection_cpp
[0.351s] [ 56%] Built target bluey_interface__rosidl_typesupport_introspection_c
[0.361s] [ 67%] Built target bluey_interface__rosidl_typesupport_c
[0.387s] [ 78%] Built target bluey_interface__rosidl_typesupport_fastrtps_c
[0.421s] [ 78%] Built target bluey_interface
[0.487s] [ 80%] Built target bluey_interface__py
[0.533s] [ 89%] Built target bluey_interface__python
[0.590s] [ 92%] Built target bluey_interface__rosidl_typesupport_c__pyext
[0.594s] [ 96%] Built target bluey_interface__rosidl_typesupport_fastrtps_c__pyext
[0.598s] [100%] Built target bluey_interface__rosidl_typesupport_introspection_c__pyext
[0.612s] Invoked command in '/home/jenkin/Documents/bluey/ros2_ws/build/bluey_interface' returned '0': CMAKE_PREFIX_PATH=${CMAKE_PREFIX_PATH}:/home/jenkin/Documents/airchair/chair_ws/install/chair_pose:/home/jenkin/Documents/airchair/chair_ws/install/chair_openpose:/home/jenkin/Documents/airchair/chair_ws/install/chair:/home/jenkin/Documents/bluey/ros2_ws/install/bluey_tools:/opt/ros/foxy /usr/bin/cmake --build /home/jenkin/Documents/bluey/ros2_ws/build/bluey_interface -- -j4 -l4
[1.065s] Invoking command in '/home/jenkin/Documents/bluey/ros2_ws/build/bluey_interface': CMAKE_PREFIX_PATH=${CMAKE_PREFIX_PATH}:/home/jenkin/Documents/airchair/chair_ws/install/chair_pose:/home/jenkin/Documents/airchair/chair_ws/install/chair_openpose:/home/jenkin/Documents/airchair/chair_ws/install/chair:/home/jenkin/Documents/bluey/ros2_ws/install/bluey_tools:/opt/ros/foxy /usr/bin/cmake --install /home/jenkin/Documents/bluey/ros2_ws/build/bluey_interface
[1.084s] -- Install configuration: ""
[1.084s] -- Up-to-date: /home/jenkin/Documents/bluey/ros2_ws/install/bluey_interface/share/ament_index/resource_index/rosidl_interfaces/bluey_interface
[1.084s] -- Up-to-date: /home/jenkin/Documents/bluey/ros2_ws/install/bluey_interface/include/bluey_interface
[1.084s] -- Up-to-date: /home/jenkin/Documents/bluey/ros2_ws/install/bluey_interface/include/bluey_interface/srv
[1.084s] -- Up-to-date: /home/jenkin/Documents/bluey/ros2_ws/install/bluey_interface/include/bluey_interface/srv/motion.h
[1.085s] -- Up-to-date: /home/jenkin/Documents/bluey/ros2_ws/install/bluey_interface/include/bluey_interface/srv/lights.h
[1.085s] -- Up-to-date: /home/jenkin/Documents/bluey/ros2_ws/install/bluey_interface/include/bluey_interface/srv/commands.h
[1.085s] -- Up-to-date: /home/jenkin/Documents/bluey/ros2_ws/install/bluey_interface/include/bluey_interface/srv/detail
[1.085s] -- Up-to-date: /home/jenkin/Documents/bluey/ros2_ws/install/bluey_interface/include/bluey_interface/srv/detail/arm__struct.h
[1.085s] -- Up-to-date: /home/jenkin/Documents/bluey/ros2_ws/install/bluey_interface/include/bluey_interface/srv/detail/motion__type_support.h
[1.085s] -- Up-to-date: /home/jenkin/Documents/bluey/ros2_ws/install/bluey_interface/include/bluey_interface/srv/detail/commands__functions.c
[1.085s] -- Up-to-date: /home/jenkin/Documents/bluey/ros2_ws/install/bluey_interface/include/bluey_interface/srv/detail/commands__struct.h
[1.085s] -- Up-to-date: /home/jenkin/Documents/bluey/ros2_ws/install/bluey_interface/include/bluey_interface/srv/detail/motion__functions.h
[1.085s] -- Up-to-date: /home/jenkin/Documents/bluey/ros2_ws/install/bluey_interface/include/bluey_interface/srv/detail/arm__functions.c
[1.085s] -- Up-to-date: /home/jenkin/Documents/bluey/ros2_ws/install/bluey_interface/include/bluey_interface/srv/detail/arm__functions.h
[1.085s] -- Up-to-date: /home/jenkin/Documents/bluey/ros2_ws/install/bluey_interface/include/bluey_interface/srv/detail/lights__struct.h
[1.085s] -- Up-to-date: /home/jenkin/Documents/bluey/ros2_ws/install/bluey_interface/include/bluey_interface/srv/detail/lights__functions.c
[1.085s] -- Up-to-date: /home/jenkin/Documents/bluey/ros2_ws/install/bluey_interface/include/bluey_interface/srv/detail/lights__functions.h
[1.085s] -- Up-to-date: /home/jenkin/Documents/bluey/ros2_ws/install/bluey_interface/include/bluey_interface/srv/detail/commands__type_support.h
[1.085s] -- Up-to-date: /home/jenkin/Documents/bluey/ros2_ws/install/bluey_interface/include/bluey_interface/srv/detail/commands__functions.h
[1.085s] -- Up-to-date: /home/jenkin/Documents/bluey/ros2_ws/install/bluey_interface/include/bluey_interface/srv/detail/arm__type_support.h
[1.085s] -- Up-to-date: /home/jenkin/Documents/bluey/ros2_ws/install/bluey_interface/include/bluey_interface/srv/detail/motion__struct.h
[1.086s] -- Up-to-date: /home/jenkin/Documents/bluey/ros2_ws/install/bluey_interface/include/bluey_interface/srv/detail/motion__functions.c
[1.086s] -- Up-to-date: /home/jenkin/Documents/bluey/ros2_ws/install/bluey_interface/include/bluey_interface/srv/detail/lights__type_support.h
[1.086s] -- Up-to-date: /home/jenkin/Documents/bluey/ros2_ws/install/bluey_interface/include/bluey_interface/srv/arm.h
[1.086s] -- Up-to-date: /home/jenkin/Documents/bluey/ros2_ws/install/bluey_interface/include/bluey_interface/msg
[1.086s] -- Up-to-date: /home/jenkin/Documents/bluey/ros2_ws/install/bluey_interface/include/bluey_interface/msg/rosidl_generator_c__visibility_control.h
[1.086s] -- Up-to-date: /home/jenkin/Documents/bluey/ros2_ws/install/bluey_interface/share/bluey_interface/environment/library_path.sh
[1.086s] -- Up-to-date: /home/jenkin/Documents/bluey/ros2_ws/install/bluey_interface/share/bluey_interface/environment/library_path.dsv
[1.086s] -- Up-to-date: /home/jenkin/Documents/bluey/ros2_ws/install/bluey_interface/lib/libbluey_interface__rosidl_generator_c.so
[1.087s] -- Up-to-date: /home/jenkin/Documents/bluey/ros2_ws/install/bluey_interface/include/bluey_interface
[1.087s] -- Up-to-date: /home/jenkin/Documents/bluey/ros2_ws/install/bluey_interface/include/bluey_interface/srv
[1.087s] -- Up-to-date: /home/jenkin/Documents/bluey/ros2_ws/install/bluey_interface/include/bluey_interface/srv/detail
[1.087s] -- Up-to-date: /home/jenkin/Documents/bluey/ros2_ws/install/bluey_interface/include/bluey_interface/srv/detail/motion__rosidl_typesupport_fastrtps_c.h
[1.087s] -- Up-to-date: /home/jenkin/Documents/bluey/ros2_ws/install/bluey_interface/include/bluey_interface/srv/detail/commands__rosidl_typesupport_fastrtps_c.h
[1.087s] -- Up-to-date: /home/jenkin/Documents/bluey/ros2_ws/install/bluey_interface/include/bluey_interface/srv/detail/arm__rosidl_typesupport_fastrtps_c.h
[1.087s] -- Up-to-date: /home/jenkin/Documents/bluey/ros2_ws/install/bluey_interface/include/bluey_interface/srv/detail/lights__rosidl_typesupport_fastrtps_c.h
[1.087s] -- Up-to-date: /home/jenkin/Documents/bluey/ros2_ws/install/bluey_interface/include/bluey_interface/msg
[1.087s] -- Up-to-date: /home/jenkin/Documents/bluey/ros2_ws/install/bluey_interface/include/bluey_interface/msg/rosidl_typesupport_fastrtps_c__visibility_control.h
[1.087s] -- Up-to-date: /home/jenkin/Documents/bluey/ros2_ws/install/bluey_interface/lib/libbluey_interface__rosidl_typesupport_fastrtps_c.so
[1.087s] -- Up-to-date: /home/jenkin/Documents/bluey/ros2_ws/install/bluey_interface/include/bluey_interface
[1.087s] -- Up-to-date: /home/jenkin/Documents/bluey/ros2_ws/install/bluey_interface/include/bluey_interface/srv
[1.089s] -- Up-to-date: /home/jenkin/Documents/bluey/ros2_ws/install/bluey_interface/include/bluey_interface/srv/detail
[1.089s] -- Up-to-date: /home/jenkin/Documents/bluey/ros2_ws/install/bluey_interface/include/bluey_interface/srv/detail/arm__rosidl_typesupport_fastrtps_cpp.hpp
[1.089s] -- Up-to-date: /home/jenkin/Documents/bluey/ros2_ws/install/bluey_interface/include/bluey_interface/srv/detail/motion__rosidl_typesupport_fastrtps_cpp.hpp
[1.089s] -- Up-to-date: /home/jenkin/Documents/bluey/ros2_ws/install/bluey_interface/include/bluey_interface/srv/detail/commands__rosidl_typesupport_fastrtps_cpp.hpp
[1.089s] -- Up-to-date: /home/jenkin/Documents/bluey/ros2_ws/install/bluey_interface/include/bluey_interface/srv/detail/dds_fastrtps
[1.089s] -- Up-to-date: /home/jenkin/Documents/bluey/ros2_ws/install/bluey_interface/include/bluey_interface/srv/detail/lights__rosidl_typesupport_fastrtps_cpp.hpp
[1.089s] -- Up-to-date: /home/jenkin/Documents/bluey/ros2_ws/install/bluey_interface/include/bluey_interface/msg
[1.089s] -- Up-to-date: /home/jenkin/Documents/bluey/ros2_ws/install/bluey_interface/include/bluey_interface/msg/rosidl_typesupport_fastrtps_cpp__visibility_control.h
[1.089s] -- Up-to-date: /home/jenkin/Documents/bluey/ros2_ws/install/bluey_interface/lib/libbluey_interface__rosidl_typesupport_fastrtps_cpp.so
[1.089s] -- Up-to-date: /home/jenkin/Documents/bluey/ros2_ws/install/bluey_interface/include/bluey_interface
[1.089s] -- Up-to-date: /home/jenkin/Documents/bluey/ros2_ws/install/bluey_interface/include/bluey_interface/srv
[1.090s] -- Up-to-date: /home/jenkin/Documents/bluey/ros2_ws/install/bluey_interface/include/bluey_interface/srv/detail
[1.090s] -- Up-to-date: /home/jenkin/Documents/bluey/ros2_ws/install/bluey_interface/include/bluey_interface/srv/detail/arm__rosidl_typesupport_introspection_c.h
[1.090s] -- Up-to-date: /home/jenkin/Documents/bluey/ros2_ws/install/bluey_interface/include/bluey_interface/srv/detail/lights__type_support.c
[1.090s] -- Up-to-date: /home/jenkin/Documents/bluey/ros2_ws/install/bluey_interface/include/bluey_interface/srv/detail/commands__rosidl_typesupport_introspection_c.h
[1.090s] -- Up-to-date: /home/jenkin/Documents/bluey/ros2_ws/install/bluey_interface/include/bluey_interface/srv/detail/lights__rosidl_typesupport_introspection_c.h
[1.090s] -- Up-to-date: /home/jenkin/Documents/bluey/ros2_ws/install/bluey_interface/include/bluey_interface/srv/detail/arm__type_support.c
[1.090s] -- Up-to-date: /home/jenkin/Documents/bluey/ros2_ws/install/bluey_interface/include/bluey_interface/srv/detail/commands__type_support.c
[1.090s] -- Up-to-date: /home/jenkin/Documents/bluey/ros2_ws/install/bluey_interface/include/bluey_interface/srv/detail/motion__rosidl_typesupport_introspection_c.h
[1.090s] -- Up-to-date: /home/jenkin/Documents/bluey/ros2_ws/install/bluey_interface/include/bluey_interface/srv/detail/motion__type_support.c
[1.090s] -- Up-to-date: /home/jenkin/Documents/bluey/ros2_ws/install/bluey_interface/include/bluey_interface/msg
[1.091s] -- Up-to-date: /home/jenkin/Documents/bluey/ros2_ws/install/bluey_interface/include/bluey_interface/msg/rosidl_typesupport_introspection_c__visibility_control.h
[1.091s] -- Up-to-date: /home/jenkin/Documents/bluey/ros2_ws/install/bluey_interface/lib/libbluey_interface__rosidl_typesupport_introspection_c.so
[1.092s] -- Up-to-date: /home/jenkin/Documents/bluey/ros2_ws/install/bluey_interface/lib/libbluey_interface__rosidl_typesupport_c.so
[1.092s] -- Up-to-date: /home/jenkin/Documents/bluey/ros2_ws/install/bluey_interface/include/bluey_interface
[1.092s] -- Up-to-date: /home/jenkin/Documents/bluey/ros2_ws/install/bluey_interface/include/bluey_interface/srv
[1.092s] -- Up-to-date: /home/jenkin/Documents/bluey/ros2_ws/install/bluey_interface/include/bluey_interface/srv/commands.hpp
[1.092s] -- Up-to-date: /home/jenkin/Documents/bluey/ros2_ws/install/bluey_interface/include/bluey_interface/srv/lights.hpp
[1.092s] -- Up-to-date: /home/jenkin/Documents/bluey/ros2_ws/install/bluey_interface/include/bluey_interface/srv/motion.hpp
[1.092s] -- Up-to-date: /home/jenkin/Documents/bluey/ros2_ws/install/bluey_interface/include/bluey_interface/srv/arm.hpp
[1.093s] -- Up-to-date: /home/jenkin/Documents/bluey/ros2_ws/install/bluey_interface/include/bluey_interface/srv/detail
[1.093s] -- Up-to-date: /home/jenkin/Documents/bluey/ros2_ws/install/bluey_interface/include/bluey_interface/srv/detail/motion__type_support.hpp
[1.096s] -- Up-to-date: /home/jenkin/Documents/bluey/ros2_ws/install/bluey_interface/include/bluey_interface/srv/detail/lights__type_support.hpp
[1.096s] -- Up-to-date: /home/jenkin/Documents/bluey/ros2_ws/install/bluey_interface/include/bluey_interface/srv/detail/commands__traits.hpp
[1.096s] -- Up-to-date: /home/jenkin/Documents/bluey/ros2_ws/install/bluey_interface/include/bluey_interface/srv/detail/commands__struct.hpp
[1.096s] -- Up-to-date: /home/jenkin/Documents/bluey/ros2_ws/install/bluey_interface/include/bluey_interface/srv/detail/lights__struct.hpp
[1.097s] -- Up-to-date: /home/jenkin/Documents/bluey/ros2_ws/install/bluey_interface/include/bluey_interface/srv/detail/motion__traits.hpp
[1.097s] -- Up-to-date: /home/jenkin/Documents/bluey/ros2_ws/install/bluey_interface/include/bluey_interface/srv/detail/arm__type_support.hpp
[1.097s] -- Up-to-date: /home/jenkin/Documents/bluey/ros2_ws/install/bluey_interface/include/bluey_interface/srv/detail/lights__builder.hpp
[1.097s] -- Up-to-date: /home/jenkin/Documents/bluey/ros2_ws/install/bluey_interface/include/bluey_interface/srv/detail/motion__builder.hpp
[1.097s] -- Up-to-date: /home/jenkin/Documents/bluey/ros2_ws/install/bluey_interface/include/bluey_interface/srv/detail/commands__builder.hpp
[1.097s] -- Up-to-date: /home/jenkin/Documents/bluey/ros2_ws/install/bluey_interface/include/bluey_interface/srv/detail/arm__traits.hpp
[1.097s] -- Up-to-date: /home/jenkin/Documents/bluey/ros2_ws/install/bluey_interface/include/bluey_interface/srv/detail/commands__type_support.hpp
[1.097s] -- Up-to-date: /home/jenkin/Documents/bluey/ros2_ws/install/bluey_interface/include/bluey_interface/srv/detail/arm__struct.hpp
[1.097s] -- Up-to-date: /home/jenkin/Documents/bluey/ros2_ws/install/bluey_interface/include/bluey_interface/srv/detail/arm__builder.hpp
[1.097s] -- Up-to-date: /home/jenkin/Documents/bluey/ros2_ws/install/bluey_interface/include/bluey_interface/srv/detail/motion__struct.hpp
[1.097s] -- Up-to-date: /home/jenkin/Documents/bluey/ros2_ws/install/bluey_interface/include/bluey_interface/srv/detail/lights__traits.hpp
[1.097s] -- Up-to-date: /home/jenkin/Documents/bluey/ros2_ws/install/bluey_interface/include/bluey_interface/msg
[1.097s] -- Up-to-date: /home/jenkin/Documents/bluey/ros2_ws/install/bluey_interface/include/bluey_interface/msg/rosidl_generator_cpp__visibility_control.hpp
[1.097s] -- Up-to-date: /home/jenkin/Documents/bluey/ros2_ws/install/bluey_interface/include/bluey_interface
[1.097s] -- Up-to-date: /home/jenkin/Documents/bluey/ros2_ws/install/bluey_interface/include/bluey_interface/srv
[1.097s] -- Up-to-date: /home/jenkin/Documents/bluey/ros2_ws/install/bluey_interface/include/bluey_interface/srv/detail
[1.097s] -- Up-to-date: /home/jenkin/Documents/bluey/ros2_ws/install/bluey_interface/include/bluey_interface/srv/detail/motion__type_support.cpp
[1.097s] -- Up-to-date: /home/jenkin/Documents/bluey/ros2_ws/install/bluey_interface/include/bluey_interface/srv/detail/commands__type_support.cpp
[1.097s] -- Up-to-date: /home/jenkin/Documents/bluey/ros2_ws/install/bluey_interface/include/bluey_interface/srv/detail/lights__rosidl_typesupport_introspection_cpp.hpp
[1.097s] -- Up-to-date: /home/jenkin/Documents/bluey/ros2_ws/install/bluey_interface/include/bluey_interface/srv/detail/commands__rosidl_typesupport_introspection_cpp.hpp
[1.097s] -- Up-to-date: /home/jenkin/Documents/bluey/ros2_ws/install/bluey_interface/include/bluey_interface/srv/detail/motion__rosidl_typesupport_introspection_cpp.hpp
[1.097s] -- Up-to-date: /home/jenkin/Documents/bluey/ros2_ws/install/bluey_interface/include/bluey_interface/srv/detail/arm__type_support.cpp
[1.097s] -- Up-to-date: /home/jenkin/Documents/bluey/ros2_ws/install/bluey_interface/include/bluey_interface/srv/detail/arm__rosidl_typesupport_introspection_cpp.hpp
[1.097s] -- Up-to-date: /home/jenkin/Documents/bluey/ros2_ws/install/bluey_interface/include/bluey_interface/srv/detail/lights__type_support.cpp
[1.097s] -- Up-to-date: /home/jenkin/Documents/bluey/ros2_ws/install/bluey_interface/lib/libbluey_interface__rosidl_typesupport_introspection_cpp.so
[1.097s] -- Up-to-date: /home/jenkin/Documents/bluey/ros2_ws/install/bluey_interface/lib/libbluey_interface__rosidl_typesupport_cpp.so
[1.097s] -- Up-to-date: /home/jenkin/Documents/bluey/ros2_ws/install/bluey_interface/share/bluey_interface/environment/pythonpath.sh
[1.097s] -- Up-to-date: /home/jenkin/Documents/bluey/ros2_ws/install/bluey_interface/share/bluey_interface/environment/pythonpath.dsv
[1.097s] -- Up-to-date: /home/jenkin/Documents/bluey/ros2_ws/install/bluey_interface/lib/python3.8/site-packages/bluey_interface/__init__.py
[1.143s] -- Up-to-date: /home/jenkin/Documents/bluey/ros2_ws/install/bluey_interface/lib/python3.8/site-packages/bluey_interface/srv
[1.143s] -- Up-to-date: /home/jenkin/Documents/bluey/ros2_ws/install/bluey_interface/lib/python3.8/site-packages/bluey_interface/srv/_commands.py
[1.143s] -- Up-to-date: /home/jenkin/Documents/bluey/ros2_ws/install/bluey_interface/lib/python3.8/site-packages/bluey_interface/srv/_arm.py
[1.143s] -- Up-to-date: /home/jenkin/Documents/bluey/ros2_ws/install/bluey_interface/lib/python3.8/site-packages/bluey_interface/srv/__init__.py
[1.143s] -- Up-to-date: /home/jenkin/Documents/bluey/ros2_ws/install/bluey_interface/lib/python3.8/site-packages/bluey_interface/srv/_commands_s.c
[1.143s] -- Up-to-date: /home/jenkin/Documents/bluey/ros2_ws/install/bluey_interface/lib/python3.8/site-packages/bluey_interface/srv/_lights.py
[1.143s] -- Up-to-date: /home/jenkin/Documents/bluey/ros2_ws/install/bluey_interface/lib/python3.8/site-packages/bluey_interface/srv/_arm_s.c
[1.144s] -- Up-to-date: /home/jenkin/Documents/bluey/ros2_ws/install/bluey_interface/lib/python3.8/site-packages/bluey_interface/srv/_motion_s.c
[1.144s] -- Up-to-date: /home/jenkin/Documents/bluey/ros2_ws/install/bluey_interface/lib/python3.8/site-packages/bluey_interface/srv/_lights_s.c
[1.144s] -- Up-to-date: /home/jenkin/Documents/bluey/ros2_ws/install/bluey_interface/lib/python3.8/site-packages/bluey_interface/srv/_motion.py
[1.144s] -- Up-to-date: /home/jenkin/Documents/bluey/ros2_ws/install/bluey_interface/lib/python3.8/site-packages/bluey_interface/bluey_interface_s__rosidl_typesupport_fastrtps_c.cpython-38-aarch64-linux-gnu.so
[1.144s] -- Up-to-date: /home/jenkin/Documents/bluey/ros2_ws/install/bluey_interface/lib/python3.8/site-packages/bluey_interface/bluey_interface_s__rosidl_typesupport_introspection_c.cpython-38-aarch64-linux-gnu.so
[1.145s] -- Up-to-date: /home/jenkin/Documents/bluey/ros2_ws/install/bluey_interface/lib/python3.8/site-packages/bluey_interface/bluey_interface_s__rosidl_typesupport_c.cpython-38-aarch64-linux-gnu.so
[1.146s] -- Up-to-date: /home/jenkin/Documents/bluey/ros2_ws/install/bluey_interface/lib/libbluey_interface__python.so
[1.146s] -- Up-to-date: /home/jenkin/Documents/bluey/ros2_ws/install/bluey_interface/share/bluey_interface/srv/Arm.idl
[1.147s] -- Up-to-date: /home/jenkin/Documents/bluey/ros2_ws/install/bluey_interface/share/bluey_interface/srv/Lights.idl
[1.147s] -- Up-to-date: /home/jenkin/Documents/bluey/ros2_ws/install/bluey_interface/share/bluey_interface/srv/Motion.idl
[1.147s] -- Up-to-date: /home/jenkin/Documents/bluey/ros2_ws/install/bluey_interface/share/bluey_interface/srv/Commands.idl
[1.147s] -- Up-to-date: /home/jenkin/Documents/bluey/ros2_ws/install/bluey_interface/share/bluey_interface/srv/Arm.srv
[1.147s] -- Up-to-date: /home/jenkin/Documents/bluey/ros2_ws/install/bluey_interface/share/bluey_interface/srv/Arm_Request.msg
[1.148s] -- Up-to-date: /home/jenkin/Documents/bluey/ros2_ws/install/bluey_interface/share/bluey_interface/srv/Arm_Response.msg
[1.148s] -- Up-to-date: /home/jenkin/Documents/bluey/ros2_ws/install/bluey_interface/share/bluey_interface/srv/Lights.srv
[1.148s] -- Up-to-date: /home/jenkin/Documents/bluey/ros2_ws/install/bluey_interface/share/bluey_interface/srv/Lights_Request.msg
[1.148s] -- Up-to-date: /home/jenkin/Documents/bluey/ros2_ws/install/bluey_interface/share/bluey_interface/srv/Lights_Response.msg
[1.148s] -- Up-to-date: /home/jenkin/Documents/bluey/ros2_ws/install/bluey_interface/share/bluey_interface/srv/Motion.srv
[1.148s] -- Up-to-date: /home/jenkin/Documents/bluey/ros2_ws/install/bluey_interface/share/bluey_interface/srv/Motion_Request.msg
[1.148s] -- Up-to-date: /home/jenkin/Documents/bluey/ros2_ws/install/bluey_interface/share/bluey_interface/srv/Motion_Response.msg
[1.148s] -- Up-to-date: /home/jenkin/Documents/bluey/ros2_ws/install/bluey_interface/share/bluey_interface/srv/Commands.srv
[1.148s] -- Up-to-date: /home/jenkin/Documents/bluey/ros2_ws/install/bluey_interface/share/bluey_interface/srv/Commands_Request.msg
[1.148s] -- Up-to-date: /home/jenkin/Documents/bluey/ros2_ws/install/bluey_interface/share/bluey_interface/srv/Commands_Response.msg
[1.148s] -- Up-to-date: /home/jenkin/Documents/bluey/ros2_ws/install/bluey_interface/share/ament_index/resource_index/package_run_dependencies/bluey_interface
[1.148s] -- Up-to-date: /home/jenkin/Documents/bluey/ros2_ws/install/bluey_interface/share/ament_index/resource_index/parent_prefix_path/bluey_interface
[1.148s] -- Up-to-date: /home/jenkin/Documents/bluey/ros2_ws/install/bluey_interface/share/bluey_interface/environment/ament_prefix_path.sh
[1.148s] -- Up-to-date: /home/jenkin/Documents/bluey/ros2_ws/install/bluey_interface/share/bluey_interface/environment/ament_prefix_path.dsv
[1.148s] -- Up-to-date: /home/jenkin/Documents/bluey/ros2_ws/install/bluey_interface/share/bluey_interface/environment/path.sh
[1.148s] -- Up-to-date: /home/jenkin/Documents/bluey/ros2_ws/install/bluey_interface/share/bluey_interface/environment/path.dsv
[1.148s] -- Up-to-date: /home/jenkin/Documents/bluey/ros2_ws/install/bluey_interface/share/bluey_interface/local_setup.bash
[1.148s] -- Up-to-date: /home/jenkin/Documents/bluey/ros2_ws/install/bluey_interface/share/bluey_interface/local_setup.sh
[1.148s] -- Up-to-date: /home/jenkin/Documents/bluey/ros2_ws/install/bluey_interface/share/bluey_interface/local_setup.zsh
[1.148s] -- Up-to-date: /home/jenkin/Documents/bluey/ros2_ws/install/bluey_interface/share/bluey_interface/local_setup.dsv
[1.149s] -- Installing: /home/jenkin/Documents/bluey/ros2_ws/install/bluey_interface/share/bluey_interface/package.dsv
[1.149s] -- Up-to-date: /home/jenkin/Documents/bluey/ros2_ws/install/bluey_interface/share/ament_index/resource_index/packages/bluey_interface
[1.149s] -- Up-to-date: /home/jenkin/Documents/bluey/ros2_ws/install/bluey_interface/share/bluey_interface/cmake/bluey_interface__rosidl_generator_cExport.cmake
[1.149s] -- Up-to-date: /home/jenkin/Documents/bluey/ros2_ws/install/bluey_interface/share/bluey_interface/cmake/bluey_interface__rosidl_generator_cExport-noconfig.cmake
[1.149s] -- Up-to-date: /home/jenkin/Documents/bluey/ros2_ws/install/bluey_interface/share/bluey_interface/cmake/bluey_interface__rosidl_typesupport_introspection_cExport.cmake
[1.150s] -- Up-to-date: /home/jenkin/Documents/bluey/ros2_ws/install/bluey_interface/share/bluey_interface/cmake/bluey_interface__rosidl_typesupport_introspection_cExport-noconfig.cmake
[1.150s] -- Up-to-date: /home/jenkin/Documents/bluey/ros2_ws/install/bluey_interface/share/bluey_interface/cmake/bluey_interface__rosidl_typesupport_cExport.cmake
[1.150s] -- Up-to-date: /home/jenkin/Documents/bluey/ros2_ws/install/bluey_interface/share/bluey_interface/cmake/bluey_interface__rosidl_typesupport_cExport-noconfig.cmake
[1.150s] -- Up-to-date: /home/jenkin/Documents/bluey/ros2_ws/install/bluey_interface/share/bluey_interface/cmake/bluey_interface__rosidl_generator_cppExport.cmake
[1.150s] -- Up-to-date: /home/jenkin/Documents/bluey/ros2_ws/install/bluey_interface/share/bluey_interface/cmake/bluey_interface__rosidl_typesupport_introspection_cppExport.cmake
[1.150s] -- Up-to-date: /home/jenkin/Documents/bluey/ros2_ws/install/bluey_interface/share/bluey_interface/cmake/bluey_interface__rosidl_typesupport_introspection_cppExport-noconfig.cmake
[1.151s] -- Up-to-date: /home/jenkin/Documents/bluey/ros2_ws/install/bluey_interface/share/bluey_interface/cmake/bluey_interface__rosidl_typesupport_cppExport.cmake
[1.151s] -- Up-to-date: /home/jenkin/Documents/bluey/ros2_ws/install/bluey_interface/share/bluey_interface/cmake/bluey_interface__rosidl_typesupport_cppExport-noconfig.cmake
[1.151s] -- Up-to-date: /home/jenkin/Documents/bluey/ros2_ws/install/bluey_interface/share/bluey_interface/cmake/rosidl_cmake-extras.cmake
[1.151s] -- Up-to-date: /home/jenkin/Documents/bluey/ros2_ws/install/bluey_interface/share/bluey_interface/cmake/ament_cmake_export_dependencies-extras.cmake
[1.151s] -- Up-to-date: /home/jenkin/Documents/bluey/ros2_ws/install/bluey_interface/share/bluey_interface/cmake/ament_cmake_export_libraries-extras.cmake
[1.151s] -- Up-to-date: /home/jenkin/Documents/bluey/ros2_ws/install/bluey_interface/share/bluey_interface/cmake/ament_cmake_export_targets-extras.cmake
[1.151s] -- Up-to-date: /home/jenkin/Documents/bluey/ros2_ws/install/bluey_interface/share/bluey_interface/cmake/ament_cmake_export_include_directories-extras.cmake
[1.151s] -- Up-to-date: /home/jenkin/Documents/bluey/ros2_ws/install/bluey_interface/share/bluey_interface/cmake/rosidl_cmake_export_typesupport_libraries-extras.cmake
[1.151s] -- Up-to-date: /home/jenkin/Documents/bluey/ros2_ws/install/bluey_interface/share/bluey_interface/cmake/rosidl_cmake_export_typesupport_targets-extras.cmake
[1.152s] -- Up-to-date: /home/jenkin/Documents/bluey/ros2_ws/install/bluey_interface/share/bluey_interface/cmake/bluey_interfaceConfig.cmake
[1.153s] -- Up-to-date: /home/jenkin/Documents/bluey/ros2_ws/install/bluey_interface/share/bluey_interface/cmake/bluey_interfaceConfig-version.cmake
[1.153s] -- Up-to-date: /home/jenkin/Documents/bluey/ros2_ws/install/bluey_interface/share/bluey_interface/package.xml
[1.166s] Invoked command in '/home/jenkin/Documents/bluey/ros2_ws/build/bluey_interface' returned '0': CMAKE_PREFIX_PATH=${CMAKE_PREFIX_PATH}:/home/jenkin/Documents/airchair/chair_ws/install/chair_pose:/home/jenkin/Documents/airchair/chair_ws/install/chair_openpose:/home/jenkin/Documents/airchair/chair_ws/install/chair:/home/jenkin/Documents/bluey/ros2_ws/install/bluey_tools:/opt/ros/foxy /usr/bin/cmake --install /home/jenkin/Documents/bluey/ros2_ws/build/bluey_interface
