-- The C compiler identification is GNU 11.4.0
-- The CXX compiler identification is GNU 11.4.0
-- Detecting C compiler ABI info
-- Detecting C compiler ABI info - done
-- Check for working C compiler: /usr/bin/cc - skipped
-- Detecting C compile features
-- Detecting C compile features - done
-- Detecting CXX compiler ABI info
-- Detecting CXX compiler ABI info - done
-- Check for working CXX compiler: /usr/bin/c++ - skipped
-- Detecting CXX compile features
-- Detecting CXX compile features - done
-- Found ament_cmake: 1.3.6 (/opt/ros/humble/share/ament_cmake/cmake)
-- Found Python3: /usr/bin/python3.10 (found version "3.10.12") found components: Interpreter 
-- Found std_msgs: 4.2.3 (/opt/ros/humble/share/std_msgs/cmake)
-- Found rosidl_generator_c: 3.1.5 (/opt/ros/humble/share/rosidl_generator_c/cmake)
-- Found rosidl_adapter: 3.1.5 (/opt/ros/humble/share/rosidl_adapter/cmake)
-- Found rosidl_generator_cpp: 3.1.5 (/opt/ros/humble/share/rosidl_generator_cpp/cmake)
-- Using all available rosidl_typesupport_c: rosidl_typesupport_fastrtps_c;rosidl_typesupport_introspection_c
-- Using all available rosidl_typesupport_cpp: rosidl_typesupport_fastrtps_cpp;rosidl_typesupport_introspection_cpp
-- Found rosidl_default_generators: 1.2.0 (/opt/ros/humble/share/rosidl_default_generators/cmake)
-- Found ament_cmake_ros: 0.10.0 (/opt/ros/humble/share/ament_cmake_ros/cmake)
-- Using all available rosidl_typesupport_c: rosidl_typesupport_fastrtps_c;rosidl_typesupport_introspection_c
-- Using all available rosidl_typesupport_cpp: rosidl_typesupport_fastrtps_cpp;rosidl_typesupport_introspection_cpp
-- Found PythonInterp: /usr/bin/python3 (found suitable version "3.10.12", minimum required is "3.6") 
-- Found python_cmake_module: 0.10.0 (/opt/ros/humble/share/python_cmake_module/cmake)
-- Found PythonLibs: /usr/lib/x86_64-linux-gnu/libpython3.10.so (found suitable version "3.10.12", minimum required is "3.5") 
-- Using PYTHON_EXECUTABLE: /usr/bin/python3
-- Using PYTHON_INCLUDE_DIRS: /usr/include/python3.10
-- Using PYTHON_LIBRARIES: /usr/lib/x86_64-linux-gnu/libpython3.10.so
-- Found PythonExtra: .so  
-- Found ament_lint_auto: 0.12.9 (/opt/ros/humble/share/ament_lint_auto/cmake)
-- Added test 'lint_cmake' to check CMake code style
-- Added test 'xmllint' to check XML markup files
-- Configuring done (1.0s)
-- Generating done (0.0s)
-- Build files have been written to: /home/jenkin/Documents/Bluey2.0/ros2_ws/build/bluey_interface
[  1%] [34m[1mGenerating C code for ROS interfaces[0m
[  3%] [34m[1mGenerating C++ code for ROS interfaces[0m
[  3%] Built target ament_cmake_python_copy_bluey_interface
running egg_info
creating bluey_interface.egg-info
writing bluey_interface.egg-info/PKG-INFO
writing dependency_links to bluey_interface.egg-info/dependency_links.txt
writing top-level names to bluey_interface.egg-info/top_level.txt
writing manifest file 'bluey_interface.egg-info/SOURCES.txt'
reading manifest file 'bluey_interface.egg-info/SOURCES.txt'
writing manifest file 'bluey_interface.egg-info/SOURCES.txt'
[  3%] Built target ament_cmake_python_build_bluey_interface_egg
[  3%] Built target bluey_interface__cpp
[  5%] [34m[1mGenerating C++ introspection for ROS interfaces[0m
[  7%] [34m[1mGenerating C++ type support dispatch for ROS interfaces[0m
[  9%] [34m[1mGenerating C++ type support for eProsima Fast-RTPS[0m
[ 10%] [32mBuilding C object CMakeFiles/bluey_interface__rosidl_generator_c.dir/rosidl_generator_c/bluey_interface/srv/detail/arm__functions.c.o[0m
[ 12%] [32mBuilding C object CMakeFiles/bluey_interface__rosidl_generator_c.dir/rosidl_generator_c/bluey_interface/srv/detail/lights__functions.c.o[0m
[ 16%] [32mBuilding C object CMakeFiles/bluey_interface__rosidl_generator_c.dir/rosidl_generator_c/bluey_interface/srv/detail/motion__functions.c.o[0m
[ 16%] [32mBuilding C object CMakeFiles/bluey_interface__rosidl_generator_c.dir/rosidl_generator_c/bluey_interface/srv/detail/commands__functions.c.o[0m
[ 18%] [32m[1mLinking C shared library libbluey_interface__rosidl_generator_c.so[0m
[ 18%] Built target bluey_interface__rosidl_generator_c
[ 20%] [34m[1mGenerating C introspection for ROS interfaces[0m
[ 21%] [34m[1mGenerating C type support dispatch for ROS interfaces[0m
[ 23%] [34m[1mGenerating C type support for eProsima Fast-RTPS[0m
[ 25%] [32mBuilding CXX object CMakeFiles/bluey_interface__rosidl_typesupport_cpp.dir/rosidl_typesupport_cpp/bluey_interface/srv/lights__type_support.cpp.o[0m
[ 27%] [32mBuilding CXX object CMakeFiles/bluey_interface__rosidl_typesupport_cpp.dir/rosidl_typesupport_cpp/bluey_interface/srv/arm__type_support.cpp.o[0m
[ 29%] [32mBuilding CXX object CMakeFiles/bluey_interface__rosidl_typesupport_cpp.dir/rosidl_typesupport_cpp/bluey_interface/srv/motion__type_support.cpp.o[0m
[ 30%] [32mBuilding CXX object CMakeFiles/bluey_interface__rosidl_typesupport_cpp.dir/rosidl_typesupport_cpp/bluey_interface/srv/commands__type_support.cpp.o[0m
[ 32%] [32mBuilding CXX object CMakeFiles/bluey_interface__rosidl_typesupport_introspection_cpp.dir/rosidl_typesupport_introspection_cpp/bluey_interface/srv/detail/arm__type_support.cpp.o[0m
[ 34%] [32mBuilding CXX object CMakeFiles/bluey_interface__rosidl_typesupport_introspection_cpp.dir/rosidl_typesupport_introspection_cpp/bluey_interface/srv/detail/lights__type_support.cpp.o[0m
[ 36%] [32mBuilding CXX object CMakeFiles/bluey_interface__rosidl_typesupport_introspection_cpp.dir/rosidl_typesupport_introspection_cpp/bluey_interface/srv/detail/motion__type_support.cpp.o[0m
[ 38%] [32mBuilding CXX object CMakeFiles/bluey_interface__rosidl_typesupport_introspection_cpp.dir/rosidl_typesupport_introspection_cpp/bluey_interface/srv/detail/commands__type_support.cpp.o[0m
[ 40%] [32mBuilding CXX object CMakeFiles/bluey_interface__rosidl_typesupport_c.dir/rosidl_typesupport_c/bluey_interface/srv/arm__type_support.cpp.o[0m
[ 41%] [32mBuilding CXX object CMakeFiles/bluey_interface__rosidl_typesupport_c.dir/rosidl_typesupport_c/bluey_interface/srv/lights__type_support.cpp.o[0m
[ 45%] [32mBuilding CXX object CMakeFiles/bluey_interface__rosidl_typesupport_fastrtps_cpp.dir/rosidl_typesupport_fastrtps_cpp/bluey_interface/srv/detail/dds_fastrtps/arm__type_support.cpp.o[0m
[ 45%] [32mBuilding CXX object CMakeFiles/bluey_interface__rosidl_typesupport_c.dir/rosidl_typesupport_c/bluey_interface/srv/motion__type_support.cpp.o[0m
[ 47%] [32mBuilding CXX object CMakeFiles/bluey_interface__rosidl_typesupport_c.dir/rosidl_typesupport_c/bluey_interface/srv/commands__type_support.cpp.o[0m
[ 49%] [32mBuilding CXX object CMakeFiles/bluey_interface__rosidl_typesupport_fastrtps_cpp.dir/rosidl_typesupport_fastrtps_cpp/bluey_interface/srv/detail/dds_fastrtps/lights__type_support.cpp.o[0m
[ 50%] [32mBuilding CXX object CMakeFiles/bluey_interface__rosidl_typesupport_fastrtps_cpp.dir/rosidl_typesupport_fastrtps_cpp/bluey_interface/srv/detail/dds_fastrtps/commands__type_support.cpp.o[0m
[ 52%] [32mBuilding CXX object CMakeFiles/bluey_interface__rosidl_typesupport_fastrtps_cpp.dir/rosidl_typesupport_fastrtps_cpp/bluey_interface/srv/detail/dds_fastrtps/motion__type_support.cpp.o[0m
[ 54%] [32m[1mLinking CXX shared library libbluey_interface__rosidl_typesupport_c.so[0m
[ 54%] Built target bluey_interface__rosidl_typesupport_c
[ 56%] [32mBuilding CXX object CMakeFiles/bluey_interface__rosidl_typesupport_fastrtps_c.dir/rosidl_typesupport_fastrtps_c/bluey_interface/srv/detail/arm__type_support_c.cpp.o[0m
[ 60%] [32mBuilding CXX object CMakeFiles/bluey_interface__rosidl_typesupport_fastrtps_c.dir/rosidl_typesupport_fastrtps_c/bluey_interface/srv/detail/lights__type_support_c.cpp.o[0m
[ 60%] [32mBuilding CXX object CMakeFiles/bluey_interface__rosidl_typesupport_fastrtps_c.dir/rosidl_typesupport_fastrtps_c/bluey_interface/srv/detail/motion__type_support_c.cpp.o[0m
[ 61%] [32mBuilding CXX object CMakeFiles/bluey_interface__rosidl_typesupport_fastrtps_c.dir/rosidl_typesupport_fastrtps_c/bluey_interface/srv/detail/commands__type_support_c.cpp.o[0m
[ 65%] [32mBuilding C object CMakeFiles/bluey_interface__rosidl_typesupport_introspection_c.dir/rosidl_typesupport_introspection_c/bluey_interface/srv/detail/lights__type_support.c.o[0m
[ 65%] [32mBuilding C object CMakeFiles/bluey_interface__rosidl_typesupport_introspection_c.dir/rosidl_typesupport_introspection_c/bluey_interface/srv/detail/arm__type_support.c.o[0m
[ 67%] [32mBuilding C object CMakeFiles/bluey_interface__rosidl_typesupport_introspection_c.dir/rosidl_typesupport_introspection_c/bluey_interface/srv/detail/motion__type_support.c.o[0m
[ 69%] [32mBuilding C object CMakeFiles/bluey_interface__rosidl_typesupport_introspection_c.dir/rosidl_typesupport_introspection_c/bluey_interface/srv/detail/commands__type_support.c.o[0m
[ 70%] [32m[1mLinking C shared library libbluey_interface__rosidl_typesupport_introspection_c.so[0m
[ 70%] Built target bluey_interface__rosidl_typesupport_introspection_c
[ 72%] [32m[1mLinking CXX shared library libbluey_interface__rosidl_typesupport_cpp.so[0m
[ 72%] Built target bluey_interface__rosidl_typesupport_cpp
[ 74%] [32m[1mLinking CXX shared library libbluey_interface__rosidl_typesupport_introspection_cpp.so[0m
[ 76%] [32m[1mLinking CXX shared library libbluey_interface__rosidl_typesupport_fastrtps_c.so[0m
[ 76%] Built target bluey_interface__rosidl_typesupport_introspection_cpp
[ 78%] [32m[1mLinking CXX shared library libbluey_interface__rosidl_typesupport_fastrtps_cpp.so[0m
[ 78%] Built target bluey_interface__rosidl_typesupport_fastrtps_c
[ 78%] Built target bluey_interface__rosidl_typesupport_fastrtps_cpp
[ 78%] Built target bluey_interface
[ 80%] [34m[1mGenerating Python code for ROS interfaces[0m
[ 80%] Built target bluey_interface__py
[ 81%] [32mBuilding C object CMakeFiles/bluey_interface__rosidl_generator_py.dir/rosidl_generator_py/bluey_interface/srv/_arm_s.c.o[0m
[ 83%] [32mBuilding C object CMakeFiles/bluey_interface__rosidl_generator_py.dir/rosidl_generator_py/bluey_interface/srv/_lights_s.c.o[0m
[ 85%] [32mBuilding C object CMakeFiles/bluey_interface__rosidl_generator_py.dir/rosidl_generator_py/bluey_interface/srv/_motion_s.c.o[0m
[ 87%] [32mBuilding C object CMakeFiles/bluey_interface__rosidl_generator_py.dir/rosidl_generator_py/bluey_interface/srv/_commands_s.c.o[0m
[ 89%] [32m[1mLinking C shared library rosidl_generator_py/bluey_interface/libbluey_interface__rosidl_generator_py.so[0m
[ 89%] Built target bluey_interface__rosidl_generator_py
[ 90%] [32mBuilding C object CMakeFiles/bluey_interface__rosidl_typesupport_fastrtps_c__pyext.dir/rosidl_generator_py/bluey_interface/_bluey_interface_s.ep.rosidl_typesupport_fastrtps_c.c.o[0m
[ 92%] [32mBuilding C object CMakeFiles/bluey_interface__rosidl_typesupport_introspection_c__pyext.dir/rosidl_generator_py/bluey_interface/_bluey_interface_s.ep.rosidl_typesupport_introspection_c.c.o[0m
[ 94%] [32mBuilding C object CMakeFiles/bluey_interface__rosidl_typesupport_c__pyext.dir/rosidl_generator_py/bluey_interface/_bluey_interface_s.ep.rosidl_typesupport_c.c.o[0m
[ 96%] [32m[1mLinking C shared library rosidl_generator_py/bluey_interface/bluey_interface_s__rosidl_typesupport_fastrtps_c.cpython-310-x86_64-linux-gnu.so[0m
[ 98%] [32m[1mLinking C shared library rosidl_generator_py/bluey_interface/bluey_interface_s__rosidl_typesupport_c.cpython-310-x86_64-linux-gnu.so[0m
[100%] [32m[1mLinking C shared library rosidl_generator_py/bluey_interface/bluey_interface_s__rosidl_typesupport_introspection_c.cpython-310-x86_64-linux-gnu.so[0m
[100%] Built target bluey_interface__rosidl_typesupport_fastrtps_c__pyext
[100%] Built target bluey_interface__rosidl_typesupport_c__pyext
[100%] Built target bluey_interface__rosidl_typesupport_introspection_c__pyext
-- Install configuration: ""
-- Installing: /home/jenkin/Documents/Bluey2.0/ros2_ws/install/bluey_interface/share/ament_index/resource_index/rosidl_interfaces/bluey_interface
-- Installing: /home/jenkin/Documents/Bluey2.0/ros2_ws/install/bluey_interface/include/bluey_interface/bluey_interface
-- Installing: /home/jenkin/Documents/Bluey2.0/ros2_ws/install/bluey_interface/include/bluey_interface/bluey_interface/msg
-- Installing: /home/jenkin/Documents/Bluey2.0/ros2_ws/install/bluey_interface/include/bluey_interface/bluey_interface/msg/rosidl_generator_c__visibility_control.h
-- Installing: /home/jenkin/Documents/Bluey2.0/ros2_ws/install/bluey_interface/include/bluey_interface/bluey_interface/srv
-- Installing: /home/jenkin/Documents/Bluey2.0/ros2_ws/install/bluey_interface/include/bluey_interface/bluey_interface/srv/lights.h
-- Installing: /home/jenkin/Documents/Bluey2.0/ros2_ws/install/bluey_interface/include/bluey_interface/bluey_interface/srv/motion.h
-- Installing: /home/jenkin/Documents/Bluey2.0/ros2_ws/install/bluey_interface/include/bluey_interface/bluey_interface/srv/commands.h
-- Installing: /home/jenkin/Documents/Bluey2.0/ros2_ws/install/bluey_interface/include/bluey_interface/bluey_interface/srv/detail
-- Installing: /home/jenkin/Documents/Bluey2.0/ros2_ws/install/bluey_interface/include/bluey_interface/bluey_interface/srv/detail/motion__functions.c
-- Installing: /home/jenkin/Documents/Bluey2.0/ros2_ws/install/bluey_interface/include/bluey_interface/bluey_interface/srv/detail/arm__type_support.h
-- Installing: /home/jenkin/Documents/Bluey2.0/ros2_ws/install/bluey_interface/include/bluey_interface/bluey_interface/srv/detail/motion__type_support.h
-- Installing: /home/jenkin/Documents/Bluey2.0/ros2_ws/install/bluey_interface/include/bluey_interface/bluey_interface/srv/detail/arm__functions.h
-- Installing: /home/jenkin/Documents/Bluey2.0/ros2_ws/install/bluey_interface/include/bluey_interface/bluey_interface/srv/detail/motion__struct.h
-- Installing: /home/jenkin/Documents/Bluey2.0/ros2_ws/install/bluey_interface/include/bluey_interface/bluey_interface/srv/detail/lights__type_support.h
-- Installing: /home/jenkin/Documents/Bluey2.0/ros2_ws/install/bluey_interface/include/bluey_interface/bluey_interface/srv/detail/motion__functions.h
-- Installing: /home/jenkin/Documents/Bluey2.0/ros2_ws/install/bluey_interface/include/bluey_interface/bluey_interface/srv/detail/lights__functions.h
-- Installing: /home/jenkin/Documents/Bluey2.0/ros2_ws/install/bluey_interface/include/bluey_interface/bluey_interface/srv/detail/lights__struct.h
-- Installing: /home/jenkin/Documents/Bluey2.0/ros2_ws/install/bluey_interface/include/bluey_interface/bluey_interface/srv/detail/commands__type_support.h
-- Installing: /home/jenkin/Documents/Bluey2.0/ros2_ws/install/bluey_interface/include/bluey_interface/bluey_interface/srv/detail/commands__functions.h
-- Installing: /home/jenkin/Documents/Bluey2.0/ros2_ws/install/bluey_interface/include/bluey_interface/bluey_interface/srv/detail/commands__functions.c
-- Installing: /home/jenkin/Documents/Bluey2.0/ros2_ws/install/bluey_interface/include/bluey_interface/bluey_interface/srv/detail/arm__functions.c
-- Installing: /home/jenkin/Documents/Bluey2.0/ros2_ws/install/bluey_interface/include/bluey_interface/bluey_interface/srv/detail/commands__struct.h
-- Installing: /home/jenkin/Documents/Bluey2.0/ros2_ws/install/bluey_interface/include/bluey_interface/bluey_interface/srv/detail/lights__functions.c
-- Installing: /home/jenkin/Documents/Bluey2.0/ros2_ws/install/bluey_interface/include/bluey_interface/bluey_interface/srv/detail/arm__struct.h
-- Installing: /home/jenkin/Documents/Bluey2.0/ros2_ws/install/bluey_interface/include/bluey_interface/bluey_interface/srv/arm.h
-- Installing: /home/jenkin/Documents/Bluey2.0/ros2_ws/install/bluey_interface/share/bluey_interface/environment/library_path.sh
-- Installing: /home/jenkin/Documents/Bluey2.0/ros2_ws/install/bluey_interface/share/bluey_interface/environment/library_path.dsv
-- Installing: /home/jenkin/Documents/Bluey2.0/ros2_ws/install/bluey_interface/lib/libbluey_interface__rosidl_generator_c.so
-- Set runtime path of "/home/jenkin/Documents/Bluey2.0/ros2_ws/install/bluey_interface/lib/libbluey_interface__rosidl_generator_c.so" to ""
-- Up-to-date: /home/jenkin/Documents/Bluey2.0/ros2_ws/install/bluey_interface/include/bluey_interface/bluey_interface
-- Up-to-date: /home/jenkin/Documents/Bluey2.0/ros2_ws/install/bluey_interface/include/bluey_interface/bluey_interface/msg
-- Installing: /home/jenkin/Documents/Bluey2.0/ros2_ws/install/bluey_interface/include/bluey_interface/bluey_interface/msg/rosidl_typesupport_fastrtps_c__visibility_control.h
-- Up-to-date: /home/jenkin/Documents/Bluey2.0/ros2_ws/install/bluey_interface/include/bluey_interface/bluey_interface/srv
-- Up-to-date: /home/jenkin/Documents/Bluey2.0/ros2_ws/install/bluey_interface/include/bluey_interface/bluey_interface/srv/detail
-- Installing: /home/jenkin/Documents/Bluey2.0/ros2_ws/install/bluey_interface/include/bluey_interface/bluey_interface/srv/detail/arm__rosidl_typesupport_fastrtps_c.h
-- Installing: /home/jenkin/Documents/Bluey2.0/ros2_ws/install/bluey_interface/include/bluey_interface/bluey_interface/srv/detail/lights__rosidl_typesupport_fastrtps_c.h
-- Installing: /home/jenkin/Documents/Bluey2.0/ros2_ws/install/bluey_interface/include/bluey_interface/bluey_interface/srv/detail/motion__rosidl_typesupport_fastrtps_c.h
-- Installing: /home/jenkin/Documents/Bluey2.0/ros2_ws/install/bluey_interface/include/bluey_interface/bluey_interface/srv/detail/commands__rosidl_typesupport_fastrtps_c.h
-- Installing: /home/jenkin/Documents/Bluey2.0/ros2_ws/install/bluey_interface/lib/libbluey_interface__rosidl_typesupport_fastrtps_c.so
-- Set runtime path of "/home/jenkin/Documents/Bluey2.0/ros2_ws/install/bluey_interface/lib/libbluey_interface__rosidl_typesupport_fastrtps_c.so" to ""
-- Up-to-date: /home/jenkin/Documents/Bluey2.0/ros2_ws/install/bluey_interface/include/bluey_interface/bluey_interface
-- Up-to-date: /home/jenkin/Documents/Bluey2.0/ros2_ws/install/bluey_interface/include/bluey_interface/bluey_interface/srv
-- Installing: /home/jenkin/Documents/Bluey2.0/ros2_ws/install/bluey_interface/include/bluey_interface/bluey_interface/srv/arm.hpp
-- Installing: /home/jenkin/Documents/Bluey2.0/ros2_ws/install/bluey_interface/include/bluey_interface/bluey_interface/srv/commands.hpp
-- Installing: /home/jenkin/Documents/Bluey2.0/ros2_ws/install/bluey_interface/include/bluey_interface/bluey_interface/srv/motion.hpp
-- Up-to-date: /home/jenkin/Documents/Bluey2.0/ros2_ws/install/bluey_interface/include/bluey_interface/bluey_interface/srv/detail
-- Installing: /home/jenkin/Documents/Bluey2.0/ros2_ws/install/bluey_interface/include/bluey_interface/bluey_interface/srv/detail/lights__traits.hpp
-- Installing: /home/jenkin/Documents/Bluey2.0/ros2_ws/install/bluey_interface/include/bluey_interface/bluey_interface/srv/detail/commands__builder.hpp
-- Installing: /home/jenkin/Documents/Bluey2.0/ros2_ws/install/bluey_interface/include/bluey_interface/bluey_interface/srv/detail/lights__struct.hpp
-- Installing: /home/jenkin/Documents/Bluey2.0/ros2_ws/install/bluey_interface/include/bluey_interface/bluey_interface/srv/detail/arm__traits.hpp
-- Installing: /home/jenkin/Documents/Bluey2.0/ros2_ws/install/bluey_interface/include/bluey_interface/bluey_interface/srv/detail/motion__traits.hpp
-- Installing: /home/jenkin/Documents/Bluey2.0/ros2_ws/install/bluey_interface/include/bluey_interface/bluey_interface/srv/detail/motion__struct.hpp
-- Installing: /home/jenkin/Documents/Bluey2.0/ros2_ws/install/bluey_interface/include/bluey_interface/bluey_interface/srv/detail/arm__struct.hpp
-- Installing: /home/jenkin/Documents/Bluey2.0/ros2_ws/install/bluey_interface/include/bluey_interface/bluey_interface/srv/detail/lights__builder.hpp
-- Installing: /home/jenkin/Documents/Bluey2.0/ros2_ws/install/bluey_interface/include/bluey_interface/bluey_interface/srv/detail/commands__traits.hpp
-- Installing: /home/jenkin/Documents/Bluey2.0/ros2_ws/install/bluey_interface/include/bluey_interface/bluey_interface/srv/detail/arm__builder.hpp
-- Installing: /home/jenkin/Documents/Bluey2.0/ros2_ws/install/bluey_interface/include/bluey_interface/bluey_interface/srv/detail/motion__builder.hpp
-- Installing: /home/jenkin/Documents/Bluey2.0/ros2_ws/install/bluey_interface/include/bluey_interface/bluey_interface/srv/detail/commands__struct.hpp
-- Installing: /home/jenkin/Documents/Bluey2.0/ros2_ws/install/bluey_interface/include/bluey_interface/bluey_interface/srv/lights.hpp
-- Up-to-date: /home/jenkin/Documents/Bluey2.0/ros2_ws/install/bluey_interface/include/bluey_interface/bluey_interface
-- Up-to-date: /home/jenkin/Documents/Bluey2.0/ros2_ws/install/bluey_interface/include/bluey_interface/bluey_interface/msg
-- Installing: /home/jenkin/Documents/Bluey2.0/ros2_ws/install/bluey_interface/include/bluey_interface/bluey_interface/msg/rosidl_typesupport_fastrtps_cpp__visibility_control.h
-- Up-to-date: /home/jenkin/Documents/Bluey2.0/ros2_ws/install/bluey_interface/include/bluey_interface/bluey_interface/srv
-- Up-to-date: /home/jenkin/Documents/Bluey2.0/ros2_ws/install/bluey_interface/include/bluey_interface/bluey_interface/srv/detail
-- Installing: /home/jenkin/Documents/Bluey2.0/ros2_ws/install/bluey_interface/include/bluey_interface/bluey_interface/srv/detail/dds_fastrtps
-- Installing: /home/jenkin/Documents/Bluey2.0/ros2_ws/install/bluey_interface/include/bluey_interface/bluey_interface/srv/detail/lights__rosidl_typesupport_fastrtps_cpp.hpp
-- Installing: /home/jenkin/Documents/Bluey2.0/ros2_ws/install/bluey_interface/include/bluey_interface/bluey_interface/srv/detail/motion__rosidl_typesupport_fastrtps_cpp.hpp
-- Installing: /home/jenkin/Documents/Bluey2.0/ros2_ws/install/bluey_interface/include/bluey_interface/bluey_interface/srv/detail/commands__rosidl_typesupport_fastrtps_cpp.hpp
-- Installing: /home/jenkin/Documents/Bluey2.0/ros2_ws/install/bluey_interface/include/bluey_interface/bluey_interface/srv/detail/arm__rosidl_typesupport_fastrtps_cpp.hpp
-- Installing: /home/jenkin/Documents/Bluey2.0/ros2_ws/install/bluey_interface/lib/libbluey_interface__rosidl_typesupport_fastrtps_cpp.so
-- Set runtime path of "/home/jenkin/Documents/Bluey2.0/ros2_ws/install/bluey_interface/lib/libbluey_interface__rosidl_typesupport_fastrtps_cpp.so" to ""
-- Up-to-date: /home/jenkin/Documents/Bluey2.0/ros2_ws/install/bluey_interface/include/bluey_interface/bluey_interface
-- Up-to-date: /home/jenkin/Documents/Bluey2.0/ros2_ws/install/bluey_interface/include/bluey_interface/bluey_interface/msg
-- Installing: /home/jenkin/Documents/Bluey2.0/ros2_ws/install/bluey_interface/include/bluey_interface/bluey_interface/msg/rosidl_typesupport_introspection_c__visibility_control.h
-- Up-to-date: /home/jenkin/Documents/Bluey2.0/ros2_ws/install/bluey_interface/include/bluey_interface/bluey_interface/srv
-- Up-to-date: /home/jenkin/Documents/Bluey2.0/ros2_ws/install/bluey_interface/include/bluey_interface/bluey_interface/srv/detail
-- Installing: /home/jenkin/Documents/Bluey2.0/ros2_ws/install/bluey_interface/include/bluey_interface/bluey_interface/srv/detail/commands__type_support.c
-- Installing: /home/jenkin/Documents/Bluey2.0/ros2_ws/install/bluey_interface/include/bluey_interface/bluey_interface/srv/detail/lights__rosidl_typesupport_introspection_c.h
-- Installing: /home/jenkin/Documents/Bluey2.0/ros2_ws/install/bluey_interface/include/bluey_interface/bluey_interface/srv/detail/arm__type_support.c
-- Installing: /home/jenkin/Documents/Bluey2.0/ros2_ws/install/bluey_interface/include/bluey_interface/bluey_interface/srv/detail/motion__rosidl_typesupport_introspection_c.h
-- Installing: /home/jenkin/Documents/Bluey2.0/ros2_ws/install/bluey_interface/include/bluey_interface/bluey_interface/srv/detail/lights__type_support.c
-- Installing: /home/jenkin/Documents/Bluey2.0/ros2_ws/install/bluey_interface/include/bluey_interface/bluey_interface/srv/detail/commands__rosidl_typesupport_introspection_c.h
-- Installing: /home/jenkin/Documents/Bluey2.0/ros2_ws/install/bluey_interface/include/bluey_interface/bluey_interface/srv/detail/arm__rosidl_typesupport_introspection_c.h
-- Installing: /home/jenkin/Documents/Bluey2.0/ros2_ws/install/bluey_interface/include/bluey_interface/bluey_interface/srv/detail/motion__type_support.c
-- Installing: /home/jenkin/Documents/Bluey2.0/ros2_ws/install/bluey_interface/lib/libbluey_interface__rosidl_typesupport_introspection_c.so
-- Set runtime path of "/home/jenkin/Documents/Bluey2.0/ros2_ws/install/bluey_interface/lib/libbluey_interface__rosidl_typesupport_introspection_c.so" to ""
-- Installing: /home/jenkin/Documents/Bluey2.0/ros2_ws/install/bluey_interface/lib/libbluey_interface__rosidl_typesupport_c.so
-- Set runtime path of "/home/jenkin/Documents/Bluey2.0/ros2_ws/install/bluey_interface/lib/libbluey_interface__rosidl_typesupport_c.so" to ""
-- Up-to-date: /home/jenkin/Documents/Bluey2.0/ros2_ws/install/bluey_interface/include/bluey_interface/bluey_interface
-- Up-to-date: /home/jenkin/Documents/Bluey2.0/ros2_ws/install/bluey_interface/include/bluey_interface/bluey_interface/srv
-- Up-to-date: /home/jenkin/Documents/Bluey2.0/ros2_ws/install/bluey_interface/include/bluey_interface/bluey_interface/srv/detail
-- Installing: /home/jenkin/Documents/Bluey2.0/ros2_ws/install/bluey_interface/include/bluey_interface/bluey_interface/srv/detail/lights__rosidl_typesupport_introspection_cpp.hpp
-- Installing: /home/jenkin/Documents/Bluey2.0/ros2_ws/install/bluey_interface/include/bluey_interface/bluey_interface/srv/detail/arm__type_support.cpp
-- Installing: /home/jenkin/Documents/Bluey2.0/ros2_ws/install/bluey_interface/include/bluey_interface/bluey_interface/srv/detail/motion__type_support.cpp
-- Installing: /home/jenkin/Documents/Bluey2.0/ros2_ws/install/bluey_interface/include/bluey_interface/bluey_interface/srv/detail/motion__rosidl_typesupport_introspection_cpp.hpp
-- Installing: /home/jenkin/Documents/Bluey2.0/ros2_ws/install/bluey_interface/include/bluey_interface/bluey_interface/srv/detail/commands__type_support.cpp
-- Installing: /home/jenkin/Documents/Bluey2.0/ros2_ws/install/bluey_interface/include/bluey_interface/bluey_interface/srv/detail/arm__rosidl_typesupport_introspection_cpp.hpp
-- Installing: /home/jenkin/Documents/Bluey2.0/ros2_ws/install/bluey_interface/include/bluey_interface/bluey_interface/srv/detail/commands__rosidl_typesupport_introspection_cpp.hpp
-- Installing: /home/jenkin/Documents/Bluey2.0/ros2_ws/install/bluey_interface/include/bluey_interface/bluey_interface/srv/detail/lights__type_support.cpp
-- Installing: /home/jenkin/Documents/Bluey2.0/ros2_ws/install/bluey_interface/lib/libbluey_interface__rosidl_typesupport_introspection_cpp.so
-- Set runtime path of "/home/jenkin/Documents/Bluey2.0/ros2_ws/install/bluey_interface/lib/libbluey_interface__rosidl_typesupport_introspection_cpp.so" to ""
-- Installing: /home/jenkin/Documents/Bluey2.0/ros2_ws/install/bluey_interface/lib/libbluey_interface__rosidl_typesupport_cpp.so
-- Set runtime path of "/home/jenkin/Documents/Bluey2.0/ros2_ws/install/bluey_interface/lib/libbluey_interface__rosidl_typesupport_cpp.so" to ""
-- Installing: /home/jenkin/Documents/Bluey2.0/ros2_ws/install/bluey_interface/share/bluey_interface/environment/pythonpath.sh
-- Installing: /home/jenkin/Documents/Bluey2.0/ros2_ws/install/bluey_interface/share/bluey_interface/environment/pythonpath.dsv
-- Installing: /home/jenkin/Documents/Bluey2.0/ros2_ws/install/bluey_interface/local/lib/python3.10/dist-packages/bluey_interface-0.0.2-py3.10.egg-info
-- Installing: /home/jenkin/Documents/Bluey2.0/ros2_ws/install/bluey_interface/local/lib/python3.10/dist-packages/bluey_interface-0.0.2-py3.10.egg-info/SOURCES.txt
-- Installing: /home/jenkin/Documents/Bluey2.0/ros2_ws/install/bluey_interface/local/lib/python3.10/dist-packages/bluey_interface-0.0.2-py3.10.egg-info/top_level.txt
-- Installing: /home/jenkin/Documents/Bluey2.0/ros2_ws/install/bluey_interface/local/lib/python3.10/dist-packages/bluey_interface-0.0.2-py3.10.egg-info/PKG-INFO
-- Installing: /home/jenkin/Documents/Bluey2.0/ros2_ws/install/bluey_interface/local/lib/python3.10/dist-packages/bluey_interface-0.0.2-py3.10.egg-info/dependency_links.txt
-- Installing: /home/jenkin/Documents/Bluey2.0/ros2_ws/install/bluey_interface/local/lib/python3.10/dist-packages/bluey_interface
-- Installing: /home/jenkin/Documents/Bluey2.0/ros2_ws/install/bluey_interface/local/lib/python3.10/dist-packages/bluey_interface/bluey_interface_s__rosidl_typesupport_c.cpython-310-x86_64-linux-gnu.so
-- Installing: /home/jenkin/Documents/Bluey2.0/ros2_ws/install/bluey_interface/local/lib/python3.10/dist-packages/bluey_interface/libbluey_interface__rosidl_generator_py.so
-- Installing: /home/jenkin/Documents/Bluey2.0/ros2_ws/install/bluey_interface/local/lib/python3.10/dist-packages/bluey_interface/bluey_interface_s__rosidl_typesupport_fastrtps_c.cpython-310-x86_64-linux-gnu.so
-- Installing: /home/jenkin/Documents/Bluey2.0/ros2_ws/install/bluey_interface/local/lib/python3.10/dist-packages/bluey_interface/_bluey_interface_s.ep.rosidl_typesupport_fastrtps_c.c
-- Installing: /home/jenkin/Documents/Bluey2.0/ros2_ws/install/bluey_interface/local/lib/python3.10/dist-packages/bluey_interface/_bluey_interface_s.ep.rosidl_typesupport_introspection_c.c
-- Installing: /home/jenkin/Documents/Bluey2.0/ros2_ws/install/bluey_interface/local/lib/python3.10/dist-packages/bluey_interface/bluey_interface_s__rosidl_typesupport_introspection_c.cpython-310-x86_64-linux-gnu.so
-- Installing: /home/jenkin/Documents/Bluey2.0/ros2_ws/install/bluey_interface/local/lib/python3.10/dist-packages/bluey_interface/__init__.py
-- Installing: /home/jenkin/Documents/Bluey2.0/ros2_ws/install/bluey_interface/local/lib/python3.10/dist-packages/bluey_interface/_bluey_interface_s.ep.rosidl_typesupport_c.c
-- Installing: /home/jenkin/Documents/Bluey2.0/ros2_ws/install/bluey_interface/local/lib/python3.10/dist-packages/bluey_interface/srv
-- Installing: /home/jenkin/Documents/Bluey2.0/ros2_ws/install/bluey_interface/local/lib/python3.10/dist-packages/bluey_interface/srv/_commands.py
-- Installing: /home/jenkin/Documents/Bluey2.0/ros2_ws/install/bluey_interface/local/lib/python3.10/dist-packages/bluey_interface/srv/_arm_s.c
-- Installing: /home/jenkin/Documents/Bluey2.0/ros2_ws/install/bluey_interface/local/lib/python3.10/dist-packages/bluey_interface/srv/_lights_s.c
-- Installing: /home/jenkin/Documents/Bluey2.0/ros2_ws/install/bluey_interface/local/lib/python3.10/dist-packages/bluey_interface/srv/_motion.py
-- Installing: /home/jenkin/Documents/Bluey2.0/ros2_ws/install/bluey_interface/local/lib/python3.10/dist-packages/bluey_interface/srv/_arm.py
-- Installing: /home/jenkin/Documents/Bluey2.0/ros2_ws/install/bluey_interface/local/lib/python3.10/dist-packages/bluey_interface/srv/_lights.py
-- Installing: /home/jenkin/Documents/Bluey2.0/ros2_ws/install/bluey_interface/local/lib/python3.10/dist-packages/bluey_interface/srv/_commands_s.c
-- Installing: /home/jenkin/Documents/Bluey2.0/ros2_ws/install/bluey_interface/local/lib/python3.10/dist-packages/bluey_interface/srv/__init__.py
-- Installing: /home/jenkin/Documents/Bluey2.0/ros2_ws/install/bluey_interface/local/lib/python3.10/dist-packages/bluey_interface/srv/_motion_s.c
Listing '/home/jenkin/Documents/Bluey2.0/ros2_ws/install/bluey_interface/local/lib/python3.10/dist-packages/bluey_interface'...
Compiling '/home/jenkin/Documents/Bluey2.0/ros2_ws/install/bluey_interface/local/lib/python3.10/dist-packages/bluey_interface/__init__.py'...
Listing '/home/jenkin/Documents/Bluey2.0/ros2_ws/install/bluey_interface/local/lib/python3.10/dist-packages/bluey_interface/srv'...
Compiling '/home/jenkin/Documents/Bluey2.0/ros2_ws/install/bluey_interface/local/lib/python3.10/dist-packages/bluey_interface/srv/__init__.py'...
Compiling '/home/jenkin/Documents/Bluey2.0/ros2_ws/install/bluey_interface/local/lib/python3.10/dist-packages/bluey_interface/srv/_arm.py'...
Compiling '/home/jenkin/Documents/Bluey2.0/ros2_ws/install/bluey_interface/local/lib/python3.10/dist-packages/bluey_interface/srv/_commands.py'...
Compiling '/home/jenkin/Documents/Bluey2.0/ros2_ws/install/bluey_interface/local/lib/python3.10/dist-packages/bluey_interface/srv/_lights.py'...
Compiling '/home/jenkin/Documents/Bluey2.0/ros2_ws/install/bluey_interface/local/lib/python3.10/dist-packages/bluey_interface/srv/_motion.py'...
-- Installing: /home/jenkin/Documents/Bluey2.0/ros2_ws/install/bluey_interface/local/lib/python3.10/dist-packages/bluey_interface/bluey_interface_s__rosidl_typesupport_fastrtps_c.cpython-310-x86_64-linux-gnu.so
-- Set runtime path of "/home/jenkin/Documents/Bluey2.0/ros2_ws/install/bluey_interface/local/lib/python3.10/dist-packages/bluey_interface/bluey_interface_s__rosidl_typesupport_fastrtps_c.cpython-310-x86_64-linux-gnu.so" to ""
-- Installing: /home/jenkin/Documents/Bluey2.0/ros2_ws/install/bluey_interface/local/lib/python3.10/dist-packages/bluey_interface/bluey_interface_s__rosidl_typesupport_introspection_c.cpython-310-x86_64-linux-gnu.so
-- Set runtime path of "/home/jenkin/Documents/Bluey2.0/ros2_ws/install/bluey_interface/local/lib/python3.10/dist-packages/bluey_interface/bluey_interface_s__rosidl_typesupport_introspection_c.cpython-310-x86_64-linux-gnu.so" to ""
-- Installing: /home/jenkin/Documents/Bluey2.0/ros2_ws/install/bluey_interface/local/lib/python3.10/dist-packages/bluey_interface/bluey_interface_s__rosidl_typesupport_c.cpython-310-x86_64-linux-gnu.so
-- Set runtime path of "/home/jenkin/Documents/Bluey2.0/ros2_ws/install/bluey_interface/local/lib/python3.10/dist-packages/bluey_interface/bluey_interface_s__rosidl_typesupport_c.cpython-310-x86_64-linux-gnu.so" to ""
-- Installing: /home/jenkin/Documents/Bluey2.0/ros2_ws/install/bluey_interface/lib/libbluey_interface__rosidl_generator_py.so
-- Set runtime path of "/home/jenkin/Documents/Bluey2.0/ros2_ws/install/bluey_interface/lib/libbluey_interface__rosidl_generator_py.so" to ""
-- Installing: /home/jenkin/Documents/Bluey2.0/ros2_ws/install/bluey_interface/share/bluey_interface/srv/Arm.idl
-- Installing: /home/jenkin/Documents/Bluey2.0/ros2_ws/install/bluey_interface/share/bluey_interface/srv/Lights.idl
-- Installing: /home/jenkin/Documents/Bluey2.0/ros2_ws/install/bluey_interface/share/bluey_interface/srv/Motion.idl
-- Installing: /home/jenkin/Documents/Bluey2.0/ros2_ws/install/bluey_interface/share/bluey_interface/srv/Commands.idl
-- Installing: /home/jenkin/Documents/Bluey2.0/ros2_ws/install/bluey_interface/share/bluey_interface/srv/Arm.srv
-- Installing: /home/jenkin/Documents/Bluey2.0/ros2_ws/install/bluey_interface/share/bluey_interface/srv/Arm_Request.msg
-- Installing: /home/jenkin/Documents/Bluey2.0/ros2_ws/install/bluey_interface/share/bluey_interface/srv/Arm_Response.msg
-- Installing: /home/jenkin/Documents/Bluey2.0/ros2_ws/install/bluey_interface/share/bluey_interface/srv/Lights.srv
-- Installing: /home/jenkin/Documents/Bluey2.0/ros2_ws/install/bluey_interface/share/bluey_interface/srv/Lights_Request.msg
-- Installing: /home/jenkin/Documents/Bluey2.0/ros2_ws/install/bluey_interface/share/bluey_interface/srv/Lights_Response.msg
-- Installing: /home/jenkin/Documents/Bluey2.0/ros2_ws/install/bluey_interface/share/bluey_interface/srv/Motion.srv
-- Installing: /home/jenkin/Documents/Bluey2.0/ros2_ws/install/bluey_interface/share/bluey_interface/srv/Motion_Request.msg
-- Installing: /home/jenkin/Documents/Bluey2.0/ros2_ws/install/bluey_interface/share/bluey_interface/srv/Motion_Response.msg
-- Installing: /home/jenkin/Documents/Bluey2.0/ros2_ws/install/bluey_interface/share/bluey_interface/srv/Commands.srv
-- Installing: /home/jenkin/Documents/Bluey2.0/ros2_ws/install/bluey_interface/share/bluey_interface/srv/Commands_Request.msg
-- Installing: /home/jenkin/Documents/Bluey2.0/ros2_ws/install/bluey_interface/share/bluey_interface/srv/Commands_Response.msg
-- Installing: /home/jenkin/Documents/Bluey2.0/ros2_ws/install/bluey_interface/share/ament_index/resource_index/package_run_dependencies/bluey_interface
-- Installing: /home/jenkin/Documents/Bluey2.0/ros2_ws/install/bluey_interface/share/ament_index/resource_index/parent_prefix_path/bluey_interface
-- Installing: /home/jenkin/Documents/Bluey2.0/ros2_ws/install/bluey_interface/share/bluey_interface/environment/ament_prefix_path.sh
-- Installing: /home/jenkin/Documents/Bluey2.0/ros2_ws/install/bluey_interface/share/bluey_interface/environment/ament_prefix_path.dsv
-- Installing: /home/jenkin/Documents/Bluey2.0/ros2_ws/install/bluey_interface/share/bluey_interface/environment/path.sh
-- Installing: /home/jenkin/Documents/Bluey2.0/ros2_ws/install/bluey_interface/share/bluey_interface/environment/path.dsv
-- Installing: /home/jenkin/Documents/Bluey2.0/ros2_ws/install/bluey_interface/share/bluey_interface/local_setup.bash
-- Installing: /home/jenkin/Documents/Bluey2.0/ros2_ws/install/bluey_interface/share/bluey_interface/local_setup.sh
-- Installing: /home/jenkin/Documents/Bluey2.0/ros2_ws/install/bluey_interface/share/bluey_interface/local_setup.zsh
-- Installing: /home/jenkin/Documents/Bluey2.0/ros2_ws/install/bluey_interface/share/bluey_interface/local_setup.dsv
-- Installing: /home/jenkin/Documents/Bluey2.0/ros2_ws/install/bluey_interface/share/bluey_interface/package.dsv
-- Installing: /home/jenkin/Documents/Bluey2.0/ros2_ws/install/bluey_interface/share/ament_index/resource_index/packages/bluey_interface
-- Installing: /home/jenkin/Documents/Bluey2.0/ros2_ws/install/bluey_interface/share/bluey_interface/cmake/export_bluey_interface__rosidl_generator_cExport.cmake
-- Installing: /home/jenkin/Documents/Bluey2.0/ros2_ws/install/bluey_interface/share/bluey_interface/cmake/export_bluey_interface__rosidl_generator_cExport-noconfig.cmake
-- Installing: /home/jenkin/Documents/Bluey2.0/ros2_ws/install/bluey_interface/share/bluey_interface/cmake/export_bluey_interface__rosidl_typesupport_fastrtps_cExport.cmake
-- Installing: /home/jenkin/Documents/Bluey2.0/ros2_ws/install/bluey_interface/share/bluey_interface/cmake/export_bluey_interface__rosidl_typesupport_fastrtps_cExport-noconfig.cmake
-- Installing: /home/jenkin/Documents/Bluey2.0/ros2_ws/install/bluey_interface/share/bluey_interface/cmake/export_bluey_interface__rosidl_generator_cppExport.cmake
-- Installing: /home/jenkin/Documents/Bluey2.0/ros2_ws/install/bluey_interface/share/bluey_interface/cmake/export_bluey_interface__rosidl_typesupport_fastrtps_cppExport.cmake
-- Installing: /home/jenkin/Documents/Bluey2.0/ros2_ws/install/bluey_interface/share/bluey_interface/cmake/export_bluey_interface__rosidl_typesupport_fastrtps_cppExport-noconfig.cmake
-- Installing: /home/jenkin/Documents/Bluey2.0/ros2_ws/install/bluey_interface/share/bluey_interface/cmake/bluey_interface__rosidl_typesupport_introspection_cExport.cmake
-- Installing: /home/jenkin/Documents/Bluey2.0/ros2_ws/install/bluey_interface/share/bluey_interface/cmake/bluey_interface__rosidl_typesupport_introspection_cExport-noconfig.cmake
-- Installing: /home/jenkin/Documents/Bluey2.0/ros2_ws/install/bluey_interface/share/bluey_interface/cmake/bluey_interface__rosidl_typesupport_cExport.cmake
-- Installing: /home/jenkin/Documents/Bluey2.0/ros2_ws/install/bluey_interface/share/bluey_interface/cmake/bluey_interface__rosidl_typesupport_cExport-noconfig.cmake
-- Installing: /home/jenkin/Documents/Bluey2.0/ros2_ws/install/bluey_interface/share/bluey_interface/cmake/bluey_interface__rosidl_typesupport_introspection_cppExport.cmake
-- Installing: /home/jenkin/Documents/Bluey2.0/ros2_ws/install/bluey_interface/share/bluey_interface/cmake/bluey_interface__rosidl_typesupport_introspection_cppExport-noconfig.cmake
-- Installing: /home/jenkin/Documents/Bluey2.0/ros2_ws/install/bluey_interface/share/bluey_interface/cmake/bluey_interface__rosidl_typesupport_cppExport.cmake
-- Installing: /home/jenkin/Documents/Bluey2.0/ros2_ws/install/bluey_interface/share/bluey_interface/cmake/bluey_interface__rosidl_typesupport_cppExport-noconfig.cmake
-- Installing: /home/jenkin/Documents/Bluey2.0/ros2_ws/install/bluey_interface/share/bluey_interface/cmake/export_bluey_interface__rosidl_generator_pyExport.cmake
-- Installing: /home/jenkin/Documents/Bluey2.0/ros2_ws/install/bluey_interface/share/bluey_interface/cmake/export_bluey_interface__rosidl_generator_pyExport-noconfig.cmake
-- Installing: /home/jenkin/Documents/Bluey2.0/ros2_ws/install/bluey_interface/share/bluey_interface/cmake/rosidl_cmake-extras.cmake
-- Installing: /home/jenkin/Documents/Bluey2.0/ros2_ws/install/bluey_interface/share/bluey_interface/cmake/ament_cmake_export_dependencies-extras.cmake
-- Installing: /home/jenkin/Documents/Bluey2.0/ros2_ws/install/bluey_interface/share/bluey_interface/cmake/ament_cmake_export_include_directories-extras.cmake
-- Installing: /home/jenkin/Documents/Bluey2.0/ros2_ws/install/bluey_interface/share/bluey_interface/cmake/ament_cmake_export_libraries-extras.cmake
-- Installing: /home/jenkin/Documents/Bluey2.0/ros2_ws/install/bluey_interface/share/bluey_interface/cmake/ament_cmake_export_targets-extras.cmake
-- Installing: /home/jenkin/Documents/Bluey2.0/ros2_ws/install/bluey_interface/share/bluey_interface/cmake/rosidl_cmake_export_typesupport_targets-extras.cmake
-- Installing: /home/jenkin/Documents/Bluey2.0/ros2_ws/install/bluey_interface/share/bluey_interface/cmake/rosidl_cmake_export_typesupport_libraries-extras.cmake
-- Installing: /home/jenkin/Documents/Bluey2.0/ros2_ws/install/bluey_interface/share/bluey_interface/cmake/bluey_interfaceConfig.cmake
-- Installing: /home/jenkin/Documents/Bluey2.0/ros2_ws/install/bluey_interface/share/bluey_interface/cmake/bluey_interfaceConfig-version.cmake
-- Installing: /home/jenkin/Documents/Bluey2.0/ros2_ws/install/bluey_interface/share/bluey_interface/package.xml
