[0.115s] Invoking command in '/home/jenkin/Documents/Bluey2.0/ros2_ws/build/bluey_interface': CMAKE_PREFIX_PATH=${CMAKE_PREFIX_PATH}:/home/jenkin/Documents/Bluey2.0/ros2_ws/install/bluey_tools:/home/jenkin/Documents/CPMR3/ros2_ws/install/cpmr_ch8:/home/jenkin/Documents/CPMR3/ros2_ws/install/cpmr_ch7:/home/jenkin/Documents/CPMR3/ros2_ws/install/cpmr_ch6:/home/jenkin/Documents/CPMR3/ros2_ws/install/cpmr_ch5:/home/jenkin/Documents/CPMR3/ros2_ws/install/cpmr_ch4:/home/jenkin/Documents/CPMR3/ros2_ws/install/cpmr_ch2:/home/jenkin/Documents/CPMR3/ros2_ws/install/cpmr_ch12:/home/jenkin/Documents/CPMR3/ros2_ws/install/cpmr_ch11:/home/jenkin/Documents/CPMR3/ros2_ws/install/cpmr_apb:/opt/ros/humble /home/jenkin/.local/bin/cmake /home/jenkin/Documents/Bluey2.0/ros2_ws/src/bluey_interface -DCMAKE_INSTALL_PREFIX=/home/jenkin/Documents/Bluey2.0/ros2_ws/install/bluey_interface
[0.149s] -- The C compiler identification is GNU 11.4.0
[0.175s] -- The CXX compiler identification is GNU 11.4.0
[0.180s] -- Detecting C compiler ABI info
[0.208s] -- Detecting C compiler ABI info - done
[0.217s] -- Check for working C compiler: /usr/bin/cc - skipped
[0.217s] -- Detecting C compile features
[0.218s] -- Detecting C compile features - done
[0.222s] -- Detecting CXX compiler ABI info
[0.255s] -- Detecting CXX compiler ABI info - done
[0.264s] -- Check for working CXX compiler: /usr/bin/c++ - skipped
[0.264s] -- Detecting CXX compile features
[0.265s] -- Detecting CXX compile features - done
[0.267s] -- Found ament_cmake: 1.3.6 (/opt/ros/humble/share/ament_cmake/cmake)
[0.474s] -- Found Python3: /usr/bin/python3.10 (found version "3.10.12") found components: Interpreter 
[0.524s] -- Found std_msgs: 4.2.3 (/opt/ros/humble/share/std_msgs/cmake)
[0.546s] -- Found rosidl_generator_c: 3.1.5 (/opt/ros/humble/share/rosidl_generator_c/cmake)
[0.550s] -- Found rosidl_adapter: 3.1.5 (/opt/ros/humble/share/rosidl_adapter/cmake)
[0.556s] -- Found rosidl_generator_cpp: 3.1.5 (/opt/ros/humble/share/rosidl_generator_cpp/cmake)
[0.564s] -- Using all available rosidl_typesupport_c: rosidl_typesupport_fastrtps_c;rosidl_typesupport_introspection_c
[0.576s] -- Using all available rosidl_typesupport_cpp: rosidl_typesupport_fastrtps_cpp;rosidl_typesupport_introspection_cpp
[0.610s] -- Found rosidl_default_generators: 1.2.0 (/opt/ros/humble/share/rosidl_default_generators/cmake)
[0.758s] -- Found ament_cmake_ros: 0.10.0 (/opt/ros/humble/share/ament_cmake_ros/cmake)
[0.918s] -- Using all available rosidl_typesupport_c: rosidl_typesupport_fastrtps_c;rosidl_typesupport_introspection_c
[0.986s] -- Using all available rosidl_typesupport_cpp: rosidl_typesupport_fastrtps_cpp;rosidl_typesupport_introspection_cpp
[1.008s] -- Found PythonInterp: /usr/bin/python3 (found suitable version "3.10.12", minimum required is "3.6") 
[1.010s] -- Found python_cmake_module: 0.10.0 (/opt/ros/humble/share/python_cmake_module/cmake)
[1.035s] -- Found PythonLibs: /usr/lib/x86_64-linux-gnu/libpython3.10.so (found suitable version "3.10.12", minimum required is "3.5") 
[1.035s] -- Using PYTHON_EXECUTABLE: /usr/bin/python3
[1.035s] -- Using PYTHON_INCLUDE_DIRS: /usr/include/python3.10
[1.035s] -- Using PYTHON_LIBRARIES: /usr/lib/x86_64-linux-gnu/libpython3.10.so
[1.051s] -- Found PythonExtra: .so  
[1.088s] -- Found ament_lint_auto: 0.12.9 (/opt/ros/humble/share/ament_lint_auto/cmake)
[1.098s] -- Added test 'lint_cmake' to check CMake code style
[1.099s] -- Added test 'xmllint' to check XML markup files
[1.100s] -- Configuring done (1.0s)
[1.119s] -- Generating done (0.0s)
[1.120s] -- Build files have been written to: /home/jenkin/Documents/Bluey2.0/ros2_ws/build/bluey_interface
[1.125s] Invoked command in '/home/jenkin/Documents/Bluey2.0/ros2_ws/build/bluey_interface' returned '0': CMAKE_PREFIX_PATH=${CMAKE_PREFIX_PATH}:/home/jenkin/Documents/Bluey2.0/ros2_ws/install/bluey_tools:/home/jenkin/Documents/CPMR3/ros2_ws/install/cpmr_ch8:/home/jenkin/Documents/CPMR3/ros2_ws/install/cpmr_ch7:/home/jenkin/Documents/CPMR3/ros2_ws/install/cpmr_ch6:/home/jenkin/Documents/CPMR3/ros2_ws/install/cpmr_ch5:/home/jenkin/Documents/CPMR3/ros2_ws/install/cpmr_ch4:/home/jenkin/Documents/CPMR3/ros2_ws/install/cpmr_ch2:/home/jenkin/Documents/CPMR3/ros2_ws/install/cpmr_ch12:/home/jenkin/Documents/CPMR3/ros2_ws/install/cpmr_ch11:/home/jenkin/Documents/CPMR3/ros2_ws/install/cpmr_apb:/opt/ros/humble /home/jenkin/.local/bin/cmake /home/jenkin/Documents/Bluey2.0/ros2_ws/src/bluey_interface -DCMAKE_INSTALL_PREFIX=/home/jenkin/Documents/Bluey2.0/ros2_ws/install/bluey_interface
[1.126s] Invoking command in '/home/jenkin/Documents/Bluey2.0/ros2_ws/build/bluey_interface': CMAKE_PREFIX_PATH=${CMAKE_PREFIX_PATH}:/home/jenkin/Documents/Bluey2.0/ros2_ws/install/bluey_tools:/home/jenkin/Documents/CPMR3/ros2_ws/install/cpmr_ch8:/home/jenkin/Documents/CPMR3/ros2_ws/install/cpmr_ch7:/home/jenkin/Documents/CPMR3/ros2_ws/install/cpmr_ch6:/home/jenkin/Documents/CPMR3/ros2_ws/install/cpmr_ch5:/home/jenkin/Documents/CPMR3/ros2_ws/install/cpmr_ch4:/home/jenkin/Documents/CPMR3/ros2_ws/install/cpmr_ch2:/home/jenkin/Documents/CPMR3/ros2_ws/install/cpmr_ch12:/home/jenkin/Documents/CPMR3/ros2_ws/install/cpmr_ch11:/home/jenkin/Documents/CPMR3/ros2_ws/install/cpmr_apb:/opt/ros/humble /home/jenkin/.local/bin/cmake --build /home/jenkin/Documents/Bluey2.0/ros2_ws/build/bluey_interface -- -j32 -l32
[1.156s] [  1%] [34m[1mGenerating C code for ROS interfaces[0m
[1.161s] [  3%] [34m[1mGenerating C++ code for ROS interfaces[0m
[1.163s] [  3%] Built target ament_cmake_python_copy_bluey_interface
[1.311s] running egg_info
[1.311s] creating bluey_interface.egg-info
[1.311s] writing bluey_interface.egg-info/PKG-INFO
[1.311s] writing dependency_links to bluey_interface.egg-info/dependency_links.txt
[1.311s] writing top-level names to bluey_interface.egg-info/top_level.txt
[1.311s] writing manifest file 'bluey_interface.egg-info/SOURCES.txt'
[1.312s] reading manifest file 'bluey_interface.egg-info/SOURCES.txt'
[1.312s] writing manifest file 'bluey_interface.egg-info/SOURCES.txt'
[1.322s] [  3%] Built target ament_cmake_python_build_bluey_interface_egg
[1.364s] [  3%] Built target bluey_interface__cpp
[1.366s] [  5%] [34m[1mGenerating C++ introspection for ROS interfaces[0m
[1.366s] [  7%] [34m[1mGenerating C++ type support dispatch for ROS interfaces[0m
[1.366s] [  9%] [34m[1mGenerating C++ type support for eProsima Fast-RTPS[0m
[1.374s] [ 10%] [32mBuilding C object CMakeFiles/bluey_interface__rosidl_generator_c.dir/rosidl_generator_c/bluey_interface/srv/detail/arm__functions.c.o[0m
[1.374s] [ 12%] [32mBuilding C object CMakeFiles/bluey_interface__rosidl_generator_c.dir/rosidl_generator_c/bluey_interface/srv/detail/lights__functions.c.o[0m
[1.374s] [ 16%] [32mBuilding C object CMakeFiles/bluey_interface__rosidl_generator_c.dir/rosidl_generator_c/bluey_interface/srv/detail/motion__functions.c.o[0m
[1.374s] [ 16%] [32mBuilding C object CMakeFiles/bluey_interface__rosidl_generator_c.dir/rosidl_generator_c/bluey_interface/srv/detail/commands__functions.c.o[0m
[1.400s] [ 18%] [32m[1mLinking C shared library libbluey_interface__rosidl_generator_c.so[0m
[1.413s] [ 18%] Built target bluey_interface__rosidl_generator_c
[1.415s] [ 20%] [34m[1mGenerating C introspection for ROS interfaces[0m
[1.415s] [ 21%] [34m[1mGenerating C type support dispatch for ROS interfaces[0m
[1.416s] [ 23%] [34m[1mGenerating C type support for eProsima Fast-RTPS[0m
[1.511s] [ 25%] [32mBuilding CXX object CMakeFiles/bluey_interface__rosidl_typesupport_cpp.dir/rosidl_typesupport_cpp/bluey_interface/srv/lights__type_support.cpp.o[0m
[1.511s] [ 27%] [32mBuilding CXX object CMakeFiles/bluey_interface__rosidl_typesupport_cpp.dir/rosidl_typesupport_cpp/bluey_interface/srv/arm__type_support.cpp.o[0m
[1.511s] [ 29%] [32mBuilding CXX object CMakeFiles/bluey_interface__rosidl_typesupport_cpp.dir/rosidl_typesupport_cpp/bluey_interface/srv/motion__type_support.cpp.o[0m
[1.511s] [ 30%] [32mBuilding CXX object CMakeFiles/bluey_interface__rosidl_typesupport_cpp.dir/rosidl_typesupport_cpp/bluey_interface/srv/commands__type_support.cpp.o[0m
[1.540s] [ 32%] [32mBuilding CXX object CMakeFiles/bluey_interface__rosidl_typesupport_introspection_cpp.dir/rosidl_typesupport_introspection_cpp/bluey_interface/srv/detail/arm__type_support.cpp.o[0m
[1.541s] [ 34%] [32mBuilding CXX object CMakeFiles/bluey_interface__rosidl_typesupport_introspection_cpp.dir/rosidl_typesupport_introspection_cpp/bluey_interface/srv/detail/lights__type_support.cpp.o[0m
[1.541s] [ 36%] [32mBuilding CXX object CMakeFiles/bluey_interface__rosidl_typesupport_introspection_cpp.dir/rosidl_typesupport_introspection_cpp/bluey_interface/srv/detail/motion__type_support.cpp.o[0m
[1.541s] [ 38%] [32mBuilding CXX object CMakeFiles/bluey_interface__rosidl_typesupport_introspection_cpp.dir/rosidl_typesupport_introspection_cpp/bluey_interface/srv/detail/commands__type_support.cpp.o[0m
[1.559s] [ 40%] [32mBuilding CXX object CMakeFiles/bluey_interface__rosidl_typesupport_c.dir/rosidl_typesupport_c/bluey_interface/srv/arm__type_support.cpp.o[0m
[1.559s] [ 41%] [32mBuilding CXX object CMakeFiles/bluey_interface__rosidl_typesupport_c.dir/rosidl_typesupport_c/bluey_interface/srv/lights__type_support.cpp.o[0m
[1.560s] [ 45%] [32mBuilding CXX object CMakeFiles/bluey_interface__rosidl_typesupport_fastrtps_cpp.dir/rosidl_typesupport_fastrtps_cpp/bluey_interface/srv/detail/dds_fastrtps/arm__type_support.cpp.o[0m
[1.560s] [ 45%] [32mBuilding CXX object CMakeFiles/bluey_interface__rosidl_typesupport_c.dir/rosidl_typesupport_c/bluey_interface/srv/motion__type_support.cpp.o[0m
[1.560s] [ 47%] [32mBuilding CXX object CMakeFiles/bluey_interface__rosidl_typesupport_c.dir/rosidl_typesupport_c/bluey_interface/srv/commands__type_support.cpp.o[0m
[1.560s] [ 49%] [32mBuilding CXX object CMakeFiles/bluey_interface__rosidl_typesupport_fastrtps_cpp.dir/rosidl_typesupport_fastrtps_cpp/bluey_interface/srv/detail/dds_fastrtps/lights__type_support.cpp.o[0m
[1.560s] [ 50%] [32mBuilding CXX object CMakeFiles/bluey_interface__rosidl_typesupport_fastrtps_cpp.dir/rosidl_typesupport_fastrtps_cpp/bluey_interface/srv/detail/dds_fastrtps/commands__type_support.cpp.o[0m
[1.561s] [ 52%] [32mBuilding CXX object CMakeFiles/bluey_interface__rosidl_typesupport_fastrtps_cpp.dir/rosidl_typesupport_fastrtps_cpp/bluey_interface/srv/detail/dds_fastrtps/motion__type_support.cpp.o[0m
[1.578s] [ 54%] [32m[1mLinking CXX shared library libbluey_interface__rosidl_typesupport_c.so[0m
[1.600s] [ 54%] Built target bluey_interface__rosidl_typesupport_c
[1.608s] [ 56%] [32mBuilding CXX object CMakeFiles/bluey_interface__rosidl_typesupport_fastrtps_c.dir/rosidl_typesupport_fastrtps_c/bluey_interface/srv/detail/arm__type_support_c.cpp.o[0m
[1.608s] [ 60%] [32mBuilding CXX object CMakeFiles/bluey_interface__rosidl_typesupport_fastrtps_c.dir/rosidl_typesupport_fastrtps_c/bluey_interface/srv/detail/lights__type_support_c.cpp.o[0m
[1.608s] [ 60%] [32mBuilding CXX object CMakeFiles/bluey_interface__rosidl_typesupport_fastrtps_c.dir/rosidl_typesupport_fastrtps_c/bluey_interface/srv/detail/motion__type_support_c.cpp.o[0m
[1.608s] [ 61%] [32mBuilding CXX object CMakeFiles/bluey_interface__rosidl_typesupport_fastrtps_c.dir/rosidl_typesupport_fastrtps_c/bluey_interface/srv/detail/commands__type_support_c.cpp.o[0m
[1.620s] [ 65%] [32mBuilding C object CMakeFiles/bluey_interface__rosidl_typesupport_introspection_c.dir/rosidl_typesupport_introspection_c/bluey_interface/srv/detail/lights__type_support.c.o[0m
[1.620s] [ 65%] [32mBuilding C object CMakeFiles/bluey_interface__rosidl_typesupport_introspection_c.dir/rosidl_typesupport_introspection_c/bluey_interface/srv/detail/arm__type_support.c.o[0m
[1.620s] [ 67%] [32mBuilding C object CMakeFiles/bluey_interface__rosidl_typesupport_introspection_c.dir/rosidl_typesupport_introspection_c/bluey_interface/srv/detail/motion__type_support.c.o[0m
[1.620s] [ 69%] [32mBuilding C object CMakeFiles/bluey_interface__rosidl_typesupport_introspection_c.dir/rosidl_typesupport_introspection_c/bluey_interface/srv/detail/commands__type_support.c.o[0m
[1.640s] [ 70%] [32m[1mLinking C shared library libbluey_interface__rosidl_typesupport_introspection_c.so[0m
[1.652s] [ 70%] Built target bluey_interface__rosidl_typesupport_introspection_c
[1.709s] [ 72%] [32m[1mLinking CXX shared library libbluey_interface__rosidl_typesupport_cpp.so[0m
[1.724s] [ 72%] Built target bluey_interface__rosidl_typesupport_cpp
[1.792s] [ 74%] [32m[1mLinking CXX shared library libbluey_interface__rosidl_typesupport_introspection_cpp.so[0m
[1.807s] [ 76%] [32m[1mLinking CXX shared library libbluey_interface__rosidl_typesupport_fastrtps_c.so[0m
[1.817s] [ 76%] Built target bluey_interface__rosidl_typesupport_introspection_cpp
[1.819s] [ 78%] [32m[1mLinking CXX shared library libbluey_interface__rosidl_typesupport_fastrtps_cpp.so[0m
[1.838s] [ 78%] Built target bluey_interface__rosidl_typesupport_fastrtps_c
[1.848s] [ 78%] Built target bluey_interface__rosidl_typesupport_fastrtps_cpp
[1.852s] [ 78%] Built target bluey_interface
[1.857s] [ 80%] [34m[1mGenerating Python code for ROS interfaces[0m
[2.238s] [ 80%] Built target bluey_interface__py
[2.242s] [ 81%] [32mBuilding C object CMakeFiles/bluey_interface__rosidl_generator_py.dir/rosidl_generator_py/bluey_interface/srv/_arm_s.c.o[0m
[2.243s] [ 83%] [32mBuilding C object CMakeFiles/bluey_interface__rosidl_generator_py.dir/rosidl_generator_py/bluey_interface/srv/_lights_s.c.o[0m
[2.243s] [ 85%] [32mBuilding C object CMakeFiles/bluey_interface__rosidl_generator_py.dir/rosidl_generator_py/bluey_interface/srv/_motion_s.c.o[0m
[2.243s] [ 87%] [32mBuilding C object CMakeFiles/bluey_interface__rosidl_generator_py.dir/rosidl_generator_py/bluey_interface/srv/_commands_s.c.o[0m
[2.290s] [ 89%] [32m[1mLinking C shared library rosidl_generator_py/bluey_interface/libbluey_interface__rosidl_generator_py.so[0m
[2.305s] [ 89%] Built target bluey_interface__rosidl_generator_py
[2.309s] [ 90%] [32mBuilding C object CMakeFiles/bluey_interface__rosidl_typesupport_fastrtps_c__pyext.dir/rosidl_generator_py/bluey_interface/_bluey_interface_s.ep.rosidl_typesupport_fastrtps_c.c.o[0m
[2.309s] [ 92%] [32mBuilding C object CMakeFiles/bluey_interface__rosidl_typesupport_introspection_c__pyext.dir/rosidl_generator_py/bluey_interface/_bluey_interface_s.ep.rosidl_typesupport_introspection_c.c.o[0m
[2.309s] [ 94%] [32mBuilding C object CMakeFiles/bluey_interface__rosidl_typesupport_c__pyext.dir/rosidl_generator_py/bluey_interface/_bluey_interface_s.ep.rosidl_typesupport_c.c.o[0m
[2.360s] [ 96%] [32m[1mLinking C shared library rosidl_generator_py/bluey_interface/bluey_interface_s__rosidl_typesupport_fastrtps_c.cpython-310-x86_64-linux-gnu.so[0m
[2.360s] [ 98%] [32m[1mLinking C shared library rosidl_generator_py/bluey_interface/bluey_interface_s__rosidl_typesupport_c.cpython-310-x86_64-linux-gnu.so[0m
[2.361s] [100%] [32m[1mLinking C shared library rosidl_generator_py/bluey_interface/bluey_interface_s__rosidl_typesupport_introspection_c.cpython-310-x86_64-linux-gnu.so[0m
[2.372s] [100%] Built target bluey_interface__rosidl_typesupport_fastrtps_c__pyext
[2.372s] [100%] Built target bluey_interface__rosidl_typesupport_c__pyext
[2.373s] [100%] Built target bluey_interface__rosidl_typesupport_introspection_c__pyext
[2.380s] Invoked command in '/home/jenkin/Documents/Bluey2.0/ros2_ws/build/bluey_interface' returned '0': CMAKE_PREFIX_PATH=${CMAKE_PREFIX_PATH}:/home/jenkin/Documents/Bluey2.0/ros2_ws/install/bluey_tools:/home/jenkin/Documents/CPMR3/ros2_ws/install/cpmr_ch8:/home/jenkin/Documents/CPMR3/ros2_ws/install/cpmr_ch7:/home/jenkin/Documents/CPMR3/ros2_ws/install/cpmr_ch6:/home/jenkin/Documents/CPMR3/ros2_ws/install/cpmr_ch5:/home/jenkin/Documents/CPMR3/ros2_ws/install/cpmr_ch4:/home/jenkin/Documents/CPMR3/ros2_ws/install/cpmr_ch2:/home/jenkin/Documents/CPMR3/ros2_ws/install/cpmr_ch12:/home/jenkin/Documents/CPMR3/ros2_ws/install/cpmr_ch11:/home/jenkin/Documents/CPMR3/ros2_ws/install/cpmr_apb:/opt/ros/humble /home/jenkin/.local/bin/cmake --build /home/jenkin/Documents/Bluey2.0/ros2_ws/build/bluey_interface -- -j32 -l32
[2.508s] Invoking command in '/home/jenkin/Documents/Bluey2.0/ros2_ws/build/bluey_interface': CMAKE_PREFIX_PATH=${CMAKE_PREFIX_PATH}:/home/jenkin/Documents/Bluey2.0/ros2_ws/install/bluey_tools:/home/jenkin/Documents/CPMR3/ros2_ws/install/cpmr_ch8:/home/jenkin/Documents/CPMR3/ros2_ws/install/cpmr_ch7:/home/jenkin/Documents/CPMR3/ros2_ws/install/cpmr_ch6:/home/jenkin/Documents/CPMR3/ros2_ws/install/cpmr_ch5:/home/jenkin/Documents/CPMR3/ros2_ws/install/cpmr_ch4:/home/jenkin/Documents/CPMR3/ros2_ws/install/cpmr_ch2:/home/jenkin/Documents/CPMR3/ros2_ws/install/cpmr_ch12:/home/jenkin/Documents/CPMR3/ros2_ws/install/cpmr_ch11:/home/jenkin/Documents/CPMR3/ros2_ws/install/cpmr_apb:/opt/ros/humble /home/jenkin/.local/bin/cmake --install /home/jenkin/Documents/Bluey2.0/ros2_ws/build/bluey_interface
[2.539s] -- Install configuration: ""
[2.539s] -- Installing: /home/jenkin/Documents/Bluey2.0/ros2_ws/install/bluey_interface/share/ament_index/resource_index/rosidl_interfaces/bluey_interface
[2.539s] -- Installing: /home/jenkin/Documents/Bluey2.0/ros2_ws/install/bluey_interface/include/bluey_interface/bluey_interface
[2.539s] -- Installing: /home/jenkin/Documents/Bluey2.0/ros2_ws/install/bluey_interface/include/bluey_interface/bluey_interface/msg
[2.540s] -- Installing: /home/jenkin/Documents/Bluey2.0/ros2_ws/install/bluey_interface/include/bluey_interface/bluey_interface/msg/rosidl_generator_c__visibility_control.h
[2.540s] -- Installing: /home/jenkin/Documents/Bluey2.0/ros2_ws/install/bluey_interface/include/bluey_interface/bluey_interface/srv
[2.540s] -- Installing: /home/jenkin/Documents/Bluey2.0/ros2_ws/install/bluey_interface/include/bluey_interface/bluey_interface/srv/lights.h
[2.540s] -- Installing: /home/jenkin/Documents/Bluey2.0/ros2_ws/install/bluey_interface/include/bluey_interface/bluey_interface/srv/motion.h
[2.541s] -- Installing: /home/jenkin/Documents/Bluey2.0/ros2_ws/install/bluey_interface/include/bluey_interface/bluey_interface/srv/commands.h
[2.541s] -- Installing: /home/jenkin/Documents/Bluey2.0/ros2_ws/install/bluey_interface/include/bluey_interface/bluey_interface/srv/detail
[2.541s] -- Installing: /home/jenkin/Documents/Bluey2.0/ros2_ws/install/bluey_interface/include/bluey_interface/bluey_interface/srv/detail/motion__functions.c
[2.541s] -- Installing: /home/jenkin/Documents/Bluey2.0/ros2_ws/install/bluey_interface/include/bluey_interface/bluey_interface/srv/detail/arm__type_support.h
[2.541s] -- Installing: /home/jenkin/Documents/Bluey2.0/ros2_ws/install/bluey_interface/include/bluey_interface/bluey_interface/srv/detail/motion__type_support.h
[2.541s] -- Installing: /home/jenkin/Documents/Bluey2.0/ros2_ws/install/bluey_interface/include/bluey_interface/bluey_interface/srv/detail/arm__functions.h
[2.541s] -- Installing: /home/jenkin/Documents/Bluey2.0/ros2_ws/install/bluey_interface/include/bluey_interface/bluey_interface/srv/detail/motion__struct.h
[2.542s] -- Installing: /home/jenkin/Documents/Bluey2.0/ros2_ws/install/bluey_interface/include/bluey_interface/bluey_interface/srv/detail/lights__type_support.h
[2.542s] -- Installing: /home/jenkin/Documents/Bluey2.0/ros2_ws/install/bluey_interface/include/bluey_interface/bluey_interface/srv/detail/motion__functions.h
[2.542s] -- Installing: /home/jenkin/Documents/Bluey2.0/ros2_ws/install/bluey_interface/include/bluey_interface/bluey_interface/srv/detail/lights__functions.h
[2.542s] -- Installing: /home/jenkin/Documents/Bluey2.0/ros2_ws/install/bluey_interface/include/bluey_interface/bluey_interface/srv/detail/lights__struct.h
[2.542s] -- Installing: /home/jenkin/Documents/Bluey2.0/ros2_ws/install/bluey_interface/include/bluey_interface/bluey_interface/srv/detail/commands__type_support.h
[2.542s] -- Installing: /home/jenkin/Documents/Bluey2.0/ros2_ws/install/bluey_interface/include/bluey_interface/bluey_interface/srv/detail/commands__functions.h
[2.543s] -- Installing: /home/jenkin/Documents/Bluey2.0/ros2_ws/install/bluey_interface/include/bluey_interface/bluey_interface/srv/detail/commands__functions.c
[2.543s] -- Installing: /home/jenkin/Documents/Bluey2.0/ros2_ws/install/bluey_interface/include/bluey_interface/bluey_interface/srv/detail/arm__functions.c
[2.543s] -- Installing: /home/jenkin/Documents/Bluey2.0/ros2_ws/install/bluey_interface/include/bluey_interface/bluey_interface/srv/detail/commands__struct.h
[2.543s] -- Installing: /home/jenkin/Documents/Bluey2.0/ros2_ws/install/bluey_interface/include/bluey_interface/bluey_interface/srv/detail/lights__functions.c
[2.543s] -- Installing: /home/jenkin/Documents/Bluey2.0/ros2_ws/install/bluey_interface/include/bluey_interface/bluey_interface/srv/detail/arm__struct.h
[2.543s] -- Installing: /home/jenkin/Documents/Bluey2.0/ros2_ws/install/bluey_interface/include/bluey_interface/bluey_interface/srv/arm.h
[2.543s] -- Installing: /home/jenkin/Documents/Bluey2.0/ros2_ws/install/bluey_interface/share/bluey_interface/environment/library_path.sh
[2.543s] -- Installing: /home/jenkin/Documents/Bluey2.0/ros2_ws/install/bluey_interface/share/bluey_interface/environment/library_path.dsv
[2.544s] -- Installing: /home/jenkin/Documents/Bluey2.0/ros2_ws/install/bluey_interface/lib/libbluey_interface__rosidl_generator_c.so
[2.544s] -- Set runtime path of "/home/jenkin/Documents/Bluey2.0/ros2_ws/install/bluey_interface/lib/libbluey_interface__rosidl_generator_c.so" to ""
[2.544s] -- Up-to-date: /home/jenkin/Documents/Bluey2.0/ros2_ws/install/bluey_interface/include/bluey_interface/bluey_interface
[2.544s] -- Up-to-date: /home/jenkin/Documents/Bluey2.0/ros2_ws/install/bluey_interface/include/bluey_interface/bluey_interface/msg
[2.544s] -- Installing: /home/jenkin/Documents/Bluey2.0/ros2_ws/install/bluey_interface/include/bluey_interface/bluey_interface/msg/rosidl_typesupport_fastrtps_c__visibility_control.h
[2.545s] -- Up-to-date: /home/jenkin/Documents/Bluey2.0/ros2_ws/install/bluey_interface/include/bluey_interface/bluey_interface/srv
[2.545s] -- Up-to-date: /home/jenkin/Documents/Bluey2.0/ros2_ws/install/bluey_interface/include/bluey_interface/bluey_interface/srv/detail
[2.545s] -- Installing: /home/jenkin/Documents/Bluey2.0/ros2_ws/install/bluey_interface/include/bluey_interface/bluey_interface/srv/detail/arm__rosidl_typesupport_fastrtps_c.h
[2.545s] -- Installing: /home/jenkin/Documents/Bluey2.0/ros2_ws/install/bluey_interface/include/bluey_interface/bluey_interface/srv/detail/lights__rosidl_typesupport_fastrtps_c.h
[2.545s] -- Installing: /home/jenkin/Documents/Bluey2.0/ros2_ws/install/bluey_interface/include/bluey_interface/bluey_interface/srv/detail/motion__rosidl_typesupport_fastrtps_c.h
[2.545s] -- Installing: /home/jenkin/Documents/Bluey2.0/ros2_ws/install/bluey_interface/include/bluey_interface/bluey_interface/srv/detail/commands__rosidl_typesupport_fastrtps_c.h
[2.545s] -- Installing: /home/jenkin/Documents/Bluey2.0/ros2_ws/install/bluey_interface/lib/libbluey_interface__rosidl_typesupport_fastrtps_c.so
[2.545s] -- Set runtime path of "/home/jenkin/Documents/Bluey2.0/ros2_ws/install/bluey_interface/lib/libbluey_interface__rosidl_typesupport_fastrtps_c.so" to ""
[2.545s] -- Up-to-date: /home/jenkin/Documents/Bluey2.0/ros2_ws/install/bluey_interface/include/bluey_interface/bluey_interface
[2.545s] -- Up-to-date: /home/jenkin/Documents/Bluey2.0/ros2_ws/install/bluey_interface/include/bluey_interface/bluey_interface/srv
[2.545s] -- Installing: /home/jenkin/Documents/Bluey2.0/ros2_ws/install/bluey_interface/include/bluey_interface/bluey_interface/srv/arm.hpp
[2.546s] -- Installing: /home/jenkin/Documents/Bluey2.0/ros2_ws/install/bluey_interface/include/bluey_interface/bluey_interface/srv/commands.hpp
[2.546s] -- Installing: /home/jenkin/Documents/Bluey2.0/ros2_ws/install/bluey_interface/include/bluey_interface/bluey_interface/srv/motion.hpp
[2.546s] -- Up-to-date: /home/jenkin/Documents/Bluey2.0/ros2_ws/install/bluey_interface/include/bluey_interface/bluey_interface/srv/detail
[2.546s] -- Installing: /home/jenkin/Documents/Bluey2.0/ros2_ws/install/bluey_interface/include/bluey_interface/bluey_interface/srv/detail/lights__traits.hpp
[2.546s] -- Installing: /home/jenkin/Documents/Bluey2.0/ros2_ws/install/bluey_interface/include/bluey_interface/bluey_interface/srv/detail/commands__builder.hpp
[2.546s] -- Installing: /home/jenkin/Documents/Bluey2.0/ros2_ws/install/bluey_interface/include/bluey_interface/bluey_interface/srv/detail/lights__struct.hpp
[2.546s] -- Installing: /home/jenkin/Documents/Bluey2.0/ros2_ws/install/bluey_interface/include/bluey_interface/bluey_interface/srv/detail/arm__traits.hpp
[2.546s] -- Installing: /home/jenkin/Documents/Bluey2.0/ros2_ws/install/bluey_interface/include/bluey_interface/bluey_interface/srv/detail/motion__traits.hpp
[2.546s] -- Installing: /home/jenkin/Documents/Bluey2.0/ros2_ws/install/bluey_interface/include/bluey_interface/bluey_interface/srv/detail/motion__struct.hpp
[2.546s] -- Installing: /home/jenkin/Documents/Bluey2.0/ros2_ws/install/bluey_interface/include/bluey_interface/bluey_interface/srv/detail/arm__struct.hpp
[2.547s] -- Installing: /home/jenkin/Documents/Bluey2.0/ros2_ws/install/bluey_interface/include/bluey_interface/bluey_interface/srv/detail/lights__builder.hpp
[2.547s] -- Installing: /home/jenkin/Documents/Bluey2.0/ros2_ws/install/bluey_interface/include/bluey_interface/bluey_interface/srv/detail/commands__traits.hpp
[2.547s] -- Installing: /home/jenkin/Documents/Bluey2.0/ros2_ws/install/bluey_interface/include/bluey_interface/bluey_interface/srv/detail/arm__builder.hpp
[2.547s] -- Installing: /home/jenkin/Documents/Bluey2.0/ros2_ws/install/bluey_interface/include/bluey_interface/bluey_interface/srv/detail/motion__builder.hpp
[2.547s] -- Installing: /home/jenkin/Documents/Bluey2.0/ros2_ws/install/bluey_interface/include/bluey_interface/bluey_interface/srv/detail/commands__struct.hpp
[2.547s] -- Installing: /home/jenkin/Documents/Bluey2.0/ros2_ws/install/bluey_interface/include/bluey_interface/bluey_interface/srv/lights.hpp
[2.547s] -- Up-to-date: /home/jenkin/Documents/Bluey2.0/ros2_ws/install/bluey_interface/include/bluey_interface/bluey_interface
[2.548s] -- Up-to-date: /home/jenkin/Documents/Bluey2.0/ros2_ws/install/bluey_interface/include/bluey_interface/bluey_interface/msg
[2.548s] -- Installing: /home/jenkin/Documents/Bluey2.0/ros2_ws/install/bluey_interface/include/bluey_interface/bluey_interface/msg/rosidl_typesupport_fastrtps_cpp__visibility_control.h
[2.548s] -- Up-to-date: /home/jenkin/Documents/Bluey2.0/ros2_ws/install/bluey_interface/include/bluey_interface/bluey_interface/srv
[2.548s] -- Up-to-date: /home/jenkin/Documents/Bluey2.0/ros2_ws/install/bluey_interface/include/bluey_interface/bluey_interface/srv/detail
[2.548s] -- Installing: /home/jenkin/Documents/Bluey2.0/ros2_ws/install/bluey_interface/include/bluey_interface/bluey_interface/srv/detail/dds_fastrtps
[2.549s] -- Installing: /home/jenkin/Documents/Bluey2.0/ros2_ws/install/bluey_interface/include/bluey_interface/bluey_interface/srv/detail/lights__rosidl_typesupport_fastrtps_cpp.hpp
[2.549s] -- Installing: /home/jenkin/Documents/Bluey2.0/ros2_ws/install/bluey_interface/include/bluey_interface/bluey_interface/srv/detail/motion__rosidl_typesupport_fastrtps_cpp.hpp
[2.549s] -- Installing: /home/jenkin/Documents/Bluey2.0/ros2_ws/install/bluey_interface/include/bluey_interface/bluey_interface/srv/detail/commands__rosidl_typesupport_fastrtps_cpp.hpp
[2.549s] -- Installing: /home/jenkin/Documents/Bluey2.0/ros2_ws/install/bluey_interface/include/bluey_interface/bluey_interface/srv/detail/arm__rosidl_typesupport_fastrtps_cpp.hpp
[2.549s] -- Installing: /home/jenkin/Documents/Bluey2.0/ros2_ws/install/bluey_interface/lib/libbluey_interface__rosidl_typesupport_fastrtps_cpp.so
[2.549s] -- Set runtime path of "/home/jenkin/Documents/Bluey2.0/ros2_ws/install/bluey_interface/lib/libbluey_interface__rosidl_typesupport_fastrtps_cpp.so" to ""
[2.549s] -- Up-to-date: /home/jenkin/Documents/Bluey2.0/ros2_ws/install/bluey_interface/include/bluey_interface/bluey_interface
[2.549s] -- Up-to-date: /home/jenkin/Documents/Bluey2.0/ros2_ws/install/bluey_interface/include/bluey_interface/bluey_interface/msg
[2.549s] -- Installing: /home/jenkin/Documents/Bluey2.0/ros2_ws/install/bluey_interface/include/bluey_interface/bluey_interface/msg/rosidl_typesupport_introspection_c__visibility_control.h
[2.549s] -- Up-to-date: /home/jenkin/Documents/Bluey2.0/ros2_ws/install/bluey_interface/include/bluey_interface/bluey_interface/srv
[2.550s] -- Up-to-date: /home/jenkin/Documents/Bluey2.0/ros2_ws/install/bluey_interface/include/bluey_interface/bluey_interface/srv/detail
[2.550s] -- Installing: /home/jenkin/Documents/Bluey2.0/ros2_ws/install/bluey_interface/include/bluey_interface/bluey_interface/srv/detail/commands__type_support.c
[2.550s] -- Installing: /home/jenkin/Documents/Bluey2.0/ros2_ws/install/bluey_interface/include/bluey_interface/bluey_interface/srv/detail/lights__rosidl_typesupport_introspection_c.h
[2.550s] -- Installing: /home/jenkin/Documents/Bluey2.0/ros2_ws/install/bluey_interface/include/bluey_interface/bluey_interface/srv/detail/arm__type_support.c
[2.550s] -- Installing: /home/jenkin/Documents/Bluey2.0/ros2_ws/install/bluey_interface/include/bluey_interface/bluey_interface/srv/detail/motion__rosidl_typesupport_introspection_c.h
[2.550s] -- Installing: /home/jenkin/Documents/Bluey2.0/ros2_ws/install/bluey_interface/include/bluey_interface/bluey_interface/srv/detail/lights__type_support.c
[2.550s] -- Installing: /home/jenkin/Documents/Bluey2.0/ros2_ws/install/bluey_interface/include/bluey_interface/bluey_interface/srv/detail/commands__rosidl_typesupport_introspection_c.h
[2.550s] -- Installing: /home/jenkin/Documents/Bluey2.0/ros2_ws/install/bluey_interface/include/bluey_interface/bluey_interface/srv/detail/arm__rosidl_typesupport_introspection_c.h
[2.550s] -- Installing: /home/jenkin/Documents/Bluey2.0/ros2_ws/install/bluey_interface/include/bluey_interface/bluey_interface/srv/detail/motion__type_support.c
[2.550s] -- Installing: /home/jenkin/Documents/Bluey2.0/ros2_ws/install/bluey_interface/lib/libbluey_interface__rosidl_typesupport_introspection_c.so
[2.550s] -- Set runtime path of "/home/jenkin/Documents/Bluey2.0/ros2_ws/install/bluey_interface/lib/libbluey_interface__rosidl_typesupport_introspection_c.so" to ""
[2.551s] -- Installing: /home/jenkin/Documents/Bluey2.0/ros2_ws/install/bluey_interface/lib/libbluey_interface__rosidl_typesupport_c.so
[2.551s] -- Set runtime path of "/home/jenkin/Documents/Bluey2.0/ros2_ws/install/bluey_interface/lib/libbluey_interface__rosidl_typesupport_c.so" to ""
[2.551s] -- Up-to-date: /home/jenkin/Documents/Bluey2.0/ros2_ws/install/bluey_interface/include/bluey_interface/bluey_interface
[2.551s] -- Up-to-date: /home/jenkin/Documents/Bluey2.0/ros2_ws/install/bluey_interface/include/bluey_interface/bluey_interface/srv
[2.551s] -- Up-to-date: /home/jenkin/Documents/Bluey2.0/ros2_ws/install/bluey_interface/include/bluey_interface/bluey_interface/srv/detail
[2.551s] -- Installing: /home/jenkin/Documents/Bluey2.0/ros2_ws/install/bluey_interface/include/bluey_interface/bluey_interface/srv/detail/lights__rosidl_typesupport_introspection_cpp.hpp
[2.551s] -- Installing: /home/jenkin/Documents/Bluey2.0/ros2_ws/install/bluey_interface/include/bluey_interface/bluey_interface/srv/detail/arm__type_support.cpp
[2.551s] -- Installing: /home/jenkin/Documents/Bluey2.0/ros2_ws/install/bluey_interface/include/bluey_interface/bluey_interface/srv/detail/motion__type_support.cpp
[2.551s] -- Installing: /home/jenkin/Documents/Bluey2.0/ros2_ws/install/bluey_interface/include/bluey_interface/bluey_interface/srv/detail/motion__rosidl_typesupport_introspection_cpp.hpp
[2.551s] -- Installing: /home/jenkin/Documents/Bluey2.0/ros2_ws/install/bluey_interface/include/bluey_interface/bluey_interface/srv/detail/commands__type_support.cpp
[2.551s] -- Installing: /home/jenkin/Documents/Bluey2.0/ros2_ws/install/bluey_interface/include/bluey_interface/bluey_interface/srv/detail/arm__rosidl_typesupport_introspection_cpp.hpp
[2.551s] -- Installing: /home/jenkin/Documents/Bluey2.0/ros2_ws/install/bluey_interface/include/bluey_interface/bluey_interface/srv/detail/commands__rosidl_typesupport_introspection_cpp.hpp
[2.551s] -- Installing: /home/jenkin/Documents/Bluey2.0/ros2_ws/install/bluey_interface/include/bluey_interface/bluey_interface/srv/detail/lights__type_support.cpp
[2.551s] -- Installing: /home/jenkin/Documents/Bluey2.0/ros2_ws/install/bluey_interface/lib/libbluey_interface__rosidl_typesupport_introspection_cpp.so
[2.552s] -- Set runtime path of "/home/jenkin/Documents/Bluey2.0/ros2_ws/install/bluey_interface/lib/libbluey_interface__rosidl_typesupport_introspection_cpp.so" to ""
[2.552s] -- Installing: /home/jenkin/Documents/Bluey2.0/ros2_ws/install/bluey_interface/lib/libbluey_interface__rosidl_typesupport_cpp.so
[2.552s] -- Set runtime path of "/home/jenkin/Documents/Bluey2.0/ros2_ws/install/bluey_interface/lib/libbluey_interface__rosidl_typesupport_cpp.so" to ""
[2.552s] -- Installing: /home/jenkin/Documents/Bluey2.0/ros2_ws/install/bluey_interface/share/bluey_interface/environment/pythonpath.sh
[2.552s] -- Installing: /home/jenkin/Documents/Bluey2.0/ros2_ws/install/bluey_interface/share/bluey_interface/environment/pythonpath.dsv
[2.552s] -- Installing: /home/jenkin/Documents/Bluey2.0/ros2_ws/install/bluey_interface/local/lib/python3.10/dist-packages/bluey_interface-0.0.2-py3.10.egg-info
[2.552s] -- Installing: /home/jenkin/Documents/Bluey2.0/ros2_ws/install/bluey_interface/local/lib/python3.10/dist-packages/bluey_interface-0.0.2-py3.10.egg-info/SOURCES.txt
[2.553s] -- Installing: /home/jenkin/Documents/Bluey2.0/ros2_ws/install/bluey_interface/local/lib/python3.10/dist-packages/bluey_interface-0.0.2-py3.10.egg-info/top_level.txt
[2.553s] -- Installing: /home/jenkin/Documents/Bluey2.0/ros2_ws/install/bluey_interface/local/lib/python3.10/dist-packages/bluey_interface-0.0.2-py3.10.egg-info/PKG-INFO
[2.553s] -- Installing: /home/jenkin/Documents/Bluey2.0/ros2_ws/install/bluey_interface/local/lib/python3.10/dist-packages/bluey_interface-0.0.2-py3.10.egg-info/dependency_links.txt
[2.553s] -- Installing: /home/jenkin/Documents/Bluey2.0/ros2_ws/install/bluey_interface/local/lib/python3.10/dist-packages/bluey_interface
[2.553s] -- Installing: /home/jenkin/Documents/Bluey2.0/ros2_ws/install/bluey_interface/local/lib/python3.10/dist-packages/bluey_interface/bluey_interface_s__rosidl_typesupport_c.cpython-310-x86_64-linux-gnu.so
[2.553s] -- Installing: /home/jenkin/Documents/Bluey2.0/ros2_ws/install/bluey_interface/local/lib/python3.10/dist-packages/bluey_interface/libbluey_interface__rosidl_generator_py.so
[2.553s] -- Installing: /home/jenkin/Documents/Bluey2.0/ros2_ws/install/bluey_interface/local/lib/python3.10/dist-packages/bluey_interface/bluey_interface_s__rosidl_typesupport_fastrtps_c.cpython-310-x86_64-linux-gnu.so
[2.553s] -- Installing: /home/jenkin/Documents/Bluey2.0/ros2_ws/install/bluey_interface/local/lib/python3.10/dist-packages/bluey_interface/_bluey_interface_s.ep.rosidl_typesupport_fastrtps_c.c
[2.553s] -- Installing: /home/jenkin/Documents/Bluey2.0/ros2_ws/install/bluey_interface/local/lib/python3.10/dist-packages/bluey_interface/_bluey_interface_s.ep.rosidl_typesupport_introspection_c.c
[2.553s] -- Installing: /home/jenkin/Documents/Bluey2.0/ros2_ws/install/bluey_interface/local/lib/python3.10/dist-packages/bluey_interface/bluey_interface_s__rosidl_typesupport_introspection_c.cpython-310-x86_64-linux-gnu.so
[2.553s] -- Installing: /home/jenkin/Documents/Bluey2.0/ros2_ws/install/bluey_interface/local/lib/python3.10/dist-packages/bluey_interface/__init__.py
[2.554s] -- Installing: /home/jenkin/Documents/Bluey2.0/ros2_ws/install/bluey_interface/local/lib/python3.10/dist-packages/bluey_interface/_bluey_interface_s.ep.rosidl_typesupport_c.c
[2.554s] -- Installing: /home/jenkin/Documents/Bluey2.0/ros2_ws/install/bluey_interface/local/lib/python3.10/dist-packages/bluey_interface/srv
[2.554s] -- Installing: /home/jenkin/Documents/Bluey2.0/ros2_ws/install/bluey_interface/local/lib/python3.10/dist-packages/bluey_interface/srv/_commands.py
[2.554s] -- Installing: /home/jenkin/Documents/Bluey2.0/ros2_ws/install/bluey_interface/local/lib/python3.10/dist-packages/bluey_interface/srv/_arm_s.c
[2.554s] -- Installing: /home/jenkin/Documents/Bluey2.0/ros2_ws/install/bluey_interface/local/lib/python3.10/dist-packages/bluey_interface/srv/_lights_s.c
[2.554s] -- Installing: /home/jenkin/Documents/Bluey2.0/ros2_ws/install/bluey_interface/local/lib/python3.10/dist-packages/bluey_interface/srv/_motion.py
[2.554s] -- Installing: /home/jenkin/Documents/Bluey2.0/ros2_ws/install/bluey_interface/local/lib/python3.10/dist-packages/bluey_interface/srv/_arm.py
[2.554s] -- Installing: /home/jenkin/Documents/Bluey2.0/ros2_ws/install/bluey_interface/local/lib/python3.10/dist-packages/bluey_interface/srv/_lights.py
[2.554s] -- Installing: /home/jenkin/Documents/Bluey2.0/ros2_ws/install/bluey_interface/local/lib/python3.10/dist-packages/bluey_interface/srv/_commands_s.c
[2.554s] -- Installing: /home/jenkin/Documents/Bluey2.0/ros2_ws/install/bluey_interface/local/lib/python3.10/dist-packages/bluey_interface/srv/__init__.py
[2.554s] -- Installing: /home/jenkin/Documents/Bluey2.0/ros2_ws/install/bluey_interface/local/lib/python3.10/dist-packages/bluey_interface/srv/_motion_s.c
[2.581s] Listing '/home/jenkin/Documents/Bluey2.0/ros2_ws/install/bluey_interface/local/lib/python3.10/dist-packages/bluey_interface'...
[2.581s] Compiling '/home/jenkin/Documents/Bluey2.0/ros2_ws/install/bluey_interface/local/lib/python3.10/dist-packages/bluey_interface/__init__.py'...
[2.581s] Listing '/home/jenkin/Documents/Bluey2.0/ros2_ws/install/bluey_interface/local/lib/python3.10/dist-packages/bluey_interface/srv'...
[2.581s] Compiling '/home/jenkin/Documents/Bluey2.0/ros2_ws/install/bluey_interface/local/lib/python3.10/dist-packages/bluey_interface/srv/__init__.py'...
[2.581s] Compiling '/home/jenkin/Documents/Bluey2.0/ros2_ws/install/bluey_interface/local/lib/python3.10/dist-packages/bluey_interface/srv/_arm.py'...
[2.581s] Compiling '/home/jenkin/Documents/Bluey2.0/ros2_ws/install/bluey_interface/local/lib/python3.10/dist-packages/bluey_interface/srv/_commands.py'...
[2.582s] Compiling '/home/jenkin/Documents/Bluey2.0/ros2_ws/install/bluey_interface/local/lib/python3.10/dist-packages/bluey_interface/srv/_lights.py'...
[2.582s] Compiling '/home/jenkin/Documents/Bluey2.0/ros2_ws/install/bluey_interface/local/lib/python3.10/dist-packages/bluey_interface/srv/_motion.py'...
[2.584s] -- Installing: /home/jenkin/Documents/Bluey2.0/ros2_ws/install/bluey_interface/local/lib/python3.10/dist-packages/bluey_interface/bluey_interface_s__rosidl_typesupport_fastrtps_c.cpython-310-x86_64-linux-gnu.so
[2.584s] -- Set runtime path of "/home/jenkin/Documents/Bluey2.0/ros2_ws/install/bluey_interface/local/lib/python3.10/dist-packages/bluey_interface/bluey_interface_s__rosidl_typesupport_fastrtps_c.cpython-310-x86_64-linux-gnu.so" to ""
[2.584s] -- Installing: /home/jenkin/Documents/Bluey2.0/ros2_ws/install/bluey_interface/local/lib/python3.10/dist-packages/bluey_interface/bluey_interface_s__rosidl_typesupport_introspection_c.cpython-310-x86_64-linux-gnu.so
[2.584s] -- Set runtime path of "/home/jenkin/Documents/Bluey2.0/ros2_ws/install/bluey_interface/local/lib/python3.10/dist-packages/bluey_interface/bluey_interface_s__rosidl_typesupport_introspection_c.cpython-310-x86_64-linux-gnu.so" to ""
[2.584s] -- Installing: /home/jenkin/Documents/Bluey2.0/ros2_ws/install/bluey_interface/local/lib/python3.10/dist-packages/bluey_interface/bluey_interface_s__rosidl_typesupport_c.cpython-310-x86_64-linux-gnu.so
[2.584s] -- Set runtime path of "/home/jenkin/Documents/Bluey2.0/ros2_ws/install/bluey_interface/local/lib/python3.10/dist-packages/bluey_interface/bluey_interface_s__rosidl_typesupport_c.cpython-310-x86_64-linux-gnu.so" to ""
[2.584s] -- Installing: /home/jenkin/Documents/Bluey2.0/ros2_ws/install/bluey_interface/lib/libbluey_interface__rosidl_generator_py.so
[2.584s] -- Set runtime path of "/home/jenkin/Documents/Bluey2.0/ros2_ws/install/bluey_interface/lib/libbluey_interface__rosidl_generator_py.so" to ""
[2.584s] -- Installing: /home/jenkin/Documents/Bluey2.0/ros2_ws/install/bluey_interface/share/bluey_interface/srv/Arm.idl
[2.584s] -- Installing: /home/jenkin/Documents/Bluey2.0/ros2_ws/install/bluey_interface/share/bluey_interface/srv/Lights.idl
[2.584s] -- Installing: /home/jenkin/Documents/Bluey2.0/ros2_ws/install/bluey_interface/share/bluey_interface/srv/Motion.idl
[2.584s] -- Installing: /home/jenkin/Documents/Bluey2.0/ros2_ws/install/bluey_interface/share/bluey_interface/srv/Commands.idl
[2.584s] -- Installing: /home/jenkin/Documents/Bluey2.0/ros2_ws/install/bluey_interface/share/bluey_interface/srv/Arm.srv
[2.584s] -- Installing: /home/jenkin/Documents/Bluey2.0/ros2_ws/install/bluey_interface/share/bluey_interface/srv/Arm_Request.msg
[2.584s] -- Installing: /home/jenkin/Documents/Bluey2.0/ros2_ws/install/bluey_interface/share/bluey_interface/srv/Arm_Response.msg
[2.585s] -- Installing: /home/jenkin/Documents/Bluey2.0/ros2_ws/install/bluey_interface/share/bluey_interface/srv/Lights.srv
[2.585s] -- Installing: /home/jenkin/Documents/Bluey2.0/ros2_ws/install/bluey_interface/share/bluey_interface/srv/Lights_Request.msg
[2.585s] -- Installing: /home/jenkin/Documents/Bluey2.0/ros2_ws/install/bluey_interface/share/bluey_interface/srv/Lights_Response.msg
[2.585s] -- Installing: /home/jenkin/Documents/Bluey2.0/ros2_ws/install/bluey_interface/share/bluey_interface/srv/Motion.srv
[2.585s] -- Installing: /home/jenkin/Documents/Bluey2.0/ros2_ws/install/bluey_interface/share/bluey_interface/srv/Motion_Request.msg
[2.585s] -- Installing: /home/jenkin/Documents/Bluey2.0/ros2_ws/install/bluey_interface/share/bluey_interface/srv/Motion_Response.msg
[2.585s] -- Installing: /home/jenkin/Documents/Bluey2.0/ros2_ws/install/bluey_interface/share/bluey_interface/srv/Commands.srv
[2.585s] -- Installing: /home/jenkin/Documents/Bluey2.0/ros2_ws/install/bluey_interface/share/bluey_interface/srv/Commands_Request.msg
[2.585s] -- Installing: /home/jenkin/Documents/Bluey2.0/ros2_ws/install/bluey_interface/share/bluey_interface/srv/Commands_Response.msg
[2.585s] -- Installing: /home/jenkin/Documents/Bluey2.0/ros2_ws/install/bluey_interface/share/ament_index/resource_index/package_run_dependencies/bluey_interface
[2.585s] -- Installing: /home/jenkin/Documents/Bluey2.0/ros2_ws/install/bluey_interface/share/ament_index/resource_index/parent_prefix_path/bluey_interface
[2.585s] -- Installing: /home/jenkin/Documents/Bluey2.0/ros2_ws/install/bluey_interface/share/bluey_interface/environment/ament_prefix_path.sh
[2.585s] -- Installing: /home/jenkin/Documents/Bluey2.0/ros2_ws/install/bluey_interface/share/bluey_interface/environment/ament_prefix_path.dsv
[2.585s] -- Installing: /home/jenkin/Documents/Bluey2.0/ros2_ws/install/bluey_interface/share/bluey_interface/environment/path.sh
[2.585s] -- Installing: /home/jenkin/Documents/Bluey2.0/ros2_ws/install/bluey_interface/share/bluey_interface/environment/path.dsv
[2.585s] -- Installing: /home/jenkin/Documents/Bluey2.0/ros2_ws/install/bluey_interface/share/bluey_interface/local_setup.bash
[2.585s] -- Installing: /home/jenkin/Documents/Bluey2.0/ros2_ws/install/bluey_interface/share/bluey_interface/local_setup.sh
[2.585s] -- Installing: /home/jenkin/Documents/Bluey2.0/ros2_ws/install/bluey_interface/share/bluey_interface/local_setup.zsh
[2.585s] -- Installing: /home/jenkin/Documents/Bluey2.0/ros2_ws/install/bluey_interface/share/bluey_interface/local_setup.dsv
[2.585s] -- Installing: /home/jenkin/Documents/Bluey2.0/ros2_ws/install/bluey_interface/share/bluey_interface/package.dsv
[2.585s] -- Installing: /home/jenkin/Documents/Bluey2.0/ros2_ws/install/bluey_interface/share/ament_index/resource_index/packages/bluey_interface
[2.585s] -- Installing: /home/jenkin/Documents/Bluey2.0/ros2_ws/install/bluey_interface/share/bluey_interface/cmake/export_bluey_interface__rosidl_generator_cExport.cmake
[2.585s] -- Installing: /home/jenkin/Documents/Bluey2.0/ros2_ws/install/bluey_interface/share/bluey_interface/cmake/export_bluey_interface__rosidl_generator_cExport-noconfig.cmake
[2.585s] -- Installing: /home/jenkin/Documents/Bluey2.0/ros2_ws/install/bluey_interface/share/bluey_interface/cmake/export_bluey_interface__rosidl_typesupport_fastrtps_cExport.cmake
[2.585s] -- Installing: /home/jenkin/Documents/Bluey2.0/ros2_ws/install/bluey_interface/share/bluey_interface/cmake/export_bluey_interface__rosidl_typesupport_fastrtps_cExport-noconfig.cmake
[2.585s] -- Installing: /home/jenkin/Documents/Bluey2.0/ros2_ws/install/bluey_interface/share/bluey_interface/cmake/export_bluey_interface__rosidl_generator_cppExport.cmake
[2.586s] -- Installing: /home/jenkin/Documents/Bluey2.0/ros2_ws/install/bluey_interface/share/bluey_interface/cmake/export_bluey_interface__rosidl_typesupport_fastrtps_cppExport.cmake
[2.586s] -- Installing: /home/jenkin/Documents/Bluey2.0/ros2_ws/install/bluey_interface/share/bluey_interface/cmake/export_bluey_interface__rosidl_typesupport_fastrtps_cppExport-noconfig.cmake
[2.586s] -- Installing: /home/jenkin/Documents/Bluey2.0/ros2_ws/install/bluey_interface/share/bluey_interface/cmake/bluey_interface__rosidl_typesupport_introspection_cExport.cmake
[2.586s] -- Installing: /home/jenkin/Documents/Bluey2.0/ros2_ws/install/bluey_interface/share/bluey_interface/cmake/bluey_interface__rosidl_typesupport_introspection_cExport-noconfig.cmake
[2.586s] -- Installing: /home/jenkin/Documents/Bluey2.0/ros2_ws/install/bluey_interface/share/bluey_interface/cmake/bluey_interface__rosidl_typesupport_cExport.cmake
[2.586s] -- Installing: /home/jenkin/Documents/Bluey2.0/ros2_ws/install/bluey_interface/share/bluey_interface/cmake/bluey_interface__rosidl_typesupport_cExport-noconfig.cmake
[2.586s] -- Installing: /home/jenkin/Documents/Bluey2.0/ros2_ws/install/bluey_interface/share/bluey_interface/cmake/bluey_interface__rosidl_typesupport_introspection_cppExport.cmake
[2.586s] -- Installing: /home/jenkin/Documents/Bluey2.0/ros2_ws/install/bluey_interface/share/bluey_interface/cmake/bluey_interface__rosidl_typesupport_introspection_cppExport-noconfig.cmake
[2.586s] -- Installing: /home/jenkin/Documents/Bluey2.0/ros2_ws/install/bluey_interface/share/bluey_interface/cmake/bluey_interface__rosidl_typesupport_cppExport.cmake
[2.586s] -- Installing: /home/jenkin/Documents/Bluey2.0/ros2_ws/install/bluey_interface/share/bluey_interface/cmake/bluey_interface__rosidl_typesupport_cppExport-noconfig.cmake
[2.586s] -- Installing: /home/jenkin/Documents/Bluey2.0/ros2_ws/install/bluey_interface/share/bluey_interface/cmake/export_bluey_interface__rosidl_generator_pyExport.cmake
[2.586s] -- Installing: /home/jenkin/Documents/Bluey2.0/ros2_ws/install/bluey_interface/share/bluey_interface/cmake/export_bluey_interface__rosidl_generator_pyExport-noconfig.cmake
[2.586s] -- Installing: /home/jenkin/Documents/Bluey2.0/ros2_ws/install/bluey_interface/share/bluey_interface/cmake/rosidl_cmake-extras.cmake
[2.586s] -- Installing: /home/jenkin/Documents/Bluey2.0/ros2_ws/install/bluey_interface/share/bluey_interface/cmake/ament_cmake_export_dependencies-extras.cmake
[2.586s] -- Installing: /home/jenkin/Documents/Bluey2.0/ros2_ws/install/bluey_interface/share/bluey_interface/cmake/ament_cmake_export_include_directories-extras.cmake
[2.586s] -- Installing: /home/jenkin/Documents/Bluey2.0/ros2_ws/install/bluey_interface/share/bluey_interface/cmake/ament_cmake_export_libraries-extras.cmake
[2.586s] -- Installing: /home/jenkin/Documents/Bluey2.0/ros2_ws/install/bluey_interface/share/bluey_interface/cmake/ament_cmake_export_targets-extras.cmake
[2.586s] -- Installing: /home/jenkin/Documents/Bluey2.0/ros2_ws/install/bluey_interface/share/bluey_interface/cmake/rosidl_cmake_export_typesupport_targets-extras.cmake
[2.586s] -- Installing: /home/jenkin/Documents/Bluey2.0/ros2_ws/install/bluey_interface/share/bluey_interface/cmake/rosidl_cmake_export_typesupport_libraries-extras.cmake
[2.586s] -- Installing: /home/jenkin/Documents/Bluey2.0/ros2_ws/install/bluey_interface/share/bluey_interface/cmake/bluey_interfaceConfig.cmake
[2.586s] -- Installing: /home/jenkin/Documents/Bluey2.0/ros2_ws/install/bluey_interface/share/bluey_interface/cmake/bluey_interfaceConfig-version.cmake
[2.586s] -- Installing: /home/jenkin/Documents/Bluey2.0/ros2_ws/install/bluey_interface/share/bluey_interface/package.xml
[2.589s] Invoked command in '/home/jenkin/Documents/Bluey2.0/ros2_ws/build/bluey_interface' returned '0': CMAKE_PREFIX_PATH=${CMAKE_PREFIX_PATH}:/home/jenkin/Documents/Bluey2.0/ros2_ws/install/bluey_tools:/home/jenkin/Documents/CPMR3/ros2_ws/install/cpmr_ch8:/home/jenkin/Documents/CPMR3/ros2_ws/install/cpmr_ch7:/home/jenkin/Documents/CPMR3/ros2_ws/install/cpmr_ch6:/home/jenkin/Documents/CPMR3/ros2_ws/install/cpmr_ch5:/home/jenkin/Documents/CPMR3/ros2_ws/install/cpmr_ch4:/home/jenkin/Documents/CPMR3/ros2_ws/install/cpmr_ch2:/home/jenkin/Documents/CPMR3/ros2_ws/install/cpmr_ch12:/home/jenkin/Documents/CPMR3/ros2_ws/install/cpmr_ch11:/home/jenkin/Documents/CPMR3/ros2_ws/install/cpmr_apb:/opt/ros/humble /home/jenkin/.local/bin/cmake --install /home/jenkin/Documents/Bluey2.0/ros2_ws/build/bluey_interface
