[0.058s] Invoking command in '/home/jenkin/Documents/bluey/ros2_ws/build/bluey_interface': CMAKE_PREFIX_PATH=/home/jenkin/Documents/bluey/ros2_ws/install/bluey_tools:/opt/ros/foxy /usr/bin/cmake /home/jenkin/Documents/bluey/ros2_ws/src/bluey_interface -DCMAKE_INSTALL_PREFIX=/home/jenkin/Documents/bluey/ros2_ws/install/bluey_interface
[0.404s] -- The C compiler identification is GNU 9.4.0
[0.597s] -- The CXX compiler identification is GNU 9.4.0
[0.605s] -- Check for working C compiler: /usr/bin/cc
[0.917s] -- Check for working C compiler: /usr/bin/cc -- works
[0.918s] -- Detecting C compiler ABI info
[1.183s] -- Detecting C compiler ABI info - done
[1.190s] -- Detecting C compile features
[1.191s] -- Detecting C compile features - done
[1.193s] -- Check for working CXX compiler: /usr/bin/c++
[1.458s] -- Check for working CXX compiler: /usr/bin/c++ -- works
[1.459s] -- Detecting CXX compiler ABI info
[1.741s] -- Detecting CXX compiler ABI info - done
[1.749s] -- Detecting CXX compile features
[1.749s] -- Detecting CXX compile features - done
[1.762s] -- Found ament_cmake: 0.9.12 (/opt/ros/foxy/share/ament_cmake/cmake)
[1.796s] -- Found PythonInterp: /usr/bin/python3 (found suitable version "3.8.10", minimum required is "3") 
[1.796s] -- Using PYTHON_EXECUTABLE: /usr/bin/python3
[1.949s] -- Found std_msgs: 2.0.5 (/opt/ros/foxy/share/std_msgs/cmake)
[1.981s] -- Using all available rosidl_typesupport_c: rosidl_typesupport_fastrtps_c;rosidl_typesupport_introspection_c
[1.988s] -- Found rosidl_adapter: 1.3.1 (/opt/ros/foxy/share/rosidl_adapter/cmake)
[2.391s] -- Found OpenSSL: /usr/lib/aarch64-linux-gnu/libcrypto.so (found version "1.1.1f")  
[2.429s] -- Found FastRTPS: /opt/ros/foxy/include  
[2.528s] -- Using all available rosidl_typesupport_cpp: rosidl_typesupport_fastrtps_cpp;rosidl_typesupport_introspection_cpp
[2.568s] -- Found rosidl_default_generators: 1.0.1 (/opt/ros/foxy/share/rosidl_default_generators/cmake)
[2.606s] -- Found PythonInterp: /usr/bin/python3 (found version "3.8.10") 
[2.745s] -- Found ament_cmake_ros: 0.9.2 (/opt/ros/foxy/share/ament_cmake_ros/cmake)
[2.943s] -- Using all available rosidl_typesupport_c: rosidl_typesupport_fastrtps_c;rosidl_typesupport_introspection_c
[2.989s] -- Using all available rosidl_typesupport_cpp: rosidl_typesupport_fastrtps_cpp;rosidl_typesupport_introspection_cpp
[3.020s] -- Found PythonInterp: /usr/bin/python3 (found suitable version "3.8.10", minimum required is "3.5") 
[3.022s] -- Found python_cmake_module: 0.8.1 (/opt/ros/foxy/share/python_cmake_module/cmake)
[3.060s] -- Found PythonLibs: /usr/lib/aarch64-linux-gnu/libpython3.8.so (found suitable version "3.8.10", minimum required is "3.5") 
[3.060s] -- Using PYTHON_EXECUTABLE: /usr/bin/python3
[3.060s] -- Using PYTHON_INCLUDE_DIRS: /usr/include/python3.8
[3.060s] -- Using PYTHON_LIBRARIES: /usr/lib/aarch64-linux-gnu/libpython3.8.so
[3.088s] -- Found PythonExtra: .so  
[3.147s] -- Found ament_lint_auto: 0.9.8 (/opt/ros/foxy/share/ament_lint_auto/cmake)
[3.167s] -- Added test 'lint_cmake' to check CMake code style
[3.168s] -- Added test 'xmllint' to check XML markup files
[3.171s] -- Configuring done
[3.202s] -- Generating done
[3.204s] -- Build files have been written to: /home/jenkin/Documents/bluey/ros2_ws/build/bluey_interface
[3.208s] Invoked command in '/home/jenkin/Documents/bluey/ros2_ws/build/bluey_interface' returned '0': CMAKE_PREFIX_PATH=/home/jenkin/Documents/bluey/ros2_ws/install/bluey_tools:/opt/ros/foxy /usr/bin/cmake /home/jenkin/Documents/bluey/ros2_ws/src/bluey_interface -DCMAKE_INSTALL_PREFIX=/home/jenkin/Documents/bluey/ros2_ws/install/bluey_interface
[3.210s] Invoking command in '/home/jenkin/Documents/bluey/ros2_ws/build/bluey_interface': CMAKE_PREFIX_PATH=/home/jenkin/Documents/bluey/ros2_ws/install/bluey_tools:/opt/ros/foxy /usr/bin/cmake --build /home/jenkin/Documents/bluey/ros2_ws/build/bluey_interface -- -j4 -l4
[3.370s] [  2%] [34m[1mGenerating C code for ROS interfaces[0m
[3.371s] [35m[1mScanning dependencies of target bluey_interface__cpp[0m
[3.431s] [  5%] [34m[1mGenerating C++ code for ROS interfaces[0m
[3.699s] [35m[1mScanning dependencies of target bluey_interface__rosidl_generator_c[0m
[3.762s] [  5%] Built target bluey_interface__cpp
[3.762s] [  7%] [32mBuilding C object CMakeFiles/bluey_interface__rosidl_generator_c.dir/rosidl_generator_c/bluey_interface/srv/detail/arm__functions.c.o[0m
[3.784s] [ 10%] [32mBuilding C object CMakeFiles/bluey_interface__rosidl_generator_c.dir/rosidl_generator_c/bluey_interface/srv/detail/lights__functions.c.o[0m
[3.834s] [ 12%] [34m[1mGenerating C++ type support dispatch for ROS interfaces[0m
[3.845s] [ 15%] [34m[1mGenerating C++ type support for eProsima Fast-RTPS[0m
[3.928s] [ 17%] [32m[1mLinking C shared library libbluey_interface__rosidl_generator_c.so[0m
[3.944s] [ 20%] [34m[1mGenerating C++ introspection for ROS interfaces[0m
[4.093s] [35m[1mScanning dependencies of target bluey_interface__rosidl_typesupport_cpp[0m
[4.118s] [ 20%] Built target bluey_interface__rosidl_generator_c
[4.162s] [35m[1mScanning dependencies of target bluey_interface__rosidl_typesupport_fastrtps_cpp[0m
[4.200s] [ 23%] [32mBuilding CXX object CMakeFiles/bluey_interface__rosidl_typesupport_cpp.dir/rosidl_typesupport_cpp/bluey_interface/srv/arm__type_support.cpp.o[0m
[4.224s] [ 25%] [34m[1mGenerating C introspection for ROS interfaces[0m
[4.251s] [35m[1mScanning dependencies of target bluey_interface__rosidl_typesupport_introspection_cpp[0m
[4.260s] [ 28%] [32mBuilding CXX object CMakeFiles/bluey_interface__rosidl_typesupport_fastrtps_cpp.dir/rosidl_typesupport_fastrtps_cpp/bluey_interface/srv/detail/dds_fastrtps/arm__type_support.cpp.o[0m
[4.337s] [ 30%] [32mBuilding CXX object CMakeFiles/bluey_interface__rosidl_typesupport_introspection_cpp.dir/rosidl_typesupport_introspection_cpp/bluey_interface/srv/detail/arm__type_support.cpp.o[0m
[4.541s] [35m[1mScanning dependencies of target bluey_interface__rosidl_typesupport_introspection_c[0m
[4.543s] [ 33%] [32mBuilding CXX object CMakeFiles/bluey_interface__rosidl_typesupport_cpp.dir/rosidl_typesupport_cpp/bluey_interface/srv/lights__type_support.cpp.o[0m
[4.612s] [ 35%] [32mBuilding C object CMakeFiles/bluey_interface__rosidl_typesupport_introspection_c.dir/rosidl_typesupport_introspection_c/bluey_interface/srv/detail/arm__type_support.c.o[0m
[4.652s] [ 38%] [32mBuilding CXX object CMakeFiles/bluey_interface__rosidl_typesupport_fastrtps_cpp.dir/rosidl_typesupport_fastrtps_cpp/bluey_interface/srv/detail/dds_fastrtps/lights__type_support.cpp.o[0m
[4.655s] [ 41%] [32mBuilding CXX object CMakeFiles/bluey_interface__rosidl_typesupport_introspection_cpp.dir/rosidl_typesupport_introspection_cpp/bluey_interface/srv/detail/lights__type_support.cpp.o[0m
[4.752s] [ 43%] [32mBuilding C object CMakeFiles/bluey_interface__rosidl_typesupport_introspection_c.dir/rosidl_typesupport_introspection_c/bluey_interface/srv/detail/lights__type_support.c.o[0m
[4.805s] [ 46%] [32m[1mLinking CXX shared library libbluey_interface__rosidl_typesupport_cpp.so[0m
[4.875s] [ 48%] [32m[1mLinking C shared library libbluey_interface__rosidl_typesupport_introspection_c.so[0m
[4.911s] [ 51%] [32m[1mLinking CXX shared library libbluey_interface__rosidl_typesupport_introspection_cpp.so[0m
[4.964s] [ 51%] Built target bluey_interface__rosidl_typesupport_cpp
[4.974s] [ 53%] [32m[1mLinking CXX shared library libbluey_interface__rosidl_typesupport_fastrtps_cpp.so[0m
[5.007s] [ 53%] Built target bluey_interface__rosidl_typesupport_introspection_c
[5.035s] [ 56%] [34m[1mGenerating C type support dispatch for ROS interfaces[0m
[5.070s] [ 56%] Built target bluey_interface__rosidl_typesupport_introspection_cpp
[5.153s] [ 56%] Built target bluey_interface__rosidl_typesupport_fastrtps_cpp
[5.217s] [ 58%] [34m[1mGenerating C type support for eProsima Fast-RTPS[0m
[5.252s] [35m[1mScanning dependencies of target bluey_interface__rosidl_typesupport_c[0m
[5.314s] [ 61%] [32mBuilding CXX object CMakeFiles/bluey_interface__rosidl_typesupport_c.dir/rosidl_typesupport_c/bluey_interface/srv/arm__type_support.cpp.o[0m
[5.318s] [ 64%] [32mBuilding CXX object CMakeFiles/bluey_interface__rosidl_typesupport_c.dir/rosidl_typesupport_c/bluey_interface/srv/lights__type_support.cpp.o[0m
[5.429s] [ 66%] [32m[1mLinking CXX shared library libbluey_interface__rosidl_typesupport_c.so[0m
[5.458s] [35m[1mScanning dependencies of target bluey_interface__rosidl_typesupport_fastrtps_c[0m
[5.524s] [ 69%] [32mBuilding CXX object CMakeFiles/bluey_interface__rosidl_typesupport_fastrtps_c.dir/rosidl_typesupport_fastrtps_c/bluey_interface/srv/detail/arm__type_support_c.cpp.o[0m
[5.534s] [ 71%] [32mBuilding CXX object CMakeFiles/bluey_interface__rosidl_typesupport_fastrtps_c.dir/rosidl_typesupport_fastrtps_c/bluey_interface/srv/detail/lights__type_support_c.cpp.o[0m
[5.559s] [ 71%] Built target bluey_interface__rosidl_typesupport_c
[5.803s] [ 74%] [32m[1mLinking CXX shared library libbluey_interface__rosidl_typesupport_fastrtps_c.so[0m
[5.945s] [ 74%] Built target bluey_interface__rosidl_typesupport_fastrtps_c
[6.000s] [35m[1mScanning dependencies of target bluey_interface[0m
[6.055s] [ 74%] Built target bluey_interface
[6.110s] [35m[1mScanning dependencies of target bluey_interface__py[0m
[6.167s] [ 76%] [34m[1mGenerating Python code for ROS interfaces[0m
[6.574s] [ 76%] Built target bluey_interface__py
[6.628s] [35m[1mScanning dependencies of target bluey_interface__python[0m
[6.706s] [ 79%] [32mBuilding C object CMakeFiles/bluey_interface__python.dir/rosidl_generator_py/bluey_interface/srv/_lights_s.c.o[0m
[6.714s] [ 82%] [32mBuilding C object CMakeFiles/bluey_interface__python.dir/rosidl_generator_py/bluey_interface/srv/_arm_s.c.o[0m
[6.857s] [ 84%] [32m[1mLinking C shared library rosidl_generator_py/bluey_interface/libbluey_interface__python.so[0m
[6.978s] [ 84%] Built target bluey_interface__python
[7.039s] [35m[1mScanning dependencies of target bluey_interface__rosidl_typesupport_c__pyext[0m
[7.039s] [35m[1mScanning dependencies of target bluey_interface__rosidl_typesupport_fastrtps_c__pyext[0m
[7.044s] [35m[1mScanning dependencies of target bluey_interface__rosidl_typesupport_introspection_c__pyext[0m
[7.110s] [ 87%] [32mBuilding C object CMakeFiles/bluey_interface__rosidl_typesupport_c__pyext.dir/rosidl_generator_py/bluey_interface/_bluey_interface_s.ep.rosidl_typesupport_c.c.o[0m
[7.123s] [ 89%] [32mBuilding C object CMakeFiles/bluey_interface__rosidl_typesupport_introspection_c__pyext.dir/rosidl_generator_py/bluey_interface/_bluey_interface_s.ep.rosidl_typesupport_introspection_c.c.o[0m
[7.128s] [ 92%] [32mBuilding C object CMakeFiles/bluey_interface__rosidl_typesupport_fastrtps_c__pyext.dir/rosidl_generator_py/bluey_interface/_bluey_interface_s.ep.rosidl_typesupport_fastrtps_c.c.o[0m
[7.261s] [ 94%] [32m[1mLinking C shared library rosidl_generator_py/bluey_interface/bluey_interface_s__rosidl_typesupport_c.cpython-38-aarch64-linux-gnu.so[0m
[7.276s] [ 97%] [32m[1mLinking C shared library rosidl_generator_py/bluey_interface/bluey_interface_s__rosidl_typesupport_introspection_c.cpython-38-aarch64-linux-gnu.so[0m
[7.291s] [100%] [32m[1mLinking CXX shared library rosidl_generator_py/bluey_interface/bluey_interface_s__rosidl_typesupport_fastrtps_c.cpython-38-aarch64-linux-gnu.so[0m
[7.401s] [100%] Built target bluey_interface__rosidl_typesupport_c__pyext
[7.418s] [100%] Built target bluey_interface__rosidl_typesupport_introspection_c__pyext
[7.440s] [100%] Built target bluey_interface__rosidl_typesupport_fastrtps_c__pyext
[7.468s] Invoked command in '/home/jenkin/Documents/bluey/ros2_ws/build/bluey_interface' returned '0': CMAKE_PREFIX_PATH=/home/jenkin/Documents/bluey/ros2_ws/install/bluey_tools:/opt/ros/foxy /usr/bin/cmake --build /home/jenkin/Documents/bluey/ros2_ws/build/bluey_interface -- -j4 -l4
[8.919s] Invoking command in '/home/jenkin/Documents/bluey/ros2_ws/build/bluey_interface': CMAKE_PREFIX_PATH=/home/jenkin/Documents/bluey/ros2_ws/install/bluey_tools:/opt/ros/foxy /usr/bin/cmake --install /home/jenkin/Documents/bluey/ros2_ws/build/bluey_interface
[8.939s] -- Install configuration: ""
[8.939s] -- Installing: /home/jenkin/Documents/bluey/ros2_ws/install/bluey_interface/share/ament_index/resource_index/rosidl_interfaces/bluey_interface
[8.939s] -- Installing: /home/jenkin/Documents/bluey/ros2_ws/install/bluey_interface/include/bluey_interface
[8.939s] -- Installing: /home/jenkin/Documents/bluey/ros2_ws/install/bluey_interface/include/bluey_interface/srv
[8.939s] -- Installing: /home/jenkin/Documents/bluey/ros2_ws/install/bluey_interface/include/bluey_interface/srv/lights.h
[8.939s] -- Installing: /home/jenkin/Documents/bluey/ros2_ws/install/bluey_interface/include/bluey_interface/srv/detail
[8.940s] -- Installing: /home/jenkin/Documents/bluey/ros2_ws/install/bluey_interface/include/bluey_interface/srv/detail/arm__struct.h
[8.940s] -- Installing: /home/jenkin/Documents/bluey/ros2_ws/install/bluey_interface/include/bluey_interface/srv/detail/arm__functions.c
[8.940s] -- Installing: /home/jenkin/Documents/bluey/ros2_ws/install/bluey_interface/include/bluey_interface/srv/detail/arm__functions.h
[8.940s] -- Installing: /home/jenkin/Documents/bluey/ros2_ws/install/bluey_interface/include/bluey_interface/srv/detail/lights__struct.h
[8.940s] -- Installing: /home/jenkin/Documents/bluey/ros2_ws/install/bluey_interface/include/bluey_interface/srv/detail/lights__functions.c
[8.940s] -- Installing: /home/jenkin/Documents/bluey/ros2_ws/install/bluey_interface/include/bluey_interface/srv/detail/lights__functions.h
[8.940s] -- Installing: /home/jenkin/Documents/bluey/ros2_ws/install/bluey_interface/include/bluey_interface/srv/detail/arm__type_support.h
[8.940s] -- Installing: /home/jenkin/Documents/bluey/ros2_ws/install/bluey_interface/include/bluey_interface/srv/detail/lights__type_support.h
[8.940s] -- Installing: /home/jenkin/Documents/bluey/ros2_ws/install/bluey_interface/include/bluey_interface/srv/arm.h
[8.940s] -- Installing: /home/jenkin/Documents/bluey/ros2_ws/install/bluey_interface/include/bluey_interface/msg
[8.940s] -- Installing: /home/jenkin/Documents/bluey/ros2_ws/install/bluey_interface/include/bluey_interface/msg/rosidl_generator_c__visibility_control.h
[8.940s] -- Installing: /home/jenkin/Documents/bluey/ros2_ws/install/bluey_interface/share/bluey_interface/environment/library_path.sh
[8.940s] -- Installing: /home/jenkin/Documents/bluey/ros2_ws/install/bluey_interface/share/bluey_interface/environment/library_path.dsv
[8.940s] -- Installing: /home/jenkin/Documents/bluey/ros2_ws/install/bluey_interface/lib/libbluey_interface__rosidl_generator_c.so
[8.940s] -- Set runtime path of "/home/jenkin/Documents/bluey/ros2_ws/install/bluey_interface/lib/libbluey_interface__rosidl_generator_c.so" to ""
[8.941s] -- Up-to-date: /home/jenkin/Documents/bluey/ros2_ws/install/bluey_interface/include/bluey_interface
[8.941s] -- Up-to-date: /home/jenkin/Documents/bluey/ros2_ws/install/bluey_interface/include/bluey_interface/srv
[8.941s] -- Up-to-date: /home/jenkin/Documents/bluey/ros2_ws/install/bluey_interface/include/bluey_interface/srv/detail
[8.941s] -- Installing: /home/jenkin/Documents/bluey/ros2_ws/install/bluey_interface/include/bluey_interface/srv/detail/arm__rosidl_typesupport_fastrtps_c.h
[8.941s] -- Installing: /home/jenkin/Documents/bluey/ros2_ws/install/bluey_interface/include/bluey_interface/srv/detail/lights__rosidl_typesupport_fastrtps_c.h
[8.941s] -- Up-to-date: /home/jenkin/Documents/bluey/ros2_ws/install/bluey_interface/include/bluey_interface/msg
[8.941s] -- Installing: /home/jenkin/Documents/bluey/ros2_ws/install/bluey_interface/include/bluey_interface/msg/rosidl_typesupport_fastrtps_c__visibility_control.h
[8.941s] -- Installing: /home/jenkin/Documents/bluey/ros2_ws/install/bluey_interface/lib/libbluey_interface__rosidl_typesupport_fastrtps_c.so
[8.941s] -- Set runtime path of "/home/jenkin/Documents/bluey/ros2_ws/install/bluey_interface/lib/libbluey_interface__rosidl_typesupport_fastrtps_c.so" to ""
[8.942s] -- Up-to-date: /home/jenkin/Documents/bluey/ros2_ws/install/bluey_interface/include/bluey_interface
[8.942s] -- Up-to-date: /home/jenkin/Documents/bluey/ros2_ws/install/bluey_interface/include/bluey_interface/srv
[8.942s] -- Up-to-date: /home/jenkin/Documents/bluey/ros2_ws/install/bluey_interface/include/bluey_interface/srv/detail
[8.942s] -- Installing: /home/jenkin/Documents/bluey/ros2_ws/install/bluey_interface/include/bluey_interface/srv/detail/arm__rosidl_typesupport_fastrtps_cpp.hpp
[8.942s] -- Installing: /home/jenkin/Documents/bluey/ros2_ws/install/bluey_interface/include/bluey_interface/srv/detail/dds_fastrtps
[8.942s] -- Installing: /home/jenkin/Documents/bluey/ros2_ws/install/bluey_interface/include/bluey_interface/srv/detail/lights__rosidl_typesupport_fastrtps_cpp.hpp
[8.942s] -- Up-to-date: /home/jenkin/Documents/bluey/ros2_ws/install/bluey_interface/include/bluey_interface/msg
[8.942s] -- Installing: /home/jenkin/Documents/bluey/ros2_ws/install/bluey_interface/include/bluey_interface/msg/rosidl_typesupport_fastrtps_cpp__visibility_control.h
[8.942s] -- Installing: /home/jenkin/Documents/bluey/ros2_ws/install/bluey_interface/lib/libbluey_interface__rosidl_typesupport_fastrtps_cpp.so
[8.942s] -- Set runtime path of "/home/jenkin/Documents/bluey/ros2_ws/install/bluey_interface/lib/libbluey_interface__rosidl_typesupport_fastrtps_cpp.so" to ""
[8.942s] -- Up-to-date: /home/jenkin/Documents/bluey/ros2_ws/install/bluey_interface/include/bluey_interface
[8.942s] -- Up-to-date: /home/jenkin/Documents/bluey/ros2_ws/install/bluey_interface/include/bluey_interface/srv
[8.943s] -- Up-to-date: /home/jenkin/Documents/bluey/ros2_ws/install/bluey_interface/include/bluey_interface/srv/detail
[8.943s] -- Installing: /home/jenkin/Documents/bluey/ros2_ws/install/bluey_interface/include/bluey_interface/srv/detail/arm__rosidl_typesupport_introspection_c.h
[8.943s] -- Installing: /home/jenkin/Documents/bluey/ros2_ws/install/bluey_interface/include/bluey_interface/srv/detail/lights__type_support.c
[8.943s] -- Installing: /home/jenkin/Documents/bluey/ros2_ws/install/bluey_interface/include/bluey_interface/srv/detail/lights__rosidl_typesupport_introspection_c.h
[8.943s] -- Installing: /home/jenkin/Documents/bluey/ros2_ws/install/bluey_interface/include/bluey_interface/srv/detail/arm__type_support.c
[8.943s] -- Up-to-date: /home/jenkin/Documents/bluey/ros2_ws/install/bluey_interface/include/bluey_interface/msg
[8.943s] -- Installing: /home/jenkin/Documents/bluey/ros2_ws/install/bluey_interface/include/bluey_interface/msg/rosidl_typesupport_introspection_c__visibility_control.h
[8.943s] -- Installing: /home/jenkin/Documents/bluey/ros2_ws/install/bluey_interface/lib/libbluey_interface__rosidl_typesupport_introspection_c.so
[8.943s] -- Set runtime path of "/home/jenkin/Documents/bluey/ros2_ws/install/bluey_interface/lib/libbluey_interface__rosidl_typesupport_introspection_c.so" to ""
[8.943s] -- Installing: /home/jenkin/Documents/bluey/ros2_ws/install/bluey_interface/lib/libbluey_interface__rosidl_typesupport_c.so
[8.943s] -- Set runtime path of "/home/jenkin/Documents/bluey/ros2_ws/install/bluey_interface/lib/libbluey_interface__rosidl_typesupport_c.so" to ""
[8.944s] -- Up-to-date: /home/jenkin/Documents/bluey/ros2_ws/install/bluey_interface/include/bluey_interface
[8.944s] -- Up-to-date: /home/jenkin/Documents/bluey/ros2_ws/install/bluey_interface/include/bluey_interface/srv
[8.944s] -- Installing: /home/jenkin/Documents/bluey/ros2_ws/install/bluey_interface/include/bluey_interface/srv/lights.hpp
[8.944s] -- Installing: /home/jenkin/Documents/bluey/ros2_ws/install/bluey_interface/include/bluey_interface/srv/arm.hpp
[8.944s] -- Up-to-date: /home/jenkin/Documents/bluey/ros2_ws/install/bluey_interface/include/bluey_interface/srv/detail
[8.944s] -- Installing: /home/jenkin/Documents/bluey/ros2_ws/install/bluey_interface/include/bluey_interface/srv/detail/lights__type_support.hpp
[8.944s] -- Installing: /home/jenkin/Documents/bluey/ros2_ws/install/bluey_interface/include/bluey_interface/srv/detail/lights__struct.hpp
[8.944s] -- Installing: /home/jenkin/Documents/bluey/ros2_ws/install/bluey_interface/include/bluey_interface/srv/detail/arm__type_support.hpp
[8.944s] -- Installing: /home/jenkin/Documents/bluey/ros2_ws/install/bluey_interface/include/bluey_interface/srv/detail/lights__builder.hpp
[8.944s] -- Installing: /home/jenkin/Documents/bluey/ros2_ws/install/bluey_interface/include/bluey_interface/srv/detail/arm__traits.hpp
[8.944s] -- Installing: /home/jenkin/Documents/bluey/ros2_ws/install/bluey_interface/include/bluey_interface/srv/detail/arm__struct.hpp
[8.944s] -- Installing: /home/jenkin/Documents/bluey/ros2_ws/install/bluey_interface/include/bluey_interface/srv/detail/arm__builder.hpp
[8.944s] -- Installing: /home/jenkin/Documents/bluey/ros2_ws/install/bluey_interface/include/bluey_interface/srv/detail/lights__traits.hpp
[8.944s] -- Up-to-date: /home/jenkin/Documents/bluey/ros2_ws/install/bluey_interface/include/bluey_interface/msg
[8.944s] -- Installing: /home/jenkin/Documents/bluey/ros2_ws/install/bluey_interface/include/bluey_interface/msg/rosidl_generator_cpp__visibility_control.hpp
[8.944s] -- Up-to-date: /home/jenkin/Documents/bluey/ros2_ws/install/bluey_interface/include/bluey_interface
[8.944s] -- Up-to-date: /home/jenkin/Documents/bluey/ros2_ws/install/bluey_interface/include/bluey_interface/srv
[8.944s] -- Up-to-date: /home/jenkin/Documents/bluey/ros2_ws/install/bluey_interface/include/bluey_interface/srv/detail
[8.944s] -- Installing: /home/jenkin/Documents/bluey/ros2_ws/install/bluey_interface/include/bluey_interface/srv/detail/lights__rosidl_typesupport_introspection_cpp.hpp
[8.944s] -- Installing: /home/jenkin/Documents/bluey/ros2_ws/install/bluey_interface/include/bluey_interface/srv/detail/arm__type_support.cpp
[8.945s] -- Installing: /home/jenkin/Documents/bluey/ros2_ws/install/bluey_interface/include/bluey_interface/srv/detail/arm__rosidl_typesupport_introspection_cpp.hpp
[8.945s] -- Installing: /home/jenkin/Documents/bluey/ros2_ws/install/bluey_interface/include/bluey_interface/srv/detail/lights__type_support.cpp
[8.945s] -- Installing: /home/jenkin/Documents/bluey/ros2_ws/install/bluey_interface/lib/libbluey_interface__rosidl_typesupport_introspection_cpp.so
[8.945s] -- Set runtime path of "/home/jenkin/Documents/bluey/ros2_ws/install/bluey_interface/lib/libbluey_interface__rosidl_typesupport_introspection_cpp.so" to ""
[8.945s] -- Installing: /home/jenkin/Documents/bluey/ros2_ws/install/bluey_interface/lib/libbluey_interface__rosidl_typesupport_cpp.so
[8.945s] -- Set runtime path of "/home/jenkin/Documents/bluey/ros2_ws/install/bluey_interface/lib/libbluey_interface__rosidl_typesupport_cpp.so" to ""
[8.945s] -- Installing: /home/jenkin/Documents/bluey/ros2_ws/install/bluey_interface/share/bluey_interface/environment/pythonpath.sh
[8.945s] -- Installing: /home/jenkin/Documents/bluey/ros2_ws/install/bluey_interface/share/bluey_interface/environment/pythonpath.dsv
[8.945s] -- Installing: /home/jenkin/Documents/bluey/ros2_ws/install/bluey_interface/lib/python3.8/site-packages/bluey_interface/__init__.py
[8.980s] Compiling '/home/jenkin/Documents/bluey/ros2_ws/install/bluey_interface/lib/python3.8/site-packages/bluey_interface/__init__.py'...
[8.983s] -- Installing: /home/jenkin/Documents/bluey/ros2_ws/install/bluey_interface/lib/python3.8/site-packages/bluey_interface/srv
[8.983s] -- Installing: /home/jenkin/Documents/bluey/ros2_ws/install/bluey_interface/lib/python3.8/site-packages/bluey_interface/srv/_arm.py
[8.983s] -- Installing: /home/jenkin/Documents/bluey/ros2_ws/install/bluey_interface/lib/python3.8/site-packages/bluey_interface/srv/__init__.py
[8.983s] -- Installing: /home/jenkin/Documents/bluey/ros2_ws/install/bluey_interface/lib/python3.8/site-packages/bluey_interface/srv/_lights.py
[8.983s] -- Installing: /home/jenkin/Documents/bluey/ros2_ws/install/bluey_interface/lib/python3.8/site-packages/bluey_interface/srv/_arm_s.c
[8.984s] -- Installing: /home/jenkin/Documents/bluey/ros2_ws/install/bluey_interface/lib/python3.8/site-packages/bluey_interface/srv/_lights_s.c
[8.984s] -- Installing: /home/jenkin/Documents/bluey/ros2_ws/install/bluey_interface/lib/python3.8/site-packages/bluey_interface/bluey_interface_s__rosidl_typesupport_fastrtps_c.cpython-38-aarch64-linux-gnu.so
[8.984s] -- Set runtime path of "/home/jenkin/Documents/bluey/ros2_ws/install/bluey_interface/lib/python3.8/site-packages/bluey_interface/bluey_interface_s__rosidl_typesupport_fastrtps_c.cpython-38-aarch64-linux-gnu.so" to ""
[8.984s] -- Installing: /home/jenkin/Documents/bluey/ros2_ws/install/bluey_interface/lib/python3.8/site-packages/bluey_interface/bluey_interface_s__rosidl_typesupport_introspection_c.cpython-38-aarch64-linux-gnu.so
[8.984s] -- Set runtime path of "/home/jenkin/Documents/bluey/ros2_ws/install/bluey_interface/lib/python3.8/site-packages/bluey_interface/bluey_interface_s__rosidl_typesupport_introspection_c.cpython-38-aarch64-linux-gnu.so" to ""
[8.985s] -- Installing: /home/jenkin/Documents/bluey/ros2_ws/install/bluey_interface/lib/python3.8/site-packages/bluey_interface/bluey_interface_s__rosidl_typesupport_c.cpython-38-aarch64-linux-gnu.so
[8.985s] -- Set runtime path of "/home/jenkin/Documents/bluey/ros2_ws/install/bluey_interface/lib/python3.8/site-packages/bluey_interface/bluey_interface_s__rosidl_typesupport_c.cpython-38-aarch64-linux-gnu.so" to ""
[8.985s] -- Installing: /home/jenkin/Documents/bluey/ros2_ws/install/bluey_interface/lib/libbluey_interface__python.so
[8.985s] -- Set runtime path of "/home/jenkin/Documents/bluey/ros2_ws/install/bluey_interface/lib/libbluey_interface__python.so" to ""
[8.985s] -- Installing: /home/jenkin/Documents/bluey/ros2_ws/install/bluey_interface/share/bluey_interface/srv/Arm.idl
[8.986s] -- Installing: /home/jenkin/Documents/bluey/ros2_ws/install/bluey_interface/share/bluey_interface/srv/Lights.idl
[8.986s] -- Installing: /home/jenkin/Documents/bluey/ros2_ws/install/bluey_interface/share/bluey_interface/srv/Arm.srv
[8.986s] -- Installing: /home/jenkin/Documents/bluey/ros2_ws/install/bluey_interface/share/bluey_interface/srv/Arm_Request.msg
[8.986s] -- Installing: /home/jenkin/Documents/bluey/ros2_ws/install/bluey_interface/share/bluey_interface/srv/Arm_Response.msg
[8.986s] -- Installing: /home/jenkin/Documents/bluey/ros2_ws/install/bluey_interface/share/bluey_interface/srv/Lights.srv
[8.986s] -- Installing: /home/jenkin/Documents/bluey/ros2_ws/install/bluey_interface/share/bluey_interface/srv/Lights_Request.msg
[8.986s] -- Installing: /home/jenkin/Documents/bluey/ros2_ws/install/bluey_interface/share/bluey_interface/srv/Lights_Response.msg
[8.986s] -- Installing: /home/jenkin/Documents/bluey/ros2_ws/install/bluey_interface/share/ament_index/resource_index/package_run_dependencies/bluey_interface
[8.986s] -- Installing: /home/jenkin/Documents/bluey/ros2_ws/install/bluey_interface/share/ament_index/resource_index/parent_prefix_path/bluey_interface
[8.987s] -- Installing: /home/jenkin/Documents/bluey/ros2_ws/install/bluey_interface/share/bluey_interface/environment/ament_prefix_path.sh
[8.987s] -- Installing: /home/jenkin/Documents/bluey/ros2_ws/install/bluey_interface/share/bluey_interface/environment/ament_prefix_path.dsv
[8.987s] -- Installing: /home/jenkin/Documents/bluey/ros2_ws/install/bluey_interface/share/bluey_interface/environment/path.sh
[8.987s] -- Installing: /home/jenkin/Documents/bluey/ros2_ws/install/bluey_interface/share/bluey_interface/environment/path.dsv
[8.987s] -- Installing: /home/jenkin/Documents/bluey/ros2_ws/install/bluey_interface/share/bluey_interface/local_setup.bash
[8.987s] -- Installing: /home/jenkin/Documents/bluey/ros2_ws/install/bluey_interface/share/bluey_interface/local_setup.sh
[8.987s] -- Installing: /home/jenkin/Documents/bluey/ros2_ws/install/bluey_interface/share/bluey_interface/local_setup.zsh
[8.987s] -- Installing: /home/jenkin/Documents/bluey/ros2_ws/install/bluey_interface/share/bluey_interface/local_setup.dsv
[8.987s] -- Installing: /home/jenkin/Documents/bluey/ros2_ws/install/bluey_interface/share/bluey_interface/package.dsv
[8.987s] -- Installing: /home/jenkin/Documents/bluey/ros2_ws/install/bluey_interface/share/ament_index/resource_index/packages/bluey_interface
[8.987s] -- Installing: /home/jenkin/Documents/bluey/ros2_ws/install/bluey_interface/share/bluey_interface/cmake/bluey_interface__rosidl_generator_cExport.cmake
[8.988s] -- Installing: /home/jenkin/Documents/bluey/ros2_ws/install/bluey_interface/share/bluey_interface/cmake/bluey_interface__rosidl_generator_cExport-noconfig.cmake
[8.988s] -- Installing: /home/jenkin/Documents/bluey/ros2_ws/install/bluey_interface/share/bluey_interface/cmake/bluey_interface__rosidl_typesupport_introspection_cExport.cmake
[8.988s] -- Installing: /home/jenkin/Documents/bluey/ros2_ws/install/bluey_interface/share/bluey_interface/cmake/bluey_interface__rosidl_typesupport_introspection_cExport-noconfig.cmake
[8.988s] -- Installing: /home/jenkin/Documents/bluey/ros2_ws/install/bluey_interface/share/bluey_interface/cmake/bluey_interface__rosidl_typesupport_cExport.cmake
[8.988s] -- Installing: /home/jenkin/Documents/bluey/ros2_ws/install/bluey_interface/share/bluey_interface/cmake/bluey_interface__rosidl_typesupport_cExport-noconfig.cmake
[8.988s] -- Installing: /home/jenkin/Documents/bluey/ros2_ws/install/bluey_interface/share/bluey_interface/cmake/bluey_interface__rosidl_generator_cppExport.cmake
[8.988s] -- Installing: /home/jenkin/Documents/bluey/ros2_ws/install/bluey_interface/share/bluey_interface/cmake/bluey_interface__rosidl_typesupport_introspection_cppExport.cmake
[8.988s] -- Installing: /home/jenkin/Documents/bluey/ros2_ws/install/bluey_interface/share/bluey_interface/cmake/bluey_interface__rosidl_typesupport_introspection_cppExport-noconfig.cmake
[8.988s] -- Installing: /home/jenkin/Documents/bluey/ros2_ws/install/bluey_interface/share/bluey_interface/cmake/bluey_interface__rosidl_typesupport_cppExport.cmake
[8.988s] -- Installing: /home/jenkin/Documents/bluey/ros2_ws/install/bluey_interface/share/bluey_interface/cmake/bluey_interface__rosidl_typesupport_cppExport-noconfig.cmake
[8.989s] -- Installing: /home/jenkin/Documents/bluey/ros2_ws/install/bluey_interface/share/bluey_interface/cmake/rosidl_cmake-extras.cmake
[8.989s] -- Installing: /home/jenkin/Documents/bluey/ros2_ws/install/bluey_interface/share/bluey_interface/cmake/ament_cmake_export_dependencies-extras.cmake
[8.989s] -- Installing: /home/jenkin/Documents/bluey/ros2_ws/install/bluey_interface/share/bluey_interface/cmake/ament_cmake_export_libraries-extras.cmake
[8.989s] -- Installing: /home/jenkin/Documents/bluey/ros2_ws/install/bluey_interface/share/bluey_interface/cmake/ament_cmake_export_targets-extras.cmake
[8.989s] -- Installing: /home/jenkin/Documents/bluey/ros2_ws/install/bluey_interface/share/bluey_interface/cmake/ament_cmake_export_include_directories-extras.cmake
[8.989s] -- Installing: /home/jenkin/Documents/bluey/ros2_ws/install/bluey_interface/share/bluey_interface/cmake/rosidl_cmake_export_typesupport_libraries-extras.cmake
[8.989s] -- Installing: /home/jenkin/Documents/bluey/ros2_ws/install/bluey_interface/share/bluey_interface/cmake/rosidl_cmake_export_typesupport_targets-extras.cmake
[8.989s] -- Installing: /home/jenkin/Documents/bluey/ros2_ws/install/bluey_interface/share/bluey_interface/cmake/bluey_interfaceConfig.cmake
[8.989s] -- Installing: /home/jenkin/Documents/bluey/ros2_ws/install/bluey_interface/share/bluey_interface/cmake/bluey_interfaceConfig-version.cmake
[8.989s] -- Installing: /home/jenkin/Documents/bluey/ros2_ws/install/bluey_interface/share/bluey_interface/package.xml
[8.991s] Invoked command in '/home/jenkin/Documents/bluey/ros2_ws/build/bluey_interface' returned '0': CMAKE_PREFIX_PATH=/home/jenkin/Documents/bluey/ros2_ws/install/bluey_tools:/opt/ros/foxy /usr/bin/cmake --install /home/jenkin/Documents/bluey/ros2_ws/build/bluey_interface
