[0.235s] DEBUG:colcon:Command line arguments: ['/usr/bin/colcon', 'build']
[0.235s] DEBUG:colcon:Parsed command line arguments: Namespace(allow_overriding=[], ament_cmake_args=None, base_paths=['.'], build_base='build', catkin_cmake_args=None, catkin_skip_building_tests=False, cmake_args=None, cmake_clean_cache=False, cmake_clean_first=False, cmake_force_configure=False, cmake_target=None, cmake_target_skip_unavailable=False, continue_on_error=False, event_handlers=None, executor='parallel', ignore_user_meta=False, install_base='install', log_base=None, log_level=None, main=<bound method BuildVerb.main of <colcon_core.verb.build.BuildVerb object at 0xffff8d0c80a0>>, merge_install=False, metas=['./colcon.meta'], packages_above=None, packages_above_and_dependencies=None, packages_above_depth=None, packages_end=None, packages_ignore=None, packages_ignore_regex=None, packages_select=None, packages_select_build_failed=False, packages_select_by_dep=None, packages_select_regex=None, packages_select_test_failures=False, packages_skip=None, packages_skip_build_finished=False, packages_skip_by_dep=None, packages_skip_regex=None, packages_skip_test_passed=False, packages_skip_up_to=None, packages_start=None, packages_up_to=None, packages_up_to_regex=None, parallel_workers=4, paths=None, symlink_install=False, test_result_base=None, verb_extension=<colcon_core.verb.build.BuildVerb object at 0xffff8d0c80a0>, verb_name='build', verb_parser=<colcon_defaults.argument_parser.defaults.DefaultArgumentsDecorator object at 0xffff8d0c85e0>)
[0.258s] Level 1:colcon.colcon_core.package_discovery:discover_packages(colcon_meta) check parameters
[0.258s] Level 1:colcon.colcon_core.package_discovery:discover_packages(recursive) check parameters
[0.258s] Level 1:colcon.colcon_core.package_discovery:discover_packages(ignore) check parameters
[0.258s] Level 1:colcon.colcon_core.package_discovery:discover_packages(path) check parameters
[0.258s] Level 1:colcon.colcon_core.package_discovery:discover_packages(colcon_meta) discover
[0.258s] Level 1:colcon.colcon_core.package_discovery:discover_packages(recursive) discover
[0.258s] INFO:colcon.colcon_core.package_discovery:Crawling recursively for packages in '/home/jenkin/Documents/bluey/ros2_ws'
[0.258s] Level 1:colcon.colcon_core.package_identification:_identify(.) by extensions ['ignore', 'ignore_ament_install']
[0.259s] Level 1:colcon.colcon_core.package_identification:_identify(.) by extension 'ignore'
[0.259s] Level 1:colcon.colcon_core.package_identification:_identify(.) by extension 'ignore_ament_install'
[0.259s] Level 1:colcon.colcon_core.package_identification:_identify(.) by extensions ['colcon_pkg']
[0.259s] Level 1:colcon.colcon_core.package_identification:_identify(.) by extension 'colcon_pkg'
[0.259s] Level 1:colcon.colcon_core.package_identification:_identify(.) by extensions ['colcon_meta']
[0.259s] Level 1:colcon.colcon_core.package_identification:_identify(.) by extension 'colcon_meta'
[0.259s] Level 1:colcon.colcon_core.package_identification:_identify(.) by extensions ['ros']
[0.259s] Level 1:colcon.colcon_core.package_identification:_identify(.) by extension 'ros'
[0.280s] Level 1:colcon.colcon_core.package_identification:_identify(.) by extensions ['cmake', 'python']
[0.280s] Level 1:colcon.colcon_core.package_identification:_identify(.) by extension 'cmake'
[0.281s] Level 1:colcon.colcon_core.package_identification:_identify(.) by extension 'python'
[0.281s] Level 1:colcon.colcon_core.package_identification:_identify(.) by extensions ['python_setup_py']
[0.281s] Level 1:colcon.colcon_core.package_identification:_identify(.) by extension 'python_setup_py'
[0.281s] Level 1:colcon.colcon_core.package_identification:_identify(build) by extensions ['ignore', 'ignore_ament_install']
[0.281s] Level 1:colcon.colcon_core.package_identification:_identify(build) by extension 'ignore'
[0.281s] Level 1:colcon.colcon_core.package_identification:_identify(build) ignored
[0.281s] Level 1:colcon.colcon_core.package_identification:_identify(install) by extensions ['ignore', 'ignore_ament_install']
[0.281s] Level 1:colcon.colcon_core.package_identification:_identify(install) by extension 'ignore'
[0.281s] Level 1:colcon.colcon_core.package_identification:_identify(install) ignored
[0.281s] Level 1:colcon.colcon_core.package_identification:_identify(log) by extensions ['ignore', 'ignore_ament_install']
[0.281s] Level 1:colcon.colcon_core.package_identification:_identify(log) by extension 'ignore'
[0.281s] Level 1:colcon.colcon_core.package_identification:_identify(log) ignored
[0.281s] Level 1:colcon.colcon_core.package_identification:_identify(src) by extensions ['ignore', 'ignore_ament_install']
[0.281s] Level 1:colcon.colcon_core.package_identification:_identify(src) by extension 'ignore'
[0.281s] Level 1:colcon.colcon_core.package_identification:_identify(src) by extension 'ignore_ament_install'
[0.281s] Level 1:colcon.colcon_core.package_identification:_identify(src) by extensions ['colcon_pkg']
[0.281s] Level 1:colcon.colcon_core.package_identification:_identify(src) by extension 'colcon_pkg'
[0.281s] Level 1:colcon.colcon_core.package_identification:_identify(src) by extensions ['colcon_meta']
[0.281s] Level 1:colcon.colcon_core.package_identification:_identify(src) by extension 'colcon_meta'
[0.281s] Level 1:colcon.colcon_core.package_identification:_identify(src) by extensions ['ros']
[0.281s] Level 1:colcon.colcon_core.package_identification:_identify(src) by extension 'ros'
[0.281s] Level 1:colcon.colcon_core.package_identification:_identify(src) by extensions ['cmake', 'python']
[0.281s] Level 1:colcon.colcon_core.package_identification:_identify(src) by extension 'cmake'
[0.281s] Level 1:colcon.colcon_core.package_identification:_identify(src) by extension 'python'
[0.281s] Level 1:colcon.colcon_core.package_identification:_identify(src) by extensions ['python_setup_py']
[0.281s] Level 1:colcon.colcon_core.package_identification:_identify(src) by extension 'python_setup_py'
[0.281s] Level 1:colcon.colcon_core.package_identification:_identify(src/bluey_interface) by extensions ['ignore', 'ignore_ament_install']
[0.282s] Level 1:colcon.colcon_core.package_identification:_identify(src/bluey_interface) by extension 'ignore'
[0.282s] Level 1:colcon.colcon_core.package_identification:_identify(src/bluey_interface) by extension 'ignore_ament_install'
[0.282s] Level 1:colcon.colcon_core.package_identification:_identify(src/bluey_interface) by extensions ['colcon_pkg']
[0.282s] Level 1:colcon.colcon_core.package_identification:_identify(src/bluey_interface) by extension 'colcon_pkg'
[0.282s] Level 1:colcon.colcon_core.package_identification:_identify(src/bluey_interface) by extensions ['colcon_meta']
[0.282s] Level 1:colcon.colcon_core.package_identification:_identify(src/bluey_interface) by extension 'colcon_meta'
[0.282s] Level 1:colcon.colcon_core.package_identification:_identify(src/bluey_interface) by extensions ['ros']
[0.282s] Level 1:colcon.colcon_core.package_identification:_identify(src/bluey_interface) by extension 'ros'
[0.284s] DEBUG:colcon.colcon_core.package_identification:Package 'src/bluey_interface' with type 'ros.ament_cmake' and name 'bluey_interface'
[0.284s] Level 1:colcon.colcon_core.package_identification:_identify(src/bluey_tools) by extensions ['ignore', 'ignore_ament_install']
[0.284s] Level 1:colcon.colcon_core.package_identification:_identify(src/bluey_tools) by extension 'ignore'
[0.284s] Level 1:colcon.colcon_core.package_identification:_identify(src/bluey_tools) by extension 'ignore_ament_install'
[0.284s] Level 1:colcon.colcon_core.package_identification:_identify(src/bluey_tools) by extensions ['colcon_pkg']
[0.284s] Level 1:colcon.colcon_core.package_identification:_identify(src/bluey_tools) by extension 'colcon_pkg'
[0.284s] Level 1:colcon.colcon_core.package_identification:_identify(src/bluey_tools) by extensions ['colcon_meta']
[0.284s] Level 1:colcon.colcon_core.package_identification:_identify(src/bluey_tools) by extension 'colcon_meta'
[0.284s] Level 1:colcon.colcon_core.package_identification:_identify(src/bluey_tools) by extensions ['ros']
[0.284s] Level 1:colcon.colcon_core.package_identification:_identify(src/bluey_tools) by extension 'ros'
[0.285s] DEBUG:colcon.colcon_core.package_identification:Package 'src/bluey_tools' with type 'ros.ament_python' and name 'bluey_tools'
[0.285s] Level 1:colcon.colcon_core.package_discovery:discover_packages(recursive) using defaults
[0.285s] Level 1:colcon.colcon_core.package_discovery:discover_packages(ignore) discover
[0.285s] Level 1:colcon.colcon_core.package_discovery:discover_packages(ignore) using defaults
[0.285s] Level 1:colcon.colcon_core.package_discovery:discover_packages(path) discover
[0.285s] Level 1:colcon.colcon_core.package_discovery:discover_packages(path) using defaults
[0.302s] Level 1:colcon.colcon_core.package_discovery:discover_packages(prefix_path) check parameters
[0.302s] Level 1:colcon.colcon_core.package_discovery:discover_packages(prefix_path) discover
[0.304s] DEBUG:colcon.colcon_installed_package_information.package_discovery:Found 2 installed packages in /home/jenkin/Documents/bluey/ros2_ws/install
[0.305s] DEBUG:colcon.colcon_installed_package_information.package_discovery:Found 4 installed packages in /home/jenkin/Documents/airchair/chair_ws/install
[0.307s] DEBUG:colcon.colcon_installed_package_information.package_discovery:Found 270 installed packages in /opt/ros/foxy
[0.308s] Level 1:colcon.colcon_core.package_discovery:discover_packages(prefix_path) using defaults
[0.354s] Level 5:colcon.colcon_core.verb:set package 'bluey_interface' build argument 'cmake_args' from command line to 'None'
[0.354s] Level 5:colcon.colcon_core.verb:set package 'bluey_interface' build argument 'cmake_target' from command line to 'None'
[0.354s] Level 5:colcon.colcon_core.verb:set package 'bluey_interface' build argument 'cmake_target_skip_unavailable' from command line to 'False'
[0.354s] Level 5:colcon.colcon_core.verb:set package 'bluey_interface' build argument 'cmake_clean_cache' from command line to 'False'
[0.354s] Level 5:colcon.colcon_core.verb:set package 'bluey_interface' build argument 'cmake_clean_first' from command line to 'False'
[0.354s] Level 5:colcon.colcon_core.verb:set package 'bluey_interface' build argument 'cmake_force_configure' from command line to 'False'
[0.354s] Level 5:colcon.colcon_core.verb:set package 'bluey_interface' build argument 'ament_cmake_args' from command line to 'None'
[0.354s] Level 5:colcon.colcon_core.verb:set package 'bluey_interface' build argument 'catkin_cmake_args' from command line to 'None'
[0.354s] Level 5:colcon.colcon_core.verb:set package 'bluey_interface' build argument 'catkin_skip_building_tests' from command line to 'False'
[0.354s] DEBUG:colcon.colcon_core.verb:Building package 'bluey_interface' with the following arguments: {'ament_cmake_args': None, 'build_base': '/home/jenkin/Documents/bluey/ros2_ws/build/bluey_interface', 'catkin_cmake_args': None, 'catkin_skip_building_tests': False, 'cmake_args': None, 'cmake_clean_cache': False, 'cmake_clean_first': False, 'cmake_force_configure': False, 'cmake_target': None, 'cmake_target_skip_unavailable': False, 'install_base': '/home/jenkin/Documents/bluey/ros2_ws/install/bluey_interface', 'merge_install': False, 'path': '/home/jenkin/Documents/bluey/ros2_ws/src/bluey_interface', 'symlink_install': False, 'test_result_base': None}
[0.355s] Level 5:colcon.colcon_core.verb:set package 'bluey_tools' build argument 'cmake_args' from command line to 'None'
[0.355s] Level 5:colcon.colcon_core.verb:set package 'bluey_tools' build argument 'cmake_target' from command line to 'None'
[0.355s] Level 5:colcon.colcon_core.verb:set package 'bluey_tools' build argument 'cmake_target_skip_unavailable' from command line to 'False'
[0.355s] Level 5:colcon.colcon_core.verb:set package 'bluey_tools' build argument 'cmake_clean_cache' from command line to 'False'
[0.355s] Level 5:colcon.colcon_core.verb:set package 'bluey_tools' build argument 'cmake_clean_first' from command line to 'False'
[0.355s] Level 5:colcon.colcon_core.verb:set package 'bluey_tools' build argument 'cmake_force_configure' from command line to 'False'
[0.355s] Level 5:colcon.colcon_core.verb:set package 'bluey_tools' build argument 'ament_cmake_args' from command line to 'None'
[0.355s] Level 5:colcon.colcon_core.verb:set package 'bluey_tools' build argument 'catkin_cmake_args' from command line to 'None'
[0.355s] Level 5:colcon.colcon_core.verb:set package 'bluey_tools' build argument 'catkin_skip_building_tests' from command line to 'False'
[0.355s] DEBUG:colcon.colcon_core.verb:Building package 'bluey_tools' with the following arguments: {'ament_cmake_args': None, 'build_base': '/home/jenkin/Documents/bluey/ros2_ws/build/bluey_tools', 'catkin_cmake_args': None, 'catkin_skip_building_tests': False, 'cmake_args': None, 'cmake_clean_cache': False, 'cmake_clean_first': False, 'cmake_force_configure': False, 'cmake_target': None, 'cmake_target_skip_unavailable': False, 'install_base': '/home/jenkin/Documents/bluey/ros2_ws/install/bluey_tools', 'merge_install': False, 'path': '/home/jenkin/Documents/bluey/ros2_ws/src/bluey_tools', 'symlink_install': False, 'test_result_base': None}
[0.355s] INFO:colcon.colcon_core.executor:Executing jobs using 'parallel' executor
[0.359s] DEBUG:colcon.colcon_parallel_executor.executor.parallel:run_until_complete
[0.359s] INFO:colcon.colcon_ros.task.ament_cmake.build:Building ROS package in '/home/jenkin/Documents/bluey/ros2_ws/src/bluey_interface' with build type 'ament_cmake'
[0.360s] INFO:colcon.colcon_cmake.task.cmake.build:Building CMake package in '/home/jenkin/Documents/bluey/ros2_ws/src/bluey_interface'
[0.364s] INFO:colcon.colcon_core.plugin_system:Skipping extension 'colcon_core.shell.bat': Not used on non-Windows systems
[0.364s] INFO:colcon.colcon_core.shell:Skip shell extension 'powershell' for command environment: Not usable outside of PowerShell
[0.364s] DEBUG:colcon.colcon_core.shell:Skip shell extension 'dsv' for command environment
[0.371s] INFO:colcon.colcon_ros.task.ament_python.build:Building ROS package in '/home/jenkin/Documents/bluey/ros2_ws/src/bluey_tools' with build type 'ament_python'
[0.371s] Level 1:colcon.colcon_core.shell:create_environment_hook('bluey_tools', 'ament_prefix_path')
[0.373s] INFO:colcon.colcon_core.shell:Creating environment hook '/home/jenkin/Documents/bluey/ros2_ws/install/bluey_tools/share/bluey_tools/hook/ament_prefix_path.ps1'
[0.375s] INFO:colcon.colcon_core.shell:Creating environment descriptor '/home/jenkin/Documents/bluey/ros2_ws/install/bluey_tools/share/bluey_tools/hook/ament_prefix_path.dsv'
[0.376s] INFO:colcon.colcon_core.shell:Creating environment hook '/home/jenkin/Documents/bluey/ros2_ws/install/bluey_tools/share/bluey_tools/hook/ament_prefix_path.sh'
[0.378s] INFO:colcon.colcon_core.shell:Skip shell extension 'powershell' for command environment: Not usable outside of PowerShell
[0.378s] DEBUG:colcon.colcon_core.shell:Skip shell extension 'dsv' for command environment
[0.402s] DEBUG:colcon.colcon_core.event_handler.log_command:Invoking command in '/home/jenkin/Documents/bluey/ros2_ws/build/bluey_interface': CMAKE_PREFIX_PATH=${CMAKE_PREFIX_PATH}:/home/jenkin/Documents/airchair/chair_ws/install/chair_pose:/home/jenkin/Documents/airchair/chair_ws/install/chair_openpose:/home/jenkin/Documents/airchair/chair_ws/install/chair:/home/jenkin/Documents/bluey/ros2_ws/install/bluey_tools:/opt/ros/foxy /usr/bin/cmake --build /home/jenkin/Documents/bluey/ros2_ws/build/bluey_interface -- -j4 -l4
[0.622s] INFO:colcon.colcon_core.task.python.build:Building Python package in '/home/jenkin/Documents/bluey/ros2_ws/src/bluey_tools'
[0.624s] INFO:colcon.colcon_core.shell:Skip shell extension 'powershell' for command environment: Not usable outside of PowerShell
[0.624s] DEBUG:colcon.colcon_core.shell:Skip shell extension 'dsv' for command environment
[0.859s] DEBUG:colcon.colcon_core.event_handler.log_command:Invoked command in '/home/jenkin/Documents/bluey/ros2_ws/build/bluey_interface' returned '0': CMAKE_PREFIX_PATH=${CMAKE_PREFIX_PATH}:/home/jenkin/Documents/airchair/chair_ws/install/chair_pose:/home/jenkin/Documents/airchair/chair_ws/install/chair_openpose:/home/jenkin/Documents/airchair/chair_ws/install/chair:/home/jenkin/Documents/bluey/ros2_ws/install/bluey_tools:/opt/ros/foxy /usr/bin/cmake --build /home/jenkin/Documents/bluey/ros2_ws/build/bluey_interface -- -j4 -l4
[1.039s] DEBUG:colcon.colcon_core.event_handler.log_command:Invoking command in '/home/jenkin/Documents/bluey/ros2_ws/src/bluey_tools': PYTHONPATH=/home/jenkin/Documents/bluey/ros2_ws/build/bluey_tools/prefix_override:/home/jenkin/Documents/bluey/ros2_ws/install/bluey_tools/lib/python3.8/site-packages:${PYTHONPATH} /usr/bin/python3 setup.py egg_info --egg-base ../../build/bluey_tools build --build-base /home/jenkin/Documents/bluey/ros2_ws/build/bluey_tools/build install --record /home/jenkin/Documents/bluey/ros2_ws/build/bluey_tools/install.log --install-scripts $base/lib/bluey_tools --single-version-externally-managed
[1.063s] DEBUG:colcon.colcon_core.event_handler.log_command:Invoking command in '/home/jenkin/Documents/bluey/ros2_ws/build/bluey_interface': CMAKE_PREFIX_PATH=${CMAKE_PREFIX_PATH}:/home/jenkin/Documents/airchair/chair_ws/install/chair_pose:/home/jenkin/Documents/airchair/chair_ws/install/chair_openpose:/home/jenkin/Documents/airchair/chair_ws/install/chair:/home/jenkin/Documents/bluey/ros2_ws/install/bluey_tools:/opt/ros/foxy /usr/bin/cmake --install /home/jenkin/Documents/bluey/ros2_ws/build/bluey_interface
[1.135s] Level 1:colcon.colcon_core.environment:create_environment_scripts_only(bluey_interface)
[1.137s] DEBUG:colcon.colcon_core.event_handler.log_command:Invoked command in '/home/jenkin/Documents/bluey/ros2_ws/build/bluey_interface' returned '0': CMAKE_PREFIX_PATH=${CMAKE_PREFIX_PATH}:/home/jenkin/Documents/airchair/chair_ws/install/chair_pose:/home/jenkin/Documents/airchair/chair_ws/install/chair_openpose:/home/jenkin/Documents/airchair/chair_ws/install/chair:/home/jenkin/Documents/bluey/ros2_ws/install/bluey_tools:/opt/ros/foxy /usr/bin/cmake --install /home/jenkin/Documents/bluey/ros2_ws/build/bluey_interface
[1.142s] Level 1:colcon.colcon_core.environment:checking '/home/jenkin/Documents/bluey/ros2_ws/install/bluey_interface' for CMake module files
[1.143s] Level 1:colcon.colcon_core.environment:checking '/home/jenkin/Documents/bluey/ros2_ws/install/bluey_interface' for CMake config files
[1.143s] Level 1:colcon.colcon_core.shell:create_environment_hook('bluey_interface', 'cmake_prefix_path')
[1.144s] INFO:colcon.colcon_core.shell:Creating environment hook '/home/jenkin/Documents/bluey/ros2_ws/install/bluey_interface/share/bluey_interface/hook/cmake_prefix_path.ps1'
[1.145s] INFO:colcon.colcon_core.shell:Creating environment descriptor '/home/jenkin/Documents/bluey/ros2_ws/install/bluey_interface/share/bluey_interface/hook/cmake_prefix_path.dsv'
[1.145s] INFO:colcon.colcon_core.shell:Creating environment hook '/home/jenkin/Documents/bluey/ros2_ws/install/bluey_interface/share/bluey_interface/hook/cmake_prefix_path.sh'
[1.147s] Level 1:colcon.colcon_core.environment:checking '/home/jenkin/Documents/bluey/ros2_ws/install/bluey_interface/lib'
[1.147s] Level 1:colcon.colcon_core.shell:create_environment_hook('bluey_interface', 'ld_library_path_lib')
[1.149s] INFO:colcon.colcon_core.shell:Creating environment hook '/home/jenkin/Documents/bluey/ros2_ws/install/bluey_interface/share/bluey_interface/hook/ld_library_path_lib.ps1'
[1.149s] INFO:colcon.colcon_core.shell:Creating environment descriptor '/home/jenkin/Documents/bluey/ros2_ws/install/bluey_interface/share/bluey_interface/hook/ld_library_path_lib.dsv'
[1.150s] INFO:colcon.colcon_core.shell:Creating environment hook '/home/jenkin/Documents/bluey/ros2_ws/install/bluey_interface/share/bluey_interface/hook/ld_library_path_lib.sh'
[1.151s] Level 1:colcon.colcon_core.environment:checking '/home/jenkin/Documents/bluey/ros2_ws/install/bluey_interface/bin'
[1.151s] Level 1:colcon.colcon_core.environment:checking '/home/jenkin/Documents/bluey/ros2_ws/install/bluey_interface/lib/pkgconfig/bluey_interface.pc'
[1.152s] Level 1:colcon.colcon_core.environment:checking '/home/jenkin/Documents/bluey/ros2_ws/install/bluey_interface/lib/python3.8/site-packages'
[1.152s] Level 1:colcon.colcon_core.shell:create_environment_hook('bluey_interface', 'pythonpath')
[1.153s] INFO:colcon.colcon_core.shell:Creating environment hook '/home/jenkin/Documents/bluey/ros2_ws/install/bluey_interface/share/bluey_interface/hook/pythonpath.ps1'
[1.153s] INFO:colcon.colcon_core.shell:Creating environment descriptor '/home/jenkin/Documents/bluey/ros2_ws/install/bluey_interface/share/bluey_interface/hook/pythonpath.dsv'
[1.155s] INFO:colcon.colcon_core.shell:Creating environment hook '/home/jenkin/Documents/bluey/ros2_ws/install/bluey_interface/share/bluey_interface/hook/pythonpath.sh'
[1.156s] Level 1:colcon.colcon_core.environment:checking '/home/jenkin/Documents/bluey/ros2_ws/install/bluey_interface/bin'
[1.158s] INFO:colcon.colcon_core.shell:Creating package script '/home/jenkin/Documents/bluey/ros2_ws/install/bluey_interface/share/bluey_interface/package.ps1'
[1.159s] INFO:colcon.colcon_core.shell:Creating package descriptor '/home/jenkin/Documents/bluey/ros2_ws/install/bluey_interface/share/bluey_interface/package.dsv'
[1.160s] INFO:colcon.colcon_core.shell:Creating package script '/home/jenkin/Documents/bluey/ros2_ws/install/bluey_interface/share/bluey_interface/package.sh'
[1.162s] INFO:colcon.colcon_core.shell:Creating package script '/home/jenkin/Documents/bluey/ros2_ws/install/bluey_interface/share/bluey_interface/package.bash'
[1.164s] INFO:colcon.colcon_core.shell:Creating package script '/home/jenkin/Documents/bluey/ros2_ws/install/bluey_interface/share/bluey_interface/package.zsh'
[1.166s] Level 1:colcon.colcon_core.environment:create_file_with_runtime_dependencies(/home/jenkin/Documents/bluey/ros2_ws/install/bluey_interface/share/colcon-core/packages/bluey_interface)
[1.358s] Level 1:colcon.colcon_core.environment:checking '/home/jenkin/Documents/bluey/ros2_ws/install/bluey_tools' for CMake module files
[1.360s] Level 1:colcon.colcon_core.environment:checking '/home/jenkin/Documents/bluey/ros2_ws/install/bluey_tools' for CMake config files
[1.360s] Level 1:colcon.colcon_core.environment:checking '/home/jenkin/Documents/bluey/ros2_ws/install/bluey_tools/lib'
[1.360s] Level 1:colcon.colcon_core.environment:checking '/home/jenkin/Documents/bluey/ros2_ws/install/bluey_tools/bin'
[1.360s] Level 1:colcon.colcon_core.environment:checking '/home/jenkin/Documents/bluey/ros2_ws/install/bluey_tools/lib/pkgconfig/bluey_tools.pc'
[1.361s] Level 1:colcon.colcon_core.environment:checking '/home/jenkin/Documents/bluey/ros2_ws/install/bluey_tools/lib/python3.8/site-packages'
[1.361s] Level 1:colcon.colcon_core.shell:create_environment_hook('bluey_tools', 'pythonpath')
[1.361s] INFO:colcon.colcon_core.shell:Creating environment hook '/home/jenkin/Documents/bluey/ros2_ws/install/bluey_tools/share/bluey_tools/hook/pythonpath.ps1'
[1.362s] INFO:colcon.colcon_core.shell:Creating environment descriptor '/home/jenkin/Documents/bluey/ros2_ws/install/bluey_tools/share/bluey_tools/hook/pythonpath.dsv'
[1.363s] INFO:colcon.colcon_core.shell:Creating environment hook '/home/jenkin/Documents/bluey/ros2_ws/install/bluey_tools/share/bluey_tools/hook/pythonpath.sh'
[1.364s] Level 1:colcon.colcon_core.environment:checking '/home/jenkin/Documents/bluey/ros2_ws/install/bluey_tools/bin'
[1.364s] Level 1:colcon.colcon_core.environment:create_environment_scripts_only(bluey_tools)
[1.365s] INFO:colcon.colcon_core.shell:Creating package script '/home/jenkin/Documents/bluey/ros2_ws/install/bluey_tools/share/bluey_tools/package.ps1'
[1.366s] DEBUG:colcon.colcon_core.event_handler.log_command:Invoked command in '/home/jenkin/Documents/bluey/ros2_ws/src/bluey_tools' returned '0': PYTHONPATH=/home/jenkin/Documents/bluey/ros2_ws/build/bluey_tools/prefix_override:/home/jenkin/Documents/bluey/ros2_ws/install/bluey_tools/lib/python3.8/site-packages:${PYTHONPATH} /usr/bin/python3 setup.py egg_info --egg-base ../../build/bluey_tools build --build-base /home/jenkin/Documents/bluey/ros2_ws/build/bluey_tools/build install --record /home/jenkin/Documents/bluey/ros2_ws/build/bluey_tools/install.log --install-scripts $base/lib/bluey_tools --single-version-externally-managed
[1.367s] INFO:colcon.colcon_core.shell:Creating package descriptor '/home/jenkin/Documents/bluey/ros2_ws/install/bluey_tools/share/bluey_tools/package.dsv'
[1.368s] INFO:colcon.colcon_core.shell:Creating package script '/home/jenkin/Documents/bluey/ros2_ws/install/bluey_tools/share/bluey_tools/package.sh'
[1.369s] INFO:colcon.colcon_core.shell:Creating package script '/home/jenkin/Documents/bluey/ros2_ws/install/bluey_tools/share/bluey_tools/package.bash'
[1.369s] INFO:colcon.colcon_core.shell:Creating package script '/home/jenkin/Documents/bluey/ros2_ws/install/bluey_tools/share/bluey_tools/package.zsh'
[1.369s] Level 1:colcon.colcon_core.environment:create_file_with_runtime_dependencies(/home/jenkin/Documents/bluey/ros2_ws/install/bluey_tools/share/colcon-core/packages/bluey_tools)
[1.537s] Level 1:colcon.colcon_core.environment:create_environment_scripts_only(bluey_interface)
[1.538s] Level 1:colcon.colcon_core.environment:checking '/home/jenkin/Documents/bluey/ros2_ws/install/bluey_interface' for CMake module files
[1.539s] Level 1:colcon.colcon_core.environment:checking '/home/jenkin/Documents/bluey/ros2_ws/install/bluey_interface' for CMake config files
[1.540s] Level 1:colcon.colcon_core.shell:create_environment_hook('bluey_interface', 'cmake_prefix_path')
[1.541s] INFO:colcon.colcon_core.shell:Creating environment hook '/home/jenkin/Documents/bluey/ros2_ws/install/bluey_interface/share/bluey_interface/hook/cmake_prefix_path.ps1'
[1.542s] INFO:colcon.colcon_core.shell:Creating environment descriptor '/home/jenkin/Documents/bluey/ros2_ws/install/bluey_interface/share/bluey_interface/hook/cmake_prefix_path.dsv'
[1.543s] INFO:colcon.colcon_core.shell:Creating environment hook '/home/jenkin/Documents/bluey/ros2_ws/install/bluey_interface/share/bluey_interface/hook/cmake_prefix_path.sh'
[1.544s] Level 1:colcon.colcon_core.environment:checking '/home/jenkin/Documents/bluey/ros2_ws/install/bluey_interface/lib'
[1.544s] Level 1:colcon.colcon_core.shell:create_environment_hook('bluey_interface', 'ld_library_path_lib')
[1.545s] INFO:colcon.colcon_core.shell:Creating environment hook '/home/jenkin/Documents/bluey/ros2_ws/install/bluey_interface/share/bluey_interface/hook/ld_library_path_lib.ps1'
[1.546s] INFO:colcon.colcon_core.shell:Creating environment descriptor '/home/jenkin/Documents/bluey/ros2_ws/install/bluey_interface/share/bluey_interface/hook/ld_library_path_lib.dsv'
[1.547s] INFO:colcon.colcon_core.shell:Creating environment hook '/home/jenkin/Documents/bluey/ros2_ws/install/bluey_interface/share/bluey_interface/hook/ld_library_path_lib.sh'
[1.547s] Level 1:colcon.colcon_core.environment:checking '/home/jenkin/Documents/bluey/ros2_ws/install/bluey_interface/bin'
[1.548s] Level 1:colcon.colcon_core.environment:checking '/home/jenkin/Documents/bluey/ros2_ws/install/bluey_interface/lib/pkgconfig/bluey_interface.pc'
[1.548s] Level 1:colcon.colcon_core.environment:checking '/home/jenkin/Documents/bluey/ros2_ws/install/bluey_interface/lib/python3.8/site-packages'
[1.548s] Level 1:colcon.colcon_core.shell:create_environment_hook('bluey_interface', 'pythonpath')
[1.549s] INFO:colcon.colcon_core.shell:Creating environment hook '/home/jenkin/Documents/bluey/ros2_ws/install/bluey_interface/share/bluey_interface/hook/pythonpath.ps1'
[1.549s] INFO:colcon.colcon_core.shell:Creating environment descriptor '/home/jenkin/Documents/bluey/ros2_ws/install/bluey_interface/share/bluey_interface/hook/pythonpath.dsv'
[1.550s] INFO:colcon.colcon_core.shell:Creating environment hook '/home/jenkin/Documents/bluey/ros2_ws/install/bluey_interface/share/bluey_interface/hook/pythonpath.sh'
[1.551s] Level 1:colcon.colcon_core.environment:checking '/home/jenkin/Documents/bluey/ros2_ws/install/bluey_interface/bin'
[1.552s] INFO:colcon.colcon_core.shell:Creating package script '/home/jenkin/Documents/bluey/ros2_ws/install/bluey_interface/share/bluey_interface/package.ps1'
[1.552s] INFO:colcon.colcon_core.shell:Creating package descriptor '/home/jenkin/Documents/bluey/ros2_ws/install/bluey_interface/share/bluey_interface/package.dsv'
[1.553s] INFO:colcon.colcon_core.shell:Creating package script '/home/jenkin/Documents/bluey/ros2_ws/install/bluey_interface/share/bluey_interface/package.sh'
[1.554s] INFO:colcon.colcon_core.shell:Creating package script '/home/jenkin/Documents/bluey/ros2_ws/install/bluey_interface/share/bluey_interface/package.bash'
[1.555s] INFO:colcon.colcon_core.shell:Creating package script '/home/jenkin/Documents/bluey/ros2_ws/install/bluey_interface/share/bluey_interface/package.zsh'
[1.555s] Level 1:colcon.colcon_core.environment:create_file_with_runtime_dependencies(/home/jenkin/Documents/bluey/ros2_ws/install/bluey_interface/share/colcon-core/packages/bluey_interface)
[1.556s] DEBUG:colcon.colcon_parallel_executor.executor.parallel:closing loop
[1.556s] DEBUG:colcon.colcon_parallel_executor.executor.parallel:loop closed
[1.557s] DEBUG:colcon.colcon_parallel_executor.executor.parallel:run_until_complete finished with '0'
[1.557s] DEBUG:colcon.colcon_core.event_reactor:joining thread
[1.563s] INFO:colcon.colcon_core.plugin_system:Skipping extension 'colcon_notification.desktop_notification.terminal_notifier': Not used on non-Darwin systems
[1.563s] INFO:colcon.colcon_core.plugin_system:Skipping extension 'colcon_notification.desktop_notification.win32': Not used on non-Windows systems
[1.563s] INFO:colcon.colcon_notification.desktop_notification:Sending desktop notification using 'notify2'
[1.587s] DEBUG:colcon.colcon_core.event_reactor:joined thread
[1.588s] INFO:colcon.colcon_core.shell:Creating prefix script '/home/jenkin/Documents/bluey/ros2_ws/install/local_setup.ps1'
[1.589s] INFO:colcon.colcon_core.shell:Creating prefix util module '/home/jenkin/Documents/bluey/ros2_ws/install/_local_setup_util_ps1.py'
[1.590s] INFO:colcon.colcon_core.shell:Creating prefix chain script '/home/jenkin/Documents/bluey/ros2_ws/install/setup.ps1'
[1.592s] INFO:colcon.colcon_core.shell:Creating prefix script '/home/jenkin/Documents/bluey/ros2_ws/install/local_setup.sh'
[1.593s] INFO:colcon.colcon_core.shell:Creating prefix util module '/home/jenkin/Documents/bluey/ros2_ws/install/_local_setup_util_sh.py'
[1.594s] INFO:colcon.colcon_core.shell:Creating prefix chain script '/home/jenkin/Documents/bluey/ros2_ws/install/setup.sh'
[1.595s] INFO:colcon.colcon_core.shell:Creating prefix script '/home/jenkin/Documents/bluey/ros2_ws/install/local_setup.bash'
[1.596s] INFO:colcon.colcon_core.shell:Creating prefix chain script '/home/jenkin/Documents/bluey/ros2_ws/install/setup.bash'
[1.601s] INFO:colcon.colcon_core.shell:Creating prefix script '/home/jenkin/Documents/bluey/ros2_ws/install/local_setup.zsh'
[1.602s] INFO:colcon.colcon_core.shell:Creating prefix chain script '/home/jenkin/Documents/bluey/ros2_ws/install/setup.zsh'
